[0.027s] Invoking command in '/home/iot/ros2_ws/build/parc_robot_description': CMAKE_PREFIX_PATH=/opt/ros/humble /usr/bin/cmake /home/iot/ros2_ws/src/parc_robot_description -DCMAKE_INSTALL_PREFIX=/home/iot/ros2_ws/install/parc_robot_description
[0.338s] -- The C compiler identification is GNU 11.4.0
[0.553s] -- The CXX compiler identification is GNU 11.4.0
[0.564s] -- Detecting C compiler ABI info
[0.670s] -- Detecting C compiler ABI info - done
[0.693s] -- Check for working C compiler: /usr/bin/cc - skipped
[0.694s] -- Detecting C compile features
[0.695s] -- Detecting C compile features - done
[0.700s] -- Detecting CXX compiler ABI info
[0.815s] -- Detecting CXX compiler ABI info - done
[0.827s] -- Check for working CXX compiler: /usr/bin/c++ - skipped
[0.827s] -- Detecting CXX compile features
[0.828s] -- Detecting CXX compile features - done
[0.834s] -- Found ament_cmake: 1.3.9 (/opt/ros/humble/share/ament_cmake/cmake)
[1.070s] -- Found Python3: /usr/bin/python3 (found version "3.10.12") found components: Interpreter 
[1.244s] -- Found urdf: 2.6.0 (/opt/ros/humble/share/urdf/cmake)
[1.387s] -- Found xacro: 2.0.8 (/opt/ros/humble/share/xacro/cmake)
[1.492s] -- Configuring done
[1.496s] -- Generating done
[1.498s] -- Build files have been written to: /home/iot/ros2_ws/build/parc_robot_description
[1.535s] Invoked command in '/home/iot/ros2_ws/build/parc_robot_description' returned '0': CMAKE_PREFIX_PATH=/opt/ros/humble /usr/bin/cmake /home/iot/ros2_ws/src/parc_robot_description -DCMAKE_INSTALL_PREFIX=/home/iot/ros2_ws/install/parc_robot_description
[1.536s] Invoking command in '/home/iot/ros2_ws/build/parc_robot_description': CMAKE_PREFIX_PATH=/opt/ros/humble /usr/bin/cmake --build /home/iot/ros2_ws/build/parc_robot_description -- -j8 -l8
[1.589s] Invoked command in '/home/iot/ros2_ws/build/parc_robot_description' returned '0': CMAKE_PREFIX_PATH=/opt/ros/humble /usr/bin/cmake --build /home/iot/ros2_ws/build/parc_robot_description -- -j8 -l8
[1.618s] Invoking command in '/home/iot/ros2_ws/build/parc_robot_description': CMAKE_PREFIX_PATH=/opt/ros/humble /usr/bin/cmake --install /home/iot/ros2_ws/build/parc_robot_description
[1.628s] -- Install configuration: ""
[1.628s] -- Installing: /home/iot/ros2_ws/install/parc_robot_description/share/parc_robot_description/launch
[1.628s] -- Installing: /home/iot/ros2_ws/install/parc_robot_description/share/parc_robot_description/launch/robot_state_publisher_launch.py
[1.628s] -- Installing: /home/iot/ros2_ws/install/parc_robot_description/share/parc_robot_description/launch/description_launch.py
[1.629s] -- Installing: /home/iot/ros2_ws/install/parc_robot_description/share/parc_robot_description/meshes
[1.629s] -- Installing: /home/iot/ros2_ws/install/parc_robot_description/share/parc_robot_description/meshes/base_link.dae
[1.646s] -- Installing: /home/iot/ros2_ws/install/parc_robot_description/share/parc_robot_description/meshes/seeder.stl
[1.647s] -- Installing: /home/iot/ros2_ws/install/parc_robot_description/share/parc_robot_description/meshes/enclosure_with_overhang.dae
[1.650s] -- Installing: /home/iot/ros2_ws/install/parc_robot_description/share/parc_robot_description/meshes/ydlidar.dae
[1.654s] -- Installing: /home/iot/ros2_ws/install/parc_robot_description/share/parc_robot_description/meshes/wheel_type1.dae
[1.657s] -- Installing: /home/iot/ros2_ws/install/parc_robot_description/share/parc_robot_description/meshes/enclosure_with_overhang.stl
[1.705s] -- Installing: /home/iot/ros2_ws/install/parc_robot_description/share/parc_robot_description/meshes/ZED2.dae
[1.705s] -- Installing: /home/iot/ros2_ws/install/parc_robot_description/share/parc_robot_description/meshes/wheel_type2.dae
[1.708s] -- Installing: /home/iot/ros2_ws/install/parc_robot_description/share/parc_robot_description/meshes/seeder_v1.stl
[1.710s] -- Installing: /home/iot/ros2_ws/install/parc_robot_description/share/parc_robot_description/meshes/enclosure.dae
[1.744s] -- Installing: /home/iot/ros2_ws/install/parc_robot_description/share/parc_robot_description/urdf
[1.745s] -- Installing: /home/iot/ros2_ws/install/parc_robot_description/share/parc_robot_description/urdf/scout_wheel_type1.xacro
[1.745s] -- Installing: /home/iot/ros2_ws/install/parc_robot_description/share/parc_robot_description/urdf/zed2.xacro
[1.745s] -- Installing: /home/iot/ros2_ws/install/parc_robot_description/share/parc_robot_description/urdf/ydlidar.xacro
[1.746s] -- Installing: /home/iot/ros2_ws/install/parc_robot_description/share/parc_robot_description/urdf/parc_robot.xacro
[1.746s] -- Installing: /home/iot/ros2_ws/install/parc_robot_description/share/parc_robot_description/urdf/inertial_macros.xacro
[1.746s] -- Installing: /home/iot/ros2_ws/install/parc_robot_description/share/parc_robot_description/urdf/imu.xacro
[1.746s] -- Installing: /home/iot/ros2_ws/install/parc_robot_description/share/parc_robot_description/urdf/scout_wheel_type2.xacro
[1.746s] -- Installing: /home/iot/ros2_ws/install/parc_robot_description/share/parc_robot_description/urdf/sensors.xacro
[1.746s] -- Installing: /home/iot/ros2_ws/install/parc_robot_description/share/parc_robot_description/urdf/parc_robot_gazebo.xacro
[1.746s] -- Installing: /home/iot/ros2_ws/install/parc_robot_description/share/parc_robot_description/urdf/scout_wheel.gazebo
[1.747s] -- Installing: /home/iot/ros2_ws/install/parc_robot_description/share/parc_robot_description/urdf/attachment.xacro
[1.747s] -- Installing: /home/iot/ros2_ws/install/parc_robot_description/share/parc_robot_description/urdf/gps.xacro
[1.747s] -- Installing: /home/iot/ros2_ws/install/parc_robot_description/share/parc_robot_description/urdf/side_cameras.xacro
[1.747s] -- Installing: /home/iot/ros2_ws/install/parc_robot_description/share/parc_robot_description/urdf/enclosure.xacro
[1.747s] -- Installing: /home/iot/ros2_ws/install/parc_robot_description/share/parc_robot_description/rviz
[1.747s] -- Installing: /home/iot/ros2_ws/install/parc_robot_description/share/parc_robot_description/rviz/description.rviz
[1.747s] -- Installing: /home/iot/ros2_ws/install/parc_robot_description/share/parc_robot_description/materials
[1.747s] -- Installing: /home/iot/ros2_ws/install/parc_robot_description/share/parc_robot_description/materials/textures
[1.748s] -- Installing: /home/iot/ros2_ws/install/parc_robot_description/share/parc_robot_description/materials/textures/dirty_metal.jpg
[1.749s] -- Installing: /home/iot/ros2_ws/install/parc_robot_description/share/parc_robot_description/materials/scripts
[1.749s] -- Installing: /home/iot/ros2_ws/install/parc_robot_description/share/parc_robot_description/materials/scripts/dirty_metal.material
[1.749s] -- Installing: /home/iot/ros2_ws/install/parc_robot_description/share/parc_robot_description/materials/scripts/.vscode
[1.749s] -- Installing: /home/iot/ros2_ws/install/parc_robot_description/share/parc_robot_description/materials/scripts/.vscode/settings.json
[1.749s] -- Installing: /home/iot/ros2_ws/install/parc_robot_description/share/parc_robot_description/materials/scripts/.vscode/c_cpp_properties.json
[1.749s] -- Installing: /home/iot/ros2_ws/install/parc_robot_description/share/ament_index/resource_index/package_run_dependencies/parc_robot_description
[1.750s] -- Installing: /home/iot/ros2_ws/install/parc_robot_description/share/ament_index/resource_index/parent_prefix_path/parc_robot_description
[1.750s] -- Installing: /home/iot/ros2_ws/install/parc_robot_description/share/parc_robot_description/environment/ament_prefix_path.sh
[1.750s] -- Installing: /home/iot/ros2_ws/install/parc_robot_description/share/parc_robot_description/environment/ament_prefix_path.dsv
[1.751s] -- Installing: /home/iot/ros2_ws/install/parc_robot_description/share/parc_robot_description/environment/path.sh
[1.751s] -- Installing: /home/iot/ros2_ws/install/parc_robot_description/share/parc_robot_description/environment/path.dsv
[1.751s] -- Installing: /home/iot/ros2_ws/install/parc_robot_description/share/parc_robot_description/local_setup.bash
[1.751s] -- Installing: /home/iot/ros2_ws/install/parc_robot_description/share/parc_robot_description/local_setup.sh
[1.751s] -- Installing: /home/iot/ros2_ws/install/parc_robot_description/share/parc_robot_description/local_setup.zsh
[1.751s] -- Installing: /home/iot/ros2_ws/install/parc_robot_description/share/parc_robot_description/local_setup.dsv
[1.752s] -- Installing: /home/iot/ros2_ws/install/parc_robot_description/share/parc_robot_description/package.dsv
[1.752s] -- Installing: /home/iot/ros2_ws/install/parc_robot_description/share/ament_index/resource_index/packages/parc_robot_description
[1.752s] -- Installing: /home/iot/ros2_ws/install/parc_robot_description/share/parc_robot_description/cmake/parc_robot_descriptionConfig.cmake
[1.752s] -- Installing: /home/iot/ros2_ws/install/parc_robot_description/share/parc_robot_description/cmake/parc_robot_descriptionConfig-version.cmake
[1.752s] -- Installing: /home/iot/ros2_ws/install/parc_robot_description/share/parc_robot_description/package.xml
[1.755s] Invoked command in '/home/iot/ros2_ws/build/parc_robot_description' returned '0': CMAKE_PREFIX_PATH=/opt/ros/humble /usr/bin/cmake --install /home/iot/ros2_ws/build/parc_robot_description
