[3.584s] Invoking command in '/home/iot/ros2_ws/src/farmland_navigation': CMAKE_PREFIX_PATH=/home/iot/ros2_ws/install/parc_robot_interfaces:/home/iot/ros2_ws/install/parc_robot_bringup:/home/iot/ros2_ws/install/parc_robot_description:/home/iot/ros2_ws/install/parc_robot PYTHONPATH=/home/iot/ros2_ws/build/farmland_navigation/prefix_override:/home/iot/ros2_ws/install/farmland_navigation/lib/python3.10/site-packages:${PYTHONPATH} /usr/bin/python3 -W ignore:setup.py install is deprecated setup.py egg_info --egg-base ../../build/farmland_navigation build --build-base /home/iot/ros2_ws/build/farmland_navigation/build install --record /home/iot/ros2_ws/build/farmland_navigation/install.log --single-version-externally-managed install_data
[4.325s] running egg_info
[4.326s] creating ../../build/farmland_navigation/farmland_navigation.egg-info
[4.327s] writing ../../build/farmland_navigation/farmland_navigation.egg-info/PKG-INFO
[4.327s] writing dependency_links to ../../build/farmland_navigation/farmland_navigation.egg-info/dependency_links.txt
[4.327s] writing entry points to ../../build/farmland_navigation/farmland_navigation.egg-info/entry_points.txt
[4.328s] writing requirements to ../../build/farmland_navigation/farmland_navigation.egg-info/requires.txt
[4.328s] writing top-level names to ../../build/farmland_navigation/farmland_navigation.egg-info/top_level.txt
[4.328s] writing manifest file '../../build/farmland_navigation/farmland_navigation.egg-info/SOURCES.txt'
[4.332s] reading manifest file '../../build/farmland_navigation/farmland_navigation.egg-info/SOURCES.txt'
[4.334s] writing manifest file '../../build/farmland_navigation/farmland_navigation.egg-info/SOURCES.txt'
[4.334s] running build
[4.334s] running build_py
[4.335s] creating /home/iot/ros2_ws/build/farmland_navigation/build
[4.335s] creating /home/iot/ros2_ws/build/farmland_navigation/build/lib
[4.335s] creating /home/iot/ros2_ws/build/farmland_navigation/build/lib/farmland_navigation
[4.335s] copying farmland_navigation/practice.py -> /home/iot/ros2_ws/build/farmland_navigation/build/lib/farmland_navigation
[4.336s] copying farmland_navigation/__init__.py -> /home/iot/ros2_ws/build/farmland_navigation/build/lib/farmland_navigation
[4.336s] copying farmland_navigation/task1_solution.py -> /home/iot/ros2_ws/build/farmland_navigation/build/lib/farmland_navigation
[4.336s] copying farmland_navigation/practice2.py -> /home/iot/ros2_ws/build/farmland_navigation/build/lib/farmland_navigation
[4.336s] running install
[4.337s] running install_lib
[4.341s] creating /home/iot/ros2_ws/install/farmland_navigation/lib/python3.10/site-packages/farmland_navigation
[4.341s] copying /home/iot/ros2_ws/build/farmland_navigation/build/lib/farmland_navigation/practice.py -> /home/iot/ros2_ws/install/farmland_navigation/lib/python3.10/site-packages/farmland_navigation
[4.341s] copying /home/iot/ros2_ws/build/farmland_navigation/build/lib/farmland_navigation/__init__.py -> /home/iot/ros2_ws/install/farmland_navigation/lib/python3.10/site-packages/farmland_navigation
[4.341s] copying /home/iot/ros2_ws/build/farmland_navigation/build/lib/farmland_navigation/task1_solution.py -> /home/iot/ros2_ws/install/farmland_navigation/lib/python3.10/site-packages/farmland_navigation
[4.342s] copying /home/iot/ros2_ws/build/farmland_navigation/build/lib/farmland_navigation/practice2.py -> /home/iot/ros2_ws/install/farmland_navigation/lib/python3.10/site-packages/farmland_navigation
[4.343s] byte-compiling /home/iot/ros2_ws/install/farmland_navigation/lib/python3.10/site-packages/farmland_navigation/practice.py to practice.cpython-310.pyc
[4.347s] byte-compiling /home/iot/ros2_ws/install/farmland_navigation/lib/python3.10/site-packages/farmland_navigation/__init__.py to __init__.cpython-310.pyc
[4.347s] byte-compiling /home/iot/ros2_ws/install/farmland_navigation/lib/python3.10/site-packages/farmland_navigation/task1_solution.py to task1_solution.cpython-310.pyc
[4.351s] byte-compiling /home/iot/ros2_ws/install/farmland_navigation/lib/python3.10/site-packages/farmland_navigation/practice2.py to practice2.cpython-310.pyc
[4.355s] running install_data
[4.355s] creating /home/iot/ros2_ws/install/farmland_navigation/share/ament_index
[4.356s] creating /home/iot/ros2_ws/install/farmland_navigation/share/ament_index/resource_index
[4.356s] creating /home/iot/ros2_ws/install/farmland_navigation/share/ament_index/resource_index/packages
[4.356s] copying resource/farmland_navigation -> /home/iot/ros2_ws/install/farmland_navigation/share/ament_index/resource_index/packages
[4.356s] copying package.xml -> /home/iot/ros2_ws/install/farmland_navigation/share/farmland_navigation
[4.356s] running install_egg_info
[4.360s] Copying ../../build/farmland_navigation/farmland_navigation.egg-info to /home/iot/ros2_ws/install/farmland_navigation/lib/python3.10/site-packages/farmland_navigation-0.0.0-py3.10.egg-info
[4.363s] running install_scripts
[4.419s] Installing roi script to /home/iot/ros2_ws/install/farmland_navigation/lib/farmland_navigation
[4.420s] writing list of installed files to '/home/iot/ros2_ws/build/farmland_navigation/install.log'
[4.472s] Invoked command in '/home/iot/ros2_ws/src/farmland_navigation' returned '0': CMAKE_PREFIX_PATH=/home/iot/ros2_ws/install/parc_robot_interfaces:/home/iot/ros2_ws/install/parc_robot_bringup:/home/iot/ros2_ws/install/parc_robot_description:/home/iot/ros2_ws/install/parc_robot PYTHONPATH=/home/iot/ros2_ws/build/farmland_navigation/prefix_override:/home/iot/ros2_ws/install/farmland_navigation/lib/python3.10/site-packages:${PYTHONPATH} /usr/bin/python3 -W ignore:setup.py install is deprecated setup.py egg_info --egg-base ../../build/farmland_navigation build --build-base /home/iot/ros2_ws/build/farmland_navigation/build install --record /home/iot/ros2_ws/build/farmland_navigation/install.log --single-version-externally-managed install_data
