[0.269s] DEBUG:colcon:Command line arguments: ['/home/iot/.local/bin/colcon', 'build']
[0.269s] DEBUG:colcon:Parsed command line arguments: Namespace(log_base=None, log_level=None, verb_name='build', build_base='build', install_base='install', merge_install=False, symlink_install=False, test_result_base=None, continue_on_error=False, executor='parallel', parallel_workers=8, event_handlers=None, ignore_user_meta=False, metas=['./colcon.meta'], base_paths=['.'], packages_ignore=None, packages_ignore_regex=None, paths=None, packages_up_to=None, packages_up_to_regex=None, packages_above=None, packages_above_and_dependencies=None, packages_above_depth=None, packages_select_by_dep=None, packages_skip_by_dep=None, packages_skip_up_to=None, packages_select_build_failed=False, packages_skip_build_finished=False, packages_select_test_failures=False, packages_skip_test_passed=False, packages_select=None, packages_skip=None, packages_select_regex=None, packages_skip_regex=None, packages_start=None, packages_end=None, cmake_args=None, cmake_target=None, cmake_target_skip_unavailable=False, cmake_clean_cache=False, cmake_clean_first=False, cmake_force_configure=False, ament_cmake_args=None, catkin_cmake_args=None, catkin_skip_building_tests=False, verb_parser=<colcon_defaults.argument_parser.defaults.DefaultArgumentsDecorator object at 0x7e1275ee32b0>, verb_extension=<colcon_core.verb.build.BuildVerb object at 0x7e1275e90910>, main=<bound method BuildVerb.main of <colcon_core.verb.build.BuildVerb object at 0x7e1275e90910>>)
[0.464s] Level 1:colcon.colcon_core.package_discovery:discover_packages(colcon_meta) check parameters
[0.464s] Level 1:colcon.colcon_core.package_discovery:discover_packages(recursive) check parameters
[0.464s] Level 1:colcon.colcon_core.package_discovery:discover_packages(ignore) check parameters
[0.464s] Level 1:colcon.colcon_core.package_discovery:discover_packages(path) check parameters
[0.464s] Level 1:colcon.colcon_core.package_discovery:discover_packages(colcon_meta) discover
[0.464s] Level 1:colcon.colcon_core.package_discovery:discover_packages(recursive) discover
[0.464s] INFO:colcon.colcon_core.package_discovery:Crawling recursively for packages in '/home/iot/ros2_ws'
[0.464s] Level 1:colcon.colcon_core.package_identification:_identify(.) by extensions ['ignore', 'ignore_ament_install']
[0.465s] Level 1:colcon.colcon_core.package_identification:_identify(.) by extension 'ignore'
[0.465s] Level 1:colcon.colcon_core.package_identification:_identify(.) by extension 'ignore_ament_install'
[0.465s] Level 1:colcon.colcon_core.package_identification:_identify(.) by extensions ['colcon_pkg']
[0.465s] Level 1:colcon.colcon_core.package_identification:_identify(.) by extension 'colcon_pkg'
[0.465s] Level 1:colcon.colcon_core.package_identification:_identify(.) by extensions ['colcon_meta']
[0.465s] Level 1:colcon.colcon_core.package_identification:_identify(.) by extension 'colcon_meta'
[0.465s] Level 1:colcon.colcon_core.package_identification:_identify(.) by extensions ['ros']
[0.465s] Level 1:colcon.colcon_core.package_identification:_identify(.) by extension 'ros'
[0.478s] Level 1:colcon.colcon_core.package_identification:_identify(.) by extensions ['cmake', 'python']
[0.478s] Level 1:colcon.colcon_core.package_identification:_identify(.) by extension 'cmake'
[0.478s] Level 1:colcon.colcon_core.package_identification:_identify(.) by extension 'python'
[0.478s] Level 1:colcon.colcon_core.package_identification:_identify(.) by extensions ['python_setup_py']
[0.478s] Level 1:colcon.colcon_core.package_identification:_identify(.) by extension 'python_setup_py'
[0.479s] Level 1:colcon.colcon_core.package_identification:_identify(build) by extensions ['ignore', 'ignore_ament_install']
[0.479s] Level 1:colcon.colcon_core.package_identification:_identify(build) by extension 'ignore'
[0.479s] Level 1:colcon.colcon_core.package_identification:_identify(build) ignored
[0.479s] Level 1:colcon.colcon_core.package_identification:_identify(install) by extensions ['ignore', 'ignore_ament_install']
[0.479s] Level 1:colcon.colcon_core.package_identification:_identify(install) by extension 'ignore'
[0.479s] Level 1:colcon.colcon_core.package_identification:_identify(install) ignored
[0.479s] Level 1:colcon.colcon_core.package_identification:_identify(log) by extensions ['ignore', 'ignore_ament_install']
[0.480s] Level 1:colcon.colcon_core.package_identification:_identify(log) by extension 'ignore'
[0.480s] Level 1:colcon.colcon_core.package_identification:_identify(log) ignored
[0.480s] Level 1:colcon.colcon_core.package_identification:_identify(src) by extensions ['ignore', 'ignore_ament_install']
[0.480s] Level 1:colcon.colcon_core.package_identification:_identify(src) by extension 'ignore'
[0.480s] Level 1:colcon.colcon_core.package_identification:_identify(src) by extension 'ignore_ament_install'
[0.480s] Level 1:colcon.colcon_core.package_identification:_identify(src) by extensions ['colcon_pkg']
[0.480s] Level 1:colcon.colcon_core.package_identification:_identify(src) by extension 'colcon_pkg'
[0.480s] Level 1:colcon.colcon_core.package_identification:_identify(src) by extensions ['colcon_meta']
[0.480s] Level 1:colcon.colcon_core.package_identification:_identify(src) by extension 'colcon_meta'
[0.480s] Level 1:colcon.colcon_core.package_identification:_identify(src) by extensions ['ros']
[0.480s] Level 1:colcon.colcon_core.package_identification:_identify(src) by extension 'ros'
[0.480s] Level 1:colcon.colcon_core.package_identification:_identify(src) by extensions ['cmake', 'python']
[0.481s] Level 1:colcon.colcon_core.package_identification:_identify(src) by extension 'cmake'
[0.481s] Level 1:colcon.colcon_core.package_identification:_identify(src) by extension 'python'
[0.481s] Level 1:colcon.colcon_core.package_identification:_identify(src) by extensions ['python_setup_py']
[0.481s] Level 1:colcon.colcon_core.package_identification:_identify(src) by extension 'python_setup_py'
[0.481s] Level 1:colcon.colcon_core.package_identification:_identify(src/build) by extensions ['ignore', 'ignore_ament_install']
[0.481s] Level 1:colcon.colcon_core.package_identification:_identify(src/build) by extension 'ignore'
[0.481s] Level 1:colcon.colcon_core.package_identification:_identify(src/build) ignored
[0.481s] Level 1:colcon.colcon_core.package_identification:_identify(src/farmland_navigation) by extensions ['ignore', 'ignore_ament_install']
[0.481s] Level 1:colcon.colcon_core.package_identification:_identify(src/farmland_navigation) by extension 'ignore'
[0.481s] Level 1:colcon.colcon_core.package_identification:_identify(src/farmland_navigation) by extension 'ignore_ament_install'
[0.481s] Level 1:colcon.colcon_core.package_identification:_identify(src/farmland_navigation) by extensions ['colcon_pkg']
[0.482s] Level 1:colcon.colcon_core.package_identification:_identify(src/farmland_navigation) by extension 'colcon_pkg'
[0.482s] Level 1:colcon.colcon_core.package_identification:_identify(src/farmland_navigation) by extensions ['colcon_meta']
[0.482s] Level 1:colcon.colcon_core.package_identification:_identify(src/farmland_navigation) by extension 'colcon_meta'
[0.482s] Level 1:colcon.colcon_core.package_identification:_identify(src/farmland_navigation) by extensions ['ros']
[0.482s] Level 1:colcon.colcon_core.package_identification:_identify(src/farmland_navigation) by extension 'ros'
[0.485s] DEBUG:colcon.colcon_core.package_identification:Package 'src/farmland_navigation' with type 'ros.ament_python' and name 'farmland_navigation'
[0.485s] Level 1:colcon.colcon_core.package_identification:_identify(src/install) by extensions ['ignore', 'ignore_ament_install']
[0.485s] Level 1:colcon.colcon_core.package_identification:_identify(src/install) by extension 'ignore'
[0.486s] Level 1:colcon.colcon_core.package_identification:_identify(src/install) ignored
[0.486s] Level 1:colcon.colcon_core.package_identification:_identify(src/log) by extensions ['ignore', 'ignore_ament_install']
[0.486s] Level 1:colcon.colcon_core.package_identification:_identify(src/log) by extension 'ignore'
[0.486s] Level 1:colcon.colcon_core.package_identification:_identify(src/log) ignored
[0.486s] Level 1:colcon.colcon_core.package_identification:_identify(src/parc_robot) by extensions ['ignore', 'ignore_ament_install']
[0.486s] Level 1:colcon.colcon_core.package_identification:_identify(src/parc_robot) by extension 'ignore'
[0.486s] Level 1:colcon.colcon_core.package_identification:_identify(src/parc_robot) by extension 'ignore_ament_install'
[0.486s] Level 1:colcon.colcon_core.package_identification:_identify(src/parc_robot) by extensions ['colcon_pkg']
[0.486s] Level 1:colcon.colcon_core.package_identification:_identify(src/parc_robot) by extension 'colcon_pkg'
[0.486s] Level 1:colcon.colcon_core.package_identification:_identify(src/parc_robot) by extensions ['colcon_meta']
[0.486s] Level 1:colcon.colcon_core.package_identification:_identify(src/parc_robot) by extension 'colcon_meta'
[0.487s] Level 1:colcon.colcon_core.package_identification:_identify(src/parc_robot) by extensions ['ros']
[0.487s] Level 1:colcon.colcon_core.package_identification:_identify(src/parc_robot) by extension 'ros'
[0.487s] DEBUG:colcon.colcon_core.package_identification:Package 'src/parc_robot' with type 'ros.ament_cmake' and name 'parc_robot'
[0.487s] Level 1:colcon.colcon_core.package_identification:_identify(src/parc_robot_bringup) by extensions ['ignore', 'ignore_ament_install']
[0.487s] Level 1:colcon.colcon_core.package_identification:_identify(src/parc_robot_bringup) by extension 'ignore'
[0.487s] Level 1:colcon.colcon_core.package_identification:_identify(src/parc_robot_bringup) by extension 'ignore_ament_install'
[0.488s] Level 1:colcon.colcon_core.package_identification:_identify(src/parc_robot_bringup) by extensions ['colcon_pkg']
[0.488s] Level 1:colcon.colcon_core.package_identification:_identify(src/parc_robot_bringup) by extension 'colcon_pkg'
[0.488s] Level 1:colcon.colcon_core.package_identification:_identify(src/parc_robot_bringup) by extensions ['colcon_meta']
[0.488s] Level 1:colcon.colcon_core.package_identification:_identify(src/parc_robot_bringup) by extension 'colcon_meta'
[0.488s] Level 1:colcon.colcon_core.package_identification:_identify(src/parc_robot_bringup) by extensions ['ros']
[0.488s] Level 1:colcon.colcon_core.package_identification:_identify(src/parc_robot_bringup) by extension 'ros'
[0.490s] DEBUG:colcon.colcon_core.package_identification:Package 'src/parc_robot_bringup' with type 'ros.ament_cmake' and name 'parc_robot_bringup'
[0.490s] Level 1:colcon.colcon_core.package_identification:_identify(src/parc_robot_description) by extensions ['ignore', 'ignore_ament_install']
[0.490s] Level 1:colcon.colcon_core.package_identification:_identify(src/parc_robot_description) by extension 'ignore'
[0.490s] Level 1:colcon.colcon_core.package_identification:_identify(src/parc_robot_description) by extension 'ignore_ament_install'
[0.490s] Level 1:colcon.colcon_core.package_identification:_identify(src/parc_robot_description) by extensions ['colcon_pkg']
[0.490s] Level 1:colcon.colcon_core.package_identification:_identify(src/parc_robot_description) by extension 'colcon_pkg'
[0.490s] Level 1:colcon.colcon_core.package_identification:_identify(src/parc_robot_description) by extensions ['colcon_meta']
[0.490s] Level 1:colcon.colcon_core.package_identification:_identify(src/parc_robot_description) by extension 'colcon_meta'
[0.490s] Level 1:colcon.colcon_core.package_identification:_identify(src/parc_robot_description) by extensions ['ros']
[0.490s] Level 1:colcon.colcon_core.package_identification:_identify(src/parc_robot_description) by extension 'ros'
[0.491s] DEBUG:colcon.colcon_core.package_identification:Package 'src/parc_robot_description' with type 'ros.ament_cmake' and name 'parc_robot_description'
[0.491s] Level 1:colcon.colcon_core.package_identification:_identify(src/parc_robot_interfaces) by extensions ['ignore', 'ignore_ament_install']
[0.491s] Level 1:colcon.colcon_core.package_identification:_identify(src/parc_robot_interfaces) by extension 'ignore'
[0.491s] Level 1:colcon.colcon_core.package_identification:_identify(src/parc_robot_interfaces) by extension 'ignore_ament_install'
[0.491s] Level 1:colcon.colcon_core.package_identification:_identify(src/parc_robot_interfaces) by extensions ['colcon_pkg']
[0.492s] Level 1:colcon.colcon_core.package_identification:_identify(src/parc_robot_interfaces) by extension 'colcon_pkg'
[0.492s] Level 1:colcon.colcon_core.package_identification:_identify(src/parc_robot_interfaces) by extensions ['colcon_meta']
[0.492s] Level 1:colcon.colcon_core.package_identification:_identify(src/parc_robot_interfaces) by extension 'colcon_meta'
[0.492s] Level 1:colcon.colcon_core.package_identification:_identify(src/parc_robot_interfaces) by extensions ['ros']
[0.492s] Level 1:colcon.colcon_core.package_identification:_identify(src/parc_robot_interfaces) by extension 'ros'
[0.493s] DEBUG:colcon.colcon_core.package_identification:Package 'src/parc_robot_interfaces' with type 'ros.ament_cmake' and name 'parc_robot_interfaces'
[0.493s] Level 1:colcon.colcon_core.package_identification:_identify(src/resources) by extensions ['ignore', 'ignore_ament_install']
[0.493s] Level 1:colcon.colcon_core.package_identification:_identify(src/resources) by extension 'ignore'
[0.493s] Level 1:colcon.colcon_core.package_identification:_identify(src/resources) by extension 'ignore_ament_install'
[0.493s] Level 1:colcon.colcon_core.package_identification:_identify(src/resources) by extensions ['colcon_pkg']
[0.493s] Level 1:colcon.colcon_core.package_identification:_identify(src/resources) by extension 'colcon_pkg'
[0.493s] Level 1:colcon.colcon_core.package_identification:_identify(src/resources) by extensions ['colcon_meta']
[0.493s] Level 1:colcon.colcon_core.package_identification:_identify(src/resources) by extension 'colcon_meta'
[0.493s] Level 1:colcon.colcon_core.package_identification:_identify(src/resources) by extensions ['ros']
[0.493s] Level 1:colcon.colcon_core.package_identification:_identify(src/resources) by extension 'ros'
[0.493s] Level 1:colcon.colcon_core.package_identification:_identify(src/resources) by extensions ['cmake', 'python']
[0.494s] Level 1:colcon.colcon_core.package_identification:_identify(src/resources) by extension 'cmake'
[0.494s] Level 1:colcon.colcon_core.package_identification:_identify(src/resources) by extension 'python'
[0.494s] Level 1:colcon.colcon_core.package_identification:_identify(src/resources) by extensions ['python_setup_py']
[0.494s] Level 1:colcon.colcon_core.package_identification:_identify(src/resources) by extension 'python_setup_py'
[0.494s] Level 1:colcon.colcon_core.package_identification:_identify(src/tomatoes_detection1) by extensions ['ignore', 'ignore_ament_install']
[0.494s] Level 1:colcon.colcon_core.package_identification:_identify(src/tomatoes_detection1) by extension 'ignore'
[0.494s] Level 1:colcon.colcon_core.package_identification:_identify(src/tomatoes_detection1) by extension 'ignore_ament_install'
[0.494s] Level 1:colcon.colcon_core.package_identification:_identify(src/tomatoes_detection1) by extensions ['colcon_pkg']
[0.494s] Level 1:colcon.colcon_core.package_identification:_identify(src/tomatoes_detection1) by extension 'colcon_pkg'
[0.494s] Level 1:colcon.colcon_core.package_identification:_identify(src/tomatoes_detection1) by extensions ['colcon_meta']
[0.494s] Level 1:colcon.colcon_core.package_identification:_identify(src/tomatoes_detection1) by extension 'colcon_meta'
[0.494s] Level 1:colcon.colcon_core.package_identification:_identify(src/tomatoes_detection1) by extensions ['ros']
[0.494s] Level 1:colcon.colcon_core.package_identification:_identify(src/tomatoes_detection1) by extension 'ros'
[0.495s] DEBUG:colcon.colcon_core.package_identification:Package 'src/tomatoes_detection1' with type 'ros.ament_python' and name 'tomatoes_detection1'
[0.496s] Level 1:colcon.colcon_core.package_discovery:discover_packages(recursive) using defaults
[0.496s] Level 1:colcon.colcon_core.package_discovery:discover_packages(ignore) discover
[0.496s] Level 1:colcon.colcon_core.package_discovery:discover_packages(ignore) using defaults
[0.496s] Level 1:colcon.colcon_core.package_discovery:discover_packages(path) discover
[0.496s] Level 1:colcon.colcon_core.package_discovery:discover_packages(path) using defaults
[0.519s] Level 5:colcon.colcon_core.verb:set package 'parc_robot' build argument 'cmake_args' from command line to 'None'
[0.519s] Level 5:colcon.colcon_core.verb:set package 'parc_robot' build argument 'cmake_target' from command line to 'None'
[0.519s] Level 5:colcon.colcon_core.verb:set package 'parc_robot' build argument 'cmake_target_skip_unavailable' from command line to 'False'
[0.519s] Level 5:colcon.colcon_core.verb:set package 'parc_robot' build argument 'cmake_clean_cache' from command line to 'False'
[0.519s] Level 5:colcon.colcon_core.verb:set package 'parc_robot' build argument 'cmake_clean_first' from command line to 'False'
[0.519s] Level 5:colcon.colcon_core.verb:set package 'parc_robot' build argument 'cmake_force_configure' from command line to 'False'
[0.520s] Level 5:colcon.colcon_core.verb:set package 'parc_robot' build argument 'ament_cmake_args' from command line to 'None'
[0.520s] Level 5:colcon.colcon_core.verb:set package 'parc_robot' build argument 'catkin_cmake_args' from command line to 'None'
[0.520s] Level 5:colcon.colcon_core.verb:set package 'parc_robot' build argument 'catkin_skip_building_tests' from command line to 'False'
[0.520s] DEBUG:colcon.colcon_core.verb:Building package 'parc_robot' with the following arguments: {'ament_cmake_args': None, 'build_base': '/home/iot/ros2_ws/build/parc_robot', 'catkin_cmake_args': None, 'catkin_skip_building_tests': False, 'cmake_args': None, 'cmake_clean_cache': False, 'cmake_clean_first': False, 'cmake_force_configure': False, 'cmake_target': None, 'cmake_target_skip_unavailable': False, 'install_base': '/home/iot/ros2_ws/install/parc_robot', 'merge_install': False, 'path': '/home/iot/ros2_ws/src/parc_robot', 'symlink_install': False, 'test_result_base': None}
[0.520s] Level 5:colcon.colcon_core.verb:set package 'parc_robot_description' build argument 'cmake_args' from command line to 'None'
[0.520s] Level 5:colcon.colcon_core.verb:set package 'parc_robot_description' build argument 'cmake_target' from command line to 'None'
[0.520s] Level 5:colcon.colcon_core.verb:set package 'parc_robot_description' build argument 'cmake_target_skip_unavailable' from command line to 'False'
[0.520s] Level 5:colcon.colcon_core.verb:set package 'parc_robot_description' build argument 'cmake_clean_cache' from command line to 'False'
[0.520s] Level 5:colcon.colcon_core.verb:set package 'parc_robot_description' build argument 'cmake_clean_first' from command line to 'False'
[0.520s] Level 5:colcon.colcon_core.verb:set package 'parc_robot_description' build argument 'cmake_force_configure' from command line to 'False'
[0.520s] Level 5:colcon.colcon_core.verb:set package 'parc_robot_description' build argument 'ament_cmake_args' from command line to 'None'
[0.520s] Level 5:colcon.colcon_core.verb:set package 'parc_robot_description' build argument 'catkin_cmake_args' from command line to 'None'
[0.520s] Level 5:colcon.colcon_core.verb:set package 'parc_robot_description' build argument 'catkin_skip_building_tests' from command line to 'False'
[0.521s] DEBUG:colcon.colcon_core.verb:Building package 'parc_robot_description' with the following arguments: {'ament_cmake_args': None, 'build_base': '/home/iot/ros2_ws/build/parc_robot_description', 'catkin_cmake_args': None, 'catkin_skip_building_tests': False, 'cmake_args': None, 'cmake_clean_cache': False, 'cmake_clean_first': False, 'cmake_force_configure': False, 'cmake_target': None, 'cmake_target_skip_unavailable': False, 'install_base': '/home/iot/ros2_ws/install/parc_robot_description', 'merge_install': False, 'path': '/home/iot/ros2_ws/src/parc_robot_description', 'symlink_install': False, 'test_result_base': None}
[0.521s] Level 5:colcon.colcon_core.verb:set package 'parc_robot_interfaces' build argument 'cmake_args' from command line to 'None'
[0.521s] Level 5:colcon.colcon_core.verb:set package 'parc_robot_interfaces' build argument 'cmake_target' from command line to 'None'
[0.521s] Level 5:colcon.colcon_core.verb:set package 'parc_robot_interfaces' build argument 'cmake_target_skip_unavailable' from command line to 'False'
[0.521s] Level 5:colcon.colcon_core.verb:set package 'parc_robot_interfaces' build argument 'cmake_clean_cache' from command line to 'False'
[0.521s] Level 5:colcon.colcon_core.verb:set package 'parc_robot_interfaces' build argument 'cmake_clean_first' from command line to 'False'
[0.521s] Level 5:colcon.colcon_core.verb:set package 'parc_robot_interfaces' build argument 'cmake_force_configure' from command line to 'False'
[0.521s] Level 5:colcon.colcon_core.verb:set package 'parc_robot_interfaces' build argument 'ament_cmake_args' from command line to 'None'
[0.521s] Level 5:colcon.colcon_core.verb:set package 'parc_robot_interfaces' build argument 'catkin_cmake_args' from command line to 'None'
[0.521s] Level 5:colcon.colcon_core.verb:set package 'parc_robot_interfaces' build argument 'catkin_skip_building_tests' from command line to 'False'
[0.521s] DEBUG:colcon.colcon_core.verb:Building package 'parc_robot_interfaces' with the following arguments: {'ament_cmake_args': None, 'build_base': '/home/iot/ros2_ws/build/parc_robot_interfaces', 'catkin_cmake_args': None, 'catkin_skip_building_tests': False, 'cmake_args': None, 'cmake_clean_cache': False, 'cmake_clean_first': False, 'cmake_force_configure': False, 'cmake_target': None, 'cmake_target_skip_unavailable': False, 'install_base': '/home/iot/ros2_ws/install/parc_robot_interfaces', 'merge_install': False, 'path': '/home/iot/ros2_ws/src/parc_robot_interfaces', 'symlink_install': False, 'test_result_base': None}
[0.522s] Level 5:colcon.colcon_core.verb:set package 'farmland_navigation' build argument 'cmake_args' from command line to 'None'
[0.522s] Level 5:colcon.colcon_core.verb:set package 'farmland_navigation' build argument 'cmake_target' from command line to 'None'
[0.522s] Level 5:colcon.colcon_core.verb:set package 'farmland_navigation' build argument 'cmake_target_skip_unavailable' from command line to 'False'
[0.522s] Level 5:colcon.colcon_core.verb:set package 'farmland_navigation' build argument 'cmake_clean_cache' from command line to 'False'
[0.522s] Level 5:colcon.colcon_core.verb:set package 'farmland_navigation' build argument 'cmake_clean_first' from command line to 'False'
[0.522s] Level 5:colcon.colcon_core.verb:set package 'farmland_navigation' build argument 'cmake_force_configure' from command line to 'False'
[0.522s] Level 5:colcon.colcon_core.verb:set package 'farmland_navigation' build argument 'ament_cmake_args' from command line to 'None'
[0.522s] Level 5:colcon.colcon_core.verb:set package 'farmland_navigation' build argument 'catkin_cmake_args' from command line to 'None'
[0.522s] Level 5:colcon.colcon_core.verb:set package 'farmland_navigation' build argument 'catkin_skip_building_tests' from command line to 'False'
[0.522s] DEBUG:colcon.colcon_core.verb:Building package 'farmland_navigation' with the following arguments: {'ament_cmake_args': None, 'build_base': '/home/iot/ros2_ws/build/farmland_navigation', 'catkin_cmake_args': None, 'catkin_skip_building_tests': False, 'cmake_args': None, 'cmake_clean_cache': False, 'cmake_clean_first': False, 'cmake_force_configure': False, 'cmake_target': None, 'cmake_target_skip_unavailable': False, 'install_base': '/home/iot/ros2_ws/install/farmland_navigation', 'merge_install': False, 'path': '/home/iot/ros2_ws/src/farmland_navigation', 'symlink_install': False, 'test_result_base': None}
[0.523s] Level 5:colcon.colcon_core.verb:set package 'parc_robot_bringup' build argument 'cmake_args' from command line to 'None'
[0.523s] Level 5:colcon.colcon_core.verb:set package 'parc_robot_bringup' build argument 'cmake_target' from command line to 'None'
[0.523s] Level 5:colcon.colcon_core.verb:set package 'parc_robot_bringup' build argument 'cmake_target_skip_unavailable' from command line to 'False'
[0.523s] Level 5:colcon.colcon_core.verb:set package 'parc_robot_bringup' build argument 'cmake_clean_cache' from command line to 'False'
[0.523s] Level 5:colcon.colcon_core.verb:set package 'parc_robot_bringup' build argument 'cmake_clean_first' from command line to 'False'
[0.523s] Level 5:colcon.colcon_core.verb:set package 'parc_robot_bringup' build argument 'cmake_force_configure' from command line to 'False'
[0.523s] Level 5:colcon.colcon_core.verb:set package 'parc_robot_bringup' build argument 'ament_cmake_args' from command line to 'None'
[0.523s] Level 5:colcon.colcon_core.verb:set package 'parc_robot_bringup' build argument 'catkin_cmake_args' from command line to 'None'
[0.523s] Level 5:colcon.colcon_core.verb:set package 'parc_robot_bringup' build argument 'catkin_skip_building_tests' from command line to 'False'
[0.523s] DEBUG:colcon.colcon_core.verb:Building package 'parc_robot_bringup' with the following arguments: {'ament_cmake_args': None, 'build_base': '/home/iot/ros2_ws/build/parc_robot_bringup', 'catkin_cmake_args': None, 'catkin_skip_building_tests': False, 'cmake_args': None, 'cmake_clean_cache': False, 'cmake_clean_first': False, 'cmake_force_configure': False, 'cmake_target': None, 'cmake_target_skip_unavailable': False, 'install_base': '/home/iot/ros2_ws/install/parc_robot_bringup', 'merge_install': False, 'path': '/home/iot/ros2_ws/src/parc_robot_bringup', 'symlink_install': False, 'test_result_base': None}
[0.523s] Level 5:colcon.colcon_core.verb:set package 'tomatoes_detection1' build argument 'cmake_args' from command line to 'None'
[0.524s] Level 5:colcon.colcon_core.verb:set package 'tomatoes_detection1' build argument 'cmake_target' from command line to 'None'
[0.524s] Level 5:colcon.colcon_core.verb:set package 'tomatoes_detection1' build argument 'cmake_target_skip_unavailable' from command line to 'False'
[0.524s] Level 5:colcon.colcon_core.verb:set package 'tomatoes_detection1' build argument 'cmake_clean_cache' from command line to 'False'
[0.524s] Level 5:colcon.colcon_core.verb:set package 'tomatoes_detection1' build argument 'cmake_clean_first' from command line to 'False'
[0.524s] Level 5:colcon.colcon_core.verb:set package 'tomatoes_detection1' build argument 'cmake_force_configure' from command line to 'False'
[0.524s] Level 5:colcon.colcon_core.verb:set package 'tomatoes_detection1' build argument 'ament_cmake_args' from command line to 'None'
[0.524s] Level 5:colcon.colcon_core.verb:set package 'tomatoes_detection1' build argument 'catkin_cmake_args' from command line to 'None'
[0.524s] Level 5:colcon.colcon_core.verb:set package 'tomatoes_detection1' build argument 'catkin_skip_building_tests' from command line to 'False'
[0.524s] DEBUG:colcon.colcon_core.verb:Building package 'tomatoes_detection1' with the following arguments: {'ament_cmake_args': None, 'build_base': '/home/iot/ros2_ws/build/tomatoes_detection1', 'catkin_cmake_args': None, 'catkin_skip_building_tests': False, 'cmake_args': None, 'cmake_clean_cache': False, 'cmake_clean_first': False, 'cmake_force_configure': False, 'cmake_target': None, 'cmake_target_skip_unavailable': False, 'install_base': '/home/iot/ros2_ws/install/tomatoes_detection1', 'merge_install': False, 'path': '/home/iot/ros2_ws/src/tomatoes_detection1', 'symlink_install': False, 'test_result_base': None}
[0.524s] INFO:colcon.colcon_core.executor:Executing jobs using 'parallel' executor
[0.526s] DEBUG:colcon.colcon_parallel_executor.executor.parallel:run_until_complete
[0.527s] INFO:colcon.colcon_ros.task.ament_cmake.build:Building ROS package in '/home/iot/ros2_ws/src/parc_robot_interfaces' with build type 'ament_cmake'
[0.527s] INFO:colcon.colcon_cmake.task.cmake.build:Building CMake package in '/home/iot/ros2_ws/src/parc_robot_interfaces'
[0.533s] INFO:colcon.colcon_core.plugin_system:Skipping extension 'colcon_core.shell.bat': Not used on non-Windows systems
[0.534s] INFO:colcon.colcon_core.shell:Skip shell extension 'powershell' for command environment: Not usable outside of PowerShell
[0.534s] DEBUG:colcon.colcon_core.shell:Skip shell extension 'dsv' for command environment
[0.549s] INFO:colcon.colcon_ros.task.ament_cmake.build:Building ROS package in '/home/iot/ros2_ws/src/parc_robot_description' with build type 'ament_cmake'
[0.549s] INFO:colcon.colcon_cmake.task.cmake.build:Building CMake package in '/home/iot/ros2_ws/src/parc_robot_description'
[0.550s] INFO:colcon.colcon_core.shell:Skip shell extension 'powershell' for command environment: Not usable outside of PowerShell
[0.550s] DEBUG:colcon.colcon_core.shell:Skip shell extension 'dsv' for command environment
[0.561s] INFO:colcon.colcon_ros.task.ament_cmake.build:Building ROS package in '/home/iot/ros2_ws/src/parc_robot' with build type 'ament_cmake'
[0.561s] INFO:colcon.colcon_cmake.task.cmake.build:Building CMake package in '/home/iot/ros2_ws/src/parc_robot'
[0.562s] INFO:colcon.colcon_core.shell:Skip shell extension 'powershell' for command environment: Not usable outside of PowerShell
[0.562s] DEBUG:colcon.colcon_core.shell:Skip shell extension 'dsv' for command environment
[0.590s] DEBUG:colcon.colcon_core.event_handler.log_command:Invoking command in '/home/iot/ros2_ws/build/parc_robot_interfaces': CMAKE_PREFIX_PATH=${CMAKE_PREFIX_PATH}:/home/iot/ros2_ws/install/tomatoes_detection1:/opt/ros/humble /usr/bin/cmake --build /home/iot/ros2_ws/build/parc_robot_interfaces -- -j8 -l8
[0.607s] DEBUG:colcon.colcon_core.event_handler.log_command:Invoking command in '/home/iot/ros2_ws/build/parc_robot_description': CMAKE_PREFIX_PATH=${CMAKE_PREFIX_PATH}:/home/iot/ros2_ws/install/tomatoes_detection1:/opt/ros/humble /usr/bin/cmake --build /home/iot/ros2_ws/build/parc_robot_description -- -j8 -l8
[0.617s] DEBUG:colcon.colcon_core.event_handler.log_command:Invoking command in '/home/iot/ros2_ws/build/parc_robot': CMAKE_PREFIX_PATH=${CMAKE_PREFIX_PATH}:/home/iot/ros2_ws/install/tomatoes_detection1:/opt/ros/humble /usr/bin/cmake --build /home/iot/ros2_ws/build/parc_robot -- -j8 -l8
[0.802s] DEBUG:colcon.colcon_core.event_handler.log_command:Invoked command in '/home/iot/ros2_ws/build/parc_robot' returned '0': CMAKE_PREFIX_PATH=${CMAKE_PREFIX_PATH}:/home/iot/ros2_ws/install/tomatoes_detection1:/opt/ros/humble /usr/bin/cmake --build /home/iot/ros2_ws/build/parc_robot -- -j8 -l8
[0.818s] DEBUG:colcon.colcon_core.event_handler.log_command:Invoked command in '/home/iot/ros2_ws/build/parc_robot_description' returned '0': CMAKE_PREFIX_PATH=${CMAKE_PREFIX_PATH}:/home/iot/ros2_ws/install/tomatoes_detection1:/opt/ros/humble /usr/bin/cmake --build /home/iot/ros2_ws/build/parc_robot_description -- -j8 -l8
[0.901s] DEBUG:colcon.colcon_core.event_handler.log_command:Invoking command in '/home/iot/ros2_ws/build/parc_robot': CMAKE_PREFIX_PATH=${CMAKE_PREFIX_PATH}:/home/iot/ros2_ws/install/tomatoes_detection1:/opt/ros/humble /usr/bin/cmake --install /home/iot/ros2_ws/build/parc_robot
[0.907s] DEBUG:colcon.colcon_core.event_handler.log_command:Invoking command in '/home/iot/ros2_ws/build/parc_robot_description': CMAKE_PREFIX_PATH=${CMAKE_PREFIX_PATH}:/home/iot/ros2_ws/install/tomatoes_detection1:/opt/ros/humble /usr/bin/cmake --install /home/iot/ros2_ws/build/parc_robot_description
[0.936s] Level 1:colcon.colcon_core.environment:create_environment_scripts_only(parc_robot)
[0.951s] Level 1:colcon.colcon_core.environment:checking '/home/iot/ros2_ws/install/parc_robot' for CMake module files
[0.952s] Level 1:colcon.colcon_core.environment:checking '/home/iot/ros2_ws/install/parc_robot' for CMake config files
[0.953s] Level 1:colcon.colcon_core.shell:create_environment_hook('parc_robot', 'cmake_prefix_path')
[0.953s] INFO:colcon.colcon_core.shell:Creating environment hook '/home/iot/ros2_ws/install/parc_robot/share/parc_robot/hook/cmake_prefix_path.ps1'
[0.956s] DEBUG:colcon.colcon_core.event_handler.log_command:Invoked command in '/home/iot/ros2_ws/build/parc_robot' returned '0': CMAKE_PREFIX_PATH=${CMAKE_PREFIX_PATH}:/home/iot/ros2_ws/install/tomatoes_detection1:/opt/ros/humble /usr/bin/cmake --install /home/iot/ros2_ws/build/parc_robot
[0.965s] INFO:colcon.colcon_core.shell:Creating environment descriptor '/home/iot/ros2_ws/install/parc_robot/share/parc_robot/hook/cmake_prefix_path.dsv'
[0.968s] INFO:colcon.colcon_core.shell:Creating environment hook '/home/iot/ros2_ws/install/parc_robot/share/parc_robot/hook/cmake_prefix_path.sh'
[0.976s] Level 1:colcon.colcon_core.environment:checking '/home/iot/ros2_ws/install/parc_robot/bin'
[0.976s] Level 1:colcon.colcon_core.environment:checking '/home/iot/ros2_ws/install/parc_robot/lib/pkgconfig/parc_robot.pc'
[1.003s] Level 1:colcon.colcon_core.environment:checking '/home/iot/ros2_ws/install/parc_robot/lib/python3.10/site-packages'
[1.004s] Level 1:colcon.colcon_core.environment:checking '/home/iot/ros2_ws/install/parc_robot/bin'
[1.005s] INFO:colcon.colcon_core.shell:Creating package script '/home/iot/ros2_ws/install/parc_robot/share/parc_robot/package.ps1'
[1.007s] INFO:colcon.colcon_core.shell:Creating package descriptor '/home/iot/ros2_ws/install/parc_robot/share/parc_robot/package.dsv'
[1.009s] INFO:colcon.colcon_core.shell:Creating package script '/home/iot/ros2_ws/install/parc_robot/share/parc_robot/package.sh'
[1.012s] INFO:colcon.colcon_core.shell:Creating package script '/home/iot/ros2_ws/install/parc_robot/share/parc_robot/package.bash'
[1.014s] INFO:colcon.colcon_core.shell:Creating package script '/home/iot/ros2_ws/install/parc_robot/share/parc_robot/package.zsh'
[1.023s] Level 1:colcon.colcon_core.environment:create_file_with_runtime_dependencies(/home/iot/ros2_ws/install/parc_robot/share/colcon-core/packages/parc_robot)
[1.030s] Level 1:colcon.colcon_core.environment:create_environment_scripts_only(parc_robot_description)
[1.030s] Level 1:colcon.colcon_core.environment:checking '/home/iot/ros2_ws/install/parc_robot_description' for CMake module files
[1.032s] DEBUG:colcon.colcon_core.event_handler.log_command:Invoked command in '/home/iot/ros2_ws/build/parc_robot_description' returned '0': CMAKE_PREFIX_PATH=${CMAKE_PREFIX_PATH}:/home/iot/ros2_ws/install/tomatoes_detection1:/opt/ros/humble /usr/bin/cmake --install /home/iot/ros2_ws/build/parc_robot_description
[1.033s] Level 1:colcon.colcon_core.environment:checking '/home/iot/ros2_ws/install/parc_robot_description' for CMake config files
[1.034s] Level 1:colcon.colcon_core.shell:create_environment_hook('parc_robot_description', 'cmake_prefix_path')
[1.034s] INFO:colcon.colcon_core.shell:Creating environment hook '/home/iot/ros2_ws/install/parc_robot_description/share/parc_robot_description/hook/cmake_prefix_path.ps1'
[1.035s] INFO:colcon.colcon_core.shell:Creating environment descriptor '/home/iot/ros2_ws/install/parc_robot_description/share/parc_robot_description/hook/cmake_prefix_path.dsv'
[1.036s] INFO:colcon.colcon_core.shell:Creating environment hook '/home/iot/ros2_ws/install/parc_robot_description/share/parc_robot_description/hook/cmake_prefix_path.sh'
[1.053s] Level 1:colcon.colcon_core.environment:checking '/home/iot/ros2_ws/install/parc_robot_description/bin'
[1.054s] Level 1:colcon.colcon_core.environment:checking '/home/iot/ros2_ws/install/parc_robot_description/lib/pkgconfig/parc_robot_description.pc'
[1.054s] Level 1:colcon.colcon_core.environment:checking '/home/iot/ros2_ws/install/parc_robot_description/lib/python3.10/site-packages'
[1.055s] Level 1:colcon.colcon_core.environment:checking '/home/iot/ros2_ws/install/parc_robot_description/bin'
[1.056s] INFO:colcon.colcon_core.shell:Creating package script '/home/iot/ros2_ws/install/parc_robot_description/share/parc_robot_description/package.ps1'
[1.057s] INFO:colcon.colcon_core.shell:Creating package descriptor '/home/iot/ros2_ws/install/parc_robot_description/share/parc_robot_description/package.dsv'
[1.058s] INFO:colcon.colcon_core.shell:Creating package script '/home/iot/ros2_ws/install/parc_robot_description/share/parc_robot_description/package.sh'
[1.059s] INFO:colcon.colcon_core.shell:Creating package script '/home/iot/ros2_ws/install/parc_robot_description/share/parc_robot_description/package.bash'
[1.060s] INFO:colcon.colcon_core.shell:Creating package script '/home/iot/ros2_ws/install/parc_robot_description/share/parc_robot_description/package.zsh'
[1.061s] Level 1:colcon.colcon_core.environment:create_file_with_runtime_dependencies(/home/iot/ros2_ws/install/parc_robot_description/share/colcon-core/packages/parc_robot_description)
[1.118s] Level 1:colcon.colcon_core.environment:create_environment_scripts_only(parc_robot)
[1.119s] Level 1:colcon.colcon_core.environment:checking '/home/iot/ros2_ws/install/parc_robot' for CMake module files
[1.120s] Level 1:colcon.colcon_core.environment:checking '/home/iot/ros2_ws/install/parc_robot' for CMake config files
[1.121s] Level 1:colcon.colcon_core.shell:create_environment_hook('parc_robot', 'cmake_prefix_path')
[1.121s] INFO:colcon.colcon_core.shell:Creating environment hook '/home/iot/ros2_ws/install/parc_robot/share/parc_robot/hook/cmake_prefix_path.ps1'
[1.122s] INFO:colcon.colcon_core.shell:Creating environment descriptor '/home/iot/ros2_ws/install/parc_robot/share/parc_robot/hook/cmake_prefix_path.dsv'
[1.123s] INFO:colcon.colcon_core.shell:Creating environment hook '/home/iot/ros2_ws/install/parc_robot/share/parc_robot/hook/cmake_prefix_path.sh'
[1.124s] Level 1:colcon.colcon_core.environment:checking '/home/iot/ros2_ws/install/parc_robot/bin'
[1.124s] Level 1:colcon.colcon_core.environment:checking '/home/iot/ros2_ws/install/parc_robot/lib/pkgconfig/parc_robot.pc'
[1.125s] Level 1:colcon.colcon_core.environment:checking '/home/iot/ros2_ws/install/parc_robot/lib/python3.10/site-packages'
[1.125s] Level 1:colcon.colcon_core.environment:checking '/home/iot/ros2_ws/install/parc_robot/bin'
[1.128s] INFO:colcon.colcon_core.shell:Creating package script '/home/iot/ros2_ws/install/parc_robot/share/parc_robot/package.ps1'
[1.130s] INFO:colcon.colcon_core.shell:Creating package descriptor '/home/iot/ros2_ws/install/parc_robot/share/parc_robot/package.dsv'
[1.131s] INFO:colcon.colcon_core.shell:Creating package script '/home/iot/ros2_ws/install/parc_robot/share/parc_robot/package.sh'
[1.132s] INFO:colcon.colcon_core.shell:Creating package script '/home/iot/ros2_ws/install/parc_robot/share/parc_robot/package.bash'
[1.133s] INFO:colcon.colcon_core.shell:Creating package script '/home/iot/ros2_ws/install/parc_robot/share/parc_robot/package.zsh'
[1.135s] Level 1:colcon.colcon_core.environment:create_file_with_runtime_dependencies(/home/iot/ros2_ws/install/parc_robot/share/colcon-core/packages/parc_robot)
[1.155s] Level 1:colcon.colcon_core.environment:create_environment_scripts_only(parc_robot_description)
[1.156s] Level 1:colcon.colcon_core.environment:checking '/home/iot/ros2_ws/install/parc_robot_description' for CMake module files
[1.157s] Level 1:colcon.colcon_core.environment:checking '/home/iot/ros2_ws/install/parc_robot_description' for CMake config files
[1.157s] Level 1:colcon.colcon_core.shell:create_environment_hook('parc_robot_description', 'cmake_prefix_path')
[1.158s] INFO:colcon.colcon_core.shell:Creating environment hook '/home/iot/ros2_ws/install/parc_robot_description/share/parc_robot_description/hook/cmake_prefix_path.ps1'
[1.159s] INFO:colcon.colcon_core.shell:Creating environment descriptor '/home/iot/ros2_ws/install/parc_robot_description/share/parc_robot_description/hook/cmake_prefix_path.dsv'
[1.159s] INFO:colcon.colcon_core.shell:Creating environment hook '/home/iot/ros2_ws/install/parc_robot_description/share/parc_robot_description/hook/cmake_prefix_path.sh'
[1.161s] Level 1:colcon.colcon_core.environment:checking '/home/iot/ros2_ws/install/parc_robot_description/bin'
[1.161s] Level 1:colcon.colcon_core.environment:checking '/home/iot/ros2_ws/install/parc_robot_description/lib/pkgconfig/parc_robot_description.pc'
[1.161s] Level 1:colcon.colcon_core.environment:checking '/home/iot/ros2_ws/install/parc_robot_description/lib/python3.10/site-packages'
[1.162s] Level 1:colcon.colcon_core.environment:checking '/home/iot/ros2_ws/install/parc_robot_description/bin'
[1.163s] INFO:colcon.colcon_core.shell:Creating package script '/home/iot/ros2_ws/install/parc_robot_description/share/parc_robot_description/package.ps1'
[1.164s] INFO:colcon.colcon_core.shell:Creating package descriptor '/home/iot/ros2_ws/install/parc_robot_description/share/parc_robot_description/package.dsv'
[1.165s] INFO:colcon.colcon_core.shell:Creating package script '/home/iot/ros2_ws/install/parc_robot_description/share/parc_robot_description/package.sh'
[1.166s] INFO:colcon.colcon_core.shell:Creating package script '/home/iot/ros2_ws/install/parc_robot_description/share/parc_robot_description/package.bash'
[1.167s] INFO:colcon.colcon_core.shell:Creating package script '/home/iot/ros2_ws/install/parc_robot_description/share/parc_robot_description/package.zsh'
[1.168s] Level 1:colcon.colcon_core.environment:create_file_with_runtime_dependencies(/home/iot/ros2_ws/install/parc_robot_description/share/colcon-core/packages/parc_robot_description)
[1.707s] DEBUG:colcon.colcon_core.event_handler.log_command:Invoked command in '/home/iot/ros2_ws/build/parc_robot_interfaces' returned '0': CMAKE_PREFIX_PATH=${CMAKE_PREFIX_PATH}:/home/iot/ros2_ws/install/tomatoes_detection1:/opt/ros/humble /usr/bin/cmake --build /home/iot/ros2_ws/build/parc_robot_interfaces -- -j8 -l8
[1.843s] DEBUG:colcon.colcon_core.event_handler.log_command:Invoking command in '/home/iot/ros2_ws/build/parc_robot_interfaces': CMAKE_PREFIX_PATH=${CMAKE_PREFIX_PATH}:/home/iot/ros2_ws/install/tomatoes_detection1:/opt/ros/humble /usr/bin/cmake --install /home/iot/ros2_ws/build/parc_robot_interfaces
[2.009s] Level 1:colcon.colcon_core.environment:create_environment_scripts_only(parc_robot_interfaces)
[2.010s] Level 1:colcon.colcon_core.environment:checking '/home/iot/ros2_ws/install/parc_robot_interfaces' for CMake module files
[2.011s] DEBUG:colcon.colcon_core.event_handler.log_command:Invoked command in '/home/iot/ros2_ws/build/parc_robot_interfaces' returned '0': CMAKE_PREFIX_PATH=${CMAKE_PREFIX_PATH}:/home/iot/ros2_ws/install/tomatoes_detection1:/opt/ros/humble /usr/bin/cmake --install /home/iot/ros2_ws/build/parc_robot_interfaces
[2.012s] Level 1:colcon.colcon_core.environment:checking '/home/iot/ros2_ws/install/parc_robot_interfaces' for CMake config files
[2.012s] Level 1:colcon.colcon_core.shell:create_environment_hook('parc_robot_interfaces', 'cmake_prefix_path')
[2.013s] INFO:colcon.colcon_core.shell:Creating environment hook '/home/iot/ros2_ws/install/parc_robot_interfaces/share/parc_robot_interfaces/hook/cmake_prefix_path.ps1'
[2.013s] INFO:colcon.colcon_core.shell:Creating environment descriptor '/home/iot/ros2_ws/install/parc_robot_interfaces/share/parc_robot_interfaces/hook/cmake_prefix_path.dsv'
[2.014s] INFO:colcon.colcon_core.shell:Creating environment hook '/home/iot/ros2_ws/install/parc_robot_interfaces/share/parc_robot_interfaces/hook/cmake_prefix_path.sh'
[2.015s] Level 1:colcon.colcon_core.environment:checking '/home/iot/ros2_ws/install/parc_robot_interfaces/lib'
[2.015s] Level 1:colcon.colcon_core.shell:create_environment_hook('parc_robot_interfaces', 'ld_library_path_lib')
[2.015s] INFO:colcon.colcon_core.shell:Creating environment hook '/home/iot/ros2_ws/install/parc_robot_interfaces/share/parc_robot_interfaces/hook/ld_library_path_lib.ps1'
[2.016s] INFO:colcon.colcon_core.shell:Creating environment descriptor '/home/iot/ros2_ws/install/parc_robot_interfaces/share/parc_robot_interfaces/hook/ld_library_path_lib.dsv'
[2.016s] INFO:colcon.colcon_core.shell:Creating environment hook '/home/iot/ros2_ws/install/parc_robot_interfaces/share/parc_robot_interfaces/hook/ld_library_path_lib.sh'
[2.017s] Level 1:colcon.colcon_core.environment:checking '/home/iot/ros2_ws/install/parc_robot_interfaces/bin'
[2.017s] Level 1:colcon.colcon_core.environment:checking '/home/iot/ros2_ws/install/parc_robot_interfaces/lib/pkgconfig/parc_robot_interfaces.pc'
[2.017s] Level 1:colcon.colcon_core.environment:checking '/home/iot/ros2_ws/install/parc_robot_interfaces/lib/python3.10/site-packages'
[2.018s] Level 1:colcon.colcon_core.environment:checking '/home/iot/ros2_ws/install/parc_robot_interfaces/bin'
[2.018s] INFO:colcon.colcon_core.shell:Creating package script '/home/iot/ros2_ws/install/parc_robot_interfaces/share/parc_robot_interfaces/package.ps1'
[2.019s] INFO:colcon.colcon_core.shell:Creating package descriptor '/home/iot/ros2_ws/install/parc_robot_interfaces/share/parc_robot_interfaces/package.dsv'
[2.020s] INFO:colcon.colcon_core.shell:Creating package script '/home/iot/ros2_ws/install/parc_robot_interfaces/share/parc_robot_interfaces/package.sh'
[2.020s] INFO:colcon.colcon_core.shell:Creating package script '/home/iot/ros2_ws/install/parc_robot_interfaces/share/parc_robot_interfaces/package.bash'
[2.021s] INFO:colcon.colcon_core.shell:Creating package script '/home/iot/ros2_ws/install/parc_robot_interfaces/share/parc_robot_interfaces/package.zsh'
[2.021s] Level 1:colcon.colcon_core.environment:create_file_with_runtime_dependencies(/home/iot/ros2_ws/install/parc_robot_interfaces/share/colcon-core/packages/parc_robot_interfaces)
[2.147s] Level 1:colcon.colcon_core.environment:create_environment_scripts_only(parc_robot_interfaces)
[2.147s] Level 1:colcon.colcon_core.environment:checking '/home/iot/ros2_ws/install/parc_robot_interfaces' for CMake module files
[2.149s] Level 1:colcon.colcon_core.environment:checking '/home/iot/ros2_ws/install/parc_robot_interfaces' for CMake config files
[2.150s] Level 1:colcon.colcon_core.shell:create_environment_hook('parc_robot_interfaces', 'cmake_prefix_path')
[2.151s] INFO:colcon.colcon_core.shell:Creating environment hook '/home/iot/ros2_ws/install/parc_robot_interfaces/share/parc_robot_interfaces/hook/cmake_prefix_path.ps1'
[2.151s] INFO:colcon.colcon_core.shell:Creating environment descriptor '/home/iot/ros2_ws/install/parc_robot_interfaces/share/parc_robot_interfaces/hook/cmake_prefix_path.dsv'
[2.152s] INFO:colcon.colcon_core.shell:Creating environment hook '/home/iot/ros2_ws/install/parc_robot_interfaces/share/parc_robot_interfaces/hook/cmake_prefix_path.sh'
[2.153s] Level 1:colcon.colcon_core.environment:checking '/home/iot/ros2_ws/install/parc_robot_interfaces/lib'
[2.153s] Level 1:colcon.colcon_core.shell:create_environment_hook('parc_robot_interfaces', 'ld_library_path_lib')
[2.154s] INFO:colcon.colcon_core.shell:Creating environment hook '/home/iot/ros2_ws/install/parc_robot_interfaces/share/parc_robot_interfaces/hook/ld_library_path_lib.ps1'
[2.155s] INFO:colcon.colcon_core.shell:Creating environment descriptor '/home/iot/ros2_ws/install/parc_robot_interfaces/share/parc_robot_interfaces/hook/ld_library_path_lib.dsv'
[2.155s] INFO:colcon.colcon_core.shell:Creating environment hook '/home/iot/ros2_ws/install/parc_robot_interfaces/share/parc_robot_interfaces/hook/ld_library_path_lib.sh'
[2.156s] Level 1:colcon.colcon_core.environment:checking '/home/iot/ros2_ws/install/parc_robot_interfaces/bin'
[2.156s] Level 1:colcon.colcon_core.environment:checking '/home/iot/ros2_ws/install/parc_robot_interfaces/lib/pkgconfig/parc_robot_interfaces.pc'
[2.156s] Level 1:colcon.colcon_core.environment:checking '/home/iot/ros2_ws/install/parc_robot_interfaces/lib/python3.10/site-packages'
[2.157s] Level 1:colcon.colcon_core.environment:checking '/home/iot/ros2_ws/install/parc_robot_interfaces/bin'
[2.157s] INFO:colcon.colcon_core.shell:Creating package script '/home/iot/ros2_ws/install/parc_robot_interfaces/share/parc_robot_interfaces/package.ps1'
[2.158s] INFO:colcon.colcon_core.shell:Creating package descriptor '/home/iot/ros2_ws/install/parc_robot_interfaces/share/parc_robot_interfaces/package.dsv'
[2.159s] INFO:colcon.colcon_core.shell:Creating package script '/home/iot/ros2_ws/install/parc_robot_interfaces/share/parc_robot_interfaces/package.sh'
[2.159s] INFO:colcon.colcon_core.shell:Creating package script '/home/iot/ros2_ws/install/parc_robot_interfaces/share/parc_robot_interfaces/package.bash'
[2.160s] INFO:colcon.colcon_core.shell:Creating package script '/home/iot/ros2_ws/install/parc_robot_interfaces/share/parc_robot_interfaces/package.zsh'
[2.161s] Level 1:colcon.colcon_core.environment:create_file_with_runtime_dependencies(/home/iot/ros2_ws/install/parc_robot_interfaces/share/colcon-core/packages/parc_robot_interfaces)
[2.161s] INFO:colcon.colcon_ros.task.ament_python.build:Building ROS package in '/home/iot/ros2_ws/src/farmland_navigation' with build type 'ament_python'
[2.161s] Level 1:colcon.colcon_core.shell:create_environment_hook('farmland_navigation', 'ament_prefix_path')
[2.162s] INFO:colcon.colcon_core.shell:Creating environment hook '/home/iot/ros2_ws/install/farmland_navigation/share/farmland_navigation/hook/ament_prefix_path.ps1'
[2.163s] INFO:colcon.colcon_core.shell:Creating environment descriptor '/home/iot/ros2_ws/install/farmland_navigation/share/farmland_navigation/hook/ament_prefix_path.dsv'
[2.164s] INFO:colcon.colcon_core.shell:Creating environment hook '/home/iot/ros2_ws/install/farmland_navigation/share/farmland_navigation/hook/ament_prefix_path.sh'
[2.164s] INFO:colcon.colcon_core.shell:Skip shell extension 'powershell' for command environment: Not usable outside of PowerShell
[2.165s] DEBUG:colcon.colcon_core.shell:Skip shell extension 'dsv' for command environment
[2.172s] INFO:colcon.colcon_ros.task.ament_cmake.build:Building ROS package in '/home/iot/ros2_ws/src/parc_robot_bringup' with build type 'ament_cmake'
[2.172s] INFO:colcon.colcon_cmake.task.cmake.build:Building CMake package in '/home/iot/ros2_ws/src/parc_robot_bringup'
[2.173s] INFO:colcon.colcon_core.shell:Skip shell extension 'powershell' for command environment: Not usable outside of PowerShell
[2.173s] DEBUG:colcon.colcon_core.shell:Skip shell extension 'dsv' for command environment
[2.184s] INFO:colcon.colcon_ros.task.ament_python.build:Building ROS package in '/home/iot/ros2_ws/src/tomatoes_detection1' with build type 'ament_python'
[2.184s] Level 1:colcon.colcon_core.shell:create_environment_hook('tomatoes_detection1', 'ament_prefix_path')
[2.185s] INFO:colcon.colcon_core.shell:Creating environment hook '/home/iot/ros2_ws/install/tomatoes_detection1/share/tomatoes_detection1/hook/ament_prefix_path.ps1'
[2.186s] INFO:colcon.colcon_core.shell:Creating environment descriptor '/home/iot/ros2_ws/install/tomatoes_detection1/share/tomatoes_detection1/hook/ament_prefix_path.dsv'
[2.187s] INFO:colcon.colcon_core.shell:Creating environment hook '/home/iot/ros2_ws/install/tomatoes_detection1/share/tomatoes_detection1/hook/ament_prefix_path.sh'
[2.188s] INFO:colcon.colcon_core.shell:Skip shell extension 'powershell' for command environment: Not usable outside of PowerShell
[2.189s] DEBUG:colcon.colcon_core.shell:Skip shell extension 'dsv' for command environment
[2.984s] INFO:colcon.colcon_core.task.python.build:Building Python package in '/home/iot/ros2_ws/src/farmland_navigation'
[2.985s] INFO:colcon.colcon_core.shell:Skip shell extension 'powershell' for command environment: Not usable outside of PowerShell
[2.985s] DEBUG:colcon.colcon_core.shell:Skip shell extension 'dsv' for command environment
[3.011s] DEBUG:colcon.colcon_core.event_handler.log_command:Invoking command in '/home/iot/ros2_ws/build/parc_robot_bringup': CMAKE_PREFIX_PATH=/home/iot/ros2_ws/install/parc_robot_interfaces:/home/iot/ros2_ws/install/parc_robot_description:/home/iot/ros2_ws/install/parc_robot_bringup:/home/iot/ros2_ws/install/parc_robot:/home/iot/ros2_ws/install/tomatoes_detection1:/opt/ros/humble /usr/bin/cmake --build /home/iot/ros2_ws/build/parc_robot_bringup -- -j8 -l8
[3.819s] INFO:colcon.colcon_core.task.python.build:Building Python package in '/home/iot/ros2_ws/src/tomatoes_detection1'
[3.820s] INFO:colcon.colcon_core.shell:Skip shell extension 'powershell' for command environment: Not usable outside of PowerShell
[3.820s] DEBUG:colcon.colcon_core.shell:Skip shell extension 'dsv' for command environment
[4.063s] DEBUG:colcon.colcon_core.event_handler.log_command:Invoked command in '/home/iot/ros2_ws/build/parc_robot_bringup' returned '0': CMAKE_PREFIX_PATH=/home/iot/ros2_ws/install/parc_robot_interfaces:/home/iot/ros2_ws/install/parc_robot_description:/home/iot/ros2_ws/install/parc_robot_bringup:/home/iot/ros2_ws/install/parc_robot:/home/iot/ros2_ws/install/tomatoes_detection1:/opt/ros/humble /usr/bin/cmake --build /home/iot/ros2_ws/build/parc_robot_bringup -- -j8 -l8
[4.132s] DEBUG:colcon.colcon_core.event_handler.log_command:Invoking command in '/home/iot/ros2_ws/build/parc_robot_bringup': CMAKE_PREFIX_PATH=/home/iot/ros2_ws/install/parc_robot_interfaces:/home/iot/ros2_ws/install/parc_robot_description:/home/iot/ros2_ws/install/parc_robot_bringup:/home/iot/ros2_ws/install/parc_robot:/home/iot/ros2_ws/install/tomatoes_detection1:/opt/ros/humble /usr/bin/cmake --install /home/iot/ros2_ws/build/parc_robot_bringup
[4.362s] Level 1:colcon.colcon_core.environment:create_environment_scripts_only(parc_robot_bringup)
[4.363s] Level 1:colcon.colcon_core.environment:checking '/home/iot/ros2_ws/install/parc_robot_bringup' for CMake module files
[4.365s] Level 1:colcon.colcon_core.environment:checking '/home/iot/ros2_ws/install/parc_robot_bringup' for CMake config files
[4.366s] DEBUG:colcon.colcon_core.event_handler.log_command:Invoked command in '/home/iot/ros2_ws/build/parc_robot_bringup' returned '0': CMAKE_PREFIX_PATH=/home/iot/ros2_ws/install/parc_robot_interfaces:/home/iot/ros2_ws/install/parc_robot_description:/home/iot/ros2_ws/install/parc_robot_bringup:/home/iot/ros2_ws/install/parc_robot:/home/iot/ros2_ws/install/tomatoes_detection1:/opt/ros/humble /usr/bin/cmake --install /home/iot/ros2_ws/build/parc_robot_bringup
[4.378s] Level 1:colcon.colcon_core.shell:create_environment_hook('parc_robot_bringup', 'cmake_prefix_path')
[4.379s] INFO:colcon.colcon_core.shell:Creating environment hook '/home/iot/ros2_ws/install/parc_robot_bringup/share/parc_robot_bringup/hook/cmake_prefix_path.ps1'
[4.380s] INFO:colcon.colcon_core.shell:Creating environment descriptor '/home/iot/ros2_ws/install/parc_robot_bringup/share/parc_robot_bringup/hook/cmake_prefix_path.dsv'
[4.381s] INFO:colcon.colcon_core.shell:Creating environment hook '/home/iot/ros2_ws/install/parc_robot_bringup/share/parc_robot_bringup/hook/cmake_prefix_path.sh'
[4.384s] Level 1:colcon.colcon_core.environment:checking '/home/iot/ros2_ws/install/parc_robot_bringup/lib'
[4.384s] Level 1:colcon.colcon_core.environment:checking '/home/iot/ros2_ws/install/parc_robot_bringup/bin'
[4.384s] Level 1:colcon.colcon_core.environment:checking '/home/iot/ros2_ws/install/parc_robot_bringup/lib/pkgconfig/parc_robot_bringup.pc'
[4.385s] Level 1:colcon.colcon_core.environment:checking '/home/iot/ros2_ws/install/parc_robot_bringup/lib/python3.10/site-packages'
[4.385s] Level 1:colcon.colcon_core.environment:checking '/home/iot/ros2_ws/install/parc_robot_bringup/bin'
[4.386s] INFO:colcon.colcon_core.shell:Creating package script '/home/iot/ros2_ws/install/parc_robot_bringup/share/parc_robot_bringup/package.ps1'
[4.387s] INFO:colcon.colcon_core.shell:Creating package descriptor '/home/iot/ros2_ws/install/parc_robot_bringup/share/parc_robot_bringup/package.dsv'
[4.388s] INFO:colcon.colcon_core.shell:Creating package script '/home/iot/ros2_ws/install/parc_robot_bringup/share/parc_robot_bringup/package.sh'
[4.389s] INFO:colcon.colcon_core.shell:Creating package script '/home/iot/ros2_ws/install/parc_robot_bringup/share/parc_robot_bringup/package.bash'
[4.392s] INFO:colcon.colcon_core.shell:Creating package script '/home/iot/ros2_ws/install/parc_robot_bringup/share/parc_robot_bringup/package.zsh'
[4.393s] Level 1:colcon.colcon_core.environment:create_file_with_runtime_dependencies(/home/iot/ros2_ws/install/parc_robot_bringup/share/colcon-core/packages/parc_robot_bringup)
[4.657s] Level 1:colcon.colcon_core.environment:create_environment_scripts_only(parc_robot_bringup)
[4.660s] Level 1:colcon.colcon_core.environment:checking '/home/iot/ros2_ws/install/parc_robot_bringup' for CMake module files
[4.675s] Level 1:colcon.colcon_core.environment:checking '/home/iot/ros2_ws/install/parc_robot_bringup' for CMake config files
[4.704s] Level 1:colcon.colcon_core.shell:create_environment_hook('parc_robot_bringup', 'cmake_prefix_path')
[4.711s] INFO:colcon.colcon_core.shell:Creating environment hook '/home/iot/ros2_ws/install/parc_robot_bringup/share/parc_robot_bringup/hook/cmake_prefix_path.ps1'
[4.716s] INFO:colcon.colcon_core.shell:Creating environment descriptor '/home/iot/ros2_ws/install/parc_robot_bringup/share/parc_robot_bringup/hook/cmake_prefix_path.dsv'
[4.719s] INFO:colcon.colcon_core.shell:Creating environment hook '/home/iot/ros2_ws/install/parc_robot_bringup/share/parc_robot_bringup/hook/cmake_prefix_path.sh'
[4.725s] Level 1:colcon.colcon_core.environment:checking '/home/iot/ros2_ws/install/parc_robot_bringup/lib'
[4.730s] Level 1:colcon.colcon_core.environment:checking '/home/iot/ros2_ws/install/parc_robot_bringup/bin'
[4.731s] Level 1:colcon.colcon_core.environment:checking '/home/iot/ros2_ws/install/parc_robot_bringup/lib/pkgconfig/parc_robot_bringup.pc'
[4.734s] Level 1:colcon.colcon_core.environment:checking '/home/iot/ros2_ws/install/parc_robot_bringup/lib/python3.10/site-packages'
[4.737s] Level 1:colcon.colcon_core.environment:checking '/home/iot/ros2_ws/install/parc_robot_bringup/bin'
[4.741s] INFO:colcon.colcon_core.shell:Creating package script '/home/iot/ros2_ws/install/parc_robot_bringup/share/parc_robot_bringup/package.ps1'
[4.754s] INFO:colcon.colcon_core.shell:Creating package descriptor '/home/iot/ros2_ws/install/parc_robot_bringup/share/parc_robot_bringup/package.dsv'
[4.760s] INFO:colcon.colcon_core.shell:Creating package script '/home/iot/ros2_ws/install/parc_robot_bringup/share/parc_robot_bringup/package.sh'
[4.769s] INFO:colcon.colcon_core.shell:Creating package script '/home/iot/ros2_ws/install/parc_robot_bringup/share/parc_robot_bringup/package.bash'
[4.774s] INFO:colcon.colcon_core.shell:Creating package script '/home/iot/ros2_ws/install/parc_robot_bringup/share/parc_robot_bringup/package.zsh'
[4.787s] Level 1:colcon.colcon_core.environment:create_file_with_runtime_dependencies(/home/iot/ros2_ws/install/parc_robot_bringup/share/colcon-core/packages/parc_robot_bringup)
[5.748s] DEBUG:colcon.colcon_core.event_handler.log_command:Invoking command in '/home/iot/ros2_ws/src/farmland_navigation': CMAKE_PREFIX_PATH=/home/iot/ros2_ws/install/parc_robot_interfaces:/home/iot/ros2_ws/install/parc_robot_bringup:/home/iot/ros2_ws/install/parc_robot_description:/home/iot/ros2_ws/install/parc_robot PYTHONPATH=/home/iot/ros2_ws/build/farmland_navigation/prefix_override:/home/iot/ros2_ws/install/farmland_navigation/lib/python3.10/site-packages:${PYTHONPATH} /usr/bin/python3 -W ignore:setup.py install is deprecated setup.py egg_info --egg-base ../../build/farmland_navigation build --build-base /home/iot/ros2_ws/build/farmland_navigation/build install --record /home/iot/ros2_ws/build/farmland_navigation/install.log --single-version-externally-managed install_data
[5.757s] DEBUG:colcon.colcon_core.event_handler.log_command:Invoking command in '/home/iot/ros2_ws/src/tomatoes_detection1': CMAKE_PREFIX_PATH=/home/iot/ros2_ws/install/parc_robot_interfaces:/home/iot/ros2_ws/install/parc_robot_bringup:/home/iot/ros2_ws/install/parc_robot_description:/home/iot/ros2_ws/install/parc_robot PYTHONPATH=/home/iot/ros2_ws/build/tomatoes_detection1/prefix_override:/home/iot/ros2_ws/install/tomatoes_detection1/lib/python3.10/site-packages:${PYTHONPATH} /usr/bin/python3 -W ignore:setup.py install is deprecated setup.py egg_info --egg-base ../../build/tomatoes_detection1 build --build-base /home/iot/ros2_ws/build/tomatoes_detection1/build install --record /home/iot/ros2_ws/build/tomatoes_detection1/install.log --single-version-externally-managed install_data
[6.612s] Level 1:colcon.colcon_core.environment:checking '/home/iot/ros2_ws/install/tomatoes_detection1' for CMake module files
[6.613s] Level 1:colcon.colcon_core.environment:checking '/home/iot/ros2_ws/install/tomatoes_detection1' for CMake config files
[6.615s] Level 1:colcon.colcon_core.environment:checking '/home/iot/ros2_ws/install/tomatoes_detection1/lib'
[6.615s] Level 1:colcon.colcon_core.environment:checking '/home/iot/ros2_ws/install/tomatoes_detection1/bin'
[6.615s] Level 1:colcon.colcon_core.environment:checking '/home/iot/ros2_ws/install/tomatoes_detection1/lib/pkgconfig/tomatoes_detection1.pc'
[6.616s] Level 1:colcon.colcon_core.environment:checking '/home/iot/ros2_ws/install/tomatoes_detection1/lib/python3.10/site-packages'
[6.616s] Level 1:colcon.colcon_core.shell:create_environment_hook('tomatoes_detection1', 'pythonpath')
[6.616s] INFO:colcon.colcon_core.shell:Creating environment hook '/home/iot/ros2_ws/install/tomatoes_detection1/share/tomatoes_detection1/hook/pythonpath.ps1'
[6.617s] INFO:colcon.colcon_core.shell:Creating environment descriptor '/home/iot/ros2_ws/install/tomatoes_detection1/share/tomatoes_detection1/hook/pythonpath.dsv'
[6.618s] INFO:colcon.colcon_core.shell:Creating environment hook '/home/iot/ros2_ws/install/tomatoes_detection1/share/tomatoes_detection1/hook/pythonpath.sh'
[6.620s] Level 1:colcon.colcon_core.environment:checking '/home/iot/ros2_ws/install/tomatoes_detection1/bin'
[6.620s] Level 1:colcon.colcon_core.environment:create_environment_scripts_only(tomatoes_detection1)
[6.621s] INFO:colcon.colcon_core.shell:Creating package script '/home/iot/ros2_ws/install/tomatoes_detection1/share/tomatoes_detection1/package.ps1'
[6.626s] INFO:colcon.colcon_core.shell:Creating package descriptor '/home/iot/ros2_ws/install/tomatoes_detection1/share/tomatoes_detection1/package.dsv'
[6.627s] INFO:colcon.colcon_core.shell:Creating package script '/home/iot/ros2_ws/install/tomatoes_detection1/share/tomatoes_detection1/package.sh'
[6.628s] INFO:colcon.colcon_core.shell:Creating package script '/home/iot/ros2_ws/install/tomatoes_detection1/share/tomatoes_detection1/package.bash'
[6.629s] INFO:colcon.colcon_core.shell:Creating package script '/home/iot/ros2_ws/install/tomatoes_detection1/share/tomatoes_detection1/package.zsh'
[6.630s] Level 1:colcon.colcon_core.environment:create_file_with_runtime_dependencies(/home/iot/ros2_ws/install/tomatoes_detection1/share/colcon-core/packages/tomatoes_detection1)
[6.631s] DEBUG:colcon.colcon_core.event_handler.log_command:Invoked command in '/home/iot/ros2_ws/src/tomatoes_detection1' returned '0': CMAKE_PREFIX_PATH=/home/iot/ros2_ws/install/parc_robot_interfaces:/home/iot/ros2_ws/install/parc_robot_bringup:/home/iot/ros2_ws/install/parc_robot_description:/home/iot/ros2_ws/install/parc_robot PYTHONPATH=/home/iot/ros2_ws/build/tomatoes_detection1/prefix_override:/home/iot/ros2_ws/install/tomatoes_detection1/lib/python3.10/site-packages:${PYTHONPATH} /usr/bin/python3 -W ignore:setup.py install is deprecated setup.py egg_info --egg-base ../../build/tomatoes_detection1 build --build-base /home/iot/ros2_ws/build/tomatoes_detection1/build install --record /home/iot/ros2_ws/build/tomatoes_detection1/install.log --single-version-externally-managed install_data
[6.634s] Level 1:colcon.colcon_core.environment:checking '/home/iot/ros2_ws/install/farmland_navigation' for CMake module files
[6.635s] DEBUG:colcon.colcon_core.event_handler.log_command:Invoked command in '/home/iot/ros2_ws/src/farmland_navigation' returned '0': CMAKE_PREFIX_PATH=/home/iot/ros2_ws/install/parc_robot_interfaces:/home/iot/ros2_ws/install/parc_robot_bringup:/home/iot/ros2_ws/install/parc_robot_description:/home/iot/ros2_ws/install/parc_robot PYTHONPATH=/home/iot/ros2_ws/build/farmland_navigation/prefix_override:/home/iot/ros2_ws/install/farmland_navigation/lib/python3.10/site-packages:${PYTHONPATH} /usr/bin/python3 -W ignore:setup.py install is deprecated setup.py egg_info --egg-base ../../build/farmland_navigation build --build-base /home/iot/ros2_ws/build/farmland_navigation/build install --record /home/iot/ros2_ws/build/farmland_navigation/install.log --single-version-externally-managed install_data
[6.636s] Level 1:colcon.colcon_core.environment:checking '/home/iot/ros2_ws/install/farmland_navigation' for CMake config files
[6.637s] Level 1:colcon.colcon_core.environment:checking '/home/iot/ros2_ws/install/farmland_navigation/lib'
[6.637s] Level 1:colcon.colcon_core.environment:checking '/home/iot/ros2_ws/install/farmland_navigation/bin'
[6.637s] Level 1:colcon.colcon_core.environment:checking '/home/iot/ros2_ws/install/farmland_navigation/lib/pkgconfig/farmland_navigation.pc'
[6.638s] Level 1:colcon.colcon_core.environment:checking '/home/iot/ros2_ws/install/farmland_navigation/lib/python3.10/site-packages'
[6.638s] Level 1:colcon.colcon_core.shell:create_environment_hook('farmland_navigation', 'pythonpath')
[6.639s] INFO:colcon.colcon_core.shell:Creating environment hook '/home/iot/ros2_ws/install/farmland_navigation/share/farmland_navigation/hook/pythonpath.ps1'
[6.640s] INFO:colcon.colcon_core.shell:Creating environment descriptor '/home/iot/ros2_ws/install/farmland_navigation/share/farmland_navigation/hook/pythonpath.dsv'
[6.640s] INFO:colcon.colcon_core.shell:Creating environment hook '/home/iot/ros2_ws/install/farmland_navigation/share/farmland_navigation/hook/pythonpath.sh'
[6.642s] Level 1:colcon.colcon_core.environment:checking '/home/iot/ros2_ws/install/farmland_navigation/bin'
[6.642s] Level 1:colcon.colcon_core.environment:create_environment_scripts_only(farmland_navigation)
[6.643s] INFO:colcon.colcon_core.shell:Creating package script '/home/iot/ros2_ws/install/farmland_navigation/share/farmland_navigation/package.ps1'
[6.644s] INFO:colcon.colcon_core.shell:Creating package descriptor '/home/iot/ros2_ws/install/farmland_navigation/share/farmland_navigation/package.dsv'
[6.645s] INFO:colcon.colcon_core.shell:Creating package script '/home/iot/ros2_ws/install/farmland_navigation/share/farmland_navigation/package.sh'
[6.646s] INFO:colcon.colcon_core.shell:Creating package script '/home/iot/ros2_ws/install/farmland_navigation/share/farmland_navigation/package.bash'
[6.647s] INFO:colcon.colcon_core.shell:Creating package script '/home/iot/ros2_ws/install/farmland_navigation/share/farmland_navigation/package.zsh'
[6.647s] Level 1:colcon.colcon_core.environment:create_file_with_runtime_dependencies(/home/iot/ros2_ws/install/farmland_navigation/share/colcon-core/packages/farmland_navigation)
[6.648s] DEBUG:colcon.colcon_parallel_executor.executor.parallel:closing loop
[6.648s] DEBUG:colcon.colcon_parallel_executor.executor.parallel:loop closed
[6.649s] DEBUG:colcon.colcon_parallel_executor.executor.parallel:run_until_complete finished with '0'
[6.649s] DEBUG:colcon.colcon_core.event_reactor:joining thread
[6.664s] INFO:colcon.colcon_core.plugin_system:Skipping extension 'colcon_notification.desktop_notification.terminal_notifier': Not used on non-Darwin systems
[6.664s] INFO:colcon.colcon_core.plugin_system:Skipping extension 'colcon_notification.desktop_notification.win32': Not used on non-Windows systems
[6.664s] INFO:colcon.colcon_notification.desktop_notification:Sending desktop notification using 'notify2'
[6.693s] DEBUG:colcon.colcon_core.event_reactor:joined thread
[6.694s] INFO:colcon.colcon_core.shell:Creating prefix script '/home/iot/ros2_ws/install/local_setup.ps1'
[6.696s] INFO:colcon.colcon_core.shell:Creating prefix util module '/home/iot/ros2_ws/install/_local_setup_util_ps1.py'
[6.701s] INFO:colcon.colcon_core.shell:Creating prefix chain script '/home/iot/ros2_ws/install/setup.ps1'
[6.704s] INFO:colcon.colcon_core.shell:Creating prefix script '/home/iot/ros2_ws/install/local_setup.sh'
[6.706s] INFO:colcon.colcon_core.shell:Creating prefix util module '/home/iot/ros2_ws/install/_local_setup_util_sh.py'
[6.708s] INFO:colcon.colcon_core.shell:Creating prefix chain script '/home/iot/ros2_ws/install/setup.sh'
[6.711s] INFO:colcon.colcon_core.shell:Creating prefix script '/home/iot/ros2_ws/install/local_setup.bash'
[6.713s] INFO:colcon.colcon_core.shell:Creating prefix chain script '/home/iot/ros2_ws/install/setup.bash'
[6.717s] INFO:colcon.colcon_core.shell:Creating prefix script '/home/iot/ros2_ws/install/local_setup.zsh'
[6.719s] INFO:colcon.colcon_core.shell:Creating prefix chain script '/home/iot/ros2_ws/install/setup.zsh'
