[0.007s] Invoking command in '/home/iot/ros2_ws/src/build/parc_robot_bringup': AMENT_PREFIX_PATH=/home/iot/ros2_ws/src/install/parc_robot_interfaces:/home/iot/ros2_ws/src/install/parc_robot_description:${AMENT_PREFIX_PATH} CMAKE_PREFIX_PATH=/home/iot/ros2_ws/src/install/parc_robot_interfaces:/home/iot/ros2_ws/src/install/parc_robot_description:/home/iot/ros2_ws/install/parc_robot_bringup:/home/iot/ros2_ws/install/parc_robot_interfaces:/home/iot/ros2_ws/install/parc_robot_description:/home/iot/ros2_ws/install/parc_robot:/opt/ros/humble LD_LIBRARY_PATH=/home/iot/ros2_ws/src/install/parc_robot_interfaces/lib:${LD_LIBRARY_PATH} PYTHONPATH=/home/iot/ros2_ws/src/install/parc_robot_interfaces/local/lib/python3.10/dist-packages:${PYTHONPATH} /usr/bin/cmake /home/iot/ros2_ws/src/parc_robot_bringup -DCMAKE_INSTALL_PREFIX=/home/iot/ros2_ws/src/install/parc_robot_bringup
[0.046s] -- The C compiler identification is GNU 11.4.0
[0.086s] -- The CXX compiler identification is GNU 11.4.0
[0.092s] -- Detecting C compiler ABI info
[0.144s] -- Detecting C compiler ABI info - done
[0.151s] -- Check for working C compiler: /usr/bin/cc - skipped
[0.151s] -- Detecting C compile features
[0.151s] -- Detecting C compile features - done
[0.154s] -- Detecting CXX compiler ABI info
[0.211s] -- Detecting CXX compiler ABI info - done
[0.217s] -- Check for working CXX compiler: /usr/bin/c++ - skipped
[0.217s] -- Detecting CXX compile features
[0.218s] -- Detecting CXX compile features - done
[0.220s] -- Found ament_cmake: 1.3.9 (/opt/ros/humble/share/ament_cmake/cmake)
[0.337s] -- Found Python3: /usr/bin/python3 (found version "3.10.12") found components: Interpreter 
[0.410s] -- Found rclpy: 3.3.13 (/opt/ros/humble/share/rclpy/cmake)
[0.411s] -- Found urdf: 2.6.0 (/opt/ros/humble/share/urdf/cmake)
[0.456s] -- Found transmission_interface: 2.41.0 (/opt/ros/humble/share/transmission_interface/cmake)
[0.489s] -- Found rosidl_generator_c: 3.1.5 (/opt/ros/humble/share/rosidl_generator_c/cmake)
[0.494s] -- Found rosidl_adapter: 3.1.5 (/opt/ros/humble/share/rosidl_adapter/cmake)
[0.501s] -- Found rosidl_generator_cpp: 3.1.5 (/opt/ros/humble/share/rosidl_generator_cpp/cmake)
[0.514s] -- Using all available rosidl_typesupport_c: rosidl_typesupport_fastrtps_c;rosidl_typesupport_introspection_c
[0.529s] -- Using all available rosidl_typesupport_cpp: rosidl_typesupport_fastrtps_cpp;rosidl_typesupport_introspection_cpp
[1.249s] -- Found rmw_implementation_cmake: 6.1.2 (/opt/ros/humble/share/rmw_implementation_cmake/cmake)
[1.254s] -- Found rmw_cyclonedds_cpp: 1.3.4 (/opt/ros/humble/share/rmw_cyclonedds_cpp/cmake)
[1.295s] -- Using RMW implementation 'rmw_cyclonedds_cpp' as default
[1.307s] -- Looking for pthread.h
[1.359s] -- Looking for pthread.h - found
[1.360s] -- Performing Test CMAKE_HAVE_LIBC_PTHREAD
[1.412s] -- Performing Test CMAKE_HAVE_LIBC_PTHREAD - Success
[1.413s] -- Found Threads: TRUE  
[1.754s] -- Configuring done
[1.758s] -- Generating done
[1.759s] -- Build files have been written to: /home/iot/ros2_ws/src/build/parc_robot_bringup
[1.765s] Invoked command in '/home/iot/ros2_ws/src/build/parc_robot_bringup' returned '0': AMENT_PREFIX_PATH=/home/iot/ros2_ws/src/install/parc_robot_interfaces:/home/iot/ros2_ws/src/install/parc_robot_description:${AMENT_PREFIX_PATH} CMAKE_PREFIX_PATH=/home/iot/ros2_ws/src/install/parc_robot_interfaces:/home/iot/ros2_ws/src/install/parc_robot_description:/home/iot/ros2_ws/install/parc_robot_bringup:/home/iot/ros2_ws/install/parc_robot_interfaces:/home/iot/ros2_ws/install/parc_robot_description:/home/iot/ros2_ws/install/parc_robot:/opt/ros/humble LD_LIBRARY_PATH=/home/iot/ros2_ws/src/install/parc_robot_interfaces/lib:${LD_LIBRARY_PATH} PYTHONPATH=/home/iot/ros2_ws/src/install/parc_robot_interfaces/local/lib/python3.10/dist-packages:${PYTHONPATH} /usr/bin/cmake /home/iot/ros2_ws/src/parc_robot_bringup -DCMAKE_INSTALL_PREFIX=/home/iot/ros2_ws/src/install/parc_robot_bringup
[1.766s] Invoking command in '/home/iot/ros2_ws/src/build/parc_robot_bringup': AMENT_PREFIX_PATH=/home/iot/ros2_ws/src/install/parc_robot_interfaces:/home/iot/ros2_ws/src/install/parc_robot_description:${AMENT_PREFIX_PATH} CMAKE_PREFIX_PATH=/home/iot/ros2_ws/src/install/parc_robot_interfaces:/home/iot/ros2_ws/src/install/parc_robot_description:/home/iot/ros2_ws/install/parc_robot_bringup:/home/iot/ros2_ws/install/parc_robot_interfaces:/home/iot/ros2_ws/install/parc_robot_description:/home/iot/ros2_ws/install/parc_robot:/opt/ros/humble LD_LIBRARY_PATH=/home/iot/ros2_ws/src/install/parc_robot_interfaces/lib:${LD_LIBRARY_PATH} PYTHONPATH=/home/iot/ros2_ws/src/install/parc_robot_interfaces/local/lib/python3.10/dist-packages:${PYTHONPATH} /usr/bin/cmake --build /home/iot/ros2_ws/src/build/parc_robot_bringup -- -j8 -l8
[1.810s] Built target ament_cmake_python_copy_parc_robot_bringup
[2.009s] running egg_info
[2.010s] creating parc_robot_bringup.egg-info
[2.010s] writing parc_robot_bringup.egg-info/PKG-INFO
[2.010s] writing dependency_links to parc_robot_bringup.egg-info/dependency_links.txt
[2.010s] writing top-level names to parc_robot_bringup.egg-info/top_level.txt
[2.010s] writing manifest file 'parc_robot_bringup.egg-info/SOURCES.txt'
[2.012s] reading manifest file 'parc_robot_bringup.egg-info/SOURCES.txt'
[2.013s] writing manifest file 'parc_robot_bringup.egg-info/SOURCES.txt'
[2.034s] Built target ament_cmake_python_build_parc_robot_bringup_egg
[2.043s] Invoked command in '/home/iot/ros2_ws/src/build/parc_robot_bringup' returned '0': AMENT_PREFIX_PATH=/home/iot/ros2_ws/src/install/parc_robot_interfaces:/home/iot/ros2_ws/src/install/parc_robot_description:${AMENT_PREFIX_PATH} CMAKE_PREFIX_PATH=/home/iot/ros2_ws/src/install/parc_robot_interfaces:/home/iot/ros2_ws/src/install/parc_robot_description:/home/iot/ros2_ws/install/parc_robot_bringup:/home/iot/ros2_ws/install/parc_robot_interfaces:/home/iot/ros2_ws/install/parc_robot_description:/home/iot/ros2_ws/install/parc_robot:/opt/ros/humble LD_LIBRARY_PATH=/home/iot/ros2_ws/src/install/parc_robot_interfaces/lib:${LD_LIBRARY_PATH} PYTHONPATH=/home/iot/ros2_ws/src/install/parc_robot_interfaces/local/lib/python3.10/dist-packages:${PYTHONPATH} /usr/bin/cmake --build /home/iot/ros2_ws/src/build/parc_robot_bringup -- -j8 -l8
[2.061s] Invoking command in '/home/iot/ros2_ws/src/build/parc_robot_bringup': AMENT_PREFIX_PATH=/home/iot/ros2_ws/src/install/parc_robot_interfaces:/home/iot/ros2_ws/src/install/parc_robot_description:${AMENT_PREFIX_PATH} CMAKE_PREFIX_PATH=/home/iot/ros2_ws/src/install/parc_robot_interfaces:/home/iot/ros2_ws/src/install/parc_robot_description:/home/iot/ros2_ws/install/parc_robot_bringup:/home/iot/ros2_ws/install/parc_robot_interfaces:/home/iot/ros2_ws/install/parc_robot_description:/home/iot/ros2_ws/install/parc_robot:/opt/ros/humble LD_LIBRARY_PATH=/home/iot/ros2_ws/src/install/parc_robot_interfaces/lib:${LD_LIBRARY_PATH} PYTHONPATH=/home/iot/ros2_ws/src/install/parc_robot_interfaces/local/lib/python3.10/dist-packages:${PYTHONPATH} /usr/bin/cmake --install /home/iot/ros2_ws/src/build/parc_robot_bringup
[2.067s] -- Install configuration: ""
[2.067s] -- Installing: /home/iot/ros2_ws/src/install/parc_robot_bringup/share/parc_robot_bringup/config
[2.067s] -- Installing: /home/iot/ros2_ws/src/install/parc_robot_bringup/share/parc_robot_bringup/config/controllers.yaml
[2.068s] -- Installing: /home/iot/ros2_ws/src/install/parc_robot_bringup/share/parc_robot_bringup/config/route1_world_coordinates.yaml
[2.069s] -- Installing: /home/iot/ros2_ws/src/install/parc_robot_bringup/share/parc_robot_bringup/config/route2_world_coordinates.yaml
[2.069s] -- Installing: /home/iot/ros2_ws/src/install/parc_robot_bringup/share/parc_robot_bringup/config/gazebo_params.yaml
[2.069s] -- Installing: /home/iot/ros2_ws/src/install/parc_robot_bringup/share/parc_robot_bringup/config/task1_route3_params.yaml
[2.070s] -- Installing: /home/iot/ros2_ws/src/install/parc_robot_bringup/share/parc_robot_bringup/config/task1_route1_params.yaml
[2.070s] -- Installing: /home/iot/ros2_ws/src/install/parc_robot_bringup/share/parc_robot_bringup/config/gazebo_ros2_ctl_use_sim.yaml
[2.071s] -- Installing: /home/iot/ros2_ws/src/install/parc_robot_bringup/share/parc_robot_bringup/config/route3_world_coordinates.yaml
[2.071s] -- Installing: /home/iot/ros2_ws/src/install/parc_robot_bringup/share/parc_robot_bringup/config/task1_route2_params.yaml
[2.071s] -- Installing: /home/iot/ros2_ws/src/install/parc_robot_bringup/share/parc_robot_bringup/launch
[2.071s] -- Installing: /home/iot/ros2_ws/src/install/parc_robot_bringup/share/parc_robot_bringup/launch/task1_launch.py
[2.072s] -- Installing: /home/iot/ros2_ws/src/install/parc_robot_bringup/share/parc_robot_bringup/launch/task2_launch.py
[2.072s] -- Installing: /home/iot/ros2_ws/src/install/parc_robot_bringup/share/parc_robot_bringup/models
[2.072s] -- Installing: /home/iot/ros2_ws/src/install/parc_robot_bringup/share/parc_robot_bringup/models/tomato_9
[2.072s] -- Installing: /home/iot/ros2_ws/src/install/parc_robot_bringup/share/parc_robot_bringup/models/tomato_9/materials
[2.072s] -- Installing: /home/iot/ros2_ws/src/install/parc_robot_bringup/share/parc_robot_bringup/models/tomato_9/materials/textures
[2.072s] -- Installing: /home/iot/ros2_ws/src/install/parc_robot_bringup/share/parc_robot_bringup/models/tomato_9/materials/textures/AG15brn1(copy).png
[2.074s] -- Installing: /home/iot/ros2_ws/src/install/parc_robot_bringup/share/parc_robot_bringup/models/tomato_9/materials/textures/AG15blo1.png
[2.075s] -- Installing: /home/iot/ros2_ws/src/install/parc_robot_bringup/share/parc_robot_bringup/models/tomato_9/materials/textures/AG15frt1.png
[2.077s] -- Installing: /home/iot/ros2_ws/src/install/parc_robot_bringup/share/parc_robot_bringup/models/tomato_9/materials/textures/AG15lef1.png
[2.142s] -- Installing: /home/iot/ros2_ws/src/install/parc_robot_bringup/share/parc_robot_bringup/models/tomato_9/materials/textures/AG15brn1.png
[2.142s] -- Installing: /home/iot/ros2_ws/src/install/parc_robot_bringup/share/parc_robot_bringup/models/tomato_9/materials/textures/AG15blo3.png
[2.144s] -- Installing: /home/iot/ros2_ws/src/install/parc_robot_bringup/share/parc_robot_bringup/models/tomato_9/materials/textures/AG15lef2.png
[2.146s] -- Installing: /home/iot/ros2_ws/src/install/parc_robot_bringup/share/parc_robot_bringup/models/tomato_9/materials/textures/AG15frt3.png
[2.150s] -- Installing: /home/iot/ros2_ws/src/install/parc_robot_bringup/share/parc_robot_bringup/models/tomato_9/materials/textures/AG15frt4.png
[2.154s] -- Installing: /home/iot/ros2_ws/src/install/parc_robot_bringup/share/parc_robot_bringup/models/tomato_9/materials/textures/AG15blo2.png
[2.155s] -- Installing: /home/iot/ros2_ws/src/install/parc_robot_bringup/share/parc_robot_bringup/models/tomato_9/materials/textures/AG15frt2.png
[2.221s] -- Installing: /home/iot/ros2_ws/src/install/parc_robot_bringup/share/parc_robot_bringup/models/tomato_9/materials/scripts
[2.222s] -- Installing: /home/iot/ros2_ws/src/install/parc_robot_bringup/share/parc_robot_bringup/models/tomato_9/materials/scripts/fruit4.material
[2.222s] -- Installing: /home/iot/ros2_ws/src/install/parc_robot_bringup/share/parc_robot_bringup/models/tomato_9/materials/scripts/branch.material
[2.223s] -- Installing: /home/iot/ros2_ws/src/install/parc_robot_bringup/share/parc_robot_bringup/models/tomato_9/materials/scripts/blossom1.material
[2.224s] -- Installing: /home/iot/ros2_ws/src/install/parc_robot_bringup/share/parc_robot_bringup/models/tomato_9/materials/scripts/leaf1.material
[2.225s] -- Installing: /home/iot/ros2_ws/src/install/parc_robot_bringup/share/parc_robot_bringup/models/tomato_9/materials/scripts/blossom3.material
[2.225s] -- Installing: /home/iot/ros2_ws/src/install/parc_robot_bringup/share/parc_robot_bringup/models/tomato_9/materials/scripts/leaf2.material
[2.226s] -- Installing: /home/iot/ros2_ws/src/install/parc_robot_bringup/share/parc_robot_bringup/models/tomato_9/materials/scripts/fruit1.material
[2.226s] -- Installing: /home/iot/ros2_ws/src/install/parc_robot_bringup/share/parc_robot_bringup/models/tomato_9/materials/scripts/blossom2.material
[2.226s] -- Installing: /home/iot/ros2_ws/src/install/parc_robot_bringup/share/parc_robot_bringup/models/tomato_9/materials/scripts/fruit3.material
[2.227s] -- Installing: /home/iot/ros2_ws/src/install/parc_robot_bringup/share/parc_robot_bringup/models/tomato_9/materials/scripts/fruit2.material
[2.227s] -- Installing: /home/iot/ros2_ws/src/install/parc_robot_bringup/share/parc_robot_bringup/models/tomato_9/meshes
[2.227s] -- Installing: /home/iot/ros2_ws/src/install/parc_robot_bringup/share/parc_robot_bringup/models/tomato_9/meshes/.gitignore
[2.227s] -- Installing: /home/iot/ros2_ws/src/install/parc_robot_bringup/share/parc_robot_bringup/models/tomato_9/meshes/tomato.dae
[2.243s] -- Installing: /home/iot/ros2_ws/src/install/parc_robot_bringup/share/parc_robot_bringup/models/tomato_9/model.sdf
[2.244s] -- Installing: /home/iot/ros2_ws/src/install/parc_robot_bringup/share/parc_robot_bringup/models/tomato_9/markers.json
[2.244s] -- Installing: /home/iot/ros2_ws/src/install/parc_robot_bringup/share/parc_robot_bringup/models/tomato_9/model.config
[2.245s] -- Installing: /home/iot/ros2_ws/src/install/parc_robot_bringup/share/parc_robot_bringup/models/tomato_27
[2.246s] -- Installing: /home/iot/ros2_ws/src/install/parc_robot_bringup/share/parc_robot_bringup/models/tomato_27/materials
[2.246s] -- Installing: /home/iot/ros2_ws/src/install/parc_robot_bringup/share/parc_robot_bringup/models/tomato_27/materials/textures
[2.247s] -- Installing: /home/iot/ros2_ws/src/install/parc_robot_bringup/share/parc_robot_bringup/models/tomato_27/materials/textures/AG15brn1(copy).png
[2.248s] -- Installing: /home/iot/ros2_ws/src/install/parc_robot_bringup/share/parc_robot_bringup/models/tomato_27/materials/textures/AG15blo1.png
[2.250s] -- Installing: /home/iot/ros2_ws/src/install/parc_robot_bringup/share/parc_robot_bringup/models/tomato_27/materials/textures/AG15frt1.png
[2.254s] -- Installing: /home/iot/ros2_ws/src/install/parc_robot_bringup/share/parc_robot_bringup/models/tomato_27/materials/textures/AG15lef1.png
[2.256s] -- Installing: /home/iot/ros2_ws/src/install/parc_robot_bringup/share/parc_robot_bringup/models/tomato_27/materials/textures/AG15brn1.png
[2.257s] -- Installing: /home/iot/ros2_ws/src/install/parc_robot_bringup/share/parc_robot_bringup/models/tomato_27/materials/textures/AG15blo3.png
[2.259s] -- Installing: /home/iot/ros2_ws/src/install/parc_robot_bringup/share/parc_robot_bringup/models/tomato_27/materials/textures/AG15lef2.png
[2.261s] -- Installing: /home/iot/ros2_ws/src/install/parc_robot_bringup/share/parc_robot_bringup/models/tomato_27/materials/textures/AG15frt3.png
[2.327s] -- Installing: /home/iot/ros2_ws/src/install/parc_robot_bringup/share/parc_robot_bringup/models/tomato_27/materials/textures/AG15frt4.png
[2.330s] -- Installing: /home/iot/ros2_ws/src/install/parc_robot_bringup/share/parc_robot_bringup/models/tomato_27/materials/textures/AG15blo2.png
[2.331s] -- Installing: /home/iot/ros2_ws/src/install/parc_robot_bringup/share/parc_robot_bringup/models/tomato_27/materials/textures/AG15frt2.png
[2.335s] -- Installing: /home/iot/ros2_ws/src/install/parc_robot_bringup/share/parc_robot_bringup/models/tomato_27/materials/scripts
[2.336s] -- Installing: /home/iot/ros2_ws/src/install/parc_robot_bringup/share/parc_robot_bringup/models/tomato_27/materials/scripts/fruit4.material
[2.336s] -- Installing: /home/iot/ros2_ws/src/install/parc_robot_bringup/share/parc_robot_bringup/models/tomato_27/materials/scripts/branch.material
[2.337s] -- Installing: /home/iot/ros2_ws/src/install/parc_robot_bringup/share/parc_robot_bringup/models/tomato_27/materials/scripts/blossom1.material
[2.337s] -- Installing: /home/iot/ros2_ws/src/install/parc_robot_bringup/share/parc_robot_bringup/models/tomato_27/materials/scripts/leaf1.material
[2.338s] -- Installing: /home/iot/ros2_ws/src/install/parc_robot_bringup/share/parc_robot_bringup/models/tomato_27/materials/scripts/blossom3.material
[2.339s] -- Installing: /home/iot/ros2_ws/src/install/parc_robot_bringup/share/parc_robot_bringup/models/tomato_27/materials/scripts/leaf2.material
[2.339s] -- Installing: /home/iot/ros2_ws/src/install/parc_robot_bringup/share/parc_robot_bringup/models/tomato_27/materials/scripts/fruit1.material
[2.340s] -- Installing: /home/iot/ros2_ws/src/install/parc_robot_bringup/share/parc_robot_bringup/models/tomato_27/materials/scripts/blossom2.material
[2.340s] -- Installing: /home/iot/ros2_ws/src/install/parc_robot_bringup/share/parc_robot_bringup/models/tomato_27/materials/scripts/fruit3.material
[2.341s] -- Installing: /home/iot/ros2_ws/src/install/parc_robot_bringup/share/parc_robot_bringup/models/tomato_27/materials/scripts/fruit2.material
[2.341s] -- Installing: /home/iot/ros2_ws/src/install/parc_robot_bringup/share/parc_robot_bringup/models/tomato_27/meshes
[2.342s] -- Installing: /home/iot/ros2_ws/src/install/parc_robot_bringup/share/parc_robot_bringup/models/tomato_27/meshes/.gitignore
[2.342s] -- Installing: /home/iot/ros2_ws/src/install/parc_robot_bringup/share/parc_robot_bringup/models/tomato_27/meshes/tomato.dae
[2.652s] -- Installing: /home/iot/ros2_ws/src/install/parc_robot_bringup/share/parc_robot_bringup/models/tomato_27/model.sdf
[2.661s] -- Installing: /home/iot/ros2_ws/src/install/parc_robot_bringup/share/parc_robot_bringup/models/tomato_27/markers.json
[2.668s] -- Installing: /home/iot/ros2_ws/src/install/parc_robot_bringup/share/parc_robot_bringup/models/tomato_27/model.config
[2.669s] -- Installing: /home/iot/ros2_ws/src/install/parc_robot_bringup/share/parc_robot_bringup/models/tomato_26
[2.669s] -- Installing: /home/iot/ros2_ws/src/install/parc_robot_bringup/share/parc_robot_bringup/models/tomato_26/materials
[2.670s] -- Installing: /home/iot/ros2_ws/src/install/parc_robot_bringup/share/parc_robot_bringup/models/tomato_26/materials/textures
[2.670s] -- Installing: /home/iot/ros2_ws/src/install/parc_robot_bringup/share/parc_robot_bringup/models/tomato_26/materials/textures/AG15brn1(copy).png
[2.703s] -- Installing: /home/iot/ros2_ws/src/install/parc_robot_bringup/share/parc_robot_bringup/models/tomato_26/materials/textures/AG15blo1.png
[2.781s] -- Installing: /home/iot/ros2_ws/src/install/parc_robot_bringup/share/parc_robot_bringup/models/tomato_26/materials/textures/AG15frt1.png
[2.795s] -- Installing: /home/iot/ros2_ws/src/install/parc_robot_bringup/share/parc_robot_bringup/models/tomato_26/materials/textures/AG15lef1.png
[2.815s] -- Installing: /home/iot/ros2_ws/src/install/parc_robot_bringup/share/parc_robot_bringup/models/tomato_26/materials/textures/AG15brn1.png
[2.815s] -- Installing: /home/iot/ros2_ws/src/install/parc_robot_bringup/share/parc_robot_bringup/models/tomato_26/materials/textures/AG15blo3.png
[2.817s] -- Installing: /home/iot/ros2_ws/src/install/parc_robot_bringup/share/parc_robot_bringup/models/tomato_26/materials/textures/AG15lef2.png
[2.820s] -- Installing: /home/iot/ros2_ws/src/install/parc_robot_bringup/share/parc_robot_bringup/models/tomato_26/materials/textures/AG15frt3.png
[2.886s] -- Installing: /home/iot/ros2_ws/src/install/parc_robot_bringup/share/parc_robot_bringup/models/tomato_26/materials/textures/AG15frt4.png
[2.890s] -- Installing: /home/iot/ros2_ws/src/install/parc_robot_bringup/share/parc_robot_bringup/models/tomato_26/materials/textures/AG15blo2.png
[2.891s] -- Installing: /home/iot/ros2_ws/src/install/parc_robot_bringup/share/parc_robot_bringup/models/tomato_26/materials/textures/AG15frt2.png
[2.895s] -- Installing: /home/iot/ros2_ws/src/install/parc_robot_bringup/share/parc_robot_bringup/models/tomato_26/materials/scripts
[2.896s] -- Installing: /home/iot/ros2_ws/src/install/parc_robot_bringup/share/parc_robot_bringup/models/tomato_26/materials/scripts/fruit4.material
[2.896s] -- Installing: /home/iot/ros2_ws/src/install/parc_robot_bringup/share/parc_robot_bringup/models/tomato_26/materials/scripts/branch.material
[2.897s] -- Installing: /home/iot/ros2_ws/src/install/parc_robot_bringup/share/parc_robot_bringup/models/tomato_26/materials/scripts/blossom1.material
[2.898s] -- Installing: /home/iot/ros2_ws/src/install/parc_robot_bringup/share/parc_robot_bringup/models/tomato_26/materials/scripts/leaf1.material
[2.899s] -- Installing: /home/iot/ros2_ws/src/install/parc_robot_bringup/share/parc_robot_bringup/models/tomato_26/materials/scripts/blossom3.material
[2.899s] -- Installing: /home/iot/ros2_ws/src/install/parc_robot_bringup/share/parc_robot_bringup/models/tomato_26/materials/scripts/leaf2.material
[2.900s] -- Installing: /home/iot/ros2_ws/src/install/parc_robot_bringup/share/parc_robot_bringup/models/tomato_26/materials/scripts/fruit1.material
[2.901s] -- Installing: /home/iot/ros2_ws/src/install/parc_robot_bringup/share/parc_robot_bringup/models/tomato_26/materials/scripts/blossom2.material
[2.902s] -- Installing: /home/iot/ros2_ws/src/install/parc_robot_bringup/share/parc_robot_bringup/models/tomato_26/materials/scripts/fruit3.material
[2.902s] -- Installing: /home/iot/ros2_ws/src/install/parc_robot_bringup/share/parc_robot_bringup/models/tomato_26/materials/scripts/fruit2.material
[2.903s] -- Installing: /home/iot/ros2_ws/src/install/parc_robot_bringup/share/parc_robot_bringup/models/tomato_26/meshes
[2.904s] -- Installing: /home/iot/ros2_ws/src/install/parc_robot_bringup/share/parc_robot_bringup/models/tomato_26/meshes/.gitignore
[2.905s] -- Installing: /home/iot/ros2_ws/src/install/parc_robot_bringup/share/parc_robot_bringup/models/tomato_26/meshes/tomato.dae
[3.114s] -- Installing: /home/iot/ros2_ws/src/install/parc_robot_bringup/share/parc_robot_bringup/models/tomato_26/model.sdf
[3.115s] -- Installing: /home/iot/ros2_ws/src/install/parc_robot_bringup/share/parc_robot_bringup/models/tomato_26/markers.json
[3.116s] -- Installing: /home/iot/ros2_ws/src/install/parc_robot_bringup/share/parc_robot_bringup/models/tomato_26/model.config
[3.117s] -- Installing: /home/iot/ros2_ws/src/install/parc_robot_bringup/share/parc_robot_bringup/models/tomato_44
[3.118s] -- Installing: /home/iot/ros2_ws/src/install/parc_robot_bringup/share/parc_robot_bringup/models/tomato_44/materials
[3.118s] -- Installing: /home/iot/ros2_ws/src/install/parc_robot_bringup/share/parc_robot_bringup/models/tomato_44/materials/textures
[3.119s] -- Installing: /home/iot/ros2_ws/src/install/parc_robot_bringup/share/parc_robot_bringup/models/tomato_44/materials/textures/AG15brn1(copy).png
[3.120s] -- Installing: /home/iot/ros2_ws/src/install/parc_robot_bringup/share/parc_robot_bringup/models/tomato_44/materials/textures/AG15blo1.png
[3.122s] -- Installing: /home/iot/ros2_ws/src/install/parc_robot_bringup/share/parc_robot_bringup/models/tomato_44/materials/textures/AG15frt1.png
[3.189s] -- Installing: /home/iot/ros2_ws/src/install/parc_robot_bringup/share/parc_robot_bringup/models/tomato_44/materials/textures/AG15lef1.png
[3.192s] -- Installing: /home/iot/ros2_ws/src/install/parc_robot_bringup/share/parc_robot_bringup/models/tomato_44/materials/textures/AG15brn1.png
[3.193s] -- Installing: /home/iot/ros2_ws/src/install/parc_robot_bringup/share/parc_robot_bringup/models/tomato_44/materials/textures/AG15blo3.png
[3.194s] -- Installing: /home/iot/ros2_ws/src/install/parc_robot_bringup/share/parc_robot_bringup/models/tomato_44/materials/textures/AG15lef2.png
[3.196s] -- Installing: /home/iot/ros2_ws/src/install/parc_robot_bringup/share/parc_robot_bringup/models/tomato_44/materials/textures/AG15frt3.png
[3.200s] -- Installing: /home/iot/ros2_ws/src/install/parc_robot_bringup/share/parc_robot_bringup/models/tomato_44/materials/textures/AG15frt4.png
[3.266s] -- Installing: /home/iot/ros2_ws/src/install/parc_robot_bringup/share/parc_robot_bringup/models/tomato_44/materials/textures/AG15blo2.png
[3.267s] -- Installing: /home/iot/ros2_ws/src/install/parc_robot_bringup/share/parc_robot_bringup/models/tomato_44/materials/textures/AG15frt2.png
[3.271s] -- Installing: /home/iot/ros2_ws/src/install/parc_robot_bringup/share/parc_robot_bringup/models/tomato_44/materials/scripts
[3.271s] -- Installing: /home/iot/ros2_ws/src/install/parc_robot_bringup/share/parc_robot_bringup/models/tomato_44/materials/scripts/fruit4.material
[3.272s] -- Installing: /home/iot/ros2_ws/src/install/parc_robot_bringup/share/parc_robot_bringup/models/tomato_44/materials/scripts/branch.material
[3.273s] -- Installing: /home/iot/ros2_ws/src/install/parc_robot_bringup/share/parc_robot_bringup/models/tomato_44/materials/scripts/blossom1.material
[3.274s] -- Installing: /home/iot/ros2_ws/src/install/parc_robot_bringup/share/parc_robot_bringup/models/tomato_44/materials/scripts/leaf1.material
[3.274s] -- Installing: /home/iot/ros2_ws/src/install/parc_robot_bringup/share/parc_robot_bringup/models/tomato_44/materials/scripts/blossom3.material
[3.275s] -- Installing: /home/iot/ros2_ws/src/install/parc_robot_bringup/share/parc_robot_bringup/models/tomato_44/materials/scripts/leaf2.material
[3.276s] -- Installing: /home/iot/ros2_ws/src/install/parc_robot_bringup/share/parc_robot_bringup/models/tomato_44/materials/scripts/fruit1.material
[3.277s] -- Installing: /home/iot/ros2_ws/src/install/parc_robot_bringup/share/parc_robot_bringup/models/tomato_44/materials/scripts/blossom2.material
[3.277s] -- Installing: /home/iot/ros2_ws/src/install/parc_robot_bringup/share/parc_robot_bringup/models/tomato_44/materials/scripts/fruit3.material
[3.278s] -- Installing: /home/iot/ros2_ws/src/install/parc_robot_bringup/share/parc_robot_bringup/models/tomato_44/materials/scripts/fruit2.material
[3.279s] -- Installing: /home/iot/ros2_ws/src/install/parc_robot_bringup/share/parc_robot_bringup/models/tomato_44/meshes
[3.280s] -- Installing: /home/iot/ros2_ws/src/install/parc_robot_bringup/share/parc_robot_bringup/models/tomato_44/meshes/.gitignore
[3.280s] -- Installing: /home/iot/ros2_ws/src/install/parc_robot_bringup/share/parc_robot_bringup/models/tomato_44/meshes/tomato.dae
[3.422s] -- Installing: /home/iot/ros2_ws/src/install/parc_robot_bringup/share/parc_robot_bringup/models/tomato_44/model.sdf
[3.423s] -- Installing: /home/iot/ros2_ws/src/install/parc_robot_bringup/share/parc_robot_bringup/models/tomato_44/markers.json
[3.424s] -- Installing: /home/iot/ros2_ws/src/install/parc_robot_bringup/share/parc_robot_bringup/models/tomato_44/model.config
[3.425s] -- Installing: /home/iot/ros2_ws/src/install/parc_robot_bringup/share/parc_robot_bringup/models/tomato_23
[3.425s] -- Installing: /home/iot/ros2_ws/src/install/parc_robot_bringup/share/parc_robot_bringup/models/tomato_23/materials
[3.426s] -- Installing: /home/iot/ros2_ws/src/install/parc_robot_bringup/share/parc_robot_bringup/models/tomato_23/materials/textures
[3.426s] -- Installing: /home/iot/ros2_ws/src/install/parc_robot_bringup/share/parc_robot_bringup/models/tomato_23/materials/textures/AG15brn1(copy).png
[3.427s] -- Installing: /home/iot/ros2_ws/src/install/parc_robot_bringup/share/parc_robot_bringup/models/tomato_23/materials/textures/AG15blo1.png
[3.429s] -- Installing: /home/iot/ros2_ws/src/install/parc_robot_bringup/share/parc_robot_bringup/models/tomato_23/materials/textures/AG15frt1.png
[3.432s] -- Installing: /home/iot/ros2_ws/src/install/parc_robot_bringup/share/parc_robot_bringup/models/tomato_23/materials/textures/AG15lef1.png
[3.434s] -- Installing: /home/iot/ros2_ws/src/install/parc_robot_bringup/share/parc_robot_bringup/models/tomato_23/materials/textures/AG15brn1.png
[3.434s] -- Installing: /home/iot/ros2_ws/src/install/parc_robot_bringup/share/parc_robot_bringup/models/tomato_23/materials/textures/AG15blo3.png
[3.435s] -- Installing: /home/iot/ros2_ws/src/install/parc_robot_bringup/share/parc_robot_bringup/models/tomato_23/materials/textures/AG15lef2.png
[3.437s] -- Installing: /home/iot/ros2_ws/src/install/parc_robot_bringup/share/parc_robot_bringup/models/tomato_23/materials/textures/AG15frt3.png
[3.439s] -- Installing: /home/iot/ros2_ws/src/install/parc_robot_bringup/share/parc_robot_bringup/models/tomato_23/materials/textures/AG15frt4.png
[3.442s] -- Installing: /home/iot/ros2_ws/src/install/parc_robot_bringup/share/parc_robot_bringup/models/tomato_23/materials/textures/AG15blo2.png
[3.442s] -- Installing: /home/iot/ros2_ws/src/install/parc_robot_bringup/share/parc_robot_bringup/models/tomato_23/materials/textures/AG15frt2.png
[3.446s] -- Installing: /home/iot/ros2_ws/src/install/parc_robot_bringup/share/parc_robot_bringup/models/tomato_23/materials/scripts
[3.447s] -- Installing: /home/iot/ros2_ws/src/install/parc_robot_bringup/share/parc_robot_bringup/models/tomato_23/materials/scripts/fruit4.material
[3.448s] -- Installing: /home/iot/ros2_ws/src/install/parc_robot_bringup/share/parc_robot_bringup/models/tomato_23/materials/scripts/branch.material
[3.449s] -- Installing: /home/iot/ros2_ws/src/install/parc_robot_bringup/share/parc_robot_bringup/models/tomato_23/materials/scripts/blossom1.material
[3.449s] -- Installing: /home/iot/ros2_ws/src/install/parc_robot_bringup/share/parc_robot_bringup/models/tomato_23/materials/scripts/leaf1.material
[3.450s] -- Installing: /home/iot/ros2_ws/src/install/parc_robot_bringup/share/parc_robot_bringup/models/tomato_23/materials/scripts/blossom3.material
[3.450s] -- Installing: /home/iot/ros2_ws/src/install/parc_robot_bringup/share/parc_robot_bringup/models/tomato_23/materials/scripts/leaf2.material
[3.450s] -- Installing: /home/iot/ros2_ws/src/install/parc_robot_bringup/share/parc_robot_bringup/models/tomato_23/materials/scripts/fruit1.material
[3.451s] -- Installing: /home/iot/ros2_ws/src/install/parc_robot_bringup/share/parc_robot_bringup/models/tomato_23/materials/scripts/blossom2.material
[3.451s] -- Installing: /home/iot/ros2_ws/src/install/parc_robot_bringup/share/parc_robot_bringup/models/tomato_23/materials/scripts/fruit3.material
[3.452s] -- Installing: /home/iot/ros2_ws/src/install/parc_robot_bringup/share/parc_robot_bringup/models/tomato_23/materials/scripts/fruit2.material
[3.452s] -- Installing: /home/iot/ros2_ws/src/install/parc_robot_bringup/share/parc_robot_bringup/models/tomato_23/meshes
[3.452s] -- Installing: /home/iot/ros2_ws/src/install/parc_robot_bringup/share/parc_robot_bringup/models/tomato_23/meshes/.gitignore
[3.453s] -- Installing: /home/iot/ros2_ws/src/install/parc_robot_bringup/share/parc_robot_bringup/models/tomato_23/meshes/tomato.dae
[3.462s] -- Installing: /home/iot/ros2_ws/src/install/parc_robot_bringup/share/parc_robot_bringup/models/tomato_23/model.sdf
[3.462s] -- Installing: /home/iot/ros2_ws/src/install/parc_robot_bringup/share/parc_robot_bringup/models/tomato_23/markers.json
[3.462s] -- Installing: /home/iot/ros2_ws/src/install/parc_robot_bringup/share/parc_robot_bringup/models/tomato_23/model.config
[3.463s] -- Installing: /home/iot/ros2_ws/src/install/parc_robot_bringup/share/parc_robot_bringup/models/goal_location
[3.463s] -- Installing: /home/iot/ros2_ws/src/install/parc_robot_bringup/share/parc_robot_bringup/models/goal_location/model.sdf
[3.463s] -- Installing: /home/iot/ros2_ws/src/install/parc_robot_bringup/share/parc_robot_bringup/models/goal_location/model.config
[3.463s] -- Installing: /home/iot/ros2_ws/src/install/parc_robot_bringup/share/parc_robot_bringup/models/tomato_32
[3.464s] -- Installing: /home/iot/ros2_ws/src/install/parc_robot_bringup/share/parc_robot_bringup/models/tomato_32/materials
[3.464s] -- Installing: /home/iot/ros2_ws/src/install/parc_robot_bringup/share/parc_robot_bringup/models/tomato_32/materials/textures
[3.464s] -- Installing: /home/iot/ros2_ws/src/install/parc_robot_bringup/share/parc_robot_bringup/models/tomato_32/materials/textures/AG15brn1(copy).png
[3.465s] -- Installing: /home/iot/ros2_ws/src/install/parc_robot_bringup/share/parc_robot_bringup/models/tomato_32/materials/textures/AG15blo1.png
[3.466s] -- Installing: /home/iot/ros2_ws/src/install/parc_robot_bringup/share/parc_robot_bringup/models/tomato_32/materials/textures/AG15frt1.png
[3.531s] -- Installing: /home/iot/ros2_ws/src/install/parc_robot_bringup/share/parc_robot_bringup/models/tomato_32/materials/textures/AG15lef1.png
[3.532s] -- Installing: /home/iot/ros2_ws/src/install/parc_robot_bringup/share/parc_robot_bringup/models/tomato_32/materials/textures/AG15brn1.png
[3.533s] -- Installing: /home/iot/ros2_ws/src/install/parc_robot_bringup/share/parc_robot_bringup/models/tomato_32/materials/textures/AG15blo3.png
[3.534s] -- Installing: /home/iot/ros2_ws/src/install/parc_robot_bringup/share/parc_robot_bringup/models/tomato_32/materials/textures/AG15lef2.png
[3.535s] -- Installing: /home/iot/ros2_ws/src/install/parc_robot_bringup/share/parc_robot_bringup/models/tomato_32/materials/textures/AG15frt3.png
[3.537s] -- Installing: /home/iot/ros2_ws/src/install/parc_robot_bringup/share/parc_robot_bringup/models/tomato_32/materials/textures/AG15frt4.png
[3.539s] -- Installing: /home/iot/ros2_ws/src/install/parc_robot_bringup/share/parc_robot_bringup/models/tomato_32/materials/textures/AG15blo2.png
[3.667s] -- Installing: /home/iot/ros2_ws/src/install/parc_robot_bringup/share/parc_robot_bringup/models/tomato_32/materials/textures/AG15frt2.png
[3.671s] -- Installing: /home/iot/ros2_ws/src/install/parc_robot_bringup/share/parc_robot_bringup/models/tomato_32/materials/scripts
[3.672s] -- Installing: /home/iot/ros2_ws/src/install/parc_robot_bringup/share/parc_robot_bringup/models/tomato_32/materials/scripts/fruit4.material
[3.672s] -- Installing: /home/iot/ros2_ws/src/install/parc_robot_bringup/share/parc_robot_bringup/models/tomato_32/materials/scripts/branch.material
[3.673s] -- Installing: /home/iot/ros2_ws/src/install/parc_robot_bringup/share/parc_robot_bringup/models/tomato_32/materials/scripts/blossom1.material
[3.674s] -- Installing: /home/iot/ros2_ws/src/install/parc_robot_bringup/share/parc_robot_bringup/models/tomato_32/materials/scripts/leaf1.material
[3.674s] -- Installing: /home/iot/ros2_ws/src/install/parc_robot_bringup/share/parc_robot_bringup/models/tomato_32/materials/scripts/blossom3.material
[3.675s] -- Installing: /home/iot/ros2_ws/src/install/parc_robot_bringup/share/parc_robot_bringup/models/tomato_32/materials/scripts/leaf2.material
[3.676s] -- Installing: /home/iot/ros2_ws/src/install/parc_robot_bringup/share/parc_robot_bringup/models/tomato_32/materials/scripts/fruit1.material
[3.676s] -- Installing: /home/iot/ros2_ws/src/install/parc_robot_bringup/share/parc_robot_bringup/models/tomato_32/materials/scripts/blossom2.material
[3.677s] -- Installing: /home/iot/ros2_ws/src/install/parc_robot_bringup/share/parc_robot_bringup/models/tomato_32/materials/scripts/fruit3.material
[3.678s] -- Installing: /home/iot/ros2_ws/src/install/parc_robot_bringup/share/parc_robot_bringup/models/tomato_32/materials/scripts/fruit2.material
[3.678s] -- Installing: /home/iot/ros2_ws/src/install/parc_robot_bringup/share/parc_robot_bringup/models/tomato_32/meshes
[3.679s] -- Installing: /home/iot/ros2_ws/src/install/parc_robot_bringup/share/parc_robot_bringup/models/tomato_32/meshes/.gitignore
[3.679s] -- Installing: /home/iot/ros2_ws/src/install/parc_robot_bringup/share/parc_robot_bringup/models/tomato_32/meshes/tomato.dae
[3.693s] -- Installing: /home/iot/ros2_ws/src/install/parc_robot_bringup/share/parc_robot_bringup/models/tomato_32/model.sdf
[3.693s] -- Installing: /home/iot/ros2_ws/src/install/parc_robot_bringup/share/parc_robot_bringup/models/tomato_32/markers.json
[3.694s] -- Installing: /home/iot/ros2_ws/src/install/parc_robot_bringup/share/parc_robot_bringup/models/tomato_32/model.config
[3.695s] -- Installing: /home/iot/ros2_ws/src/install/parc_robot_bringup/share/parc_robot_bringup/models/tomato_33
[3.696s] -- Installing: /home/iot/ros2_ws/src/install/parc_robot_bringup/share/parc_robot_bringup/models/tomato_33/materials
[3.696s] -- Installing: /home/iot/ros2_ws/src/install/parc_robot_bringup/share/parc_robot_bringup/models/tomato_33/materials/textures
[3.697s] -- Installing: /home/iot/ros2_ws/src/install/parc_robot_bringup/share/parc_robot_bringup/models/tomato_33/materials/textures/AG15brn1(copy).png
[3.698s] -- Installing: /home/iot/ros2_ws/src/install/parc_robot_bringup/share/parc_robot_bringup/models/tomato_33/materials/textures/AG15blo1.png
[3.700s] -- Installing: /home/iot/ros2_ws/src/install/parc_robot_bringup/share/parc_robot_bringup/models/tomato_33/materials/textures/AG15frt1.png
[3.703s] -- Installing: /home/iot/ros2_ws/src/install/parc_robot_bringup/share/parc_robot_bringup/models/tomato_33/materials/textures/AG15lef1.png
[3.705s] -- Installing: /home/iot/ros2_ws/src/install/parc_robot_bringup/share/parc_robot_bringup/models/tomato_33/materials/textures/AG15brn1.png
[3.705s] -- Installing: /home/iot/ros2_ws/src/install/parc_robot_bringup/share/parc_robot_bringup/models/tomato_33/materials/textures/AG15blo3.png
[3.706s] -- Installing: /home/iot/ros2_ws/src/install/parc_robot_bringup/share/parc_robot_bringup/models/tomato_33/materials/textures/AG15lef2.png
[3.770s] -- Installing: /home/iot/ros2_ws/src/install/parc_robot_bringup/share/parc_robot_bringup/models/tomato_33/materials/textures/AG15frt3.png
[3.774s] -- Installing: /home/iot/ros2_ws/src/install/parc_robot_bringup/share/parc_robot_bringup/models/tomato_33/materials/textures/AG15frt4.png
[3.778s] -- Installing: /home/iot/ros2_ws/src/install/parc_robot_bringup/share/parc_robot_bringup/models/tomato_33/materials/textures/AG15blo2.png
[3.779s] -- Installing: /home/iot/ros2_ws/src/install/parc_robot_bringup/share/parc_robot_bringup/models/tomato_33/materials/textures/AG15frt2.png
[3.783s] -- Installing: /home/iot/ros2_ws/src/install/parc_robot_bringup/share/parc_robot_bringup/models/tomato_33/materials/scripts
[3.784s] -- Installing: /home/iot/ros2_ws/src/install/parc_robot_bringup/share/parc_robot_bringup/models/tomato_33/materials/scripts/fruit4.material
[3.784s] -- Installing: /home/iot/ros2_ws/src/install/parc_robot_bringup/share/parc_robot_bringup/models/tomato_33/materials/scripts/branch.material
[3.785s] -- Installing: /home/iot/ros2_ws/src/install/parc_robot_bringup/share/parc_robot_bringup/models/tomato_33/materials/scripts/blossom1.material
[3.786s] -- Installing: /home/iot/ros2_ws/src/install/parc_robot_bringup/share/parc_robot_bringup/models/tomato_33/materials/scripts/leaf1.material
[3.787s] -- Installing: /home/iot/ros2_ws/src/install/parc_robot_bringup/share/parc_robot_bringup/models/tomato_33/materials/scripts/blossom3.material
[3.787s] -- Installing: /home/iot/ros2_ws/src/install/parc_robot_bringup/share/parc_robot_bringup/models/tomato_33/materials/scripts/leaf2.material
[3.788s] -- Installing: /home/iot/ros2_ws/src/install/parc_robot_bringup/share/parc_robot_bringup/models/tomato_33/materials/scripts/fruit1.material
[3.789s] -- Installing: /home/iot/ros2_ws/src/install/parc_robot_bringup/share/parc_robot_bringup/models/tomato_33/materials/scripts/blossom2.material
[3.790s] -- Installing: /home/iot/ros2_ws/src/install/parc_robot_bringup/share/parc_robot_bringup/models/tomato_33/materials/scripts/fruit3.material
[3.791s] -- Installing: /home/iot/ros2_ws/src/install/parc_robot_bringup/share/parc_robot_bringup/models/tomato_33/materials/scripts/fruit2.material
[3.792s] -- Installing: /home/iot/ros2_ws/src/install/parc_robot_bringup/share/parc_robot_bringup/models/tomato_33/meshes
[3.793s] -- Installing: /home/iot/ros2_ws/src/install/parc_robot_bringup/share/parc_robot_bringup/models/tomato_33/meshes/.gitignore
[3.793s] -- Installing: /home/iot/ros2_ws/src/install/parc_robot_bringup/share/parc_robot_bringup/models/tomato_33/meshes/tomato.dae
[4.000s] -- Installing: /home/iot/ros2_ws/src/install/parc_robot_bringup/share/parc_robot_bringup/models/tomato_33/model.sdf
[4.000s] -- Installing: /home/iot/ros2_ws/src/install/parc_robot_bringup/share/parc_robot_bringup/models/tomato_33/markers.json
[4.002s] -- Installing: /home/iot/ros2_ws/src/install/parc_robot_bringup/share/parc_robot_bringup/models/tomato_33/model.config
[4.002s] -- Installing: /home/iot/ros2_ws/src/install/parc_robot_bringup/share/parc_robot_bringup/models/tomato_18
[4.003s] -- Installing: /home/iot/ros2_ws/src/install/parc_robot_bringup/share/parc_robot_bringup/models/tomato_18/materials
[4.003s] -- Installing: /home/iot/ros2_ws/src/install/parc_robot_bringup/share/parc_robot_bringup/models/tomato_18/materials/textures
[4.004s] -- Installing: /home/iot/ros2_ws/src/install/parc_robot_bringup/share/parc_robot_bringup/models/tomato_18/materials/textures/AG15brn1(copy).png
[4.005s] -- Installing: /home/iot/ros2_ws/src/install/parc_robot_bringup/share/parc_robot_bringup/models/tomato_18/materials/textures/AG15blo1.png
[4.008s] -- Installing: /home/iot/ros2_ws/src/install/parc_robot_bringup/share/parc_robot_bringup/models/tomato_18/materials/textures/AG15frt1.png
[4.011s] -- Installing: /home/iot/ros2_ws/src/install/parc_robot_bringup/share/parc_robot_bringup/models/tomato_18/materials/textures/AG15lef1.png
[4.014s] -- Installing: /home/iot/ros2_ws/src/install/parc_robot_bringup/share/parc_robot_bringup/models/tomato_18/materials/textures/AG15brn1.png
[4.014s] -- Installing: /home/iot/ros2_ws/src/install/parc_robot_bringup/share/parc_robot_bringup/models/tomato_18/materials/textures/AG15blo3.png
[4.016s] -- Installing: /home/iot/ros2_ws/src/install/parc_robot_bringup/share/parc_robot_bringup/models/tomato_18/materials/textures/AG15lef2.png
[4.018s] -- Installing: /home/iot/ros2_ws/src/install/parc_robot_bringup/share/parc_robot_bringup/models/tomato_18/materials/textures/AG15frt3.png
[4.084s] -- Installing: /home/iot/ros2_ws/src/install/parc_robot_bringup/share/parc_robot_bringup/models/tomato_18/materials/textures/AG15frt4.png
[4.088s] -- Installing: /home/iot/ros2_ws/src/install/parc_robot_bringup/share/parc_robot_bringup/models/tomato_18/materials/textures/AG15blo2.png
[4.089s] -- Installing: /home/iot/ros2_ws/src/install/parc_robot_bringup/share/parc_robot_bringup/models/tomato_18/materials/textures/AG15frt2.png
[4.093s] -- Installing: /home/iot/ros2_ws/src/install/parc_robot_bringup/share/parc_robot_bringup/models/tomato_18/materials/scripts
[4.094s] -- Installing: /home/iot/ros2_ws/src/install/parc_robot_bringup/share/parc_robot_bringup/models/tomato_18/materials/scripts/fruit4.material
[4.096s] -- Installing: /home/iot/ros2_ws/src/install/parc_robot_bringup/share/parc_robot_bringup/models/tomato_18/materials/scripts/branch.material
[4.096s] -- Installing: /home/iot/ros2_ws/src/install/parc_robot_bringup/share/parc_robot_bringup/models/tomato_18/materials/scripts/blossom1.material
[4.097s] -- Installing: /home/iot/ros2_ws/src/install/parc_robot_bringup/share/parc_robot_bringup/models/tomato_18/materials/scripts/leaf1.material
[4.098s] -- Installing: /home/iot/ros2_ws/src/install/parc_robot_bringup/share/parc_robot_bringup/models/tomato_18/materials/scripts/blossom3.material
[4.099s] -- Installing: /home/iot/ros2_ws/src/install/parc_robot_bringup/share/parc_robot_bringup/models/tomato_18/materials/scripts/leaf2.material
[4.099s] -- Installing: /home/iot/ros2_ws/src/install/parc_robot_bringup/share/parc_robot_bringup/models/tomato_18/materials/scripts/fruit1.material
[4.100s] -- Installing: /home/iot/ros2_ws/src/install/parc_robot_bringup/share/parc_robot_bringup/models/tomato_18/materials/scripts/blossom2.material
[4.100s] -- Installing: /home/iot/ros2_ws/src/install/parc_robot_bringup/share/parc_robot_bringup/models/tomato_18/materials/scripts/fruit3.material
[4.101s] -- Installing: /home/iot/ros2_ws/src/install/parc_robot_bringup/share/parc_robot_bringup/models/tomato_18/materials/scripts/fruit2.material
[4.101s] -- Installing: /home/iot/ros2_ws/src/install/parc_robot_bringup/share/parc_robot_bringup/models/tomato_18/meshes
[4.102s] -- Installing: /home/iot/ros2_ws/src/install/parc_robot_bringup/share/parc_robot_bringup/models/tomato_18/meshes/.gitignore
[4.102s] -- Installing: /home/iot/ros2_ws/src/install/parc_robot_bringup/share/parc_robot_bringup/models/tomato_18/meshes/tomato.dae
[4.118s] -- Installing: /home/iot/ros2_ws/src/install/parc_robot_bringup/share/parc_robot_bringup/models/tomato_18/model.sdf
[4.119s] -- Installing: /home/iot/ros2_ws/src/install/parc_robot_bringup/share/parc_robot_bringup/models/tomato_18/markers.json
[4.119s] -- Installing: /home/iot/ros2_ws/src/install/parc_robot_bringup/share/parc_robot_bringup/models/tomato_18/model.config
[4.120s] -- Installing: /home/iot/ros2_ws/src/install/parc_robot_bringup/share/parc_robot_bringup/models/materials
[4.120s] -- Installing: /home/iot/ros2_ws/src/install/parc_robot_bringup/share/parc_robot_bringup/models/materials/textures
[4.120s] -- Installing: /home/iot/ros2_ws/src/install/parc_robot_bringup/share/parc_robot_bringup/models/materials/textures/flat_normal.png
[4.120s] -- Installing: /home/iot/ros2_ws/src/install/parc_robot_bringup/share/parc_robot_bringup/models/materials/textures/dirt_diffusespecular.png
[4.254s] -- Installing: /home/iot/ros2_ws/src/install/parc_robot_bringup/share/parc_robot_bringup/models/materials/textures/grass_roughness.jpg
[4.326s] -- Installing: /home/iot/ros2_ws/src/install/parc_robot_bringup/share/parc_robot_bringup/models/materials/textures/grass_displacement.jpg
[4.343s] -- Installing: /home/iot/ros2_ws/src/install/parc_robot_bringup/share/parc_robot_bringup/models/materials/textures/grass_normal.jpg
[4.628s] -- Installing: /home/iot/ros2_ws/src/install/parc_robot_bringup/share/parc_robot_bringup/models/materials/textures/fungus_diffusespecular.png
[4.764s] -- Installing: /home/iot/ros2_ws/src/install/parc_robot_bringup/share/parc_robot_bringup/models/materials/textures/grass_color.jpg
[4.844s] -- Installing: /home/iot/ros2_ws/src/install/parc_robot_bringup/share/parc_robot_bringup/models/materials/textures/plowed_soil.jpg
[4.915s] -- Installing: /home/iot/ros2_ws/src/install/parc_robot_bringup/share/parc_robot_bringup/models/tomato_16
[4.915s] -- Installing: /home/iot/ros2_ws/src/install/parc_robot_bringup/share/parc_robot_bringup/models/tomato_16/materials
[4.916s] -- Installing: /home/iot/ros2_ws/src/install/parc_robot_bringup/share/parc_robot_bringup/models/tomato_16/materials/textures
[4.916s] -- Installing: /home/iot/ros2_ws/src/install/parc_robot_bringup/share/parc_robot_bringup/models/tomato_16/materials/textures/AG15brn1(copy).png
[4.918s] -- Installing: /home/iot/ros2_ws/src/install/parc_robot_bringup/share/parc_robot_bringup/models/tomato_16/materials/textures/AG15blo1.png
[4.921s] -- Installing: /home/iot/ros2_ws/src/install/parc_robot_bringup/share/parc_robot_bringup/models/tomato_16/materials/textures/AG15frt1.png
[4.986s] -- Installing: /home/iot/ros2_ws/src/install/parc_robot_bringup/share/parc_robot_bringup/models/tomato_16/materials/textures/AG15lef1.png
[4.988s] -- Installing: /home/iot/ros2_ws/src/install/parc_robot_bringup/share/parc_robot_bringup/models/tomato_16/materials/textures/AG15brn1.png
[4.988s] -- Installing: /home/iot/ros2_ws/src/install/parc_robot_bringup/share/parc_robot_bringup/models/tomato_16/materials/textures/AG15blo3.png
[4.989s] -- Installing: /home/iot/ros2_ws/src/install/parc_robot_bringup/share/parc_robot_bringup/models/tomato_16/materials/textures/AG15lef2.png
[4.991s] -- Installing: /home/iot/ros2_ws/src/install/parc_robot_bringup/share/parc_robot_bringup/models/tomato_16/materials/textures/AG15frt3.png
[4.994s] -- Installing: /home/iot/ros2_ws/src/install/parc_robot_bringup/share/parc_robot_bringup/models/tomato_16/materials/textures/AG15frt4.png
[4.996s] -- Installing: /home/iot/ros2_ws/src/install/parc_robot_bringup/share/parc_robot_bringup/models/tomato_16/materials/textures/AG15blo2.png
[5.058s] -- Installing: /home/iot/ros2_ws/src/install/parc_robot_bringup/share/parc_robot_bringup/models/tomato_16/materials/textures/AG15frt2.png
[5.062s] -- Installing: /home/iot/ros2_ws/src/install/parc_robot_bringup/share/parc_robot_bringup/models/tomato_16/materials/scripts
[5.063s] -- Installing: /home/iot/ros2_ws/src/install/parc_robot_bringup/share/parc_robot_bringup/models/tomato_16/materials/scripts/fruit4.material
[5.064s] -- Installing: /home/iot/ros2_ws/src/install/parc_robot_bringup/share/parc_robot_bringup/models/tomato_16/materials/scripts/branch.material
[5.065s] -- Installing: /home/iot/ros2_ws/src/install/parc_robot_bringup/share/parc_robot_bringup/models/tomato_16/materials/scripts/blossom1.material
[5.065s] -- Installing: /home/iot/ros2_ws/src/install/parc_robot_bringup/share/parc_robot_bringup/models/tomato_16/materials/scripts/leaf1.material
[5.066s] -- Installing: /home/iot/ros2_ws/src/install/parc_robot_bringup/share/parc_robot_bringup/models/tomato_16/materials/scripts/blossom3.material
[5.067s] -- Installing: /home/iot/ros2_ws/src/install/parc_robot_bringup/share/parc_robot_bringup/models/tomato_16/materials/scripts/leaf2.material
[5.067s] -- Installing: /home/iot/ros2_ws/src/install/parc_robot_bringup/share/parc_robot_bringup/models/tomato_16/materials/scripts/fruit1.material
[5.068s] -- Installing: /home/iot/ros2_ws/src/install/parc_robot_bringup/share/parc_robot_bringup/models/tomato_16/materials/scripts/blossom2.material
[5.069s] -- Installing: /home/iot/ros2_ws/src/install/parc_robot_bringup/share/parc_robot_bringup/models/tomato_16/materials/scripts/fruit3.material
[5.070s] -- Installing: /home/iot/ros2_ws/src/install/parc_robot_bringup/share/parc_robot_bringup/models/tomato_16/materials/scripts/fruit2.material
[5.071s] -- Installing: /home/iot/ros2_ws/src/install/parc_robot_bringup/share/parc_robot_bringup/models/tomato_16/meshes
[5.071s] -- Installing: /home/iot/ros2_ws/src/install/parc_robot_bringup/share/parc_robot_bringup/models/tomato_16/meshes/.gitignore
[5.072s] -- Installing: /home/iot/ros2_ws/src/install/parc_robot_bringup/share/parc_robot_bringup/models/tomato_16/meshes/tomato.dae
[5.288s] -- Installing: /home/iot/ros2_ws/src/install/parc_robot_bringup/share/parc_robot_bringup/models/tomato_16/model.sdf
[5.289s] -- Installing: /home/iot/ros2_ws/src/install/parc_robot_bringup/share/parc_robot_bringup/models/tomato_16/markers.json
[5.290s] -- Installing: /home/iot/ros2_ws/src/install/parc_robot_bringup/share/parc_robot_bringup/models/tomato_16/model.config
[5.290s] -- Installing: /home/iot/ros2_ws/src/install/parc_robot_bringup/share/parc_robot_bringup/models/small_peg
[5.291s] -- Installing: /home/iot/ros2_ws/src/install/parc_robot_bringup/share/parc_robot_bringup/models/small_peg/model.sdf
[5.292s] -- Installing: /home/iot/ros2_ws/src/install/parc_robot_bringup/share/parc_robot_bringup/models/small_peg/model.config
[5.292s] -- Installing: /home/iot/ros2_ws/src/install/parc_robot_bringup/share/parc_robot_bringup/models/my_grass_plane
[5.293s] -- Installing: /home/iot/ros2_ws/src/install/parc_robot_bringup/share/parc_robot_bringup/models/my_grass_plane/materials
[5.294s] -- Installing: /home/iot/ros2_ws/src/install/parc_robot_bringup/share/parc_robot_bringup/models/my_grass_plane/materials/textures
[5.294s] -- Installing: /home/iot/ros2_ws/src/install/parc_robot_bringup/share/parc_robot_bringup/models/my_grass_plane/materials/textures/grass_grid.png
[5.305s] -- Installing: /home/iot/ros2_ws/src/install/parc_robot_bringup/share/parc_robot_bringup/models/my_grass_plane/materials/textures/grass_color.jpg
[5.443s] -- Installing: /home/iot/ros2_ws/src/install/parc_robot_bringup/share/parc_robot_bringup/models/my_grass_plane/materials/scripts
[5.443s] -- Installing: /home/iot/ros2_ws/src/install/parc_robot_bringup/share/parc_robot_bringup/models/my_grass_plane/materials/scripts/my_grass_plane.material
[5.443s] -- Installing: /home/iot/ros2_ws/src/install/parc_robot_bringup/share/parc_robot_bringup/models/my_grass_plane/model.sdf
[5.443s] -- Installing: /home/iot/ros2_ws/src/install/parc_robot_bringup/share/parc_robot_bringup/models/my_grass_plane/model.config
[5.443s] -- Installing: /home/iot/ros2_ws/src/install/parc_robot_bringup/share/parc_robot_bringup/models/mud_box
[5.443s] -- Installing: /home/iot/ros2_ws/src/install/parc_robot_bringup/share/parc_robot_bringup/models/mud_box/model-1_4.sdf
[5.443s] -- Installing: /home/iot/ros2_ws/src/install/parc_robot_bringup/share/parc_robot_bringup/models/mud_box/materials
[5.443s] -- Installing: /home/iot/ros2_ws/src/install/parc_robot_bringup/share/parc_robot_bringup/models/mud_box/materials/textures
[5.443s] -- Installing: /home/iot/ros2_ws/src/install/parc_robot_bringup/share/parc_robot_bringup/models/mud_box/materials/textures/mud_soft_leaves.png
[5.444s] -- Installing: /home/iot/ros2_ws/src/install/parc_robot_bringup/share/parc_robot_bringup/models/mud_box/materials/scripts
[5.444s] -- Installing: /home/iot/ros2_ws/src/install/parc_robot_bringup/share/parc_robot_bringup/models/mud_box/materials/scripts/mud.material
[5.444s] -- Installing: /home/iot/ros2_ws/src/install/parc_robot_bringup/share/parc_robot_bringup/models/mud_box/model.sdf
[5.444s] -- Installing: /home/iot/ros2_ws/src/install/parc_robot_bringup/share/parc_robot_bringup/models/mud_box/model (copy).sdf
[5.445s] -- Installing: /home/iot/ros2_ws/src/install/parc_robot_bringup/share/parc_robot_bringup/models/mud_box/model.config
[5.445s] -- Installing: /home/iot/ros2_ws/src/install/parc_robot_bringup/share/parc_robot_bringup/models/tomato_28
[5.445s] -- Installing: /home/iot/ros2_ws/src/install/parc_robot_bringup/share/parc_robot_bringup/models/tomato_28/materials
[5.445s] -- Installing: /home/iot/ros2_ws/src/install/parc_robot_bringup/share/parc_robot_bringup/models/tomato_28/materials/textures
[5.445s] -- Installing: /home/iot/ros2_ws/src/install/parc_robot_bringup/share/parc_robot_bringup/models/tomato_28/materials/textures/AG15brn1(copy).png
[5.446s] -- Installing: /home/iot/ros2_ws/src/install/parc_robot_bringup/share/parc_robot_bringup/models/tomato_28/materials/textures/AG15blo1.png
[5.447s] -- Installing: /home/iot/ros2_ws/src/install/parc_robot_bringup/share/parc_robot_bringup/models/tomato_28/materials/textures/AG15frt1.png
[5.449s] -- Installing: /home/iot/ros2_ws/src/install/parc_robot_bringup/share/parc_robot_bringup/models/tomato_28/materials/textures/AG15lef1.png
[5.514s] -- Installing: /home/iot/ros2_ws/src/install/parc_robot_bringup/share/parc_robot_bringup/models/tomato_28/materials/textures/AG15brn1.png
[5.515s] -- Installing: /home/iot/ros2_ws/src/install/parc_robot_bringup/share/parc_robot_bringup/models/tomato_28/materials/textures/AG15blo3.png
[5.516s] -- Installing: /home/iot/ros2_ws/src/install/parc_robot_bringup/share/parc_robot_bringup/models/tomato_28/materials/textures/AG15lef2.png
[5.518s] -- Installing: /home/iot/ros2_ws/src/install/parc_robot_bringup/share/parc_robot_bringup/models/tomato_28/materials/textures/AG15frt3.png
[5.522s] -- Installing: /home/iot/ros2_ws/src/install/parc_robot_bringup/share/parc_robot_bringup/models/tomato_28/materials/textures/AG15frt4.png
[5.526s] -- Installing: /home/iot/ros2_ws/src/install/parc_robot_bringup/share/parc_robot_bringup/models/tomato_28/materials/textures/AG15blo2.png
[5.527s] -- Installing: /home/iot/ros2_ws/src/install/parc_robot_bringup/share/parc_robot_bringup/models/tomato_28/materials/textures/AG15frt2.png
[5.593s] -- Installing: /home/iot/ros2_ws/src/install/parc_robot_bringup/share/parc_robot_bringup/models/tomato_28/materials/scripts
[5.593s] -- Installing: /home/iot/ros2_ws/src/install/parc_robot_bringup/share/parc_robot_bringup/models/tomato_28/materials/scripts/fruit4.material
[5.594s] -- Installing: /home/iot/ros2_ws/src/install/parc_robot_bringup/share/parc_robot_bringup/models/tomato_28/materials/scripts/branch.material
[5.594s] -- Installing: /home/iot/ros2_ws/src/install/parc_robot_bringup/share/parc_robot_bringup/models/tomato_28/materials/scripts/blossom1.material
[5.595s] -- Installing: /home/iot/ros2_ws/src/install/parc_robot_bringup/share/parc_robot_bringup/models/tomato_28/materials/scripts/leaf1.material
[5.596s] -- Installing: /home/iot/ros2_ws/src/install/parc_robot_bringup/share/parc_robot_bringup/models/tomato_28/materials/scripts/blossom3.material
[5.596s] -- Installing: /home/iot/ros2_ws/src/install/parc_robot_bringup/share/parc_robot_bringup/models/tomato_28/materials/scripts/leaf2.material
[5.597s] -- Installing: /home/iot/ros2_ws/src/install/parc_robot_bringup/share/parc_robot_bringup/models/tomato_28/materials/scripts/fruit1.material
[5.598s] -- Installing: /home/iot/ros2_ws/src/install/parc_robot_bringup/share/parc_robot_bringup/models/tomato_28/materials/scripts/blossom2.material
[5.598s] -- Installing: /home/iot/ros2_ws/src/install/parc_robot_bringup/share/parc_robot_bringup/models/tomato_28/materials/scripts/fruit3.material
[5.599s] -- Installing: /home/iot/ros2_ws/src/install/parc_robot_bringup/share/parc_robot_bringup/models/tomato_28/materials/scripts/fruit2.material
[5.600s] -- Installing: /home/iot/ros2_ws/src/install/parc_robot_bringup/share/parc_robot_bringup/models/tomato_28/meshes
[5.601s] -- Installing: /home/iot/ros2_ws/src/install/parc_robot_bringup/share/parc_robot_bringup/models/tomato_28/meshes/.gitignore
[5.601s] -- Installing: /home/iot/ros2_ws/src/install/parc_robot_bringup/share/parc_robot_bringup/models/tomato_28/meshes/tomato.dae
[5.749s] -- Installing: /home/iot/ros2_ws/src/install/parc_robot_bringup/share/parc_robot_bringup/models/tomato_28/model.sdf
[5.750s] -- Installing: /home/iot/ros2_ws/src/install/parc_robot_bringup/share/parc_robot_bringup/models/tomato_28/markers.json
[5.751s] -- Installing: /home/iot/ros2_ws/src/install/parc_robot_bringup/share/parc_robot_bringup/models/tomato_28/model.config
[5.751s] -- Installing: /home/iot/ros2_ws/src/install/parc_robot_bringup/share/parc_robot_bringup/models/tomato_13
[5.752s] -- Installing: /home/iot/ros2_ws/src/install/parc_robot_bringup/share/parc_robot_bringup/models/tomato_13/materials
[5.752s] -- Installing: /home/iot/ros2_ws/src/install/parc_robot_bringup/share/parc_robot_bringup/models/tomato_13/materials/textures
[5.753s] -- Installing: /home/iot/ros2_ws/src/install/parc_robot_bringup/share/parc_robot_bringup/models/tomato_13/materials/textures/AG15brn1(copy).png
[5.754s] -- Installing: /home/iot/ros2_ws/src/install/parc_robot_bringup/share/parc_robot_bringup/models/tomato_13/materials/textures/AG15blo1.png
[5.818s] -- Installing: /home/iot/ros2_ws/src/install/parc_robot_bringup/share/parc_robot_bringup/models/tomato_13/materials/textures/AG15frt1.png
[5.823s] -- Installing: /home/iot/ros2_ws/src/install/parc_robot_bringup/share/parc_robot_bringup/models/tomato_13/materials/textures/AG15lef1.png
[5.825s] -- Installing: /home/iot/ros2_ws/src/install/parc_robot_bringup/share/parc_robot_bringup/models/tomato_13/materials/textures/AG15brn1.png
[5.826s] -- Installing: /home/iot/ros2_ws/src/install/parc_robot_bringup/share/parc_robot_bringup/models/tomato_13/materials/textures/AG15blo3.png
[5.828s] -- Installing: /home/iot/ros2_ws/src/install/parc_robot_bringup/share/parc_robot_bringup/models/tomato_13/materials/textures/AG15lef2.png
[5.830s] -- Installing: /home/iot/ros2_ws/src/install/parc_robot_bringup/share/parc_robot_bringup/models/tomato_13/materials/textures/AG15frt3.png
[5.895s] -- Installing: /home/iot/ros2_ws/src/install/parc_robot_bringup/share/parc_robot_bringup/models/tomato_13/materials/textures/AG15frt4.png
[5.899s] -- Installing: /home/iot/ros2_ws/src/install/parc_robot_bringup/share/parc_robot_bringup/models/tomato_13/materials/textures/AG15blo2.png
[5.900s] -- Installing: /home/iot/ros2_ws/src/install/parc_robot_bringup/share/parc_robot_bringup/models/tomato_13/materials/textures/AG15frt2.png
[5.904s] -- Installing: /home/iot/ros2_ws/src/install/parc_robot_bringup/share/parc_robot_bringup/models/tomato_13/materials/scripts
[5.905s] -- Installing: /home/iot/ros2_ws/src/install/parc_robot_bringup/share/parc_robot_bringup/models/tomato_13/materials/scripts/fruit4.material
[5.905s] -- Installing: /home/iot/ros2_ws/src/install/parc_robot_bringup/share/parc_robot_bringup/models/tomato_13/materials/scripts/branch.material
[5.906s] -- Installing: /home/iot/ros2_ws/src/install/parc_robot_bringup/share/parc_robot_bringup/models/tomato_13/materials/scripts/blossom1.material
[5.906s] -- Installing: /home/iot/ros2_ws/src/install/parc_robot_bringup/share/parc_robot_bringup/models/tomato_13/materials/scripts/leaf1.material
[5.907s] -- Installing: /home/iot/ros2_ws/src/install/parc_robot_bringup/share/parc_robot_bringup/models/tomato_13/materials/scripts/blossom3.material
[5.908s] -- Installing: /home/iot/ros2_ws/src/install/parc_robot_bringup/share/parc_robot_bringup/models/tomato_13/materials/scripts/leaf2.material
[5.908s] -- Installing: /home/iot/ros2_ws/src/install/parc_robot_bringup/share/parc_robot_bringup/models/tomato_13/materials/scripts/fruit1.material
[5.908s] -- Installing: /home/iot/ros2_ws/src/install/parc_robot_bringup/share/parc_robot_bringup/models/tomato_13/materials/scripts/blossom2.material
[5.909s] -- Installing: /home/iot/ros2_ws/src/install/parc_robot_bringup/share/parc_robot_bringup/models/tomato_13/materials/scripts/fruit3.material
[5.909s] -- Installing: /home/iot/ros2_ws/src/install/parc_robot_bringup/share/parc_robot_bringup/models/tomato_13/materials/scripts/fruit2.material
[5.909s] -- Installing: /home/iot/ros2_ws/src/install/parc_robot_bringup/share/parc_robot_bringup/models/tomato_13/meshes
[5.910s] -- Installing: /home/iot/ros2_ws/src/install/parc_robot_bringup/share/parc_robot_bringup/models/tomato_13/meshes/.gitignore
[5.910s] -- Installing: /home/iot/ros2_ws/src/install/parc_robot_bringup/share/parc_robot_bringup/models/tomato_13/meshes/tomato.dae
[5.913s] -- Installing: /home/iot/ros2_ws/src/install/parc_robot_bringup/share/parc_robot_bringup/models/tomato_13/model.sdf
[5.913s] -- Installing: /home/iot/ros2_ws/src/install/parc_robot_bringup/share/parc_robot_bringup/models/tomato_13/markers.json
[5.914s] -- Installing: /home/iot/ros2_ws/src/install/parc_robot_bringup/share/parc_robot_bringup/models/tomato_13/model.config
[5.914s] -- Installing: /home/iot/ros2_ws/src/install/parc_robot_bringup/share/parc_robot_bringup/models/tomato_34
[5.914s] -- Installing: /home/iot/ros2_ws/src/install/parc_robot_bringup/share/parc_robot_bringup/models/tomato_34/materials
[5.914s] -- Installing: /home/iot/ros2_ws/src/install/parc_robot_bringup/share/parc_robot_bringup/models/tomato_34/materials/textures
[5.914s] -- Installing: /home/iot/ros2_ws/src/install/parc_robot_bringup/share/parc_robot_bringup/models/tomato_34/materials/textures/AG15brn1(copy).png
[5.915s] -- Installing: /home/iot/ros2_ws/src/install/parc_robot_bringup/share/parc_robot_bringup/models/tomato_34/materials/textures/AG15blo1.png
[5.917s] -- Installing: /home/iot/ros2_ws/src/install/parc_robot_bringup/share/parc_robot_bringup/models/tomato_34/materials/textures/AG15frt1.png
[5.920s] -- Installing: /home/iot/ros2_ws/src/install/parc_robot_bringup/share/parc_robot_bringup/models/tomato_34/materials/textures/AG15lef1.png
[5.985s] -- Installing: /home/iot/ros2_ws/src/install/parc_robot_bringup/share/parc_robot_bringup/models/tomato_34/materials/textures/AG15brn1.png
[5.986s] -- Installing: /home/iot/ros2_ws/src/install/parc_robot_bringup/share/parc_robot_bringup/models/tomato_34/materials/textures/AG15blo3.png
[5.987s] -- Installing: /home/iot/ros2_ws/src/install/parc_robot_bringup/share/parc_robot_bringup/models/tomato_34/materials/textures/AG15lef2.png
[5.990s] -- Installing: /home/iot/ros2_ws/src/install/parc_robot_bringup/share/parc_robot_bringup/models/tomato_34/materials/textures/AG15frt3.png
[5.994s] -- Installing: /home/iot/ros2_ws/src/install/parc_robot_bringup/share/parc_robot_bringup/models/tomato_34/materials/textures/AG15frt4.png
[5.997s] -- Installing: /home/iot/ros2_ws/src/install/parc_robot_bringup/share/parc_robot_bringup/models/tomato_34/materials/textures/AG15blo2.png
[5.998s] -- Installing: /home/iot/ros2_ws/src/install/parc_robot_bringup/share/parc_robot_bringup/models/tomato_34/materials/textures/AG15frt2.png
[6.064s] -- Installing: /home/iot/ros2_ws/src/install/parc_robot_bringup/share/parc_robot_bringup/models/tomato_34/materials/scripts
[6.065s] -- Installing: /home/iot/ros2_ws/src/install/parc_robot_bringup/share/parc_robot_bringup/models/tomato_34/materials/scripts/fruit4.material
[6.066s] -- Installing: /home/iot/ros2_ws/src/install/parc_robot_bringup/share/parc_robot_bringup/models/tomato_34/materials/scripts/branch.material
[6.066s] -- Installing: /home/iot/ros2_ws/src/install/parc_robot_bringup/share/parc_robot_bringup/models/tomato_34/materials/scripts/blossom1.material
[6.067s] -- Installing: /home/iot/ros2_ws/src/install/parc_robot_bringup/share/parc_robot_bringup/models/tomato_34/materials/scripts/leaf1.material
[6.067s] -- Installing: /home/iot/ros2_ws/src/install/parc_robot_bringup/share/parc_robot_bringup/models/tomato_34/materials/scripts/blossom3.material
[6.067s] -- Installing: /home/iot/ros2_ws/src/install/parc_robot_bringup/share/parc_robot_bringup/models/tomato_34/materials/scripts/leaf2.material
[6.067s] -- Installing: /home/iot/ros2_ws/src/install/parc_robot_bringup/share/parc_robot_bringup/models/tomato_34/materials/scripts/fruit1.material
[6.068s] -- Installing: /home/iot/ros2_ws/src/install/parc_robot_bringup/share/parc_robot_bringup/models/tomato_34/materials/scripts/blossom2.material
[6.069s] -- Installing: /home/iot/ros2_ws/src/install/parc_robot_bringup/share/parc_robot_bringup/models/tomato_34/materials/scripts/fruit3.material
[6.069s] -- Installing: /home/iot/ros2_ws/src/install/parc_robot_bringup/share/parc_robot_bringup/models/tomato_34/materials/scripts/fruit2.material
[6.069s] -- Installing: /home/iot/ros2_ws/src/install/parc_robot_bringup/share/parc_robot_bringup/models/tomato_34/meshes
[6.069s] -- Installing: /home/iot/ros2_ws/src/install/parc_robot_bringup/share/parc_robot_bringup/models/tomato_34/meshes/.gitignore
[6.070s] -- Installing: /home/iot/ros2_ws/src/install/parc_robot_bringup/share/parc_robot_bringup/models/tomato_34/meshes/tomato.dae
[6.082s] -- Installing: /home/iot/ros2_ws/src/install/parc_robot_bringup/share/parc_robot_bringup/models/tomato_34/model.sdf
[6.083s] -- Installing: /home/iot/ros2_ws/src/install/parc_robot_bringup/share/parc_robot_bringup/models/tomato_34/markers.json
[6.084s] -- Installing: /home/iot/ros2_ws/src/install/parc_robot_bringup/share/parc_robot_bringup/models/tomato_34/model.config
[6.084s] -- Installing: /home/iot/ros2_ws/src/install/parc_robot_bringup/share/parc_robot_bringup/models/peg
[6.084s] -- Installing: /home/iot/ros2_ws/src/install/parc_robot_bringup/share/parc_robot_bringup/models/peg/model.sdf
[6.085s] -- Installing: /home/iot/ros2_ws/src/install/parc_robot_bringup/share/parc_robot_bringup/models/peg/model.config
[6.086s] -- Installing: /home/iot/ros2_ws/src/install/parc_robot_bringup/share/parc_robot_bringup/rviz
[6.086s] -- Installing: /home/iot/ros2_ws/src/install/parc_robot_bringup/share/parc_robot_bringup/rviz/task2.rviz
[6.087s] -- Installing: /home/iot/ros2_ws/src/install/parc_robot_bringup/share/parc_robot_bringup/rviz/task1.rviz
[6.087s] -- Installing: /home/iot/ros2_ws/src/install/parc_robot_bringup/share/parc_robot_bringup/rviz/parc_robot_bringup.rviz
[6.088s] -- Installing: /home/iot/ros2_ws/src/install/parc_robot_bringup/share/parc_robot_bringup/worlds
[6.088s] -- Installing: /home/iot/ros2_ws/src/install/parc_robot_bringup/share/parc_robot_bringup/worlds/parc_task1.world
[6.089s] -- Installing: /home/iot/ros2_ws/src/install/parc_robot_bringup/share/parc_robot_bringup/worlds/world3.world
[6.091s] -- Installing: /home/iot/ros2_ws/src/install/parc_robot_bringup/share/parc_robot_bringup/worlds/world1.world
[6.092s] -- Installing: /home/iot/ros2_ws/src/install/parc_robot_bringup/share/parc_robot_bringup/worlds/world2.world
[6.094s] -- Installing: /home/iot/ros2_ws/src/install/parc_robot_bringup/share/parc_robot_bringup/environment/pythonpath.sh
[6.095s] -- Installing: /home/iot/ros2_ws/src/install/parc_robot_bringup/share/parc_robot_bringup/environment/pythonpath.dsv
[6.096s] -- Installing: /home/iot/ros2_ws/src/install/parc_robot_bringup/local/lib/python3.10/dist-packages/parc_robot_bringup-0.0.0-py3.10.egg-info
[6.097s] -- Installing: /home/iot/ros2_ws/src/install/parc_robot_bringup/local/lib/python3.10/dist-packages/parc_robot_bringup-0.0.0-py3.10.egg-info/PKG-INFO
[6.097s] -- Installing: /home/iot/ros2_ws/src/install/parc_robot_bringup/local/lib/python3.10/dist-packages/parc_robot_bringup-0.0.0-py3.10.egg-info/dependency_links.txt
[6.098s] -- Installing: /home/iot/ros2_ws/src/install/parc_robot_bringup/local/lib/python3.10/dist-packages/parc_robot_bringup-0.0.0-py3.10.egg-info/SOURCES.txt
[6.098s] -- Installing: /home/iot/ros2_ws/src/install/parc_robot_bringup/local/lib/python3.10/dist-packages/parc_robot_bringup-0.0.0-py3.10.egg-info/top_level.txt
[6.099s] -- Installing: /home/iot/ros2_ws/src/install/parc_robot_bringup/local/lib/python3.10/dist-packages/parc_robot_bringup
[6.099s] -- Installing: /home/iot/ros2_ws/src/install/parc_robot_bringup/local/lib/python3.10/dist-packages/parc_robot_bringup/__init__.py
[6.099s] -- Installing: /home/iot/ros2_ws/src/install/parc_robot_bringup/local/lib/python3.10/dist-packages/parc_robot_bringup/gps2cartesian.py
[6.158s] Listing '/home/iot/ros2_ws/src/install/parc_robot_bringup/local/lib/python3.10/dist-packages/parc_robot_bringup'...
[6.158s] Compiling '/home/iot/ros2_ws/src/install/parc_robot_bringup/local/lib/python3.10/dist-packages/parc_robot_bringup/__init__.py'...
[6.158s] Compiling '/home/iot/ros2_ws/src/install/parc_robot_bringup/local/lib/python3.10/dist-packages/parc_robot_bringup/gps2cartesian.py'...
[6.161s] -- Installing: /home/iot/ros2_ws/src/install/parc_robot_bringup/lib/parc_robot_bringup/load_task1_params.py
[6.162s] -- Installing: /home/iot/ros2_ws/src/install/parc_robot_bringup/lib/parc_robot_bringup/parc_robot_route.py
[6.162s] -- Installing: /home/iot/ros2_ws/src/install/parc_robot_bringup/lib/parc_robot_bringup/parc_robot_nav.py
[6.162s] -- Installing: /home/iot/ros2_ws/src/install/parc_robot_bringup/share/ament_index/resource_index/package_run_dependencies/parc_robot_bringup
[6.162s] -- Installing: /home/iot/ros2_ws/src/install/parc_robot_bringup/share/ament_index/resource_index/parent_prefix_path/parc_robot_bringup
[6.163s] -- Installing: /home/iot/ros2_ws/src/install/parc_robot_bringup/share/parc_robot_bringup/environment/ament_prefix_path.sh
[6.163s] -- Installing: /home/iot/ros2_ws/src/install/parc_robot_bringup/share/parc_robot_bringup/environment/ament_prefix_path.dsv
[6.163s] -- Installing: /home/iot/ros2_ws/src/install/parc_robot_bringup/share/parc_robot_bringup/environment/path.sh
[6.163s] -- Installing: /home/iot/ros2_ws/src/install/parc_robot_bringup/share/parc_robot_bringup/environment/path.dsv
[6.163s] -- Installing: /home/iot/ros2_ws/src/install/parc_robot_bringup/share/parc_robot_bringup/local_setup.bash
[6.163s] -- Installing: /home/iot/ros2_ws/src/install/parc_robot_bringup/share/parc_robot_bringup/local_setup.sh
[6.163s] -- Installing: /home/iot/ros2_ws/src/install/parc_robot_bringup/share/parc_robot_bringup/local_setup.zsh
[6.163s] -- Installing: /home/iot/ros2_ws/src/install/parc_robot_bringup/share/parc_robot_bringup/local_setup.dsv
[6.163s] -- Installing: /home/iot/ros2_ws/src/install/parc_robot_bringup/share/parc_robot_bringup/package.dsv
[6.163s] -- Installing: /home/iot/ros2_ws/src/install/parc_robot_bringup/share/ament_index/resource_index/packages/parc_robot_bringup
[6.163s] -- Installing: /home/iot/ros2_ws/src/install/parc_robot_bringup/share/parc_robot_bringup/cmake/parc_robot_bringupConfig.cmake
[6.163s] -- Installing: /home/iot/ros2_ws/src/install/parc_robot_bringup/share/parc_robot_bringup/cmake/parc_robot_bringupConfig-version.cmake
[6.164s] -- Installing: /home/iot/ros2_ws/src/install/parc_robot_bringup/share/parc_robot_bringup/package.xml
[6.166s] Invoked command in '/home/iot/ros2_ws/src/build/parc_robot_bringup' returned '0': AMENT_PREFIX_PATH=/home/iot/ros2_ws/src/install/parc_robot_interfaces:/home/iot/ros2_ws/src/install/parc_robot_description:${AMENT_PREFIX_PATH} CMAKE_PREFIX_PATH=/home/iot/ros2_ws/src/install/parc_robot_interfaces:/home/iot/ros2_ws/src/install/parc_robot_description:/home/iot/ros2_ws/install/parc_robot_bringup:/home/iot/ros2_ws/install/parc_robot_interfaces:/home/iot/ros2_ws/install/parc_robot_description:/home/iot/ros2_ws/install/parc_robot:/opt/ros/humble LD_LIBRARY_PATH=/home/iot/ros2_ws/src/install/parc_robot_interfaces/lib:${LD_LIBRARY_PATH} PYTHONPATH=/home/iot/ros2_ws/src/install/parc_robot_interfaces/local/lib/python3.10/dist-packages:${PYTHONPATH} /usr/bin/cmake --install /home/iot/ros2_ws/src/build/parc_robot_bringup
