[1.451s] Invoking command in '/home/iot/ros2_ws/src/farmland_navigation': CMAKE_PREFIX_PATH=/home/iot/ros2_ws/install/parc_robot_interfaces:/home/iot/ros2_ws/install/parc_robot_bringup:/home/iot/ros2_ws/install/parc_robot_description:/home/iot/ros2_ws/install/parc_robot PYTHONPATH=/home/iot/ros2_ws/build/farmland_navigation/prefix_override:/home/iot/ros2_ws/install/farmland_navigation/lib/python3.10/site-packages:${PYTHONPATH} /usr/bin/python3 -W ignore:setup.py install is deprecated setup.py egg_info --egg-base ../../build/farmland_navigation build --build-base /home/iot/ros2_ws/build/farmland_navigation/build install --record /home/iot/ros2_ws/build/farmland_navigation/install.log --single-version-externally-managed install_data
[1.818s] running egg_info
[1.819s] writing ../../build/farmland_navigation/farmland_navigation.egg-info/PKG-INFO
[1.819s] writing dependency_links to ../../build/farmland_navigation/farmland_navigation.egg-info/dependency_links.txt
[1.820s] writing entry points to ../../build/farmland_navigation/farmland_navigation.egg-info/entry_points.txt
[1.820s] writing requirements to ../../build/farmland_navigation/farmland_navigation.egg-info/requires.txt
[1.820s] writing top-level names to ../../build/farmland_navigation/farmland_navigation.egg-info/top_level.txt
[1.823s] reading manifest file '../../build/farmland_navigation/farmland_navigation.egg-info/SOURCES.txt'
[1.824s] writing manifest file '../../build/farmland_navigation/farmland_navigation.egg-info/SOURCES.txt'
[1.824s] running build
[1.824s] running build_py
[1.825s] running install
[1.826s] running install_lib
[1.828s] running install_data
[1.829s] running install_egg_info
[1.831s] removing '/home/iot/ros2_ws/install/farmland_navigation/lib/python3.10/site-packages/farmland_navigation-0.0.0-py3.10.egg-info' (and everything under it)
[1.832s] Copying ../../build/farmland_navigation/farmland_navigation.egg-info to /home/iot/ros2_ws/install/farmland_navigation/lib/python3.10/site-packages/farmland_navigation-0.0.0-py3.10.egg-info
[1.834s] running install_scripts
[1.865s] Installing roi script to /home/iot/ros2_ws/install/farmland_navigation/lib/farmland_navigation
[1.866s] writing list of installed files to '/home/iot/ros2_ws/build/farmland_navigation/install.log'
[1.898s] Invoked command in '/home/iot/ros2_ws/src/farmland_navigation' returned '0': CMAKE_PREFIX_PATH=/home/iot/ros2_ws/install/parc_robot_interfaces:/home/iot/ros2_ws/install/parc_robot_bringup:/home/iot/ros2_ws/install/parc_robot_description:/home/iot/ros2_ws/install/parc_robot PYTHONPATH=/home/iot/ros2_ws/build/farmland_navigation/prefix_override:/home/iot/ros2_ws/install/farmland_navigation/lib/python3.10/site-packages:${PYTHONPATH} /usr/bin/python3 -W ignore:setup.py install is deprecated setup.py egg_info --egg-base ../../build/farmland_navigation build --build-base /home/iot/ros2_ws/build/farmland_navigation/build install --record /home/iot/ros2_ws/build/farmland_navigation/install.log --single-version-externally-managed install_data
