running egg_info
writing ../../build/tomatoes_detection1/tomatoes_detection1.egg-info/PKG-INFO
writing dependency_links to ../../build/tomatoes_detection1/tomatoes_detection1.egg-info/dependency_links.txt
writing entry points to ../../build/tomatoes_detection1/tomatoes_detection1.egg-info/entry_points.txt
writing requirements to ../../build/tomatoes_detection1/tomatoes_detection1.egg-info/requires.txt
writing top-level names to ../../build/tomatoes_detection1/tomatoes_detection1.egg-info/top_level.txt
reading manifest file '../../build/tomatoes_detection1/tomatoes_detection1.egg-info/SOURCES.txt'
writing manifest file '../../build/tomatoes_detection1/tomatoes_detection1.egg-info/SOURCES.txt'
running build
running build_py
running install
running install_lib
running install_data
running install_egg_info
removing '/home/iot/ros2_ws/install/tomatoes_detection1/lib/python3.10/site-packages/tomatoes_detection1-0.0.0-py3.10.egg-info' (and everything under it)
Copying ../../build/tomatoes_detection1/tomatoes_detection1.egg-info to /home/iot/ros2_ws/install/tomatoes_detection1/lib/python3.10/site-packages/tomatoes_detection1-0.0.0-py3.10.egg-info
running install_scripts
Installing detect_tomatoes script to /home/iot/ros2_ws/install/tomatoes_detection1/lib/tomatoes_detection1
Installing move_robot script to /home/iot/ros2_ws/install/tomatoes_detection1/lib/tomatoes_detection1
writing list of installed files to '/home/iot/ros2_ws/build/tomatoes_detection1/install.log'
