[0.109s] DEBUG:colcon:Command line arguments: ['/home/iot/.local/bin/colcon', 'build']
[0.109s] DEBUG:colcon:Parsed command line arguments: Namespace(log_base=None, log_level=None, verb_name='build', build_base='build', install_base='install', merge_install=False, symlink_install=False, test_result_base=None, continue_on_error=False, executor='parallel', parallel_workers=8, event_handlers=None, ignore_user_meta=False, metas=['./colcon.meta'], base_paths=['.'], packages_ignore=None, packages_ignore_regex=None, paths=None, packages_up_to=None, packages_up_to_regex=None, packages_above=None, packages_above_and_dependencies=None, packages_above_depth=None, packages_select_by_dep=None, packages_skip_by_dep=None, packages_skip_up_to=None, packages_select_build_failed=False, packages_skip_build_finished=False, packages_select_test_failures=False, packages_skip_test_passed=False, packages_select=None, packages_skip=None, packages_select_regex=None, packages_skip_regex=None, packages_start=None, packages_end=None, cmake_args=None, cmake_target=None, cmake_target_skip_unavailable=False, cmake_clean_cache=False, cmake_clean_first=False, cmake_force_configure=False, ament_cmake_args=None, catkin_cmake_args=None, catkin_skip_building_tests=False, verb_parser=<colcon_defaults.argument_parser.defaults.DefaultArgumentsDecorator object at 0x78f960ff6b30>, verb_extension=<colcon_core.verb.build.BuildVerb object at 0x78f960fb0190>, main=<bound method BuildVerb.main of <colcon_core.verb.build.BuildVerb object at 0x78f960fb0190>>)
[0.236s] Level 1:colcon.colcon_core.package_discovery:discover_packages(colcon_meta) check parameters
[0.237s] Level 1:colcon.colcon_core.package_discovery:discover_packages(recursive) check parameters
[0.237s] Level 1:colcon.colcon_core.package_discovery:discover_packages(ignore) check parameters
[0.237s] Level 1:colcon.colcon_core.package_discovery:discover_packages(path) check parameters
[0.237s] Level 1:colcon.colcon_core.package_discovery:discover_packages(colcon_meta) discover
[0.237s] Level 1:colcon.colcon_core.package_discovery:discover_packages(recursive) discover
[0.237s] INFO:colcon.colcon_core.package_discovery:Crawling recursively for packages in '/home/iot/ros2_ws'
[0.237s] Level 1:colcon.colcon_core.package_identification:_identify(.) by extensions ['ignore', 'ignore_ament_install']
[0.237s] Level 1:colcon.colcon_core.package_identification:_identify(.) by extension 'ignore'
[0.237s] Level 1:colcon.colcon_core.package_identification:_identify(.) by extension 'ignore_ament_install'
[0.237s] Level 1:colcon.colcon_core.package_identification:_identify(.) by extensions ['colcon_pkg']
[0.237s] Level 1:colcon.colcon_core.package_identification:_identify(.) by extension 'colcon_pkg'
[0.237s] Level 1:colcon.colcon_core.package_identification:_identify(.) by extensions ['colcon_meta']
[0.237s] Level 1:colcon.colcon_core.package_identification:_identify(.) by extension 'colcon_meta'
[0.237s] Level 1:colcon.colcon_core.package_identification:_identify(.) by extensions ['ros']
[0.237s] Level 1:colcon.colcon_core.package_identification:_identify(.) by extension 'ros'
[0.246s] Level 1:colcon.colcon_core.package_identification:_identify(.) by extensions ['cmake', 'python']
[0.246s] Level 1:colcon.colcon_core.package_identification:_identify(.) by extension 'cmake'
[0.246s] Level 1:colcon.colcon_core.package_identification:_identify(.) by extension 'python'
[0.246s] Level 1:colcon.colcon_core.package_identification:_identify(.) by extensions ['python_setup_py']
[0.246s] Level 1:colcon.colcon_core.package_identification:_identify(.) by extension 'python_setup_py'
[0.246s] Level 1:colcon.colcon_core.package_identification:_identify(build) by extensions ['ignore', 'ignore_ament_install']
[0.247s] Level 1:colcon.colcon_core.package_identification:_identify(build) by extension 'ignore'
[0.247s] Level 1:colcon.colcon_core.package_identification:_identify(build) ignored
[0.247s] Level 1:colcon.colcon_core.package_identification:_identify(install) by extensions ['ignore', 'ignore_ament_install']
[0.247s] Level 1:colcon.colcon_core.package_identification:_identify(install) by extension 'ignore'
[0.247s] Level 1:colcon.colcon_core.package_identification:_identify(install) ignored
[0.247s] Level 1:colcon.colcon_core.package_identification:_identify(log) by extensions ['ignore', 'ignore_ament_install']
[0.247s] Level 1:colcon.colcon_core.package_identification:_identify(log) by extension 'ignore'
[0.247s] Level 1:colcon.colcon_core.package_identification:_identify(log) ignored
[0.247s] Level 1:colcon.colcon_core.package_identification:_identify(src) by extensions ['ignore', 'ignore_ament_install']
[0.247s] Level 1:colcon.colcon_core.package_identification:_identify(src) by extension 'ignore'
[0.247s] Level 1:colcon.colcon_core.package_identification:_identify(src) by extension 'ignore_ament_install'
[0.247s] Level 1:colcon.colcon_core.package_identification:_identify(src) by extensions ['colcon_pkg']
[0.247s] Level 1:colcon.colcon_core.package_identification:_identify(src) by extension 'colcon_pkg'
[0.247s] Level 1:colcon.colcon_core.package_identification:_identify(src) by extensions ['colcon_meta']
[0.247s] Level 1:colcon.colcon_core.package_identification:_identify(src) by extension 'colcon_meta'
[0.247s] Level 1:colcon.colcon_core.package_identification:_identify(src) by extensions ['ros']
[0.247s] Level 1:colcon.colcon_core.package_identification:_identify(src) by extension 'ros'
[0.247s] Level 1:colcon.colcon_core.package_identification:_identify(src) by extensions ['cmake', 'python']
[0.247s] Level 1:colcon.colcon_core.package_identification:_identify(src) by extension 'cmake'
[0.247s] Level 1:colcon.colcon_core.package_identification:_identify(src) by extension 'python'
[0.247s] Level 1:colcon.colcon_core.package_identification:_identify(src) by extensions ['python_setup_py']
[0.248s] Level 1:colcon.colcon_core.package_identification:_identify(src) by extension 'python_setup_py'
[0.248s] Level 1:colcon.colcon_core.package_identification:_identify(src/parc_robot) by extensions ['ignore', 'ignore_ament_install']
[0.248s] Level 1:colcon.colcon_core.package_identification:_identify(src/parc_robot) by extension 'ignore'
[0.248s] Level 1:colcon.colcon_core.package_identification:_identify(src/parc_robot) by extension 'ignore_ament_install'
[0.248s] Level 1:colcon.colcon_core.package_identification:_identify(src/parc_robot) by extensions ['colcon_pkg']
[0.248s] Level 1:colcon.colcon_core.package_identification:_identify(src/parc_robot) by extension 'colcon_pkg'
[0.248s] Level 1:colcon.colcon_core.package_identification:_identify(src/parc_robot) by extensions ['colcon_meta']
[0.248s] Level 1:colcon.colcon_core.package_identification:_identify(src/parc_robot) by extension 'colcon_meta'
[0.248s] Level 1:colcon.colcon_core.package_identification:_identify(src/parc_robot) by extensions ['ros']
[0.248s] Level 1:colcon.colcon_core.package_identification:_identify(src/parc_robot) by extension 'ros'
[0.250s] DEBUG:colcon.colcon_core.package_identification:Package 'src/parc_robot' with type 'ros.ament_cmake' and name 'parc_robot'
[0.250s] Level 1:colcon.colcon_core.package_identification:_identify(src/parc_robot_bringup) by extensions ['ignore', 'ignore_ament_install']
[0.250s] Level 1:colcon.colcon_core.package_identification:_identify(src/parc_robot_bringup) by extension 'ignore'
[0.250s] Level 1:colcon.colcon_core.package_identification:_identify(src/parc_robot_bringup) by extension 'ignore_ament_install'
[0.250s] Level 1:colcon.colcon_core.package_identification:_identify(src/parc_robot_bringup) by extensions ['colcon_pkg']
[0.250s] Level 1:colcon.colcon_core.package_identification:_identify(src/parc_robot_bringup) by extension 'colcon_pkg'
[0.250s] Level 1:colcon.colcon_core.package_identification:_identify(src/parc_robot_bringup) by extensions ['colcon_meta']
[0.250s] Level 1:colcon.colcon_core.package_identification:_identify(src/parc_robot_bringup) by extension 'colcon_meta'
[0.250s] Level 1:colcon.colcon_core.package_identification:_identify(src/parc_robot_bringup) by extensions ['ros']
[0.250s] Level 1:colcon.colcon_core.package_identification:_identify(src/parc_robot_bringup) by extension 'ros'
[0.251s] DEBUG:colcon.colcon_core.package_identification:Package 'src/parc_robot_bringup' with type 'ros.ament_cmake' and name 'parc_robot_bringup'
[0.251s] Level 1:colcon.colcon_core.package_identification:_identify(src/parc_robot_description) by extensions ['ignore', 'ignore_ament_install']
[0.251s] Level 1:colcon.colcon_core.package_identification:_identify(src/parc_robot_description) by extension 'ignore'
[0.251s] Level 1:colcon.colcon_core.package_identification:_identify(src/parc_robot_description) by extension 'ignore_ament_install'
[0.251s] Level 1:colcon.colcon_core.package_identification:_identify(src/parc_robot_description) by extensions ['colcon_pkg']
[0.251s] Level 1:colcon.colcon_core.package_identification:_identify(src/parc_robot_description) by extension 'colcon_pkg'
[0.251s] Level 1:colcon.colcon_core.package_identification:_identify(src/parc_robot_description) by extensions ['colcon_meta']
[0.251s] Level 1:colcon.colcon_core.package_identification:_identify(src/parc_robot_description) by extension 'colcon_meta'
[0.251s] Level 1:colcon.colcon_core.package_identification:_identify(src/parc_robot_description) by extensions ['ros']
[0.251s] Level 1:colcon.colcon_core.package_identification:_identify(src/parc_robot_description) by extension 'ros'
[0.252s] DEBUG:colcon.colcon_core.package_identification:Package 'src/parc_robot_description' with type 'ros.ament_cmake' and name 'parc_robot_description'
[0.252s] Level 1:colcon.colcon_core.package_identification:_identify(src/parc_robot_interfaces) by extensions ['ignore', 'ignore_ament_install']
[0.252s] Level 1:colcon.colcon_core.package_identification:_identify(src/parc_robot_interfaces) by extension 'ignore'
[0.252s] Level 1:colcon.colcon_core.package_identification:_identify(src/parc_robot_interfaces) by extension 'ignore_ament_install'
[0.252s] Level 1:colcon.colcon_core.package_identification:_identify(src/parc_robot_interfaces) by extensions ['colcon_pkg']
[0.252s] Level 1:colcon.colcon_core.package_identification:_identify(src/parc_robot_interfaces) by extension 'colcon_pkg'
[0.252s] Level 1:colcon.colcon_core.package_identification:_identify(src/parc_robot_interfaces) by extensions ['colcon_meta']
[0.252s] Level 1:colcon.colcon_core.package_identification:_identify(src/parc_robot_interfaces) by extension 'colcon_meta'
[0.252s] Level 1:colcon.colcon_core.package_identification:_identify(src/parc_robot_interfaces) by extensions ['ros']
[0.252s] Level 1:colcon.colcon_core.package_identification:_identify(src/parc_robot_interfaces) by extension 'ros'
[0.253s] DEBUG:colcon.colcon_core.package_identification:Package 'src/parc_robot_interfaces' with type 'ros.ament_cmake' and name 'parc_robot_interfaces'
[0.253s] Level 1:colcon.colcon_core.package_identification:_identify(src/resources) by extensions ['ignore', 'ignore_ament_install']
[0.253s] Level 1:colcon.colcon_core.package_identification:_identify(src/resources) by extension 'ignore'
[0.253s] Level 1:colcon.colcon_core.package_identification:_identify(src/resources) by extension 'ignore_ament_install'
[0.253s] Level 1:colcon.colcon_core.package_identification:_identify(src/resources) by extensions ['colcon_pkg']
[0.253s] Level 1:colcon.colcon_core.package_identification:_identify(src/resources) by extension 'colcon_pkg'
[0.253s] Level 1:colcon.colcon_core.package_identification:_identify(src/resources) by extensions ['colcon_meta']
[0.253s] Level 1:colcon.colcon_core.package_identification:_identify(src/resources) by extension 'colcon_meta'
[0.253s] Level 1:colcon.colcon_core.package_identification:_identify(src/resources) by extensions ['ros']
[0.253s] Level 1:colcon.colcon_core.package_identification:_identify(src/resources) by extension 'ros'
[0.253s] Level 1:colcon.colcon_core.package_identification:_identify(src/resources) by extensions ['cmake', 'python']
[0.253s] Level 1:colcon.colcon_core.package_identification:_identify(src/resources) by extension 'cmake'
[0.253s] Level 1:colcon.colcon_core.package_identification:_identify(src/resources) by extension 'python'
[0.253s] Level 1:colcon.colcon_core.package_identification:_identify(src/resources) by extensions ['python_setup_py']
[0.253s] Level 1:colcon.colcon_core.package_identification:_identify(src/resources) by extension 'python_setup_py'
[0.253s] Level 1:colcon.colcon_core.package_discovery:discover_packages(recursive) using defaults
[0.253s] Level 1:colcon.colcon_core.package_discovery:discover_packages(ignore) discover
[0.253s] Level 1:colcon.colcon_core.package_discovery:discover_packages(ignore) using defaults
[0.253s] Level 1:colcon.colcon_core.package_discovery:discover_packages(path) discover
[0.253s] Level 1:colcon.colcon_core.package_discovery:discover_packages(path) using defaults
[0.269s] Level 5:colcon.colcon_core.verb:set package 'parc_robot' build argument 'cmake_args' from command line to 'None'
[0.269s] Level 5:colcon.colcon_core.verb:set package 'parc_robot' build argument 'cmake_target' from command line to 'None'
[0.269s] Level 5:colcon.colcon_core.verb:set package 'parc_robot' build argument 'cmake_target_skip_unavailable' from command line to 'False'
[0.269s] Level 5:colcon.colcon_core.verb:set package 'parc_robot' build argument 'cmake_clean_cache' from command line to 'False'
[0.269s] Level 5:colcon.colcon_core.verb:set package 'parc_robot' build argument 'cmake_clean_first' from command line to 'False'
[0.269s] Level 5:colcon.colcon_core.verb:set package 'parc_robot' build argument 'cmake_force_configure' from command line to 'False'
[0.270s] Level 5:colcon.colcon_core.verb:set package 'parc_robot' build argument 'ament_cmake_args' from command line to 'None'
[0.270s] Level 5:colcon.colcon_core.verb:set package 'parc_robot' build argument 'catkin_cmake_args' from command line to 'None'
[0.270s] Level 5:colcon.colcon_core.verb:set package 'parc_robot' build argument 'catkin_skip_building_tests' from command line to 'False'
[0.270s] DEBUG:colcon.colcon_core.verb:Building package 'parc_robot' with the following arguments: {'ament_cmake_args': None, 'build_base': '/home/iot/ros2_ws/build/parc_robot', 'catkin_cmake_args': None, 'catkin_skip_building_tests': False, 'cmake_args': None, 'cmake_clean_cache': False, 'cmake_clean_first': False, 'cmake_force_configure': False, 'cmake_target': None, 'cmake_target_skip_unavailable': False, 'install_base': '/home/iot/ros2_ws/install/parc_robot', 'merge_install': False, 'path': '/home/iot/ros2_ws/src/parc_robot', 'symlink_install': False, 'test_result_base': None}
[0.270s] Level 5:colcon.colcon_core.verb:set package 'parc_robot_description' build argument 'cmake_args' from command line to 'None'
[0.270s] Level 5:colcon.colcon_core.verb:set package 'parc_robot_description' build argument 'cmake_target' from command line to 'None'
[0.270s] Level 5:colcon.colcon_core.verb:set package 'parc_robot_description' build argument 'cmake_target_skip_unavailable' from command line to 'False'
[0.270s] Level 5:colcon.colcon_core.verb:set package 'parc_robot_description' build argument 'cmake_clean_cache' from command line to 'False'
[0.270s] Level 5:colcon.colcon_core.verb:set package 'parc_robot_description' build argument 'cmake_clean_first' from command line to 'False'
[0.270s] Level 5:colcon.colcon_core.verb:set package 'parc_robot_description' build argument 'cmake_force_configure' from command line to 'False'
[0.270s] Level 5:colcon.colcon_core.verb:set package 'parc_robot_description' build argument 'ament_cmake_args' from command line to 'None'
[0.270s] Level 5:colcon.colcon_core.verb:set package 'parc_robot_description' build argument 'catkin_cmake_args' from command line to 'None'
[0.270s] Level 5:colcon.colcon_core.verb:set package 'parc_robot_description' build argument 'catkin_skip_building_tests' from command line to 'False'
[0.270s] DEBUG:colcon.colcon_core.verb:Building package 'parc_robot_description' with the following arguments: {'ament_cmake_args': None, 'build_base': '/home/iot/ros2_ws/build/parc_robot_description', 'catkin_cmake_args': None, 'catkin_skip_building_tests': False, 'cmake_args': None, 'cmake_clean_cache': False, 'cmake_clean_first': False, 'cmake_force_configure': False, 'cmake_target': None, 'cmake_target_skip_unavailable': False, 'install_base': '/home/iot/ros2_ws/install/parc_robot_description', 'merge_install': False, 'path': '/home/iot/ros2_ws/src/parc_robot_description', 'symlink_install': False, 'test_result_base': None}
[0.270s] Level 5:colcon.colcon_core.verb:set package 'parc_robot_interfaces' build argument 'cmake_args' from command line to 'None'
[0.270s] Level 5:colcon.colcon_core.verb:set package 'parc_robot_interfaces' build argument 'cmake_target' from command line to 'None'
[0.270s] Level 5:colcon.colcon_core.verb:set package 'parc_robot_interfaces' build argument 'cmake_target_skip_unavailable' from command line to 'False'
[0.270s] Level 5:colcon.colcon_core.verb:set package 'parc_robot_interfaces' build argument 'cmake_clean_cache' from command line to 'False'
[0.270s] Level 5:colcon.colcon_core.verb:set package 'parc_robot_interfaces' build argument 'cmake_clean_first' from command line to 'False'
[0.270s] Level 5:colcon.colcon_core.verb:set package 'parc_robot_interfaces' build argument 'cmake_force_configure' from command line to 'False'
[0.270s] Level 5:colcon.colcon_core.verb:set package 'parc_robot_interfaces' build argument 'ament_cmake_args' from command line to 'None'
[0.271s] Level 5:colcon.colcon_core.verb:set package 'parc_robot_interfaces' build argument 'catkin_cmake_args' from command line to 'None'
[0.271s] Level 5:colcon.colcon_core.verb:set package 'parc_robot_interfaces' build argument 'catkin_skip_building_tests' from command line to 'False'
[0.271s] DEBUG:colcon.colcon_core.verb:Building package 'parc_robot_interfaces' with the following arguments: {'ament_cmake_args': None, 'build_base': '/home/iot/ros2_ws/build/parc_robot_interfaces', 'catkin_cmake_args': None, 'catkin_skip_building_tests': False, 'cmake_args': None, 'cmake_clean_cache': False, 'cmake_clean_first': False, 'cmake_force_configure': False, 'cmake_target': None, 'cmake_target_skip_unavailable': False, 'install_base': '/home/iot/ros2_ws/install/parc_robot_interfaces', 'merge_install': False, 'path': '/home/iot/ros2_ws/src/parc_robot_interfaces', 'symlink_install': False, 'test_result_base': None}
[0.271s] Level 5:colcon.colcon_core.verb:set package 'parc_robot_bringup' build argument 'cmake_args' from command line to 'None'
[0.271s] Level 5:colcon.colcon_core.verb:set package 'parc_robot_bringup' build argument 'cmake_target' from command line to 'None'
[0.271s] Level 5:colcon.colcon_core.verb:set package 'parc_robot_bringup' build argument 'cmake_target_skip_unavailable' from command line to 'False'
[0.271s] Level 5:colcon.colcon_core.verb:set package 'parc_robot_bringup' build argument 'cmake_clean_cache' from command line to 'False'
[0.271s] Level 5:colcon.colcon_core.verb:set package 'parc_robot_bringup' build argument 'cmake_clean_first' from command line to 'False'
[0.271s] Level 5:colcon.colcon_core.verb:set package 'parc_robot_bringup' build argument 'cmake_force_configure' from command line to 'False'
[0.271s] Level 5:colcon.colcon_core.verb:set package 'parc_robot_bringup' build argument 'ament_cmake_args' from command line to 'None'
[0.271s] Level 5:colcon.colcon_core.verb:set package 'parc_robot_bringup' build argument 'catkin_cmake_args' from command line to 'None'
[0.271s] Level 5:colcon.colcon_core.verb:set package 'parc_robot_bringup' build argument 'catkin_skip_building_tests' from command line to 'False'
[0.271s] DEBUG:colcon.colcon_core.verb:Building package 'parc_robot_bringup' with the following arguments: {'ament_cmake_args': None, 'build_base': '/home/iot/ros2_ws/build/parc_robot_bringup', 'catkin_cmake_args': None, 'catkin_skip_building_tests': False, 'cmake_args': None, 'cmake_clean_cache': False, 'cmake_clean_first': False, 'cmake_force_configure': False, 'cmake_target': None, 'cmake_target_skip_unavailable': False, 'install_base': '/home/iot/ros2_ws/install/parc_robot_bringup', 'merge_install': False, 'path': '/home/iot/ros2_ws/src/parc_robot_bringup', 'symlink_install': False, 'test_result_base': None}
[0.271s] INFO:colcon.colcon_core.executor:Executing jobs using 'parallel' executor
[0.272s] DEBUG:colcon.colcon_parallel_executor.executor.parallel:run_until_complete
[0.272s] INFO:colcon.colcon_ros.task.ament_cmake.build:Building ROS package in '/home/iot/ros2_ws/src/parc_robot_description' with build type 'ament_cmake'
[0.272s] INFO:colcon.colcon_cmake.task.cmake.build:Building CMake package in '/home/iot/ros2_ws/src/parc_robot_description'
[0.274s] INFO:colcon.colcon_core.plugin_system:Skipping extension 'colcon_core.shell.bat': Not used on non-Windows systems
[0.274s] INFO:colcon.colcon_core.shell:Skip shell extension 'powershell' for command environment: Not usable outside of PowerShell
[0.274s] DEBUG:colcon.colcon_core.shell:Skip shell extension 'dsv' for command environment
[0.275s] WARNING:colcon.colcon_ros.prefix_path.ament:The path '/home/iot/ros2_ws/install/tomatoes_detection1' in the environment variable AMENT_PREFIX_PATH doesn't exist
[0.275s] WARNING:colcon.colcon_ros.prefix_path.ament:The path '/home/iot/ros2_ws/install/farmland_navigation' in the environment variable AMENT_PREFIX_PATH doesn't exist
[0.278s] INFO:colcon.colcon_ros.task.ament_cmake.build:Building ROS package in '/home/iot/ros2_ws/src/parc_robot_interfaces' with build type 'ament_cmake'
[0.278s] INFO:colcon.colcon_cmake.task.cmake.build:Building CMake package in '/home/iot/ros2_ws/src/parc_robot_interfaces'
[0.278s] INFO:colcon.colcon_core.shell:Skip shell extension 'powershell' for command environment: Not usable outside of PowerShell
[0.278s] DEBUG:colcon.colcon_core.shell:Skip shell extension 'dsv' for command environment
[0.280s] INFO:colcon.colcon_ros.task.ament_cmake.build:Building ROS package in '/home/iot/ros2_ws/src/parc_robot' with build type 'ament_cmake'
[0.280s] INFO:colcon.colcon_cmake.task.cmake.build:Building CMake package in '/home/iot/ros2_ws/src/parc_robot'
[0.281s] INFO:colcon.colcon_core.shell:Skip shell extension 'powershell' for command environment: Not usable outside of PowerShell
[0.281s] DEBUG:colcon.colcon_core.shell:Skip shell extension 'dsv' for command environment
[0.288s] DEBUG:colcon.colcon_core.event_handler.log_command:Invoking command in '/home/iot/ros2_ws/build/parc_robot_description': CMAKE_PREFIX_PATH=${CMAKE_PREFIX_PATH}:/home/iot/ros2_ws/install/tomatoes_detection1:/home/iot/ros2_ws/install/farmland_navigation:/opt/ros/humble /usr/bin/cmake --build /home/iot/ros2_ws/build/parc_robot_description -- -j8 -l8
[0.289s] DEBUG:colcon.colcon_core.event_handler.log_command:Invoking command in '/home/iot/ros2_ws/build/parc_robot_interfaces': CMAKE_PREFIX_PATH=${CMAKE_PREFIX_PATH}:/home/iot/ros2_ws/install/tomatoes_detection1:/home/iot/ros2_ws/install/farmland_navigation:/opt/ros/humble /usr/bin/cmake --build /home/iot/ros2_ws/build/parc_robot_interfaces -- -j8 -l8
[0.294s] DEBUG:colcon.colcon_core.event_handler.log_command:Invoking command in '/home/iot/ros2_ws/build/parc_robot': CMAKE_PREFIX_PATH=${CMAKE_PREFIX_PATH}:/home/iot/ros2_ws/install/tomatoes_detection1:/home/iot/ros2_ws/install/farmland_navigation:/opt/ros/humble /usr/bin/cmake --build /home/iot/ros2_ws/build/parc_robot -- -j8 -l8
[0.318s] DEBUG:colcon.colcon_core.event_handler.log_command:Invoked command in '/home/iot/ros2_ws/build/parc_robot_description' returned '0': CMAKE_PREFIX_PATH=${CMAKE_PREFIX_PATH}:/home/iot/ros2_ws/install/tomatoes_detection1:/home/iot/ros2_ws/install/farmland_navigation:/opt/ros/humble /usr/bin/cmake --build /home/iot/ros2_ws/build/parc_robot_description -- -j8 -l8
[0.324s] DEBUG:colcon.colcon_core.event_handler.log_command:Invoked command in '/home/iot/ros2_ws/build/parc_robot' returned '0': CMAKE_PREFIX_PATH=${CMAKE_PREFIX_PATH}:/home/iot/ros2_ws/install/tomatoes_detection1:/home/iot/ros2_ws/install/farmland_navigation:/opt/ros/humble /usr/bin/cmake --build /home/iot/ros2_ws/build/parc_robot -- -j8 -l8
[0.351s] DEBUG:colcon.colcon_core.event_handler.log_command:Invoking command in '/home/iot/ros2_ws/build/parc_robot_description': CMAKE_PREFIX_PATH=${CMAKE_PREFIX_PATH}:/home/iot/ros2_ws/install/tomatoes_detection1:/home/iot/ros2_ws/install/farmland_navigation:/opt/ros/humble /usr/bin/cmake --install /home/iot/ros2_ws/build/parc_robot_description
[0.360s] DEBUG:colcon.colcon_core.event_handler.log_command:Invoking command in '/home/iot/ros2_ws/build/parc_robot': CMAKE_PREFIX_PATH=${CMAKE_PREFIX_PATH}:/home/iot/ros2_ws/install/tomatoes_detection1:/home/iot/ros2_ws/install/farmland_navigation:/opt/ros/humble /usr/bin/cmake --install /home/iot/ros2_ws/build/parc_robot
[0.368s] Level 1:colcon.colcon_core.environment:create_environment_scripts_only(parc_robot_description)
[0.373s] DEBUG:colcon.colcon_core.event_handler.log_command:Invoked command in '/home/iot/ros2_ws/build/parc_robot_description' returned '0': CMAKE_PREFIX_PATH=${CMAKE_PREFIX_PATH}:/home/iot/ros2_ws/install/tomatoes_detection1:/home/iot/ros2_ws/install/farmland_navigation:/opt/ros/humble /usr/bin/cmake --install /home/iot/ros2_ws/build/parc_robot_description
[0.375s] Level 1:colcon.colcon_core.environment:checking '/home/iot/ros2_ws/install/parc_robot_description' for CMake module files
[0.375s] Level 1:colcon.colcon_core.environment:checking '/home/iot/ros2_ws/install/parc_robot_description' for CMake config files
[0.376s] Level 1:colcon.colcon_core.shell:create_environment_hook('parc_robot_description', 'cmake_prefix_path')
[0.376s] INFO:colcon.colcon_core.shell:Creating environment hook '/home/iot/ros2_ws/install/parc_robot_description/share/parc_robot_description/hook/cmake_prefix_path.ps1'
[0.376s] INFO:colcon.colcon_core.shell:Creating environment descriptor '/home/iot/ros2_ws/install/parc_robot_description/share/parc_robot_description/hook/cmake_prefix_path.dsv'
[0.377s] INFO:colcon.colcon_core.shell:Creating environment hook '/home/iot/ros2_ws/install/parc_robot_description/share/parc_robot_description/hook/cmake_prefix_path.sh'
[0.377s] Level 1:colcon.colcon_core.environment:checking '/home/iot/ros2_ws/install/parc_robot_description/bin'
[0.378s] Level 1:colcon.colcon_core.environment:checking '/home/iot/ros2_ws/install/parc_robot_description/lib/pkgconfig/parc_robot_description.pc'
[0.379s] Level 1:colcon.colcon_core.environment:checking '/home/iot/ros2_ws/install/parc_robot_description/lib/python3.10/site-packages'
[0.379s] Level 1:colcon.colcon_core.environment:checking '/home/iot/ros2_ws/install/parc_robot_description/bin'
[0.379s] INFO:colcon.colcon_core.shell:Creating package script '/home/iot/ros2_ws/install/parc_robot_description/share/parc_robot_description/package.ps1'
[0.380s] INFO:colcon.colcon_core.shell:Creating package descriptor '/home/iot/ros2_ws/install/parc_robot_description/share/parc_robot_description/package.dsv'
[0.381s] INFO:colcon.colcon_core.shell:Creating package script '/home/iot/ros2_ws/install/parc_robot_description/share/parc_robot_description/package.sh'
[0.381s] INFO:colcon.colcon_core.shell:Creating package script '/home/iot/ros2_ws/install/parc_robot_description/share/parc_robot_description/package.bash'
[0.382s] INFO:colcon.colcon_core.shell:Creating package script '/home/iot/ros2_ws/install/parc_robot_description/share/parc_robot_description/package.zsh'
[0.393s] Level 1:colcon.colcon_core.environment:create_file_with_runtime_dependencies(/home/iot/ros2_ws/install/parc_robot_description/share/colcon-core/packages/parc_robot_description)
[0.394s] Level 1:colcon.colcon_core.environment:create_environment_scripts_only(parc_robot)
[0.394s] Level 1:colcon.colcon_core.environment:checking '/home/iot/ros2_ws/install/parc_robot' for CMake module files
[0.395s] DEBUG:colcon.colcon_core.event_handler.log_command:Invoked command in '/home/iot/ros2_ws/build/parc_robot' returned '0': CMAKE_PREFIX_PATH=${CMAKE_PREFIX_PATH}:/home/iot/ros2_ws/install/tomatoes_detection1:/home/iot/ros2_ws/install/farmland_navigation:/opt/ros/humble /usr/bin/cmake --install /home/iot/ros2_ws/build/parc_robot
[0.395s] Level 1:colcon.colcon_core.environment:checking '/home/iot/ros2_ws/install/parc_robot' for CMake config files
[0.395s] Level 1:colcon.colcon_core.shell:create_environment_hook('parc_robot', 'cmake_prefix_path')
[0.396s] INFO:colcon.colcon_core.shell:Creating environment hook '/home/iot/ros2_ws/install/parc_robot/share/parc_robot/hook/cmake_prefix_path.ps1'
[0.396s] INFO:colcon.colcon_core.shell:Creating environment descriptor '/home/iot/ros2_ws/install/parc_robot/share/parc_robot/hook/cmake_prefix_path.dsv'
[0.396s] INFO:colcon.colcon_core.shell:Creating environment hook '/home/iot/ros2_ws/install/parc_robot/share/parc_robot/hook/cmake_prefix_path.sh'
[0.397s] Level 1:colcon.colcon_core.environment:checking '/home/iot/ros2_ws/install/parc_robot/bin'
[0.397s] Level 1:colcon.colcon_core.environment:checking '/home/iot/ros2_ws/install/parc_robot/lib/pkgconfig/parc_robot.pc'
[0.397s] Level 1:colcon.colcon_core.environment:checking '/home/iot/ros2_ws/install/parc_robot/lib/python3.10/site-packages'
[0.397s] Level 1:colcon.colcon_core.environment:checking '/home/iot/ros2_ws/install/parc_robot/bin'
[0.398s] INFO:colcon.colcon_core.shell:Creating package script '/home/iot/ros2_ws/install/parc_robot/share/parc_robot/package.ps1'
[0.398s] INFO:colcon.colcon_core.shell:Creating package descriptor '/home/iot/ros2_ws/install/parc_robot/share/parc_robot/package.dsv'
[0.398s] INFO:colcon.colcon_core.shell:Creating package script '/home/iot/ros2_ws/install/parc_robot/share/parc_robot/package.sh'
[0.399s] INFO:colcon.colcon_core.shell:Creating package script '/home/iot/ros2_ws/install/parc_robot/share/parc_robot/package.bash'
[0.399s] INFO:colcon.colcon_core.shell:Creating package script '/home/iot/ros2_ws/install/parc_robot/share/parc_robot/package.zsh'
[0.399s] Level 1:colcon.colcon_core.environment:create_file_with_runtime_dependencies(/home/iot/ros2_ws/install/parc_robot/share/colcon-core/packages/parc_robot)
[0.414s] Level 1:colcon.colcon_core.environment:create_environment_scripts_only(parc_robot_description)
[0.414s] Level 1:colcon.colcon_core.environment:checking '/home/iot/ros2_ws/install/parc_robot_description' for CMake module files
[0.415s] Level 1:colcon.colcon_core.environment:checking '/home/iot/ros2_ws/install/parc_robot_description' for CMake config files
[0.415s] Level 1:colcon.colcon_core.shell:create_environment_hook('parc_robot_description', 'cmake_prefix_path')
[0.415s] INFO:colcon.colcon_core.shell:Creating environment hook '/home/iot/ros2_ws/install/parc_robot_description/share/parc_robot_description/hook/cmake_prefix_path.ps1'
[0.415s] INFO:colcon.colcon_core.shell:Creating environment descriptor '/home/iot/ros2_ws/install/parc_robot_description/share/parc_robot_description/hook/cmake_prefix_path.dsv'
[0.416s] INFO:colcon.colcon_core.shell:Creating environment hook '/home/iot/ros2_ws/install/parc_robot_description/share/parc_robot_description/hook/cmake_prefix_path.sh'
[0.416s] Level 1:colcon.colcon_core.environment:checking '/home/iot/ros2_ws/install/parc_robot_description/bin'
[0.416s] Level 1:colcon.colcon_core.environment:checking '/home/iot/ros2_ws/install/parc_robot_description/lib/pkgconfig/parc_robot_description.pc'
[0.416s] Level 1:colcon.colcon_core.environment:checking '/home/iot/ros2_ws/install/parc_robot_description/lib/python3.10/site-packages'
[0.417s] Level 1:colcon.colcon_core.environment:checking '/home/iot/ros2_ws/install/parc_robot_description/bin'
[0.417s] INFO:colcon.colcon_core.shell:Creating package script '/home/iot/ros2_ws/install/parc_robot_description/share/parc_robot_description/package.ps1'
[0.418s] INFO:colcon.colcon_core.shell:Creating package descriptor '/home/iot/ros2_ws/install/parc_robot_description/share/parc_robot_description/package.dsv'
[0.419s] INFO:colcon.colcon_core.shell:Creating package script '/home/iot/ros2_ws/install/parc_robot_description/share/parc_robot_description/package.sh'
[0.419s] INFO:colcon.colcon_core.shell:Creating package script '/home/iot/ros2_ws/install/parc_robot_description/share/parc_robot_description/package.bash'
[0.419s] INFO:colcon.colcon_core.shell:Creating package script '/home/iot/ros2_ws/install/parc_robot_description/share/parc_robot_description/package.zsh'
[0.420s] Level 1:colcon.colcon_core.environment:create_file_with_runtime_dependencies(/home/iot/ros2_ws/install/parc_robot_description/share/colcon-core/packages/parc_robot_description)
[0.421s] Level 1:colcon.colcon_core.environment:create_environment_scripts_only(parc_robot)
[0.421s] Level 1:colcon.colcon_core.environment:checking '/home/iot/ros2_ws/install/parc_robot' for CMake module files
[0.421s] Level 1:colcon.colcon_core.environment:checking '/home/iot/ros2_ws/install/parc_robot' for CMake config files
[0.422s] Level 1:colcon.colcon_core.shell:create_environment_hook('parc_robot', 'cmake_prefix_path')
[0.422s] INFO:colcon.colcon_core.shell:Creating environment hook '/home/iot/ros2_ws/install/parc_robot/share/parc_robot/hook/cmake_prefix_path.ps1'
[0.422s] INFO:colcon.colcon_core.shell:Creating environment descriptor '/home/iot/ros2_ws/install/parc_robot/share/parc_robot/hook/cmake_prefix_path.dsv'
[0.422s] INFO:colcon.colcon_core.shell:Creating environment hook '/home/iot/ros2_ws/install/parc_robot/share/parc_robot/hook/cmake_prefix_path.sh'
[0.423s] Level 1:colcon.colcon_core.environment:checking '/home/iot/ros2_ws/install/parc_robot/bin'
[0.423s] Level 1:colcon.colcon_core.environment:checking '/home/iot/ros2_ws/install/parc_robot/lib/pkgconfig/parc_robot.pc'
[0.423s] Level 1:colcon.colcon_core.environment:checking '/home/iot/ros2_ws/install/parc_robot/lib/python3.10/site-packages'
[0.423s] Level 1:colcon.colcon_core.environment:checking '/home/iot/ros2_ws/install/parc_robot/bin'
[0.424s] INFO:colcon.colcon_core.shell:Creating package script '/home/iot/ros2_ws/install/parc_robot/share/parc_robot/package.ps1'
[0.424s] INFO:colcon.colcon_core.shell:Creating package descriptor '/home/iot/ros2_ws/install/parc_robot/share/parc_robot/package.dsv'
[0.424s] INFO:colcon.colcon_core.shell:Creating package script '/home/iot/ros2_ws/install/parc_robot/share/parc_robot/package.sh'
[0.425s] INFO:colcon.colcon_core.shell:Creating package script '/home/iot/ros2_ws/install/parc_robot/share/parc_robot/package.bash'
[0.426s] INFO:colcon.colcon_core.shell:Creating package script '/home/iot/ros2_ws/install/parc_robot/share/parc_robot/package.zsh'
[0.426s] Level 1:colcon.colcon_core.environment:create_file_with_runtime_dependencies(/home/iot/ros2_ws/install/parc_robot/share/colcon-core/packages/parc_robot)
[0.606s] DEBUG:colcon.colcon_core.event_handler.log_command:Invoked command in '/home/iot/ros2_ws/build/parc_robot_interfaces' returned '0': CMAKE_PREFIX_PATH=${CMAKE_PREFIX_PATH}:/home/iot/ros2_ws/install/tomatoes_detection1:/home/iot/ros2_ws/install/farmland_navigation:/opt/ros/humble /usr/bin/cmake --build /home/iot/ros2_ws/build/parc_robot_interfaces -- -j8 -l8
[0.646s] DEBUG:colcon.colcon_core.event_handler.log_command:Invoking command in '/home/iot/ros2_ws/build/parc_robot_interfaces': CMAKE_PREFIX_PATH=${CMAKE_PREFIX_PATH}:/home/iot/ros2_ws/install/tomatoes_detection1:/home/iot/ros2_ws/install/farmland_navigation:/opt/ros/humble /usr/bin/cmake --install /home/iot/ros2_ws/build/parc_robot_interfaces
[0.684s] Level 1:colcon.colcon_core.environment:create_environment_scripts_only(parc_robot_interfaces)
[0.684s] Level 1:colcon.colcon_core.environment:checking '/home/iot/ros2_ws/install/parc_robot_interfaces' for CMake module files
[0.685s] DEBUG:colcon.colcon_core.event_handler.log_command:Invoked command in '/home/iot/ros2_ws/build/parc_robot_interfaces' returned '0': CMAKE_PREFIX_PATH=${CMAKE_PREFIX_PATH}:/home/iot/ros2_ws/install/tomatoes_detection1:/home/iot/ros2_ws/install/farmland_navigation:/opt/ros/humble /usr/bin/cmake --install /home/iot/ros2_ws/build/parc_robot_interfaces
[0.685s] Level 1:colcon.colcon_core.environment:checking '/home/iot/ros2_ws/install/parc_robot_interfaces' for CMake config files
[0.685s] Level 1:colcon.colcon_core.shell:create_environment_hook('parc_robot_interfaces', 'cmake_prefix_path')
[0.685s] INFO:colcon.colcon_core.shell:Creating environment hook '/home/iot/ros2_ws/install/parc_robot_interfaces/share/parc_robot_interfaces/hook/cmake_prefix_path.ps1'
[0.686s] INFO:colcon.colcon_core.shell:Creating environment descriptor '/home/iot/ros2_ws/install/parc_robot_interfaces/share/parc_robot_interfaces/hook/cmake_prefix_path.dsv'
[0.686s] INFO:colcon.colcon_core.shell:Creating environment hook '/home/iot/ros2_ws/install/parc_robot_interfaces/share/parc_robot_interfaces/hook/cmake_prefix_path.sh'
[0.686s] Level 1:colcon.colcon_core.environment:checking '/home/iot/ros2_ws/install/parc_robot_interfaces/lib'
[0.686s] Level 1:colcon.colcon_core.shell:create_environment_hook('parc_robot_interfaces', 'ld_library_path_lib')
[0.686s] INFO:colcon.colcon_core.shell:Creating environment hook '/home/iot/ros2_ws/install/parc_robot_interfaces/share/parc_robot_interfaces/hook/ld_library_path_lib.ps1'
[0.687s] INFO:colcon.colcon_core.shell:Creating environment descriptor '/home/iot/ros2_ws/install/parc_robot_interfaces/share/parc_robot_interfaces/hook/ld_library_path_lib.dsv'
[0.687s] INFO:colcon.colcon_core.shell:Creating environment hook '/home/iot/ros2_ws/install/parc_robot_interfaces/share/parc_robot_interfaces/hook/ld_library_path_lib.sh'
[0.687s] Level 1:colcon.colcon_core.environment:checking '/home/iot/ros2_ws/install/parc_robot_interfaces/bin'
[0.687s] Level 1:colcon.colcon_core.environment:checking '/home/iot/ros2_ws/install/parc_robot_interfaces/lib/pkgconfig/parc_robot_interfaces.pc'
[0.687s] Level 1:colcon.colcon_core.environment:checking '/home/iot/ros2_ws/install/parc_robot_interfaces/lib/python3.10/site-packages'
[0.688s] Level 1:colcon.colcon_core.environment:checking '/home/iot/ros2_ws/install/parc_robot_interfaces/bin'
[0.688s] INFO:colcon.colcon_core.shell:Creating package script '/home/iot/ros2_ws/install/parc_robot_interfaces/share/parc_robot_interfaces/package.ps1'
[0.688s] INFO:colcon.colcon_core.shell:Creating package descriptor '/home/iot/ros2_ws/install/parc_robot_interfaces/share/parc_robot_interfaces/package.dsv'
[0.688s] INFO:colcon.colcon_core.shell:Creating package script '/home/iot/ros2_ws/install/parc_robot_interfaces/share/parc_robot_interfaces/package.sh'
[0.689s] INFO:colcon.colcon_core.shell:Creating package script '/home/iot/ros2_ws/install/parc_robot_interfaces/share/parc_robot_interfaces/package.bash'
[0.689s] INFO:colcon.colcon_core.shell:Creating package script '/home/iot/ros2_ws/install/parc_robot_interfaces/share/parc_robot_interfaces/package.zsh'
[0.689s] Level 1:colcon.colcon_core.environment:create_file_with_runtime_dependencies(/home/iot/ros2_ws/install/parc_robot_interfaces/share/colcon-core/packages/parc_robot_interfaces)
[0.729s] Level 1:colcon.colcon_core.environment:create_environment_scripts_only(parc_robot_interfaces)
[0.729s] Level 1:colcon.colcon_core.environment:checking '/home/iot/ros2_ws/install/parc_robot_interfaces' for CMake module files
[0.730s] Level 1:colcon.colcon_core.environment:checking '/home/iot/ros2_ws/install/parc_robot_interfaces' for CMake config files
[0.730s] Level 1:colcon.colcon_core.shell:create_environment_hook('parc_robot_interfaces', 'cmake_prefix_path')
[0.730s] INFO:colcon.colcon_core.shell:Creating environment hook '/home/iot/ros2_ws/install/parc_robot_interfaces/share/parc_robot_interfaces/hook/cmake_prefix_path.ps1'
[0.730s] INFO:colcon.colcon_core.shell:Creating environment descriptor '/home/iot/ros2_ws/install/parc_robot_interfaces/share/parc_robot_interfaces/hook/cmake_prefix_path.dsv'
[0.730s] INFO:colcon.colcon_core.shell:Creating environment hook '/home/iot/ros2_ws/install/parc_robot_interfaces/share/parc_robot_interfaces/hook/cmake_prefix_path.sh'
[0.731s] Level 1:colcon.colcon_core.environment:checking '/home/iot/ros2_ws/install/parc_robot_interfaces/lib'
[0.731s] Level 1:colcon.colcon_core.shell:create_environment_hook('parc_robot_interfaces', 'ld_library_path_lib')
[0.731s] INFO:colcon.colcon_core.shell:Creating environment hook '/home/iot/ros2_ws/install/parc_robot_interfaces/share/parc_robot_interfaces/hook/ld_library_path_lib.ps1'
[0.731s] INFO:colcon.colcon_core.shell:Creating environment descriptor '/home/iot/ros2_ws/install/parc_robot_interfaces/share/parc_robot_interfaces/hook/ld_library_path_lib.dsv'
[0.731s] INFO:colcon.colcon_core.shell:Creating environment hook '/home/iot/ros2_ws/install/parc_robot_interfaces/share/parc_robot_interfaces/hook/ld_library_path_lib.sh'
[0.732s] Level 1:colcon.colcon_core.environment:checking '/home/iot/ros2_ws/install/parc_robot_interfaces/bin'
[0.732s] Level 1:colcon.colcon_core.environment:checking '/home/iot/ros2_ws/install/parc_robot_interfaces/lib/pkgconfig/parc_robot_interfaces.pc'
[0.732s] Level 1:colcon.colcon_core.environment:checking '/home/iot/ros2_ws/install/parc_robot_interfaces/lib/python3.10/site-packages'
[0.732s] Level 1:colcon.colcon_core.environment:checking '/home/iot/ros2_ws/install/parc_robot_interfaces/bin'
[0.732s] INFO:colcon.colcon_core.shell:Creating package script '/home/iot/ros2_ws/install/parc_robot_interfaces/share/parc_robot_interfaces/package.ps1'
[0.733s] INFO:colcon.colcon_core.shell:Creating package descriptor '/home/iot/ros2_ws/install/parc_robot_interfaces/share/parc_robot_interfaces/package.dsv'
[0.733s] INFO:colcon.colcon_core.shell:Creating package script '/home/iot/ros2_ws/install/parc_robot_interfaces/share/parc_robot_interfaces/package.sh'
[0.734s] INFO:colcon.colcon_core.shell:Creating package script '/home/iot/ros2_ws/install/parc_robot_interfaces/share/parc_robot_interfaces/package.bash'
[0.734s] INFO:colcon.colcon_core.shell:Creating package script '/home/iot/ros2_ws/install/parc_robot_interfaces/share/parc_robot_interfaces/package.zsh'
[0.734s] Level 1:colcon.colcon_core.environment:create_file_with_runtime_dependencies(/home/iot/ros2_ws/install/parc_robot_interfaces/share/colcon-core/packages/parc_robot_interfaces)
[0.734s] INFO:colcon.colcon_ros.task.ament_cmake.build:Building ROS package in '/home/iot/ros2_ws/src/parc_robot_bringup' with build type 'ament_cmake'
[0.734s] INFO:colcon.colcon_cmake.task.cmake.build:Building CMake package in '/home/iot/ros2_ws/src/parc_robot_bringup'
[0.735s] INFO:colcon.colcon_core.shell:Skip shell extension 'powershell' for command environment: Not usable outside of PowerShell
[0.735s] DEBUG:colcon.colcon_core.shell:Skip shell extension 'dsv' for command environment
[0.743s] DEBUG:colcon.colcon_core.event_handler.log_command:Invoking command in '/home/iot/ros2_ws/build/parc_robot_bringup': CMAKE_PREFIX_PATH=/home/iot/ros2_ws/install/parc_robot_interfaces:/home/iot/ros2_ws/install/parc_robot_description:/home/iot/ros2_ws/install/parc_robot_bringup:/home/iot/ros2_ws/install/parc_robot:/home/iot/ros2_ws/install/tomatoes_detection1:/home/iot/ros2_ws/install/farmland_navigation:/opt/ros/humble /usr/bin/cmake --build /home/iot/ros2_ws/build/parc_robot_bringup -- -j8 -l8
[2.064s] DEBUG:colcon.colcon_core.event_handler.log_command:Invoked command in '/home/iot/ros2_ws/build/parc_robot_bringup' returned '0': CMAKE_PREFIX_PATH=/home/iot/ros2_ws/install/parc_robot_interfaces:/home/iot/ros2_ws/install/parc_robot_description:/home/iot/ros2_ws/install/parc_robot_bringup:/home/iot/ros2_ws/install/parc_robot:/home/iot/ros2_ws/install/tomatoes_detection1:/home/iot/ros2_ws/install/farmland_navigation:/opt/ros/humble /usr/bin/cmake --build /home/iot/ros2_ws/build/parc_robot_bringup -- -j8 -l8
[2.080s] DEBUG:colcon.colcon_core.event_handler.log_command:Invoking command in '/home/iot/ros2_ws/build/parc_robot_bringup': CMAKE_PREFIX_PATH=/home/iot/ros2_ws/install/parc_robot_interfaces:/home/iot/ros2_ws/install/parc_robot_description:/home/iot/ros2_ws/install/parc_robot_bringup:/home/iot/ros2_ws/install/parc_robot:/home/iot/ros2_ws/install/tomatoes_detection1:/home/iot/ros2_ws/install/farmland_navigation:/opt/ros/humble /usr/bin/cmake --install /home/iot/ros2_ws/build/parc_robot_bringup
[2.124s] Level 1:colcon.colcon_core.environment:create_environment_scripts_only(parc_robot_bringup)
[2.124s] Level 1:colcon.colcon_core.environment:checking '/home/iot/ros2_ws/install/parc_robot_bringup' for CMake module files
[2.125s] DEBUG:colcon.colcon_core.event_handler.log_command:Invoked command in '/home/iot/ros2_ws/build/parc_robot_bringup' returned '0': CMAKE_PREFIX_PATH=/home/iot/ros2_ws/install/parc_robot_interfaces:/home/iot/ros2_ws/install/parc_robot_description:/home/iot/ros2_ws/install/parc_robot_bringup:/home/iot/ros2_ws/install/parc_robot:/home/iot/ros2_ws/install/tomatoes_detection1:/home/iot/ros2_ws/install/farmland_navigation:/opt/ros/humble /usr/bin/cmake --install /home/iot/ros2_ws/build/parc_robot_bringup
[2.125s] Level 1:colcon.colcon_core.environment:checking '/home/iot/ros2_ws/install/parc_robot_bringup' for CMake config files
[2.126s] Level 1:colcon.colcon_core.shell:create_environment_hook('parc_robot_bringup', 'cmake_prefix_path')
[2.126s] INFO:colcon.colcon_core.shell:Creating environment hook '/home/iot/ros2_ws/install/parc_robot_bringup/share/parc_robot_bringup/hook/cmake_prefix_path.ps1'
[2.126s] INFO:colcon.colcon_core.shell:Creating environment descriptor '/home/iot/ros2_ws/install/parc_robot_bringup/share/parc_robot_bringup/hook/cmake_prefix_path.dsv'
[2.127s] INFO:colcon.colcon_core.shell:Creating environment hook '/home/iot/ros2_ws/install/parc_robot_bringup/share/parc_robot_bringup/hook/cmake_prefix_path.sh'
[2.127s] Level 1:colcon.colcon_core.environment:checking '/home/iot/ros2_ws/install/parc_robot_bringup/lib'
[2.127s] Level 1:colcon.colcon_core.environment:checking '/home/iot/ros2_ws/install/parc_robot_bringup/bin'
[2.127s] Level 1:colcon.colcon_core.environment:checking '/home/iot/ros2_ws/install/parc_robot_bringup/lib/pkgconfig/parc_robot_bringup.pc'
[2.127s] Level 1:colcon.colcon_core.environment:checking '/home/iot/ros2_ws/install/parc_robot_bringup/lib/python3.10/site-packages'
[2.128s] Level 1:colcon.colcon_core.environment:checking '/home/iot/ros2_ws/install/parc_robot_bringup/bin'
[2.128s] INFO:colcon.colcon_core.shell:Creating package script '/home/iot/ros2_ws/install/parc_robot_bringup/share/parc_robot_bringup/package.ps1'
[2.128s] INFO:colcon.colcon_core.shell:Creating package descriptor '/home/iot/ros2_ws/install/parc_robot_bringup/share/parc_robot_bringup/package.dsv'
[2.128s] INFO:colcon.colcon_core.shell:Creating package script '/home/iot/ros2_ws/install/parc_robot_bringup/share/parc_robot_bringup/package.sh'
[2.129s] INFO:colcon.colcon_core.shell:Creating package script '/home/iot/ros2_ws/install/parc_robot_bringup/share/parc_robot_bringup/package.bash'
[2.129s] INFO:colcon.colcon_core.shell:Creating package script '/home/iot/ros2_ws/install/parc_robot_bringup/share/parc_robot_bringup/package.zsh'
[2.129s] Level 1:colcon.colcon_core.environment:create_file_with_runtime_dependencies(/home/iot/ros2_ws/install/parc_robot_bringup/share/colcon-core/packages/parc_robot_bringup)
[2.145s] Level 1:colcon.colcon_core.environment:create_environment_scripts_only(parc_robot_bringup)
[2.145s] Level 1:colcon.colcon_core.environment:checking '/home/iot/ros2_ws/install/parc_robot_bringup' for CMake module files
[2.145s] Level 1:colcon.colcon_core.environment:checking '/home/iot/ros2_ws/install/parc_robot_bringup' for CMake config files
[2.146s] Level 1:colcon.colcon_core.shell:create_environment_hook('parc_robot_bringup', 'cmake_prefix_path')
[2.147s] INFO:colcon.colcon_core.shell:Creating environment hook '/home/iot/ros2_ws/install/parc_robot_bringup/share/parc_robot_bringup/hook/cmake_prefix_path.ps1'
[2.147s] INFO:colcon.colcon_core.shell:Creating environment descriptor '/home/iot/ros2_ws/install/parc_robot_bringup/share/parc_robot_bringup/hook/cmake_prefix_path.dsv'
[2.147s] INFO:colcon.colcon_core.shell:Creating environment hook '/home/iot/ros2_ws/install/parc_robot_bringup/share/parc_robot_bringup/hook/cmake_prefix_path.sh'
[2.148s] Level 1:colcon.colcon_core.environment:checking '/home/iot/ros2_ws/install/parc_robot_bringup/lib'
[2.148s] Level 1:colcon.colcon_core.environment:checking '/home/iot/ros2_ws/install/parc_robot_bringup/bin'
[2.148s] Level 1:colcon.colcon_core.environment:checking '/home/iot/ros2_ws/install/parc_robot_bringup/lib/pkgconfig/parc_robot_bringup.pc'
[2.148s] Level 1:colcon.colcon_core.environment:checking '/home/iot/ros2_ws/install/parc_robot_bringup/lib/python3.10/site-packages'
[2.148s] Level 1:colcon.colcon_core.environment:checking '/home/iot/ros2_ws/install/parc_robot_bringup/bin'
[2.148s] INFO:colcon.colcon_core.shell:Creating package script '/home/iot/ros2_ws/install/parc_robot_bringup/share/parc_robot_bringup/package.ps1'
[2.149s] INFO:colcon.colcon_core.shell:Creating package descriptor '/home/iot/ros2_ws/install/parc_robot_bringup/share/parc_robot_bringup/package.dsv'
[2.149s] INFO:colcon.colcon_core.shell:Creating package script '/home/iot/ros2_ws/install/parc_robot_bringup/share/parc_robot_bringup/package.sh'
[2.149s] INFO:colcon.colcon_core.shell:Creating package script '/home/iot/ros2_ws/install/parc_robot_bringup/share/parc_robot_bringup/package.bash'
[2.149s] INFO:colcon.colcon_core.shell:Creating package script '/home/iot/ros2_ws/install/parc_robot_bringup/share/parc_robot_bringup/package.zsh'
[2.150s] Level 1:colcon.colcon_core.environment:create_file_with_runtime_dependencies(/home/iot/ros2_ws/install/parc_robot_bringup/share/colcon-core/packages/parc_robot_bringup)
[2.150s] DEBUG:colcon.colcon_parallel_executor.executor.parallel:closing loop
[2.150s] DEBUG:colcon.colcon_parallel_executor.executor.parallel:loop closed
[2.150s] DEBUG:colcon.colcon_parallel_executor.executor.parallel:run_until_complete finished with '0'
[2.150s] DEBUG:colcon.colcon_core.event_reactor:joining thread
[2.154s] INFO:colcon.colcon_core.plugin_system:Skipping extension 'colcon_notification.desktop_notification.terminal_notifier': Not used on non-Darwin systems
[2.154s] INFO:colcon.colcon_core.plugin_system:Skipping extension 'colcon_notification.desktop_notification.win32': Not used on non-Windows systems
[2.154s] INFO:colcon.colcon_notification.desktop_notification:Sending desktop notification using 'notify2'
[2.163s] DEBUG:colcon.colcon_core.event_reactor:joined thread
[2.163s] INFO:colcon.colcon_core.shell:Creating prefix script '/home/iot/ros2_ws/install/local_setup.ps1'
[2.164s] INFO:colcon.colcon_core.shell:Creating prefix util module '/home/iot/ros2_ws/install/_local_setup_util_ps1.py'
[2.165s] INFO:colcon.colcon_core.shell:Creating prefix chain script '/home/iot/ros2_ws/install/setup.ps1'
[2.166s] INFO:colcon.colcon_core.shell:Creating prefix script '/home/iot/ros2_ws/install/local_setup.sh'
[2.166s] INFO:colcon.colcon_core.shell:Creating prefix util module '/home/iot/ros2_ws/install/_local_setup_util_sh.py'
[2.167s] INFO:colcon.colcon_core.shell:Creating prefix chain script '/home/iot/ros2_ws/install/setup.sh'
[2.168s] INFO:colcon.colcon_core.shell:Creating prefix script '/home/iot/ros2_ws/install/local_setup.bash'
[2.168s] INFO:colcon.colcon_core.shell:Creating prefix chain script '/home/iot/ros2_ws/install/setup.bash'
[2.169s] INFO:colcon.colcon_core.shell:Creating prefix script '/home/iot/ros2_ws/install/local_setup.zsh'
[2.170s] INFO:colcon.colcon_core.shell:Creating prefix chain script '/home/iot/ros2_ws/install/setup.zsh'
