[0.333s] DEBUG:colcon:Command line arguments: ['/home/iot/.local/bin/colcon', 'build']
[0.333s] DEBUG:colcon:Parsed command line arguments: Namespace(log_base=None, log_level=None, verb_name='build', build_base='build', install_base='install', merge_install=False, symlink_install=False, test_result_base=None, continue_on_error=False, executor='parallel', parallel_workers=8, event_handlers=None, ignore_user_meta=False, metas=['./colcon.meta'], base_paths=['.'], packages_ignore=None, packages_ignore_regex=None, paths=None, packages_up_to=None, packages_up_to_regex=None, packages_above=None, packages_above_and_dependencies=None, packages_above_depth=None, packages_select_by_dep=None, packages_skip_by_dep=None, packages_skip_up_to=None, packages_select_build_failed=False, packages_skip_build_finished=False, packages_select_test_failures=False, packages_skip_test_passed=False, packages_select=None, packages_skip=None, packages_select_regex=None, packages_skip_regex=None, packages_start=None, packages_end=None, cmake_args=None, cmake_target=None, cmake_target_skip_unavailable=False, cmake_clean_cache=False, cmake_clean_first=False, cmake_force_configure=False, ament_cmake_args=None, catkin_cmake_args=None, catkin_skip_building_tests=False, verb_parser=<colcon_defaults.argument_parser.defaults.DefaultArgumentsDecorator object at 0x785b5a1ee290>, verb_extension=<colcon_core.verb.build.BuildVerb object at 0x785b5a16a5c0>, main=<bound method BuildVerb.main of <colcon_core.verb.build.BuildVerb object at 0x785b5a16a5c0>>)
[0.884s] Level 1:colcon.colcon_core.package_discovery:discover_packages(colcon_meta) check parameters
[0.884s] Level 1:colcon.colcon_core.package_discovery:discover_packages(recursive) check parameters
[0.884s] Level 1:colcon.colcon_core.package_discovery:discover_packages(ignore) check parameters
[0.884s] Level 1:colcon.colcon_core.package_discovery:discover_packages(path) check parameters
[0.885s] Level 1:colcon.colcon_core.package_discovery:discover_packages(colcon_meta) discover
[0.885s] Level 1:colcon.colcon_core.package_discovery:discover_packages(recursive) discover
[0.885s] INFO:colcon.colcon_core.package_discovery:Crawling recursively for packages in '/home/iot/ros2_ws'
[0.885s] Level 1:colcon.colcon_core.package_identification:_identify(.) by extensions ['ignore', 'ignore_ament_install']
[0.886s] Level 1:colcon.colcon_core.package_identification:_identify(.) by extension 'ignore'
[0.886s] Level 1:colcon.colcon_core.package_identification:_identify(.) by extension 'ignore_ament_install'
[0.886s] Level 1:colcon.colcon_core.package_identification:_identify(.) by extensions ['colcon_pkg']
[0.887s] Level 1:colcon.colcon_core.package_identification:_identify(.) by extension 'colcon_pkg'
[0.887s] Level 1:colcon.colcon_core.package_identification:_identify(.) by extensions ['colcon_meta']
[0.887s] Level 1:colcon.colcon_core.package_identification:_identify(.) by extension 'colcon_meta'
[0.887s] Level 1:colcon.colcon_core.package_identification:_identify(.) by extensions ['ros']
[0.887s] Level 1:colcon.colcon_core.package_identification:_identify(.) by extension 'ros'
[0.918s] Level 1:colcon.colcon_core.package_identification:_identify(.) by extensions ['cmake', 'python']
[0.918s] Level 1:colcon.colcon_core.package_identification:_identify(.) by extension 'cmake'
[0.918s] Level 1:colcon.colcon_core.package_identification:_identify(.) by extension 'python'
[0.918s] Level 1:colcon.colcon_core.package_identification:_identify(.) by extensions ['python_setup_py']
[0.918s] Level 1:colcon.colcon_core.package_identification:_identify(.) by extension 'python_setup_py'
[0.918s] Level 1:colcon.colcon_core.package_identification:_identify(build) by extensions ['ignore', 'ignore_ament_install']
[0.919s] Level 1:colcon.colcon_core.package_identification:_identify(build) by extension 'ignore'
[0.919s] Level 1:colcon.colcon_core.package_identification:_identify(build) ignored
[0.919s] Level 1:colcon.colcon_core.package_identification:_identify(install) by extensions ['ignore', 'ignore_ament_install']
[0.919s] Level 1:colcon.colcon_core.package_identification:_identify(install) by extension 'ignore'
[0.919s] Level 1:colcon.colcon_core.package_identification:_identify(install) ignored
[0.919s] Level 1:colcon.colcon_core.package_identification:_identify(log) by extensions ['ignore', 'ignore_ament_install']
[0.919s] Level 1:colcon.colcon_core.package_identification:_identify(log) by extension 'ignore'
[0.919s] Level 1:colcon.colcon_core.package_identification:_identify(log) ignored
[0.919s] Level 1:colcon.colcon_core.package_identification:_identify(src) by extensions ['ignore', 'ignore_ament_install']
[0.920s] Level 1:colcon.colcon_core.package_identification:_identify(src) by extension 'ignore'
[0.920s] Level 1:colcon.colcon_core.package_identification:_identify(src) by extension 'ignore_ament_install'
[0.920s] Level 1:colcon.colcon_core.package_identification:_identify(src) by extensions ['colcon_pkg']
[0.920s] Level 1:colcon.colcon_core.package_identification:_identify(src) by extension 'colcon_pkg'
[0.920s] Level 1:colcon.colcon_core.package_identification:_identify(src) by extensions ['colcon_meta']
[0.920s] Level 1:colcon.colcon_core.package_identification:_identify(src) by extension 'colcon_meta'
[0.920s] Level 1:colcon.colcon_core.package_identification:_identify(src) by extensions ['ros']
[0.920s] Level 1:colcon.colcon_core.package_identification:_identify(src) by extension 'ros'
[0.920s] Level 1:colcon.colcon_core.package_identification:_identify(src) by extensions ['cmake', 'python']
[0.920s] Level 1:colcon.colcon_core.package_identification:_identify(src) by extension 'cmake'
[0.920s] Level 1:colcon.colcon_core.package_identification:_identify(src) by extension 'python'
[0.920s] Level 1:colcon.colcon_core.package_identification:_identify(src) by extensions ['python_setup_py']
[0.920s] Level 1:colcon.colcon_core.package_identification:_identify(src) by extension 'python_setup_py'
[0.920s] Level 1:colcon.colcon_core.package_identification:_identify(src/parc_robot) by extensions ['ignore', 'ignore_ament_install']
[0.921s] Level 1:colcon.colcon_core.package_identification:_identify(src/parc_robot) by extension 'ignore'
[0.921s] Level 1:colcon.colcon_core.package_identification:_identify(src/parc_robot) by extension 'ignore_ament_install'
[0.921s] Level 1:colcon.colcon_core.package_identification:_identify(src/parc_robot) by extensions ['colcon_pkg']
[0.921s] Level 1:colcon.colcon_core.package_identification:_identify(src/parc_robot) by extension 'colcon_pkg'
[0.921s] Level 1:colcon.colcon_core.package_identification:_identify(src/parc_robot) by extensions ['colcon_meta']
[0.921s] Level 1:colcon.colcon_core.package_identification:_identify(src/parc_robot) by extension 'colcon_meta'
[0.921s] Level 1:colcon.colcon_core.package_identification:_identify(src/parc_robot) by extensions ['ros']
[0.921s] Level 1:colcon.colcon_core.package_identification:_identify(src/parc_robot) by extension 'ros'
[0.924s] DEBUG:colcon.colcon_core.package_identification:Package 'src/parc_robot' with type 'ros.ament_cmake' and name 'parc_robot'
[0.924s] Level 1:colcon.colcon_core.package_identification:_identify(src/parc_robot_bringup) by extensions ['ignore', 'ignore_ament_install']
[0.925s] Level 1:colcon.colcon_core.package_identification:_identify(src/parc_robot_bringup) by extension 'ignore'
[0.925s] Level 1:colcon.colcon_core.package_identification:_identify(src/parc_robot_bringup) by extension 'ignore_ament_install'
[0.925s] Level 1:colcon.colcon_core.package_identification:_identify(src/parc_robot_bringup) by extensions ['colcon_pkg']
[0.925s] Level 1:colcon.colcon_core.package_identification:_identify(src/parc_robot_bringup) by extension 'colcon_pkg'
[0.925s] Level 1:colcon.colcon_core.package_identification:_identify(src/parc_robot_bringup) by extensions ['colcon_meta']
[0.925s] Level 1:colcon.colcon_core.package_identification:_identify(src/parc_robot_bringup) by extension 'colcon_meta'
[0.925s] Level 1:colcon.colcon_core.package_identification:_identify(src/parc_robot_bringup) by extensions ['ros']
[0.925s] Level 1:colcon.colcon_core.package_identification:_identify(src/parc_robot_bringup) by extension 'ros'
[0.927s] DEBUG:colcon.colcon_core.package_identification:Package 'src/parc_robot_bringup' with type 'ros.ament_cmake' and name 'parc_robot_bringup'
[0.927s] Level 1:colcon.colcon_core.package_identification:_identify(src/parc_robot_description) by extensions ['ignore', 'ignore_ament_install']
[0.927s] Level 1:colcon.colcon_core.package_identification:_identify(src/parc_robot_description) by extension 'ignore'
[0.927s] Level 1:colcon.colcon_core.package_identification:_identify(src/parc_robot_description) by extension 'ignore_ament_install'
[0.927s] Level 1:colcon.colcon_core.package_identification:_identify(src/parc_robot_description) by extensions ['colcon_pkg']
[0.927s] Level 1:colcon.colcon_core.package_identification:_identify(src/parc_robot_description) by extension 'colcon_pkg'
[0.927s] Level 1:colcon.colcon_core.package_identification:_identify(src/parc_robot_description) by extensions ['colcon_meta']
[0.927s] Level 1:colcon.colcon_core.package_identification:_identify(src/parc_robot_description) by extension 'colcon_meta'
[0.927s] Level 1:colcon.colcon_core.package_identification:_identify(src/parc_robot_description) by extensions ['ros']
[0.927s] Level 1:colcon.colcon_core.package_identification:_identify(src/parc_robot_description) by extension 'ros'
[0.928s] DEBUG:colcon.colcon_core.package_identification:Package 'src/parc_robot_description' with type 'ros.ament_cmake' and name 'parc_robot_description'
[0.928s] Level 1:colcon.colcon_core.package_identification:_identify(src/parc_robot_interfaces) by extensions ['ignore', 'ignore_ament_install']
[0.928s] Level 1:colcon.colcon_core.package_identification:_identify(src/parc_robot_interfaces) by extension 'ignore'
[0.928s] Level 1:colcon.colcon_core.package_identification:_identify(src/parc_robot_interfaces) by extension 'ignore_ament_install'
[0.928s] Level 1:colcon.colcon_core.package_identification:_identify(src/parc_robot_interfaces) by extensions ['colcon_pkg']
[0.929s] Level 1:colcon.colcon_core.package_identification:_identify(src/parc_robot_interfaces) by extension 'colcon_pkg'
[0.929s] Level 1:colcon.colcon_core.package_identification:_identify(src/parc_robot_interfaces) by extensions ['colcon_meta']
[0.929s] Level 1:colcon.colcon_core.package_identification:_identify(src/parc_robot_interfaces) by extension 'colcon_meta'
[0.929s] Level 1:colcon.colcon_core.package_identification:_identify(src/parc_robot_interfaces) by extensions ['ros']
[0.929s] Level 1:colcon.colcon_core.package_identification:_identify(src/parc_robot_interfaces) by extension 'ros'
[0.930s] DEBUG:colcon.colcon_core.package_identification:Package 'src/parc_robot_interfaces' with type 'ros.ament_cmake' and name 'parc_robot_interfaces'
[0.931s] Level 1:colcon.colcon_core.package_identification:_identify(src/resources) by extensions ['ignore', 'ignore_ament_install']
[0.931s] Level 1:colcon.colcon_core.package_identification:_identify(src/resources) by extension 'ignore'
[0.931s] Level 1:colcon.colcon_core.package_identification:_identify(src/resources) by extension 'ignore_ament_install'
[0.931s] Level 1:colcon.colcon_core.package_identification:_identify(src/resources) by extensions ['colcon_pkg']
[0.931s] Level 1:colcon.colcon_core.package_identification:_identify(src/resources) by extension 'colcon_pkg'
[0.931s] Level 1:colcon.colcon_core.package_identification:_identify(src/resources) by extensions ['colcon_meta']
[0.931s] Level 1:colcon.colcon_core.package_identification:_identify(src/resources) by extension 'colcon_meta'
[0.931s] Level 1:colcon.colcon_core.package_identification:_identify(src/resources) by extensions ['ros']
[0.931s] Level 1:colcon.colcon_core.package_identification:_identify(src/resources) by extension 'ros'
[0.931s] Level 1:colcon.colcon_core.package_identification:_identify(src/resources) by extensions ['cmake', 'python']
[0.931s] Level 1:colcon.colcon_core.package_identification:_identify(src/resources) by extension 'cmake'
[0.931s] Level 1:colcon.colcon_core.package_identification:_identify(src/resources) by extension 'python'
[0.931s] Level 1:colcon.colcon_core.package_identification:_identify(src/resources) by extensions ['python_setup_py']
[0.931s] Level 1:colcon.colcon_core.package_identification:_identify(src/resources) by extension 'python_setup_py'
[0.931s] Level 1:colcon.colcon_core.package_identification:_identify(src/tomatoes_detection1) by extensions ['ignore', 'ignore_ament_install']
[0.931s] Level 1:colcon.colcon_core.package_identification:_identify(src/tomatoes_detection1) by extension 'ignore'
[0.932s] Level 1:colcon.colcon_core.package_identification:_identify(src/tomatoes_detection1) by extension 'ignore_ament_install'
[0.932s] Level 1:colcon.colcon_core.package_identification:_identify(src/tomatoes_detection1) by extensions ['colcon_pkg']
[0.932s] Level 1:colcon.colcon_core.package_identification:_identify(src/tomatoes_detection1) by extension 'colcon_pkg'
[0.932s] Level 1:colcon.colcon_core.package_identification:_identify(src/tomatoes_detection1) by extensions ['colcon_meta']
[0.932s] Level 1:colcon.colcon_core.package_identification:_identify(src/tomatoes_detection1) by extension 'colcon_meta'
[0.932s] Level 1:colcon.colcon_core.package_identification:_identify(src/tomatoes_detection1) by extensions ['ros']
[0.932s] Level 1:colcon.colcon_core.package_identification:_identify(src/tomatoes_detection1) by extension 'ros'
[0.932s] Level 1:colcon.colcon_core.package_identification:_identify(src/tomatoes_detection1) by extensions ['cmake', 'python']
[0.932s] Level 1:colcon.colcon_core.package_identification:_identify(src/tomatoes_detection1) by extension 'cmake'
[0.932s] Level 1:colcon.colcon_core.package_identification:_identify(src/tomatoes_detection1) by extension 'python'
[0.932s] Level 1:colcon.colcon_core.package_identification:_identify(src/tomatoes_detection1) by extensions ['python_setup_py']
[0.932s] Level 1:colcon.colcon_core.package_identification:_identify(src/tomatoes_detection1) by extension 'python_setup_py'
[0.932s] Level 1:colcon.colcon_core.package_discovery:discover_packages(recursive) using defaults
[0.932s] Level 1:colcon.colcon_core.package_discovery:discover_packages(ignore) discover
[0.932s] Level 1:colcon.colcon_core.package_discovery:discover_packages(ignore) using defaults
[0.932s] Level 1:colcon.colcon_core.package_discovery:discover_packages(path) discover
[0.932s] Level 1:colcon.colcon_core.package_discovery:discover_packages(path) using defaults
[0.982s] Level 5:colcon.colcon_core.verb:set package 'parc_robot' build argument 'cmake_args' from command line to 'None'
[0.982s] Level 5:colcon.colcon_core.verb:set package 'parc_robot' build argument 'cmake_target' from command line to 'None'
[0.982s] Level 5:colcon.colcon_core.verb:set package 'parc_robot' build argument 'cmake_target_skip_unavailable' from command line to 'False'
[0.982s] Level 5:colcon.colcon_core.verb:set package 'parc_robot' build argument 'cmake_clean_cache' from command line to 'False'
[0.982s] Level 5:colcon.colcon_core.verb:set package 'parc_robot' build argument 'cmake_clean_first' from command line to 'False'
[0.982s] Level 5:colcon.colcon_core.verb:set package 'parc_robot' build argument 'cmake_force_configure' from command line to 'False'
[0.982s] Level 5:colcon.colcon_core.verb:set package 'parc_robot' build argument 'ament_cmake_args' from command line to 'None'
[0.983s] Level 5:colcon.colcon_core.verb:set package 'parc_robot' build argument 'catkin_cmake_args' from command line to 'None'
[0.983s] Level 5:colcon.colcon_core.verb:set package 'parc_robot' build argument 'catkin_skip_building_tests' from command line to 'False'
[0.983s] DEBUG:colcon.colcon_core.verb:Building package 'parc_robot' with the following arguments: {'ament_cmake_args': None, 'build_base': '/home/iot/ros2_ws/build/parc_robot', 'catkin_cmake_args': None, 'catkin_skip_building_tests': False, 'cmake_args': None, 'cmake_clean_cache': False, 'cmake_clean_first': False, 'cmake_force_configure': False, 'cmake_target': None, 'cmake_target_skip_unavailable': False, 'install_base': '/home/iot/ros2_ws/install/parc_robot', 'merge_install': False, 'path': '/home/iot/ros2_ws/src/parc_robot', 'symlink_install': False, 'test_result_base': None}
[0.983s] Level 5:colcon.colcon_core.verb:set package 'parc_robot_description' build argument 'cmake_args' from command line to 'None'
[0.983s] Level 5:colcon.colcon_core.verb:set package 'parc_robot_description' build argument 'cmake_target' from command line to 'None'
[0.983s] Level 5:colcon.colcon_core.verb:set package 'parc_robot_description' build argument 'cmake_target_skip_unavailable' from command line to 'False'
[0.983s] Level 5:colcon.colcon_core.verb:set package 'parc_robot_description' build argument 'cmake_clean_cache' from command line to 'False'
[0.983s] Level 5:colcon.colcon_core.verb:set package 'parc_robot_description' build argument 'cmake_clean_first' from command line to 'False'
[0.983s] Level 5:colcon.colcon_core.verb:set package 'parc_robot_description' build argument 'cmake_force_configure' from command line to 'False'
[0.983s] Level 5:colcon.colcon_core.verb:set package 'parc_robot_description' build argument 'ament_cmake_args' from command line to 'None'
[0.983s] Level 5:colcon.colcon_core.verb:set package 'parc_robot_description' build argument 'catkin_cmake_args' from command line to 'None'
[0.983s] Level 5:colcon.colcon_core.verb:set package 'parc_robot_description' build argument 'catkin_skip_building_tests' from command line to 'False'
[0.983s] DEBUG:colcon.colcon_core.verb:Building package 'parc_robot_description' with the following arguments: {'ament_cmake_args': None, 'build_base': '/home/iot/ros2_ws/build/parc_robot_description', 'catkin_cmake_args': None, 'catkin_skip_building_tests': False, 'cmake_args': None, 'cmake_clean_cache': False, 'cmake_clean_first': False, 'cmake_force_configure': False, 'cmake_target': None, 'cmake_target_skip_unavailable': False, 'install_base': '/home/iot/ros2_ws/install/parc_robot_description', 'merge_install': False, 'path': '/home/iot/ros2_ws/src/parc_robot_description', 'symlink_install': False, 'test_result_base': None}
[0.984s] Level 5:colcon.colcon_core.verb:set package 'parc_robot_interfaces' build argument 'cmake_args' from command line to 'None'
[0.984s] Level 5:colcon.colcon_core.verb:set package 'parc_robot_interfaces' build argument 'cmake_target' from command line to 'None'
[0.984s] Level 5:colcon.colcon_core.verb:set package 'parc_robot_interfaces' build argument 'cmake_target_skip_unavailable' from command line to 'False'
[0.984s] Level 5:colcon.colcon_core.verb:set package 'parc_robot_interfaces' build argument 'cmake_clean_cache' from command line to 'False'
[0.984s] Level 5:colcon.colcon_core.verb:set package 'parc_robot_interfaces' build argument 'cmake_clean_first' from command line to 'False'
[0.984s] Level 5:colcon.colcon_core.verb:set package 'parc_robot_interfaces' build argument 'cmake_force_configure' from command line to 'False'
[0.984s] Level 5:colcon.colcon_core.verb:set package 'parc_robot_interfaces' build argument 'ament_cmake_args' from command line to 'None'
[0.984s] Level 5:colcon.colcon_core.verb:set package 'parc_robot_interfaces' build argument 'catkin_cmake_args' from command line to 'None'
[0.984s] Level 5:colcon.colcon_core.verb:set package 'parc_robot_interfaces' build argument 'catkin_skip_building_tests' from command line to 'False'
[0.984s] DEBUG:colcon.colcon_core.verb:Building package 'parc_robot_interfaces' with the following arguments: {'ament_cmake_args': None, 'build_base': '/home/iot/ros2_ws/build/parc_robot_interfaces', 'catkin_cmake_args': None, 'catkin_skip_building_tests': False, 'cmake_args': None, 'cmake_clean_cache': False, 'cmake_clean_first': False, 'cmake_force_configure': False, 'cmake_target': None, 'cmake_target_skip_unavailable': False, 'install_base': '/home/iot/ros2_ws/install/parc_robot_interfaces', 'merge_install': False, 'path': '/home/iot/ros2_ws/src/parc_robot_interfaces', 'symlink_install': False, 'test_result_base': None}
[0.984s] Level 5:colcon.colcon_core.verb:set package 'parc_robot_bringup' build argument 'cmake_args' from command line to 'None'
[0.984s] Level 5:colcon.colcon_core.verb:set package 'parc_robot_bringup' build argument 'cmake_target' from command line to 'None'
[0.984s] Level 5:colcon.colcon_core.verb:set package 'parc_robot_bringup' build argument 'cmake_target_skip_unavailable' from command line to 'False'
[0.984s] Level 5:colcon.colcon_core.verb:set package 'parc_robot_bringup' build argument 'cmake_clean_cache' from command line to 'False'
[0.984s] Level 5:colcon.colcon_core.verb:set package 'parc_robot_bringup' build argument 'cmake_clean_first' from command line to 'False'
[0.984s] Level 5:colcon.colcon_core.verb:set package 'parc_robot_bringup' build argument 'cmake_force_configure' from command line to 'False'
[0.984s] Level 5:colcon.colcon_core.verb:set package 'parc_robot_bringup' build argument 'ament_cmake_args' from command line to 'None'
[0.984s] Level 5:colcon.colcon_core.verb:set package 'parc_robot_bringup' build argument 'catkin_cmake_args' from command line to 'None'
[0.984s] Level 5:colcon.colcon_core.verb:set package 'parc_robot_bringup' build argument 'catkin_skip_building_tests' from command line to 'False'
[0.984s] DEBUG:colcon.colcon_core.verb:Building package 'parc_robot_bringup' with the following arguments: {'ament_cmake_args': None, 'build_base': '/home/iot/ros2_ws/build/parc_robot_bringup', 'catkin_cmake_args': None, 'catkin_skip_building_tests': False, 'cmake_args': None, 'cmake_clean_cache': False, 'cmake_clean_first': False, 'cmake_force_configure': False, 'cmake_target': None, 'cmake_target_skip_unavailable': False, 'install_base': '/home/iot/ros2_ws/install/parc_robot_bringup', 'merge_install': False, 'path': '/home/iot/ros2_ws/src/parc_robot_bringup', 'symlink_install': False, 'test_result_base': None}
[0.984s] INFO:colcon.colcon_core.executor:Executing jobs using 'parallel' executor
[0.985s] DEBUG:colcon.colcon_parallel_executor.executor.parallel:run_until_complete
[0.985s] INFO:colcon.colcon_ros.task.ament_cmake.build:Building ROS package in '/home/iot/ros2_ws/src/parc_robot_description' with build type 'ament_cmake'
[0.985s] INFO:colcon.colcon_cmake.task.cmake.build:Building CMake package in '/home/iot/ros2_ws/src/parc_robot_description'
[0.997s] INFO:colcon.colcon_core.plugin_system:Skipping extension 'colcon_core.shell.bat': Not used on non-Windows systems
[0.997s] INFO:colcon.colcon_core.shell:Skip shell extension 'powershell' for command environment: Not usable outside of PowerShell
[0.997s] DEBUG:colcon.colcon_core.shell:Skip shell extension 'dsv' for command environment
[1.009s] INFO:colcon.colcon_ros.task.ament_cmake.build:Building ROS package in '/home/iot/ros2_ws/src/parc_robot_interfaces' with build type 'ament_cmake'
[1.009s] INFO:colcon.colcon_cmake.task.cmake.build:Building CMake package in '/home/iot/ros2_ws/src/parc_robot_interfaces'
[1.009s] INFO:colcon.colcon_core.shell:Skip shell extension 'powershell' for command environment: Not usable outside of PowerShell
[1.009s] DEBUG:colcon.colcon_core.shell:Skip shell extension 'dsv' for command environment
[1.015s] INFO:colcon.colcon_ros.task.ament_cmake.build:Building ROS package in '/home/iot/ros2_ws/src/parc_robot' with build type 'ament_cmake'
[1.015s] INFO:colcon.colcon_cmake.task.cmake.build:Building CMake package in '/home/iot/ros2_ws/src/parc_robot'
[1.015s] INFO:colcon.colcon_core.shell:Skip shell extension 'powershell' for command environment: Not usable outside of PowerShell
[1.015s] DEBUG:colcon.colcon_core.shell:Skip shell extension 'dsv' for command environment
[1.027s] DEBUG:colcon.colcon_core.event_handler.log_command:Invoking command in '/home/iot/ros2_ws/build/parc_robot_description': CMAKE_PREFIX_PATH=${CMAKE_PREFIX_PATH}:/opt/ros/humble /usr/bin/cmake --build /home/iot/ros2_ws/build/parc_robot_description -- -j8 -l8
[1.030s] DEBUG:colcon.colcon_core.event_handler.log_command:Invoking command in '/home/iot/ros2_ws/build/parc_robot_interfaces': CMAKE_PREFIX_PATH=${CMAKE_PREFIX_PATH}:/opt/ros/humble /usr/bin/cmake --build /home/iot/ros2_ws/build/parc_robot_interfaces -- -j8 -l8
[1.038s] DEBUG:colcon.colcon_core.event_handler.log_command:Invoking command in '/home/iot/ros2_ws/build/parc_robot': CMAKE_PREFIX_PATH=${CMAKE_PREFIX_PATH}:/opt/ros/humble /usr/bin/cmake --build /home/iot/ros2_ws/build/parc_robot -- -j8 -l8
[1.345s] DEBUG:colcon.colcon_core.event_handler.log_command:Invoked command in '/home/iot/ros2_ws/build/parc_robot' returned '0': CMAKE_PREFIX_PATH=${CMAKE_PREFIX_PATH}:/opt/ros/humble /usr/bin/cmake --build /home/iot/ros2_ws/build/parc_robot -- -j8 -l8
[1.346s] DEBUG:colcon.colcon_core.event_handler.log_command:Invoked command in '/home/iot/ros2_ws/build/parc_robot_description' returned '0': CMAKE_PREFIX_PATH=${CMAKE_PREFIX_PATH}:/opt/ros/humble /usr/bin/cmake --build /home/iot/ros2_ws/build/parc_robot_description -- -j8 -l8
[1.367s] DEBUG:colcon.colcon_core.event_handler.log_command:Invoking command in '/home/iot/ros2_ws/build/parc_robot': CMAKE_PREFIX_PATH=${CMAKE_PREFIX_PATH}:/opt/ros/humble /usr/bin/cmake --install /home/iot/ros2_ws/build/parc_robot
[1.368s] DEBUG:colcon.colcon_core.event_handler.log_command:Invoking command in '/home/iot/ros2_ws/build/parc_robot_description': CMAKE_PREFIX_PATH=${CMAKE_PREFIX_PATH}:/opt/ros/humble /usr/bin/cmake --install /home/iot/ros2_ws/build/parc_robot_description
[1.441s] Level 1:colcon.colcon_core.environment:create_environment_scripts_only(parc_robot)
[1.449s] DEBUG:colcon.colcon_core.event_handler.log_command:Invoked command in '/home/iot/ros2_ws/build/parc_robot' returned '0': CMAKE_PREFIX_PATH=${CMAKE_PREFIX_PATH}:/opt/ros/humble /usr/bin/cmake --install /home/iot/ros2_ws/build/parc_robot
[1.460s] Level 1:colcon.colcon_core.environment:checking '/home/iot/ros2_ws/install/parc_robot' for CMake module files
[1.461s] Level 1:colcon.colcon_core.environment:checking '/home/iot/ros2_ws/install/parc_robot' for CMake config files
[1.462s] Level 1:colcon.colcon_core.shell:create_environment_hook('parc_robot', 'cmake_prefix_path')
[1.462s] INFO:colcon.colcon_core.shell:Creating environment hook '/home/iot/ros2_ws/install/parc_robot/share/parc_robot/hook/cmake_prefix_path.ps1'
[1.463s] INFO:colcon.colcon_core.shell:Creating environment descriptor '/home/iot/ros2_ws/install/parc_robot/share/parc_robot/hook/cmake_prefix_path.dsv'
[1.465s] INFO:colcon.colcon_core.shell:Creating environment hook '/home/iot/ros2_ws/install/parc_robot/share/parc_robot/hook/cmake_prefix_path.sh'
[1.467s] Level 1:colcon.colcon_core.environment:checking '/home/iot/ros2_ws/install/parc_robot/bin'
[1.467s] Level 1:colcon.colcon_core.environment:checking '/home/iot/ros2_ws/install/parc_robot/lib/pkgconfig/parc_robot.pc'
[1.470s] Level 1:colcon.colcon_core.environment:checking '/home/iot/ros2_ws/install/parc_robot/lib/python3.10/site-packages'
[1.471s] Level 1:colcon.colcon_core.environment:checking '/home/iot/ros2_ws/install/parc_robot/bin'
[1.471s] INFO:colcon.colcon_core.shell:Creating package script '/home/iot/ros2_ws/install/parc_robot/share/parc_robot/package.ps1'
[1.474s] INFO:colcon.colcon_core.shell:Creating package descriptor '/home/iot/ros2_ws/install/parc_robot/share/parc_robot/package.dsv'
[1.477s] INFO:colcon.colcon_core.shell:Creating package script '/home/iot/ros2_ws/install/parc_robot/share/parc_robot/package.sh'
[1.484s] INFO:colcon.colcon_core.shell:Creating package script '/home/iot/ros2_ws/install/parc_robot/share/parc_robot/package.bash'
[1.490s] INFO:colcon.colcon_core.shell:Creating package script '/home/iot/ros2_ws/install/parc_robot/share/parc_robot/package.zsh'
[1.493s] Level 1:colcon.colcon_core.environment:create_file_with_runtime_dependencies(/home/iot/ros2_ws/install/parc_robot/share/colcon-core/packages/parc_robot)
[1.519s] Level 1:colcon.colcon_core.environment:create_environment_scripts_only(parc_robot_description)
[1.520s] Level 1:colcon.colcon_core.environment:checking '/home/iot/ros2_ws/install/parc_robot_description' for CMake module files
[1.520s] Level 1:colcon.colcon_core.environment:checking '/home/iot/ros2_ws/install/parc_robot_description' for CMake config files
[1.521s] Level 1:colcon.colcon_core.shell:create_environment_hook('parc_robot_description', 'cmake_prefix_path')
[1.521s] INFO:colcon.colcon_core.shell:Creating environment hook '/home/iot/ros2_ws/install/parc_robot_description/share/parc_robot_description/hook/cmake_prefix_path.ps1'
[1.522s] INFO:colcon.colcon_core.shell:Creating environment descriptor '/home/iot/ros2_ws/install/parc_robot_description/share/parc_robot_description/hook/cmake_prefix_path.dsv'
[1.522s] INFO:colcon.colcon_core.shell:Creating environment hook '/home/iot/ros2_ws/install/parc_robot_description/share/parc_robot_description/hook/cmake_prefix_path.sh'
[1.527s] Level 1:colcon.colcon_core.environment:checking '/home/iot/ros2_ws/install/parc_robot_description/bin'
[1.531s] Level 1:colcon.colcon_core.environment:checking '/home/iot/ros2_ws/install/parc_robot_description/lib/pkgconfig/parc_robot_description.pc'
[1.531s] Level 1:colcon.colcon_core.environment:checking '/home/iot/ros2_ws/install/parc_robot_description/lib/python3.10/site-packages'
[1.531s] Level 1:colcon.colcon_core.environment:checking '/home/iot/ros2_ws/install/parc_robot_description/bin'
[1.532s] INFO:colcon.colcon_core.shell:Creating package script '/home/iot/ros2_ws/install/parc_robot_description/share/parc_robot_description/package.ps1'
[1.533s] INFO:colcon.colcon_core.shell:Creating package descriptor '/home/iot/ros2_ws/install/parc_robot_description/share/parc_robot_description/package.dsv'
[1.533s] INFO:colcon.colcon_core.shell:Creating package script '/home/iot/ros2_ws/install/parc_robot_description/share/parc_robot_description/package.sh'
[1.534s] INFO:colcon.colcon_core.shell:Creating package script '/home/iot/ros2_ws/install/parc_robot_description/share/parc_robot_description/package.bash'
[1.534s] INFO:colcon.colcon_core.shell:Creating package script '/home/iot/ros2_ws/install/parc_robot_description/share/parc_robot_description/package.zsh'
[1.534s] Level 1:colcon.colcon_core.environment:create_file_with_runtime_dependencies(/home/iot/ros2_ws/install/parc_robot_description/share/colcon-core/packages/parc_robot_description)
[1.539s] DEBUG:colcon.colcon_core.event_handler.log_command:Invoked command in '/home/iot/ros2_ws/build/parc_robot_description' returned '0': CMAKE_PREFIX_PATH=${CMAKE_PREFIX_PATH}:/opt/ros/humble /usr/bin/cmake --install /home/iot/ros2_ws/build/parc_robot_description
[1.561s] Level 1:colcon.colcon_core.environment:create_environment_scripts_only(parc_robot)
[1.562s] Level 1:colcon.colcon_core.environment:checking '/home/iot/ros2_ws/install/parc_robot' for CMake module files
[1.562s] Level 1:colcon.colcon_core.environment:checking '/home/iot/ros2_ws/install/parc_robot' for CMake config files
[1.563s] Level 1:colcon.colcon_core.shell:create_environment_hook('parc_robot', 'cmake_prefix_path')
[1.563s] INFO:colcon.colcon_core.shell:Creating environment hook '/home/iot/ros2_ws/install/parc_robot/share/parc_robot/hook/cmake_prefix_path.ps1'
[1.564s] INFO:colcon.colcon_core.shell:Creating environment descriptor '/home/iot/ros2_ws/install/parc_robot/share/parc_robot/hook/cmake_prefix_path.dsv'
[1.564s] INFO:colcon.colcon_core.shell:Creating environment hook '/home/iot/ros2_ws/install/parc_robot/share/parc_robot/hook/cmake_prefix_path.sh'
[1.565s] Level 1:colcon.colcon_core.environment:checking '/home/iot/ros2_ws/install/parc_robot/bin'
[1.565s] Level 1:colcon.colcon_core.environment:checking '/home/iot/ros2_ws/install/parc_robot/lib/pkgconfig/parc_robot.pc'
[1.565s] Level 1:colcon.colcon_core.environment:checking '/home/iot/ros2_ws/install/parc_robot/lib/python3.10/site-packages'
[1.565s] Level 1:colcon.colcon_core.environment:checking '/home/iot/ros2_ws/install/parc_robot/bin'
[1.566s] INFO:colcon.colcon_core.shell:Creating package script '/home/iot/ros2_ws/install/parc_robot/share/parc_robot/package.ps1'
[1.567s] INFO:colcon.colcon_core.shell:Creating package descriptor '/home/iot/ros2_ws/install/parc_robot/share/parc_robot/package.dsv'
[1.567s] INFO:colcon.colcon_core.shell:Creating package script '/home/iot/ros2_ws/install/parc_robot/share/parc_robot/package.sh'
[1.568s] INFO:colcon.colcon_core.shell:Creating package script '/home/iot/ros2_ws/install/parc_robot/share/parc_robot/package.bash'
[1.568s] INFO:colcon.colcon_core.shell:Creating package script '/home/iot/ros2_ws/install/parc_robot/share/parc_robot/package.zsh'
[1.569s] Level 1:colcon.colcon_core.environment:create_file_with_runtime_dependencies(/home/iot/ros2_ws/install/parc_robot/share/colcon-core/packages/parc_robot)
[1.570s] Level 1:colcon.colcon_core.environment:create_environment_scripts_only(parc_robot_description)
[1.571s] Level 1:colcon.colcon_core.environment:checking '/home/iot/ros2_ws/install/parc_robot_description' for CMake module files
[1.571s] Level 1:colcon.colcon_core.environment:checking '/home/iot/ros2_ws/install/parc_robot_description' for CMake config files
[1.572s] Level 1:colcon.colcon_core.shell:create_environment_hook('parc_robot_description', 'cmake_prefix_path')
[1.572s] INFO:colcon.colcon_core.shell:Creating environment hook '/home/iot/ros2_ws/install/parc_robot_description/share/parc_robot_description/hook/cmake_prefix_path.ps1'
[1.573s] INFO:colcon.colcon_core.shell:Creating environment descriptor '/home/iot/ros2_ws/install/parc_robot_description/share/parc_robot_description/hook/cmake_prefix_path.dsv'
[1.573s] INFO:colcon.colcon_core.shell:Creating environment hook '/home/iot/ros2_ws/install/parc_robot_description/share/parc_robot_description/hook/cmake_prefix_path.sh'
[1.574s] Level 1:colcon.colcon_core.environment:checking '/home/iot/ros2_ws/install/parc_robot_description/bin'
[1.574s] Level 1:colcon.colcon_core.environment:checking '/home/iot/ros2_ws/install/parc_robot_description/lib/pkgconfig/parc_robot_description.pc'
[1.574s] Level 1:colcon.colcon_core.environment:checking '/home/iot/ros2_ws/install/parc_robot_description/lib/python3.10/site-packages'
[1.575s] Level 1:colcon.colcon_core.environment:checking '/home/iot/ros2_ws/install/parc_robot_description/bin'
[1.575s] INFO:colcon.colcon_core.shell:Creating package script '/home/iot/ros2_ws/install/parc_robot_description/share/parc_robot_description/package.ps1'
[1.576s] INFO:colcon.colcon_core.shell:Creating package descriptor '/home/iot/ros2_ws/install/parc_robot_description/share/parc_robot_description/package.dsv'
[1.576s] INFO:colcon.colcon_core.shell:Creating package script '/home/iot/ros2_ws/install/parc_robot_description/share/parc_robot_description/package.sh'
[1.577s] INFO:colcon.colcon_core.shell:Creating package script '/home/iot/ros2_ws/install/parc_robot_description/share/parc_robot_description/package.bash'
[1.578s] INFO:colcon.colcon_core.shell:Creating package script '/home/iot/ros2_ws/install/parc_robot_description/share/parc_robot_description/package.zsh'
[1.578s] Level 1:colcon.colcon_core.environment:create_file_with_runtime_dependencies(/home/iot/ros2_ws/install/parc_robot_description/share/colcon-core/packages/parc_robot_description)
[1.849s] DEBUG:colcon.colcon_core.event_handler.log_command:Invoked command in '/home/iot/ros2_ws/build/parc_robot_interfaces' returned '0': CMAKE_PREFIX_PATH=${CMAKE_PREFIX_PATH}:/opt/ros/humble /usr/bin/cmake --build /home/iot/ros2_ws/build/parc_robot_interfaces -- -j8 -l8
[1.893s] DEBUG:colcon.colcon_core.event_handler.log_command:Invoking command in '/home/iot/ros2_ws/build/parc_robot_interfaces': CMAKE_PREFIX_PATH=${CMAKE_PREFIX_PATH}:/opt/ros/humble /usr/bin/cmake --install /home/iot/ros2_ws/build/parc_robot_interfaces
[1.952s] Level 1:colcon.colcon_core.environment:create_environment_scripts_only(parc_robot_interfaces)
[1.952s] Level 1:colcon.colcon_core.environment:checking '/home/iot/ros2_ws/install/parc_robot_interfaces' for CMake module files
[1.952s] DEBUG:colcon.colcon_core.event_handler.log_command:Invoked command in '/home/iot/ros2_ws/build/parc_robot_interfaces' returned '0': CMAKE_PREFIX_PATH=${CMAKE_PREFIX_PATH}:/opt/ros/humble /usr/bin/cmake --install /home/iot/ros2_ws/build/parc_robot_interfaces
[1.953s] Level 1:colcon.colcon_core.environment:checking '/home/iot/ros2_ws/install/parc_robot_interfaces' for CMake config files
[1.953s] Level 1:colcon.colcon_core.shell:create_environment_hook('parc_robot_interfaces', 'cmake_prefix_path')
[1.953s] INFO:colcon.colcon_core.shell:Creating environment hook '/home/iot/ros2_ws/install/parc_robot_interfaces/share/parc_robot_interfaces/hook/cmake_prefix_path.ps1'
[1.954s] INFO:colcon.colcon_core.shell:Creating environment descriptor '/home/iot/ros2_ws/install/parc_robot_interfaces/share/parc_robot_interfaces/hook/cmake_prefix_path.dsv'
[1.954s] INFO:colcon.colcon_core.shell:Creating environment hook '/home/iot/ros2_ws/install/parc_robot_interfaces/share/parc_robot_interfaces/hook/cmake_prefix_path.sh'
[1.954s] Level 1:colcon.colcon_core.environment:checking '/home/iot/ros2_ws/install/parc_robot_interfaces/lib'
[1.954s] Level 1:colcon.colcon_core.shell:create_environment_hook('parc_robot_interfaces', 'ld_library_path_lib')
[1.955s] INFO:colcon.colcon_core.shell:Creating environment hook '/home/iot/ros2_ws/install/parc_robot_interfaces/share/parc_robot_interfaces/hook/ld_library_path_lib.ps1'
[1.955s] INFO:colcon.colcon_core.shell:Creating environment descriptor '/home/iot/ros2_ws/install/parc_robot_interfaces/share/parc_robot_interfaces/hook/ld_library_path_lib.dsv'
[1.955s] INFO:colcon.colcon_core.shell:Creating environment hook '/home/iot/ros2_ws/install/parc_robot_interfaces/share/parc_robot_interfaces/hook/ld_library_path_lib.sh'
[1.955s] Level 1:colcon.colcon_core.environment:checking '/home/iot/ros2_ws/install/parc_robot_interfaces/bin'
[1.955s] Level 1:colcon.colcon_core.environment:checking '/home/iot/ros2_ws/install/parc_robot_interfaces/lib/pkgconfig/parc_robot_interfaces.pc'
[1.956s] Level 1:colcon.colcon_core.environment:checking '/home/iot/ros2_ws/install/parc_robot_interfaces/lib/python3.10/site-packages'
[1.956s] Level 1:colcon.colcon_core.environment:checking '/home/iot/ros2_ws/install/parc_robot_interfaces/bin'
[1.956s] INFO:colcon.colcon_core.shell:Creating package script '/home/iot/ros2_ws/install/parc_robot_interfaces/share/parc_robot_interfaces/package.ps1'
[1.956s] INFO:colcon.colcon_core.shell:Creating package descriptor '/home/iot/ros2_ws/install/parc_robot_interfaces/share/parc_robot_interfaces/package.dsv'
[1.957s] INFO:colcon.colcon_core.shell:Creating package script '/home/iot/ros2_ws/install/parc_robot_interfaces/share/parc_robot_interfaces/package.sh'
[1.957s] INFO:colcon.colcon_core.shell:Creating package script '/home/iot/ros2_ws/install/parc_robot_interfaces/share/parc_robot_interfaces/package.bash'
[1.957s] INFO:colcon.colcon_core.shell:Creating package script '/home/iot/ros2_ws/install/parc_robot_interfaces/share/parc_robot_interfaces/package.zsh'
[1.957s] Level 1:colcon.colcon_core.environment:create_file_with_runtime_dependencies(/home/iot/ros2_ws/install/parc_robot_interfaces/share/colcon-core/packages/parc_robot_interfaces)
[1.997s] Level 1:colcon.colcon_core.environment:create_environment_scripts_only(parc_robot_interfaces)
[1.997s] Level 1:colcon.colcon_core.environment:checking '/home/iot/ros2_ws/install/parc_robot_interfaces' for CMake module files
[1.998s] Level 1:colcon.colcon_core.environment:checking '/home/iot/ros2_ws/install/parc_robot_interfaces' for CMake config files
[1.998s] Level 1:colcon.colcon_core.shell:create_environment_hook('parc_robot_interfaces', 'cmake_prefix_path')
[1.998s] INFO:colcon.colcon_core.shell:Creating environment hook '/home/iot/ros2_ws/install/parc_robot_interfaces/share/parc_robot_interfaces/hook/cmake_prefix_path.ps1'
[1.999s] INFO:colcon.colcon_core.shell:Creating environment descriptor '/home/iot/ros2_ws/install/parc_robot_interfaces/share/parc_robot_interfaces/hook/cmake_prefix_path.dsv'
[1.999s] INFO:colcon.colcon_core.shell:Creating environment hook '/home/iot/ros2_ws/install/parc_robot_interfaces/share/parc_robot_interfaces/hook/cmake_prefix_path.sh'
[1.999s] Level 1:colcon.colcon_core.environment:checking '/home/iot/ros2_ws/install/parc_robot_interfaces/lib'
[2.000s] Level 1:colcon.colcon_core.shell:create_environment_hook('parc_robot_interfaces', 'ld_library_path_lib')
[2.000s] INFO:colcon.colcon_core.shell:Creating environment hook '/home/iot/ros2_ws/install/parc_robot_interfaces/share/parc_robot_interfaces/hook/ld_library_path_lib.ps1'
[2.000s] INFO:colcon.colcon_core.shell:Creating environment descriptor '/home/iot/ros2_ws/install/parc_robot_interfaces/share/parc_robot_interfaces/hook/ld_library_path_lib.dsv'
[2.000s] INFO:colcon.colcon_core.shell:Creating environment hook '/home/iot/ros2_ws/install/parc_robot_interfaces/share/parc_robot_interfaces/hook/ld_library_path_lib.sh'
[2.001s] Level 1:colcon.colcon_core.environment:checking '/home/iot/ros2_ws/install/parc_robot_interfaces/bin'
[2.001s] Level 1:colcon.colcon_core.environment:checking '/home/iot/ros2_ws/install/parc_robot_interfaces/lib/pkgconfig/parc_robot_interfaces.pc'
[2.001s] Level 1:colcon.colcon_core.environment:checking '/home/iot/ros2_ws/install/parc_robot_interfaces/lib/python3.10/site-packages'
[2.001s] Level 1:colcon.colcon_core.environment:checking '/home/iot/ros2_ws/install/parc_robot_interfaces/bin'
[2.002s] INFO:colcon.colcon_core.shell:Creating package script '/home/iot/ros2_ws/install/parc_robot_interfaces/share/parc_robot_interfaces/package.ps1'
[2.002s] INFO:colcon.colcon_core.shell:Creating package descriptor '/home/iot/ros2_ws/install/parc_robot_interfaces/share/parc_robot_interfaces/package.dsv'
[2.003s] INFO:colcon.colcon_core.shell:Creating package script '/home/iot/ros2_ws/install/parc_robot_interfaces/share/parc_robot_interfaces/package.sh'
[2.003s] INFO:colcon.colcon_core.shell:Creating package script '/home/iot/ros2_ws/install/parc_robot_interfaces/share/parc_robot_interfaces/package.bash'
[2.004s] INFO:colcon.colcon_core.shell:Creating package script '/home/iot/ros2_ws/install/parc_robot_interfaces/share/parc_robot_interfaces/package.zsh'
[2.004s] Level 1:colcon.colcon_core.environment:create_file_with_runtime_dependencies(/home/iot/ros2_ws/install/parc_robot_interfaces/share/colcon-core/packages/parc_robot_interfaces)
[2.004s] INFO:colcon.colcon_ros.task.ament_cmake.build:Building ROS package in '/home/iot/ros2_ws/src/parc_robot_bringup' with build type 'ament_cmake'
[2.004s] INFO:colcon.colcon_cmake.task.cmake.build:Building CMake package in '/home/iot/ros2_ws/src/parc_robot_bringup'
[2.005s] INFO:colcon.colcon_core.shell:Skip shell extension 'powershell' for command environment: Not usable outside of PowerShell
[2.005s] DEBUG:colcon.colcon_core.shell:Skip shell extension 'dsv' for command environment
[2.024s] DEBUG:colcon.colcon_core.event_handler.log_command:Invoking command in '/home/iot/ros2_ws/build/parc_robot_bringup': CMAKE_PREFIX_PATH=/home/iot/ros2_ws/install/parc_robot_interfaces:/home/iot/ros2_ws/install/parc_robot_description:/home/iot/ros2_ws/install/parc_robot_bringup:/home/iot/ros2_ws/install/parc_robot:/opt/ros/humble /usr/bin/cmake --build /home/iot/ros2_ws/build/parc_robot_bringup -- -j8 -l8
[2.433s] DEBUG:colcon.colcon_core.event_handler.log_command:Invoked command in '/home/iot/ros2_ws/build/parc_robot_bringup' returned '0': CMAKE_PREFIX_PATH=/home/iot/ros2_ws/install/parc_robot_interfaces:/home/iot/ros2_ws/install/parc_robot_description:/home/iot/ros2_ws/install/parc_robot_bringup:/home/iot/ros2_ws/install/parc_robot:/opt/ros/humble /usr/bin/cmake --build /home/iot/ros2_ws/build/parc_robot_bringup -- -j8 -l8
[2.452s] DEBUG:colcon.colcon_core.event_handler.log_command:Invoking command in '/home/iot/ros2_ws/build/parc_robot_bringup': CMAKE_PREFIX_PATH=/home/iot/ros2_ws/install/parc_robot_interfaces:/home/iot/ros2_ws/install/parc_robot_description:/home/iot/ros2_ws/install/parc_robot_bringup:/home/iot/ros2_ws/install/parc_robot:/opt/ros/humble /usr/bin/cmake --install /home/iot/ros2_ws/build/parc_robot_bringup
[2.605s] Level 1:colcon.colcon_core.environment:create_environment_scripts_only(parc_robot_bringup)
[2.605s] Level 1:colcon.colcon_core.environment:checking '/home/iot/ros2_ws/install/parc_robot_bringup' for CMake module files
[2.606s] DEBUG:colcon.colcon_core.event_handler.log_command:Invoked command in '/home/iot/ros2_ws/build/parc_robot_bringup' returned '0': CMAKE_PREFIX_PATH=/home/iot/ros2_ws/install/parc_robot_interfaces:/home/iot/ros2_ws/install/parc_robot_description:/home/iot/ros2_ws/install/parc_robot_bringup:/home/iot/ros2_ws/install/parc_robot:/opt/ros/humble /usr/bin/cmake --install /home/iot/ros2_ws/build/parc_robot_bringup
[2.606s] Level 1:colcon.colcon_core.environment:checking '/home/iot/ros2_ws/install/parc_robot_bringup' for CMake config files
[2.607s] Level 1:colcon.colcon_core.shell:create_environment_hook('parc_robot_bringup', 'cmake_prefix_path')
[2.607s] INFO:colcon.colcon_core.shell:Creating environment hook '/home/iot/ros2_ws/install/parc_robot_bringup/share/parc_robot_bringup/hook/cmake_prefix_path.ps1'
[2.608s] INFO:colcon.colcon_core.shell:Creating environment descriptor '/home/iot/ros2_ws/install/parc_robot_bringup/share/parc_robot_bringup/hook/cmake_prefix_path.dsv'
[2.608s] INFO:colcon.colcon_core.shell:Creating environment hook '/home/iot/ros2_ws/install/parc_robot_bringup/share/parc_robot_bringup/hook/cmake_prefix_path.sh'
[2.608s] Level 1:colcon.colcon_core.environment:checking '/home/iot/ros2_ws/install/parc_robot_bringup/lib'
[2.608s] Level 1:colcon.colcon_core.environment:checking '/home/iot/ros2_ws/install/parc_robot_bringup/bin'
[2.608s] Level 1:colcon.colcon_core.environment:checking '/home/iot/ros2_ws/install/parc_robot_bringup/lib/pkgconfig/parc_robot_bringup.pc'
[2.609s] Level 1:colcon.colcon_core.environment:checking '/home/iot/ros2_ws/install/parc_robot_bringup/lib/python3.10/site-packages'
[2.609s] Level 1:colcon.colcon_core.environment:checking '/home/iot/ros2_ws/install/parc_robot_bringup/bin'
[2.609s] INFO:colcon.colcon_core.shell:Creating package script '/home/iot/ros2_ws/install/parc_robot_bringup/share/parc_robot_bringup/package.ps1'
[2.609s] INFO:colcon.colcon_core.shell:Creating package descriptor '/home/iot/ros2_ws/install/parc_robot_bringup/share/parc_robot_bringup/package.dsv'
[2.609s] INFO:colcon.colcon_core.shell:Creating package script '/home/iot/ros2_ws/install/parc_robot_bringup/share/parc_robot_bringup/package.sh'
[2.610s] INFO:colcon.colcon_core.shell:Creating package script '/home/iot/ros2_ws/install/parc_robot_bringup/share/parc_robot_bringup/package.bash'
[2.610s] INFO:colcon.colcon_core.shell:Creating package script '/home/iot/ros2_ws/install/parc_robot_bringup/share/parc_robot_bringup/package.zsh'
[2.610s] Level 1:colcon.colcon_core.environment:create_file_with_runtime_dependencies(/home/iot/ros2_ws/install/parc_robot_bringup/share/colcon-core/packages/parc_robot_bringup)
[2.627s] Level 1:colcon.colcon_core.environment:create_environment_scripts_only(parc_robot_bringup)
[2.627s] Level 1:colcon.colcon_core.environment:checking '/home/iot/ros2_ws/install/parc_robot_bringup' for CMake module files
[2.628s] Level 1:colcon.colcon_core.environment:checking '/home/iot/ros2_ws/install/parc_robot_bringup' for CMake config files
[2.629s] Level 1:colcon.colcon_core.shell:create_environment_hook('parc_robot_bringup', 'cmake_prefix_path')
[2.629s] INFO:colcon.colcon_core.shell:Creating environment hook '/home/iot/ros2_ws/install/parc_robot_bringup/share/parc_robot_bringup/hook/cmake_prefix_path.ps1'
[2.629s] INFO:colcon.colcon_core.shell:Creating environment descriptor '/home/iot/ros2_ws/install/parc_robot_bringup/share/parc_robot_bringup/hook/cmake_prefix_path.dsv'
[2.629s] INFO:colcon.colcon_core.shell:Creating environment hook '/home/iot/ros2_ws/install/parc_robot_bringup/share/parc_robot_bringup/hook/cmake_prefix_path.sh'
[2.630s] Level 1:colcon.colcon_core.environment:checking '/home/iot/ros2_ws/install/parc_robot_bringup/lib'
[2.630s] Level 1:colcon.colcon_core.environment:checking '/home/iot/ros2_ws/install/parc_robot_bringup/bin'
[2.630s] Level 1:colcon.colcon_core.environment:checking '/home/iot/ros2_ws/install/parc_robot_bringup/lib/pkgconfig/parc_robot_bringup.pc'
[2.630s] Level 1:colcon.colcon_core.environment:checking '/home/iot/ros2_ws/install/parc_robot_bringup/lib/python3.10/site-packages'
[2.630s] Level 1:colcon.colcon_core.environment:checking '/home/iot/ros2_ws/install/parc_robot_bringup/bin'
[2.630s] INFO:colcon.colcon_core.shell:Creating package script '/home/iot/ros2_ws/install/parc_robot_bringup/share/parc_robot_bringup/package.ps1'
[2.631s] INFO:colcon.colcon_core.shell:Creating package descriptor '/home/iot/ros2_ws/install/parc_robot_bringup/share/parc_robot_bringup/package.dsv'
[2.631s] INFO:colcon.colcon_core.shell:Creating package script '/home/iot/ros2_ws/install/parc_robot_bringup/share/parc_robot_bringup/package.sh'
[2.631s] INFO:colcon.colcon_core.shell:Creating package script '/home/iot/ros2_ws/install/parc_robot_bringup/share/parc_robot_bringup/package.bash'
[2.632s] INFO:colcon.colcon_core.shell:Creating package script '/home/iot/ros2_ws/install/parc_robot_bringup/share/parc_robot_bringup/package.zsh'
[2.632s] Level 1:colcon.colcon_core.environment:create_file_with_runtime_dependencies(/home/iot/ros2_ws/install/parc_robot_bringup/share/colcon-core/packages/parc_robot_bringup)
[2.632s] DEBUG:colcon.colcon_parallel_executor.executor.parallel:closing loop
[2.632s] DEBUG:colcon.colcon_parallel_executor.executor.parallel:loop closed
[2.632s] DEBUG:colcon.colcon_parallel_executor.executor.parallel:run_until_complete finished with '0'
[2.632s] DEBUG:colcon.colcon_core.event_reactor:joining thread
[2.638s] INFO:colcon.colcon_core.plugin_system:Skipping extension 'colcon_notification.desktop_notification.terminal_notifier': Not used on non-Darwin systems
[2.639s] INFO:colcon.colcon_core.plugin_system:Skipping extension 'colcon_notification.desktop_notification.win32': Not used on non-Windows systems
[2.639s] INFO:colcon.colcon_notification.desktop_notification:Sending desktop notification using 'notify2'
[2.649s] DEBUG:colcon.colcon_core.event_reactor:joined thread
[2.649s] INFO:colcon.colcon_core.shell:Creating prefix script '/home/iot/ros2_ws/install/local_setup.ps1'
[2.650s] INFO:colcon.colcon_core.shell:Creating prefix util module '/home/iot/ros2_ws/install/_local_setup_util_ps1.py'
[2.652s] INFO:colcon.colcon_core.shell:Creating prefix chain script '/home/iot/ros2_ws/install/setup.ps1'
[2.655s] INFO:colcon.colcon_core.shell:Creating prefix script '/home/iot/ros2_ws/install/local_setup.sh'
[2.658s] INFO:colcon.colcon_core.shell:Creating prefix util module '/home/iot/ros2_ws/install/_local_setup_util_sh.py'
[2.659s] INFO:colcon.colcon_core.shell:Creating prefix chain script '/home/iot/ros2_ws/install/setup.sh'
[2.664s] INFO:colcon.colcon_core.shell:Creating prefix script '/home/iot/ros2_ws/install/local_setup.bash'
[2.666s] INFO:colcon.colcon_core.shell:Creating prefix chain script '/home/iot/ros2_ws/install/setup.bash'
[2.671s] INFO:colcon.colcon_core.shell:Creating prefix script '/home/iot/ros2_ws/install/local_setup.zsh'
[2.674s] INFO:colcon.colcon_core.shell:Creating prefix chain script '/home/iot/ros2_ws/install/setup.zsh'
