[0.015s] Invoking command in '/home/iot/ros2_ws/src/build/parc_robot_description': CMAKE_PREFIX_PATH=${CMAKE_PREFIX_PATH}:/opt/ros/humble /usr/bin/cmake /home/iot/ros2_ws/src/parc_robot_description -DCMAKE_INSTALL_PREFIX=/home/iot/ros2_ws/src/install/parc_robot_description
[0.617s] -- The C compiler identification is GNU 11.4.0
[1.277s] -- The CXX compiler identification is GNU 11.4.0
[1.286s] -- Detecting C compiler ABI info
[1.366s] -- Detecting C compiler ABI info - done
[1.373s] -- Check for working C compiler: /usr/bin/cc - skipped
[1.374s] -- Detecting C compile features
[1.374s] -- Detecting C compile features - done
[1.378s] -- Detecting CXX compiler ABI info
[1.610s] -- Detecting CXX compiler ABI info - done
[1.620s] -- Check for working CXX compiler: /usr/bin/c++ - skipped
[1.620s] -- Detecting CXX compile features
[1.621s] -- Detecting CXX compile features - done
[1.626s] -- Found ament_cmake: 1.3.9 (/opt/ros/humble/share/ament_cmake/cmake)
[1.771s] -- Found Python3: /usr/bin/python3 (found version "3.10.12") found components: Interpreter 
[1.881s] -- Found urdf: 2.6.0 (/opt/ros/humble/share/urdf/cmake)
[1.947s] -- Found xacro: 2.0.8 (/opt/ros/humble/share/xacro/cmake)
[2.006s] -- Configuring done
[2.008s] -- Generating done
[2.009s] -- Build files have been written to: /home/iot/ros2_ws/src/build/parc_robot_description
[2.022s] Invoked command in '/home/iot/ros2_ws/src/build/parc_robot_description' returned '0': CMAKE_PREFIX_PATH=${CMAKE_PREFIX_PATH}:/opt/ros/humble /usr/bin/cmake /home/iot/ros2_ws/src/parc_robot_description -DCMAKE_INSTALL_PREFIX=/home/iot/ros2_ws/src/install/parc_robot_description
[2.023s] Invoking command in '/home/iot/ros2_ws/src/build/parc_robot_description': CMAKE_PREFIX_PATH=${CMAKE_PREFIX_PATH}:/opt/ros/humble /usr/bin/cmake --build /home/iot/ros2_ws/src/build/parc_robot_description -- -j8 -l8
[2.080s] Invoked command in '/home/iot/ros2_ws/src/build/parc_robot_description' returned '0': CMAKE_PREFIX_PATH=${CMAKE_PREFIX_PATH}:/opt/ros/humble /usr/bin/cmake --build /home/iot/ros2_ws/src/build/parc_robot_description -- -j8 -l8
[2.101s] Invoking command in '/home/iot/ros2_ws/src/build/parc_robot_description': CMAKE_PREFIX_PATH=${CMAKE_PREFIX_PATH}:/opt/ros/humble /usr/bin/cmake --install /home/iot/ros2_ws/src/build/parc_robot_description
[2.109s] -- Install configuration: ""
[2.109s] -- Installing: /home/iot/ros2_ws/src/install/parc_robot_description/share/parc_robot_description/launch
[2.110s] -- Installing: /home/iot/ros2_ws/src/install/parc_robot_description/share/parc_robot_description/launch/robot_state_publisher_launch.py
[2.110s] -- Installing: /home/iot/ros2_ws/src/install/parc_robot_description/share/parc_robot_description/launch/description_launch.py
[2.110s] -- Installing: /home/iot/ros2_ws/src/install/parc_robot_description/share/parc_robot_description/meshes
[2.110s] -- Installing: /home/iot/ros2_ws/src/install/parc_robot_description/share/parc_robot_description/meshes/base_link.dae
[2.534s] -- Installing: /home/iot/ros2_ws/src/install/parc_robot_description/share/parc_robot_description/meshes/seeder.stl
[2.601s] -- Installing: /home/iot/ros2_ws/src/install/parc_robot_description/share/parc_robot_description/meshes/enclosure_with_overhang.dae
[2.671s] -- Installing: /home/iot/ros2_ws/src/install/parc_robot_description/share/parc_robot_description/meshes/ydlidar.dae
[2.745s] -- Installing: /home/iot/ros2_ws/src/install/parc_robot_description/share/parc_robot_description/meshes/wheel_type1.dae
[2.818s] -- Installing: /home/iot/ros2_ws/src/install/parc_robot_description/share/parc_robot_description/meshes/enclosure_with_overhang.stl
[4.333s] -- Installing: /home/iot/ros2_ws/src/install/parc_robot_description/share/parc_robot_description/meshes/ZED2.dae
[4.336s] -- Installing: /home/iot/ros2_ws/src/install/parc_robot_description/share/parc_robot_description/meshes/wheel_type2.dae
[4.468s] -- Installing: /home/iot/ros2_ws/src/install/parc_robot_description/share/parc_robot_description/meshes/seeder_v1.stl
[4.475s] -- Installing: /home/iot/ros2_ws/src/install/parc_robot_description/share/parc_robot_description/meshes/enclosure.dae
[5.604s] -- Installing: /home/iot/ros2_ws/src/install/parc_robot_description/share/parc_robot_description/urdf
[5.604s] -- Installing: /home/iot/ros2_ws/src/install/parc_robot_description/share/parc_robot_description/urdf/scout_wheel_type1.xacro
[5.666s] -- Installing: /home/iot/ros2_ws/src/install/parc_robot_description/share/parc_robot_description/urdf/zed2.xacro
[5.666s] -- Installing: /home/iot/ros2_ws/src/install/parc_robot_description/share/parc_robot_description/urdf/ydlidar.xacro
[5.667s] -- Installing: /home/iot/ros2_ws/src/install/parc_robot_description/share/parc_robot_description/urdf/parc_robot.xacro
[5.667s] -- Installing: /home/iot/ros2_ws/src/install/parc_robot_description/share/parc_robot_description/urdf/inertial_macros.xacro
[5.667s] -- Installing: /home/iot/ros2_ws/src/install/parc_robot_description/share/parc_robot_description/urdf/imu.xacro
[5.667s] -- Installing: /home/iot/ros2_ws/src/install/parc_robot_description/share/parc_robot_description/urdf/scout_wheel_type2.xacro
[5.668s] -- Installing: /home/iot/ros2_ws/src/install/parc_robot_description/share/parc_robot_description/urdf/sensors.xacro
[5.668s] -- Installing: /home/iot/ros2_ws/src/install/parc_robot_description/share/parc_robot_description/urdf/parc_robot_gazebo.xacro
[5.668s] -- Installing: /home/iot/ros2_ws/src/install/parc_robot_description/share/parc_robot_description/urdf/scout_wheel.gazebo
[5.668s] -- Installing: /home/iot/ros2_ws/src/install/parc_robot_description/share/parc_robot_description/urdf/attachment.xacro
[5.669s] -- Installing: /home/iot/ros2_ws/src/install/parc_robot_description/share/parc_robot_description/urdf/gps.xacro
[5.669s] -- Installing: /home/iot/ros2_ws/src/install/parc_robot_description/share/parc_robot_description/urdf/side_cameras.xacro
[5.669s] -- Installing: /home/iot/ros2_ws/src/install/parc_robot_description/share/parc_robot_description/urdf/enclosure.xacro
[5.669s] -- Installing: /home/iot/ros2_ws/src/install/parc_robot_description/share/parc_robot_description/rviz
[5.669s] -- Installing: /home/iot/ros2_ws/src/install/parc_robot_description/share/parc_robot_description/rviz/description.rviz
[5.670s] -- Installing: /home/iot/ros2_ws/src/install/parc_robot_description/share/parc_robot_description/materials
[5.670s] -- Installing: /home/iot/ros2_ws/src/install/parc_robot_description/share/parc_robot_description/materials/textures
[5.670s] -- Installing: /home/iot/ros2_ws/src/install/parc_robot_description/share/parc_robot_description/materials/textures/dirty_metal.jpg
[5.675s] -- Installing: /home/iot/ros2_ws/src/install/parc_robot_description/share/parc_robot_description/materials/scripts
[5.675s] -- Installing: /home/iot/ros2_ws/src/install/parc_robot_description/share/parc_robot_description/materials/scripts/dirty_metal.material
[5.676s] -- Installing: /home/iot/ros2_ws/src/install/parc_robot_description/share/parc_robot_description/materials/scripts/.vscode
[5.676s] -- Installing: /home/iot/ros2_ws/src/install/parc_robot_description/share/parc_robot_description/materials/scripts/.vscode/settings.json
[5.676s] -- Installing: /home/iot/ros2_ws/src/install/parc_robot_description/share/parc_robot_description/materials/scripts/.vscode/c_cpp_properties.json
[5.677s] -- Installing: /home/iot/ros2_ws/src/install/parc_robot_description/share/ament_index/resource_index/package_run_dependencies/parc_robot_description
[5.677s] -- Installing: /home/iot/ros2_ws/src/install/parc_robot_description/share/ament_index/resource_index/parent_prefix_path/parc_robot_description
[5.677s] -- Installing: /home/iot/ros2_ws/src/install/parc_robot_description/share/parc_robot_description/environment/ament_prefix_path.sh
[5.677s] -- Installing: /home/iot/ros2_ws/src/install/parc_robot_description/share/parc_robot_description/environment/ament_prefix_path.dsv
[5.677s] -- Installing: /home/iot/ros2_ws/src/install/parc_robot_description/share/parc_robot_description/environment/path.sh
[5.678s] -- Installing: /home/iot/ros2_ws/src/install/parc_robot_description/share/parc_robot_description/environment/path.dsv
[5.678s] -- Installing: /home/iot/ros2_ws/src/install/parc_robot_description/share/parc_robot_description/local_setup.bash
[5.678s] -- Installing: /home/iot/ros2_ws/src/install/parc_robot_description/share/parc_robot_description/local_setup.sh
[5.678s] -- Installing: /home/iot/ros2_ws/src/install/parc_robot_description/share/parc_robot_description/local_setup.zsh
[5.678s] -- Installing: /home/iot/ros2_ws/src/install/parc_robot_description/share/parc_robot_description/local_setup.dsv
[5.678s] -- Installing: /home/iot/ros2_ws/src/install/parc_robot_description/share/parc_robot_description/package.dsv
[5.679s] -- Installing: /home/iot/ros2_ws/src/install/parc_robot_description/share/ament_index/resource_index/packages/parc_robot_description
[5.679s] -- Installing: /home/iot/ros2_ws/src/install/parc_robot_description/share/parc_robot_description/cmake/parc_robot_descriptionConfig.cmake
[5.679s] -- Installing: /home/iot/ros2_ws/src/install/parc_robot_description/share/parc_robot_description/cmake/parc_robot_descriptionConfig-version.cmake
[5.679s] -- Installing: /home/iot/ros2_ws/src/install/parc_robot_description/share/parc_robot_description/package.xml
[5.681s] Invoked command in '/home/iot/ros2_ws/src/build/parc_robot_description' returned '0': CMAKE_PREFIX_PATH=${CMAKE_PREFIX_PATH}:/opt/ros/humble /usr/bin/cmake --install /home/iot/ros2_ws/src/build/parc_robot_description
