[0.007s] Invoking command in '/home/iot/ros2_ws/build/parc_robot_bringup': CMAKE_PREFIX_PATH=/home/iot/ros2_ws/install/parc_robot_interfaces:/home/iot/ros2_ws/install/parc_robot_description:/home/iot/ros2_ws/install/parc_robot_bringup:/home/iot/ros2_ws/install/parc_robot:/home/iot/ros2_ws/install/tomatoes_detection1:/home/iot/ros2_ws/install/farmland_navigation:/opt/ros/humble /usr/bin/cmake /home/iot/ros2_ws/src/parc_robot_bringup -DCMAKE_INSTALL_PREFIX=/home/iot/ros2_ws/install/parc_robot_bringup
[0.044s] -- The C compiler identification is GNU 11.4.0
[0.084s] -- The CXX compiler identification is GNU 11.4.0
[0.090s] -- Detecting C compiler ABI info
[0.136s] -- Detecting C compiler ABI info - done
[0.142s] -- Check for working C compiler: /usr/bin/cc - skipped
[0.143s] -- Detecting C compile features
[0.143s] -- Detecting C compile features - done
[0.145s] -- Detecting CXX compiler ABI info
[0.201s] -- Detecting CXX compiler ABI info - done
[0.207s] -- Check for working CXX compiler: /usr/bin/c++ - skipped
[0.207s] -- Detecting CXX compile features
[0.208s] -- Detecting CXX compile features - done
[0.209s] -- Found ament_cmake: 1.3.9 (/opt/ros/humble/share/ament_cmake/cmake)
[0.324s] -- Found Python3: /usr/bin/python3 (found version "3.10.12") found components: Interpreter 
[0.394s] -- Found rclpy: 3.3.13 (/opt/ros/humble/share/rclpy/cmake)
[0.395s] -- Found urdf: 2.6.0 (/opt/ros/humble/share/urdf/cmake)
[0.439s] -- Found transmission_interface: 2.41.0 (/opt/ros/humble/share/transmission_interface/cmake)
[0.486s] -- Found rosidl_generator_c: 3.1.5 (/opt/ros/humble/share/rosidl_generator_c/cmake)
[0.490s] -- Found rosidl_adapter: 3.1.5 (/opt/ros/humble/share/rosidl_adapter/cmake)
[0.497s] -- Found rosidl_generator_cpp: 3.1.5 (/opt/ros/humble/share/rosidl_generator_cpp/cmake)
[0.508s] -- Using all available rosidl_typesupport_c: rosidl_typesupport_fastrtps_c;rosidl_typesupport_introspection_c
[0.521s] -- Using all available rosidl_typesupport_cpp: rosidl_typesupport_fastrtps_cpp;rosidl_typesupport_introspection_cpp
[1.192s] -- Found rmw_implementation_cmake: 6.1.2 (/opt/ros/humble/share/rmw_implementation_cmake/cmake)
[1.196s] -- Found rmw_cyclonedds_cpp: 1.3.4 (/opt/ros/humble/share/rmw_cyclonedds_cpp/cmake)
[1.257s] -- Using RMW implementation 'rmw_cyclonedds_cpp' as default
[1.357s] -- Looking for pthread.h
[1.487s] -- Looking for pthread.h - found
[1.487s] -- Performing Test CMAKE_HAVE_LIBC_PTHREAD
[1.540s] -- Performing Test CMAKE_HAVE_LIBC_PTHREAD - Success
[1.541s] -- Found Threads: TRUE  
[1.888s] -- Configuring done
[1.892s] -- Generating done
[1.893s] -- Build files have been written to: /home/iot/ros2_ws/build/parc_robot_bringup
[1.900s] Invoked command in '/home/iot/ros2_ws/build/parc_robot_bringup' returned '0': CMAKE_PREFIX_PATH=/home/iot/ros2_ws/install/parc_robot_interfaces:/home/iot/ros2_ws/install/parc_robot_description:/home/iot/ros2_ws/install/parc_robot_bringup:/home/iot/ros2_ws/install/parc_robot:/home/iot/ros2_ws/install/tomatoes_detection1:/home/iot/ros2_ws/install/farmland_navigation:/opt/ros/humble /usr/bin/cmake /home/iot/ros2_ws/src/parc_robot_bringup -DCMAKE_INSTALL_PREFIX=/home/iot/ros2_ws/install/parc_robot_bringup
[1.900s] Invoking command in '/home/iot/ros2_ws/build/parc_robot_bringup': CMAKE_PREFIX_PATH=/home/iot/ros2_ws/install/parc_robot_interfaces:/home/iot/ros2_ws/install/parc_robot_description:/home/iot/ros2_ws/install/parc_robot_bringup:/home/iot/ros2_ws/install/parc_robot:/home/iot/ros2_ws/install/tomatoes_detection1:/home/iot/ros2_ws/install/farmland_navigation:/opt/ros/humble /usr/bin/cmake --build /home/iot/ros2_ws/build/parc_robot_bringup -- -j8 -l8
[1.939s] Built target ament_cmake_python_copy_parc_robot_bringup
[2.135s] running egg_info
[2.135s] creating parc_robot_bringup.egg-info
[2.135s] writing parc_robot_bringup.egg-info/PKG-INFO
[2.135s] writing dependency_links to parc_robot_bringup.egg-info/dependency_links.txt
[2.135s] writing top-level names to parc_robot_bringup.egg-info/top_level.txt
[2.135s] writing manifest file 'parc_robot_bringup.egg-info/SOURCES.txt'
[2.137s] reading manifest file 'parc_robot_bringup.egg-info/SOURCES.txt'
[2.137s] writing manifest file 'parc_robot_bringup.egg-info/SOURCES.txt'
[2.156s] Built target ament_cmake_python_build_parc_robot_bringup_egg
[2.164s] Invoked command in '/home/iot/ros2_ws/build/parc_robot_bringup' returned '0': CMAKE_PREFIX_PATH=/home/iot/ros2_ws/install/parc_robot_interfaces:/home/iot/ros2_ws/install/parc_robot_description:/home/iot/ros2_ws/install/parc_robot_bringup:/home/iot/ros2_ws/install/parc_robot:/home/iot/ros2_ws/install/tomatoes_detection1:/home/iot/ros2_ws/install/farmland_navigation:/opt/ros/humble /usr/bin/cmake --build /home/iot/ros2_ws/build/parc_robot_bringup -- -j8 -l8
[2.180s] Invoking command in '/home/iot/ros2_ws/build/parc_robot_bringup': CMAKE_PREFIX_PATH=/home/iot/ros2_ws/install/parc_robot_interfaces:/home/iot/ros2_ws/install/parc_robot_description:/home/iot/ros2_ws/install/parc_robot_bringup:/home/iot/ros2_ws/install/parc_robot:/home/iot/ros2_ws/install/tomatoes_detection1:/home/iot/ros2_ws/install/farmland_navigation:/opt/ros/humble /usr/bin/cmake --install /home/iot/ros2_ws/build/parc_robot_bringup
[2.185s] -- Install configuration: ""
[2.185s] -- Installing: /home/iot/ros2_ws/install/parc_robot_bringup/share/parc_robot_bringup/config
[2.185s] -- Installing: /home/iot/ros2_ws/install/parc_robot_bringup/share/parc_robot_bringup/config/controllers.yaml
[2.185s] -- Installing: /home/iot/ros2_ws/install/parc_robot_bringup/share/parc_robot_bringup/config/route1_world_coordinates.yaml
[2.186s] -- Installing: /home/iot/ros2_ws/install/parc_robot_bringup/share/parc_robot_bringup/config/route2_world_coordinates.yaml
[2.186s] -- Installing: /home/iot/ros2_ws/install/parc_robot_bringup/share/parc_robot_bringup/config/gazebo_params.yaml
[2.186s] -- Installing: /home/iot/ros2_ws/install/parc_robot_bringup/share/parc_robot_bringup/config/task1_route3_params.yaml
[2.186s] -- Installing: /home/iot/ros2_ws/install/parc_robot_bringup/share/parc_robot_bringup/config/task1_route1_params.yaml
[2.186s] -- Installing: /home/iot/ros2_ws/install/parc_robot_bringup/share/parc_robot_bringup/config/gazebo_ros2_ctl_use_sim.yaml
[2.186s] -- Installing: /home/iot/ros2_ws/install/parc_robot_bringup/share/parc_robot_bringup/config/route3_world_coordinates.yaml
[2.186s] -- Installing: /home/iot/ros2_ws/install/parc_robot_bringup/share/parc_robot_bringup/config/task1_route2_params.yaml
[2.186s] -- Installing: /home/iot/ros2_ws/install/parc_robot_bringup/share/parc_robot_bringup/launch
[2.186s] -- Installing: /home/iot/ros2_ws/install/parc_robot_bringup/share/parc_robot_bringup/launch/task1_launch.py
[2.186s] -- Installing: /home/iot/ros2_ws/install/parc_robot_bringup/share/parc_robot_bringup/launch/task2_launch.py
[2.186s] -- Installing: /home/iot/ros2_ws/install/parc_robot_bringup/share/parc_robot_bringup/models
[2.186s] -- Installing: /home/iot/ros2_ws/install/parc_robot_bringup/share/parc_robot_bringup/models/tomato_9
[2.186s] -- Installing: /home/iot/ros2_ws/install/parc_robot_bringup/share/parc_robot_bringup/models/tomato_9/materials
[2.186s] -- Installing: /home/iot/ros2_ws/install/parc_robot_bringup/share/parc_robot_bringup/models/tomato_9/materials/textures
[2.187s] -- Installing: /home/iot/ros2_ws/install/parc_robot_bringup/share/parc_robot_bringup/models/tomato_9/materials/textures/AG15brn1(copy).png
[2.187s] -- Installing: /home/iot/ros2_ws/install/parc_robot_bringup/share/parc_robot_bringup/models/tomato_9/materials/textures/AG15blo1.png
[2.187s] -- Installing: /home/iot/ros2_ws/install/parc_robot_bringup/share/parc_robot_bringup/models/tomato_9/materials/textures/AG15frt1.png
[2.187s] -- Installing: /home/iot/ros2_ws/install/parc_robot_bringup/share/parc_robot_bringup/models/tomato_9/materials/textures/AG15lef1.png
[2.187s] -- Installing: /home/iot/ros2_ws/install/parc_robot_bringup/share/parc_robot_bringup/models/tomato_9/materials/textures/AG15brn1.png
[2.187s] -- Installing: /home/iot/ros2_ws/install/parc_robot_bringup/share/parc_robot_bringup/models/tomato_9/materials/textures/AG15blo3.png
[2.187s] -- Installing: /home/iot/ros2_ws/install/parc_robot_bringup/share/parc_robot_bringup/models/tomato_9/materials/textures/AG15lef2.png
[2.188s] -- Installing: /home/iot/ros2_ws/install/parc_robot_bringup/share/parc_robot_bringup/models/tomato_9/materials/textures/AG15frt3.png
[2.188s] -- Installing: /home/iot/ros2_ws/install/parc_robot_bringup/share/parc_robot_bringup/models/tomato_9/materials/textures/AG15frt4.png
[2.189s] -- Installing: /home/iot/ros2_ws/install/parc_robot_bringup/share/parc_robot_bringup/models/tomato_9/materials/textures/AG15blo2.png
[2.189s] -- Installing: /home/iot/ros2_ws/install/parc_robot_bringup/share/parc_robot_bringup/models/tomato_9/materials/textures/AG15frt2.png
[2.189s] -- Installing: /home/iot/ros2_ws/install/parc_robot_bringup/share/parc_robot_bringup/models/tomato_9/materials/scripts
[2.189s] -- Installing: /home/iot/ros2_ws/install/parc_robot_bringup/share/parc_robot_bringup/models/tomato_9/materials/scripts/fruit4.material
[2.189s] -- Installing: /home/iot/ros2_ws/install/parc_robot_bringup/share/parc_robot_bringup/models/tomato_9/materials/scripts/branch.material
[2.189s] -- Installing: /home/iot/ros2_ws/install/parc_robot_bringup/share/parc_robot_bringup/models/tomato_9/materials/scripts/blossom1.material
[2.189s] -- Installing: /home/iot/ros2_ws/install/parc_robot_bringup/share/parc_robot_bringup/models/tomato_9/materials/scripts/leaf1.material
[2.190s] -- Installing: /home/iot/ros2_ws/install/parc_robot_bringup/share/parc_robot_bringup/models/tomato_9/materials/scripts/blossom3.material
[2.190s] -- Installing: /home/iot/ros2_ws/install/parc_robot_bringup/share/parc_robot_bringup/models/tomato_9/materials/scripts/leaf2.material
[2.190s] -- Installing: /home/iot/ros2_ws/install/parc_robot_bringup/share/parc_robot_bringup/models/tomato_9/materials/scripts/fruit1.material
[2.190s] -- Installing: /home/iot/ros2_ws/install/parc_robot_bringup/share/parc_robot_bringup/models/tomato_9/materials/scripts/blossom2.material
[2.190s] -- Installing: /home/iot/ros2_ws/install/parc_robot_bringup/share/parc_robot_bringup/models/tomato_9/materials/scripts/fruit3.material
[2.190s] -- Installing: /home/iot/ros2_ws/install/parc_robot_bringup/share/parc_robot_bringup/models/tomato_9/materials/scripts/fruit2.material
[2.190s] -- Installing: /home/iot/ros2_ws/install/parc_robot_bringup/share/parc_robot_bringup/models/tomato_9/meshes
[2.190s] -- Installing: /home/iot/ros2_ws/install/parc_robot_bringup/share/parc_robot_bringup/models/tomato_9/meshes/.gitignore
[2.190s] -- Installing: /home/iot/ros2_ws/install/parc_robot_bringup/share/parc_robot_bringup/models/tomato_9/meshes/tomato.dae
[2.193s] -- Installing: /home/iot/ros2_ws/install/parc_robot_bringup/share/parc_robot_bringup/models/tomato_9/model.sdf
[2.193s] -- Installing: /home/iot/ros2_ws/install/parc_robot_bringup/share/parc_robot_bringup/models/tomato_9/markers.json
[2.193s] -- Installing: /home/iot/ros2_ws/install/parc_robot_bringup/share/parc_robot_bringup/models/tomato_9/model.config
[2.193s] -- Installing: /home/iot/ros2_ws/install/parc_robot_bringup/share/parc_robot_bringup/models/tomato_27
[2.193s] -- Installing: /home/iot/ros2_ws/install/parc_robot_bringup/share/parc_robot_bringup/models/tomato_27/materials
[2.194s] -- Installing: /home/iot/ros2_ws/install/parc_robot_bringup/share/parc_robot_bringup/models/tomato_27/materials/textures
[2.194s] -- Installing: /home/iot/ros2_ws/install/parc_robot_bringup/share/parc_robot_bringup/models/tomato_27/materials/textures/AG15brn1(copy).png
[2.194s] -- Installing: /home/iot/ros2_ws/install/parc_robot_bringup/share/parc_robot_bringup/models/tomato_27/materials/textures/AG15blo1.png
[2.194s] -- Installing: /home/iot/ros2_ws/install/parc_robot_bringup/share/parc_robot_bringup/models/tomato_27/materials/textures/AG15frt1.png
[2.194s] -- Installing: /home/iot/ros2_ws/install/parc_robot_bringup/share/parc_robot_bringup/models/tomato_27/materials/textures/AG15lef1.png
[2.195s] -- Installing: /home/iot/ros2_ws/install/parc_robot_bringup/share/parc_robot_bringup/models/tomato_27/materials/textures/AG15brn1.png
[2.195s] -- Installing: /home/iot/ros2_ws/install/parc_robot_bringup/share/parc_robot_bringup/models/tomato_27/materials/textures/AG15blo3.png
[2.195s] -- Installing: /home/iot/ros2_ws/install/parc_robot_bringup/share/parc_robot_bringup/models/tomato_27/materials/textures/AG15lef2.png
[2.195s] -- Installing: /home/iot/ros2_ws/install/parc_robot_bringup/share/parc_robot_bringup/models/tomato_27/materials/textures/AG15frt3.png
[2.196s] -- Installing: /home/iot/ros2_ws/install/parc_robot_bringup/share/parc_robot_bringup/models/tomato_27/materials/textures/AG15frt4.png
[2.196s] -- Installing: /home/iot/ros2_ws/install/parc_robot_bringup/share/parc_robot_bringup/models/tomato_27/materials/textures/AG15blo2.png
[2.196s] -- Installing: /home/iot/ros2_ws/install/parc_robot_bringup/share/parc_robot_bringup/models/tomato_27/materials/textures/AG15frt2.png
[2.197s] -- Installing: /home/iot/ros2_ws/install/parc_robot_bringup/share/parc_robot_bringup/models/tomato_27/materials/scripts
[2.197s] -- Installing: /home/iot/ros2_ws/install/parc_robot_bringup/share/parc_robot_bringup/models/tomato_27/materials/scripts/fruit4.material
[2.197s] -- Installing: /home/iot/ros2_ws/install/parc_robot_bringup/share/parc_robot_bringup/models/tomato_27/materials/scripts/branch.material
[2.197s] -- Installing: /home/iot/ros2_ws/install/parc_robot_bringup/share/parc_robot_bringup/models/tomato_27/materials/scripts/blossom1.material
[2.197s] -- Installing: /home/iot/ros2_ws/install/parc_robot_bringup/share/parc_robot_bringup/models/tomato_27/materials/scripts/leaf1.material
[2.197s] -- Installing: /home/iot/ros2_ws/install/parc_robot_bringup/share/parc_robot_bringup/models/tomato_27/materials/scripts/blossom3.material
[2.197s] -- Installing: /home/iot/ros2_ws/install/parc_robot_bringup/share/parc_robot_bringup/models/tomato_27/materials/scripts/leaf2.material
[2.197s] -- Installing: /home/iot/ros2_ws/install/parc_robot_bringup/share/parc_robot_bringup/models/tomato_27/materials/scripts/fruit1.material
[2.197s] -- Installing: /home/iot/ros2_ws/install/parc_robot_bringup/share/parc_robot_bringup/models/tomato_27/materials/scripts/blossom2.material
[2.197s] -- Installing: /home/iot/ros2_ws/install/parc_robot_bringup/share/parc_robot_bringup/models/tomato_27/materials/scripts/fruit3.material
[2.197s] -- Installing: /home/iot/ros2_ws/install/parc_robot_bringup/share/parc_robot_bringup/models/tomato_27/materials/scripts/fruit2.material
[2.197s] -- Installing: /home/iot/ros2_ws/install/parc_robot_bringup/share/parc_robot_bringup/models/tomato_27/meshes
[2.197s] -- Installing: /home/iot/ros2_ws/install/parc_robot_bringup/share/parc_robot_bringup/models/tomato_27/meshes/.gitignore
[2.197s] -- Installing: /home/iot/ros2_ws/install/parc_robot_bringup/share/parc_robot_bringup/models/tomato_27/meshes/tomato.dae
[2.202s] -- Installing: /home/iot/ros2_ws/install/parc_robot_bringup/share/parc_robot_bringup/models/tomato_27/model.sdf
[2.202s] -- Installing: /home/iot/ros2_ws/install/parc_robot_bringup/share/parc_robot_bringup/models/tomato_27/markers.json
[2.202s] -- Installing: /home/iot/ros2_ws/install/parc_robot_bringup/share/parc_robot_bringup/models/tomato_27/model.config
[2.202s] -- Installing: /home/iot/ros2_ws/install/parc_robot_bringup/share/parc_robot_bringup/models/tomato_26
[2.202s] -- Installing: /home/iot/ros2_ws/install/parc_robot_bringup/share/parc_robot_bringup/models/tomato_26/materials
[2.202s] -- Installing: /home/iot/ros2_ws/install/parc_robot_bringup/share/parc_robot_bringup/models/tomato_26/materials/textures
[2.202s] -- Installing: /home/iot/ros2_ws/install/parc_robot_bringup/share/parc_robot_bringup/models/tomato_26/materials/textures/AG15brn1(copy).png
[2.202s] -- Installing: /home/iot/ros2_ws/install/parc_robot_bringup/share/parc_robot_bringup/models/tomato_26/materials/textures/AG15blo1.png
[2.203s] -- Installing: /home/iot/ros2_ws/install/parc_robot_bringup/share/parc_robot_bringup/models/tomato_26/materials/textures/AG15frt1.png
[2.203s] -- Installing: /home/iot/ros2_ws/install/parc_robot_bringup/share/parc_robot_bringup/models/tomato_26/materials/textures/AG15lef1.png
[2.203s] -- Installing: /home/iot/ros2_ws/install/parc_robot_bringup/share/parc_robot_bringup/models/tomato_26/materials/textures/AG15brn1.png
[2.204s] -- Installing: /home/iot/ros2_ws/install/parc_robot_bringup/share/parc_robot_bringup/models/tomato_26/materials/textures/AG15blo3.png
[2.204s] -- Installing: /home/iot/ros2_ws/install/parc_robot_bringup/share/parc_robot_bringup/models/tomato_26/materials/textures/AG15lef2.png
[2.204s] -- Installing: /home/iot/ros2_ws/install/parc_robot_bringup/share/parc_robot_bringup/models/tomato_26/materials/textures/AG15frt3.png
[2.204s] -- Installing: /home/iot/ros2_ws/install/parc_robot_bringup/share/parc_robot_bringup/models/tomato_26/materials/textures/AG15frt4.png
[2.205s] -- Installing: /home/iot/ros2_ws/install/parc_robot_bringup/share/parc_robot_bringup/models/tomato_26/materials/textures/AG15blo2.png
[2.205s] -- Installing: /home/iot/ros2_ws/install/parc_robot_bringup/share/parc_robot_bringup/models/tomato_26/materials/textures/AG15frt2.png
[2.205s] -- Installing: /home/iot/ros2_ws/install/parc_robot_bringup/share/parc_robot_bringup/models/tomato_26/materials/scripts
[2.206s] -- Installing: /home/iot/ros2_ws/install/parc_robot_bringup/share/parc_robot_bringup/models/tomato_26/materials/scripts/fruit4.material
[2.206s] -- Installing: /home/iot/ros2_ws/install/parc_robot_bringup/share/parc_robot_bringup/models/tomato_26/materials/scripts/branch.material
[2.206s] -- Installing: /home/iot/ros2_ws/install/parc_robot_bringup/share/parc_robot_bringup/models/tomato_26/materials/scripts/blossom1.material
[2.206s] -- Installing: /home/iot/ros2_ws/install/parc_robot_bringup/share/parc_robot_bringup/models/tomato_26/materials/scripts/leaf1.material
[2.206s] -- Installing: /home/iot/ros2_ws/install/parc_robot_bringup/share/parc_robot_bringup/models/tomato_26/materials/scripts/blossom3.material
[2.206s] -- Installing: /home/iot/ros2_ws/install/parc_robot_bringup/share/parc_robot_bringup/models/tomato_26/materials/scripts/leaf2.material
[2.206s] -- Installing: /home/iot/ros2_ws/install/parc_robot_bringup/share/parc_robot_bringup/models/tomato_26/materials/scripts/fruit1.material
[2.206s] -- Installing: /home/iot/ros2_ws/install/parc_robot_bringup/share/parc_robot_bringup/models/tomato_26/materials/scripts/blossom2.material
[2.206s] -- Installing: /home/iot/ros2_ws/install/parc_robot_bringup/share/parc_robot_bringup/models/tomato_26/materials/scripts/fruit3.material
[2.206s] -- Installing: /home/iot/ros2_ws/install/parc_robot_bringup/share/parc_robot_bringup/models/tomato_26/materials/scripts/fruit2.material
[2.206s] -- Installing: /home/iot/ros2_ws/install/parc_robot_bringup/share/parc_robot_bringup/models/tomato_26/meshes
[2.206s] -- Installing: /home/iot/ros2_ws/install/parc_robot_bringup/share/parc_robot_bringup/models/tomato_26/meshes/.gitignore
[2.206s] -- Installing: /home/iot/ros2_ws/install/parc_robot_bringup/share/parc_robot_bringup/models/tomato_26/meshes/tomato.dae
[2.210s] -- Installing: /home/iot/ros2_ws/install/parc_robot_bringup/share/parc_robot_bringup/models/tomato_26/model.sdf
[2.210s] -- Installing: /home/iot/ros2_ws/install/parc_robot_bringup/share/parc_robot_bringup/models/tomato_26/markers.json
[2.210s] -- Installing: /home/iot/ros2_ws/install/parc_robot_bringup/share/parc_robot_bringup/models/tomato_26/model.config
[2.210s] -- Installing: /home/iot/ros2_ws/install/parc_robot_bringup/share/parc_robot_bringup/models/tomato_44
[2.210s] -- Installing: /home/iot/ros2_ws/install/parc_robot_bringup/share/parc_robot_bringup/models/tomato_44/materials
[2.210s] -- Installing: /home/iot/ros2_ws/install/parc_robot_bringup/share/parc_robot_bringup/models/tomato_44/materials/textures
[2.211s] -- Installing: /home/iot/ros2_ws/install/parc_robot_bringup/share/parc_robot_bringup/models/tomato_44/materials/textures/AG15brn1(copy).png
[2.211s] -- Installing: /home/iot/ros2_ws/install/parc_robot_bringup/share/parc_robot_bringup/models/tomato_44/materials/textures/AG15blo1.png
[2.211s] -- Installing: /home/iot/ros2_ws/install/parc_robot_bringup/share/parc_robot_bringup/models/tomato_44/materials/textures/AG15frt1.png
[2.211s] -- Installing: /home/iot/ros2_ws/install/parc_robot_bringup/share/parc_robot_bringup/models/tomato_44/materials/textures/AG15lef1.png
[2.212s] -- Installing: /home/iot/ros2_ws/install/parc_robot_bringup/share/parc_robot_bringup/models/tomato_44/materials/textures/AG15brn1.png
[2.212s] -- Installing: /home/iot/ros2_ws/install/parc_robot_bringup/share/parc_robot_bringup/models/tomato_44/materials/textures/AG15blo3.png
[2.212s] -- Installing: /home/iot/ros2_ws/install/parc_robot_bringup/share/parc_robot_bringup/models/tomato_44/materials/textures/AG15lef2.png
[2.212s] -- Installing: /home/iot/ros2_ws/install/parc_robot_bringup/share/parc_robot_bringup/models/tomato_44/materials/textures/AG15frt3.png
[2.213s] -- Installing: /home/iot/ros2_ws/install/parc_robot_bringup/share/parc_robot_bringup/models/tomato_44/materials/textures/AG15frt4.png
[2.213s] -- Installing: /home/iot/ros2_ws/install/parc_robot_bringup/share/parc_robot_bringup/models/tomato_44/materials/textures/AG15blo2.png
[2.213s] -- Installing: /home/iot/ros2_ws/install/parc_robot_bringup/share/parc_robot_bringup/models/tomato_44/materials/textures/AG15frt2.png
[2.214s] -- Installing: /home/iot/ros2_ws/install/parc_robot_bringup/share/parc_robot_bringup/models/tomato_44/materials/scripts
[2.214s] -- Installing: /home/iot/ros2_ws/install/parc_robot_bringup/share/parc_robot_bringup/models/tomato_44/materials/scripts/fruit4.material
[2.214s] -- Installing: /home/iot/ros2_ws/install/parc_robot_bringup/share/parc_robot_bringup/models/tomato_44/materials/scripts/branch.material
[2.214s] -- Installing: /home/iot/ros2_ws/install/parc_robot_bringup/share/parc_robot_bringup/models/tomato_44/materials/scripts/blossom1.material
[2.214s] -- Installing: /home/iot/ros2_ws/install/parc_robot_bringup/share/parc_robot_bringup/models/tomato_44/materials/scripts/leaf1.material
[2.214s] -- Installing: /home/iot/ros2_ws/install/parc_robot_bringup/share/parc_robot_bringup/models/tomato_44/materials/scripts/blossom3.material
[2.214s] -- Installing: /home/iot/ros2_ws/install/parc_robot_bringup/share/parc_robot_bringup/models/tomato_44/materials/scripts/leaf2.material
[2.214s] -- Installing: /home/iot/ros2_ws/install/parc_robot_bringup/share/parc_robot_bringup/models/tomato_44/materials/scripts/fruit1.material
[2.214s] -- Installing: /home/iot/ros2_ws/install/parc_robot_bringup/share/parc_robot_bringup/models/tomato_44/materials/scripts/blossom2.material
[2.214s] -- Installing: /home/iot/ros2_ws/install/parc_robot_bringup/share/parc_robot_bringup/models/tomato_44/materials/scripts/fruit3.material
[2.214s] -- Installing: /home/iot/ros2_ws/install/parc_robot_bringup/share/parc_robot_bringup/models/tomato_44/materials/scripts/fruit2.material
[2.214s] -- Installing: /home/iot/ros2_ws/install/parc_robot_bringup/share/parc_robot_bringup/models/tomato_44/meshes
[2.214s] -- Installing: /home/iot/ros2_ws/install/parc_robot_bringup/share/parc_robot_bringup/models/tomato_44/meshes/.gitignore
[2.215s] -- Installing: /home/iot/ros2_ws/install/parc_robot_bringup/share/parc_robot_bringup/models/tomato_44/meshes/tomato.dae
[2.217s] -- Installing: /home/iot/ros2_ws/install/parc_robot_bringup/share/parc_robot_bringup/models/tomato_44/model.sdf
[2.217s] -- Installing: /home/iot/ros2_ws/install/parc_robot_bringup/share/parc_robot_bringup/models/tomato_44/markers.json
[2.217s] -- Installing: /home/iot/ros2_ws/install/parc_robot_bringup/share/parc_robot_bringup/models/tomato_44/model.config
[2.217s] -- Installing: /home/iot/ros2_ws/install/parc_robot_bringup/share/parc_robot_bringup/models/tomato_23
[2.217s] -- Installing: /home/iot/ros2_ws/install/parc_robot_bringup/share/parc_robot_bringup/models/tomato_23/materials
[2.218s] -- Installing: /home/iot/ros2_ws/install/parc_robot_bringup/share/parc_robot_bringup/models/tomato_23/materials/textures
[2.218s] -- Installing: /home/iot/ros2_ws/install/parc_robot_bringup/share/parc_robot_bringup/models/tomato_23/materials/textures/AG15brn1(copy).png
[2.218s] -- Installing: /home/iot/ros2_ws/install/parc_robot_bringup/share/parc_robot_bringup/models/tomato_23/materials/textures/AG15blo1.png
[2.218s] -- Installing: /home/iot/ros2_ws/install/parc_robot_bringup/share/parc_robot_bringup/models/tomato_23/materials/textures/AG15frt1.png
[2.218s] -- Installing: /home/iot/ros2_ws/install/parc_robot_bringup/share/parc_robot_bringup/models/tomato_23/materials/textures/AG15lef1.png
[2.219s] -- Installing: /home/iot/ros2_ws/install/parc_robot_bringup/share/parc_robot_bringup/models/tomato_23/materials/textures/AG15brn1.png
[2.219s] -- Installing: /home/iot/ros2_ws/install/parc_robot_bringup/share/parc_robot_bringup/models/tomato_23/materials/textures/AG15blo3.png
[2.219s] -- Installing: /home/iot/ros2_ws/install/parc_robot_bringup/share/parc_robot_bringup/models/tomato_23/materials/textures/AG15lef2.png
[2.219s] -- Installing: /home/iot/ros2_ws/install/parc_robot_bringup/share/parc_robot_bringup/models/tomato_23/materials/textures/AG15frt3.png
[2.220s] -- Installing: /home/iot/ros2_ws/install/parc_robot_bringup/share/parc_robot_bringup/models/tomato_23/materials/textures/AG15frt4.png
[2.220s] -- Installing: /home/iot/ros2_ws/install/parc_robot_bringup/share/parc_robot_bringup/models/tomato_23/materials/textures/AG15blo2.png
[2.220s] -- Installing: /home/iot/ros2_ws/install/parc_robot_bringup/share/parc_robot_bringup/models/tomato_23/materials/textures/AG15frt2.png
[2.221s] -- Installing: /home/iot/ros2_ws/install/parc_robot_bringup/share/parc_robot_bringup/models/tomato_23/materials/scripts
[2.221s] -- Installing: /home/iot/ros2_ws/install/parc_robot_bringup/share/parc_robot_bringup/models/tomato_23/materials/scripts/fruit4.material
[2.221s] -- Installing: /home/iot/ros2_ws/install/parc_robot_bringup/share/parc_robot_bringup/models/tomato_23/materials/scripts/branch.material
[2.221s] -- Installing: /home/iot/ros2_ws/install/parc_robot_bringup/share/parc_robot_bringup/models/tomato_23/materials/scripts/blossom1.material
[2.221s] -- Installing: /home/iot/ros2_ws/install/parc_robot_bringup/share/parc_robot_bringup/models/tomato_23/materials/scripts/leaf1.material
[2.221s] -- Installing: /home/iot/ros2_ws/install/parc_robot_bringup/share/parc_robot_bringup/models/tomato_23/materials/scripts/blossom3.material
[2.221s] -- Installing: /home/iot/ros2_ws/install/parc_robot_bringup/share/parc_robot_bringup/models/tomato_23/materials/scripts/leaf2.material
[2.221s] -- Installing: /home/iot/ros2_ws/install/parc_robot_bringup/share/parc_robot_bringup/models/tomato_23/materials/scripts/fruit1.material
[2.221s] -- Installing: /home/iot/ros2_ws/install/parc_robot_bringup/share/parc_robot_bringup/models/tomato_23/materials/scripts/blossom2.material
[2.221s] -- Installing: /home/iot/ros2_ws/install/parc_robot_bringup/share/parc_robot_bringup/models/tomato_23/materials/scripts/fruit3.material
[2.221s] -- Installing: /home/iot/ros2_ws/install/parc_robot_bringup/share/parc_robot_bringup/models/tomato_23/materials/scripts/fruit2.material
[2.221s] -- Installing: /home/iot/ros2_ws/install/parc_robot_bringup/share/parc_robot_bringup/models/tomato_23/meshes
[2.222s] -- Installing: /home/iot/ros2_ws/install/parc_robot_bringup/share/parc_robot_bringup/models/tomato_23/meshes/.gitignore
[2.222s] -- Installing: /home/iot/ros2_ws/install/parc_robot_bringup/share/parc_robot_bringup/models/tomato_23/meshes/tomato.dae
[2.225s] -- Installing: /home/iot/ros2_ws/install/parc_robot_bringup/share/parc_robot_bringup/models/tomato_23/model.sdf
[2.225s] -- Installing: /home/iot/ros2_ws/install/parc_robot_bringup/share/parc_robot_bringup/models/tomato_23/markers.json
[2.225s] -- Installing: /home/iot/ros2_ws/install/parc_robot_bringup/share/parc_robot_bringup/models/tomato_23/model.config
[2.226s] -- Installing: /home/iot/ros2_ws/install/parc_robot_bringup/share/parc_robot_bringup/models/goal_location
[2.226s] -- Installing: /home/iot/ros2_ws/install/parc_robot_bringup/share/parc_robot_bringup/models/goal_location/model.sdf
[2.226s] -- Installing: /home/iot/ros2_ws/install/parc_robot_bringup/share/parc_robot_bringup/models/goal_location/model.config
[2.226s] -- Installing: /home/iot/ros2_ws/install/parc_robot_bringup/share/parc_robot_bringup/models/tomato_32
[2.226s] -- Installing: /home/iot/ros2_ws/install/parc_robot_bringup/share/parc_robot_bringup/models/tomato_32/materials
[2.226s] -- Installing: /home/iot/ros2_ws/install/parc_robot_bringup/share/parc_robot_bringup/models/tomato_32/materials/textures
[2.226s] -- Installing: /home/iot/ros2_ws/install/parc_robot_bringup/share/parc_robot_bringup/models/tomato_32/materials/textures/AG15brn1(copy).png
[2.226s] -- Installing: /home/iot/ros2_ws/install/parc_robot_bringup/share/parc_robot_bringup/models/tomato_32/materials/textures/AG15blo1.png
[2.226s] -- Installing: /home/iot/ros2_ws/install/parc_robot_bringup/share/parc_robot_bringup/models/tomato_32/materials/textures/AG15frt1.png
[2.227s] -- Installing: /home/iot/ros2_ws/install/parc_robot_bringup/share/parc_robot_bringup/models/tomato_32/materials/textures/AG15lef1.png
[2.227s] -- Installing: /home/iot/ros2_ws/install/parc_robot_bringup/share/parc_robot_bringup/models/tomato_32/materials/textures/AG15brn1.png
[2.227s] -- Installing: /home/iot/ros2_ws/install/parc_robot_bringup/share/parc_robot_bringup/models/tomato_32/materials/textures/AG15blo3.png
[2.227s] -- Installing: /home/iot/ros2_ws/install/parc_robot_bringup/share/parc_robot_bringup/models/tomato_32/materials/textures/AG15lef2.png
[2.228s] -- Installing: /home/iot/ros2_ws/install/parc_robot_bringup/share/parc_robot_bringup/models/tomato_32/materials/textures/AG15frt3.png
[2.228s] -- Installing: /home/iot/ros2_ws/install/parc_robot_bringup/share/parc_robot_bringup/models/tomato_32/materials/textures/AG15frt4.png
[2.228s] -- Installing: /home/iot/ros2_ws/install/parc_robot_bringup/share/parc_robot_bringup/models/tomato_32/materials/textures/AG15blo2.png
[2.229s] -- Installing: /home/iot/ros2_ws/install/parc_robot_bringup/share/parc_robot_bringup/models/tomato_32/materials/textures/AG15frt2.png
[2.229s] -- Installing: /home/iot/ros2_ws/install/parc_robot_bringup/share/parc_robot_bringup/models/tomato_32/materials/scripts
[2.229s] -- Installing: /home/iot/ros2_ws/install/parc_robot_bringup/share/parc_robot_bringup/models/tomato_32/materials/scripts/fruit4.material
[2.229s] -- Installing: /home/iot/ros2_ws/install/parc_robot_bringup/share/parc_robot_bringup/models/tomato_32/materials/scripts/branch.material
[2.229s] -- Installing: /home/iot/ros2_ws/install/parc_robot_bringup/share/parc_robot_bringup/models/tomato_32/materials/scripts/blossom1.material
[2.229s] -- Installing: /home/iot/ros2_ws/install/parc_robot_bringup/share/parc_robot_bringup/models/tomato_32/materials/scripts/leaf1.material
[2.229s] -- Installing: /home/iot/ros2_ws/install/parc_robot_bringup/share/parc_robot_bringup/models/tomato_32/materials/scripts/blossom3.material
[2.229s] -- Installing: /home/iot/ros2_ws/install/parc_robot_bringup/share/parc_robot_bringup/models/tomato_32/materials/scripts/leaf2.material
[2.230s] -- Installing: /home/iot/ros2_ws/install/parc_robot_bringup/share/parc_robot_bringup/models/tomato_32/materials/scripts/fruit1.material
[2.230s] -- Installing: /home/iot/ros2_ws/install/parc_robot_bringup/share/parc_robot_bringup/models/tomato_32/materials/scripts/blossom2.material
[2.230s] -- Installing: /home/iot/ros2_ws/install/parc_robot_bringup/share/parc_robot_bringup/models/tomato_32/materials/scripts/fruit3.material
[2.230s] -- Installing: /home/iot/ros2_ws/install/parc_robot_bringup/share/parc_robot_bringup/models/tomato_32/materials/scripts/fruit2.material
[2.230s] -- Installing: /home/iot/ros2_ws/install/parc_robot_bringup/share/parc_robot_bringup/models/tomato_32/meshes
[2.230s] -- Installing: /home/iot/ros2_ws/install/parc_robot_bringup/share/parc_robot_bringup/models/tomato_32/meshes/.gitignore
[2.230s] -- Installing: /home/iot/ros2_ws/install/parc_robot_bringup/share/parc_robot_bringup/models/tomato_32/meshes/tomato.dae
[2.233s] -- Installing: /home/iot/ros2_ws/install/parc_robot_bringup/share/parc_robot_bringup/models/tomato_32/model.sdf
[2.233s] -- Installing: /home/iot/ros2_ws/install/parc_robot_bringup/share/parc_robot_bringup/models/tomato_32/markers.json
[2.233s] -- Installing: /home/iot/ros2_ws/install/parc_robot_bringup/share/parc_robot_bringup/models/tomato_32/model.config
[2.233s] -- Installing: /home/iot/ros2_ws/install/parc_robot_bringup/share/parc_robot_bringup/models/tomato_33
[2.233s] -- Installing: /home/iot/ros2_ws/install/parc_robot_bringup/share/parc_robot_bringup/models/tomato_33/materials
[2.233s] -- Installing: /home/iot/ros2_ws/install/parc_robot_bringup/share/parc_robot_bringup/models/tomato_33/materials/textures
[2.233s] -- Installing: /home/iot/ros2_ws/install/parc_robot_bringup/share/parc_robot_bringup/models/tomato_33/materials/textures/AG15brn1(copy).png
[2.233s] -- Installing: /home/iot/ros2_ws/install/parc_robot_bringup/share/parc_robot_bringup/models/tomato_33/materials/textures/AG15blo1.png
[2.233s] -- Installing: /home/iot/ros2_ws/install/parc_robot_bringup/share/parc_robot_bringup/models/tomato_33/materials/textures/AG15frt1.png
[2.234s] -- Installing: /home/iot/ros2_ws/install/parc_robot_bringup/share/parc_robot_bringup/models/tomato_33/materials/textures/AG15lef1.png
[2.234s] -- Installing: /home/iot/ros2_ws/install/parc_robot_bringup/share/parc_robot_bringup/models/tomato_33/materials/textures/AG15brn1.png
[2.234s] -- Installing: /home/iot/ros2_ws/install/parc_robot_bringup/share/parc_robot_bringup/models/tomato_33/materials/textures/AG15blo3.png
[2.234s] -- Installing: /home/iot/ros2_ws/install/parc_robot_bringup/share/parc_robot_bringup/models/tomato_33/materials/textures/AG15lef2.png
[2.235s] -- Installing: /home/iot/ros2_ws/install/parc_robot_bringup/share/parc_robot_bringup/models/tomato_33/materials/textures/AG15frt3.png
[2.235s] -- Installing: /home/iot/ros2_ws/install/parc_robot_bringup/share/parc_robot_bringup/models/tomato_33/materials/textures/AG15frt4.png
[2.236s] -- Installing: /home/iot/ros2_ws/install/parc_robot_bringup/share/parc_robot_bringup/models/tomato_33/materials/textures/AG15blo2.png
[2.236s] -- Installing: /home/iot/ros2_ws/install/parc_robot_bringup/share/parc_robot_bringup/models/tomato_33/materials/textures/AG15frt2.png
[2.236s] -- Installing: /home/iot/ros2_ws/install/parc_robot_bringup/share/parc_robot_bringup/models/tomato_33/materials/scripts
[2.236s] -- Installing: /home/iot/ros2_ws/install/parc_robot_bringup/share/parc_robot_bringup/models/tomato_33/materials/scripts/fruit4.material
[2.236s] -- Installing: /home/iot/ros2_ws/install/parc_robot_bringup/share/parc_robot_bringup/models/tomato_33/materials/scripts/branch.material
[2.236s] -- Installing: /home/iot/ros2_ws/install/parc_robot_bringup/share/parc_robot_bringup/models/tomato_33/materials/scripts/blossom1.material
[2.236s] -- Installing: /home/iot/ros2_ws/install/parc_robot_bringup/share/parc_robot_bringup/models/tomato_33/materials/scripts/leaf1.material
[2.237s] -- Installing: /home/iot/ros2_ws/install/parc_robot_bringup/share/parc_robot_bringup/models/tomato_33/materials/scripts/blossom3.material
[2.237s] -- Installing: /home/iot/ros2_ws/install/parc_robot_bringup/share/parc_robot_bringup/models/tomato_33/materials/scripts/leaf2.material
[2.237s] -- Installing: /home/iot/ros2_ws/install/parc_robot_bringup/share/parc_robot_bringup/models/tomato_33/materials/scripts/fruit1.material
[2.237s] -- Installing: /home/iot/ros2_ws/install/parc_robot_bringup/share/parc_robot_bringup/models/tomato_33/materials/scripts/blossom2.material
[2.237s] -- Installing: /home/iot/ros2_ws/install/parc_robot_bringup/share/parc_robot_bringup/models/tomato_33/materials/scripts/fruit3.material
[2.237s] -- Installing: /home/iot/ros2_ws/install/parc_robot_bringup/share/parc_robot_bringup/models/tomato_33/materials/scripts/fruit2.material
[2.237s] -- Installing: /home/iot/ros2_ws/install/parc_robot_bringup/share/parc_robot_bringup/models/tomato_33/meshes
[2.237s] -- Installing: /home/iot/ros2_ws/install/parc_robot_bringup/share/parc_robot_bringup/models/tomato_33/meshes/.gitignore
[2.237s] -- Installing: /home/iot/ros2_ws/install/parc_robot_bringup/share/parc_robot_bringup/models/tomato_33/meshes/tomato.dae
[2.240s] -- Installing: /home/iot/ros2_ws/install/parc_robot_bringup/share/parc_robot_bringup/models/tomato_33/model.sdf
[2.240s] -- Installing: /home/iot/ros2_ws/install/parc_robot_bringup/share/parc_robot_bringup/models/tomato_33/markers.json
[2.240s] -- Installing: /home/iot/ros2_ws/install/parc_robot_bringup/share/parc_robot_bringup/models/tomato_33/model.config
[2.240s] -- Installing: /home/iot/ros2_ws/install/parc_robot_bringup/share/parc_robot_bringup/models/tomato_18
[2.240s] -- Installing: /home/iot/ros2_ws/install/parc_robot_bringup/share/parc_robot_bringup/models/tomato_18/materials
[2.240s] -- Installing: /home/iot/ros2_ws/install/parc_robot_bringup/share/parc_robot_bringup/models/tomato_18/materials/textures
[2.240s] -- Installing: /home/iot/ros2_ws/install/parc_robot_bringup/share/parc_robot_bringup/models/tomato_18/materials/textures/AG15brn1(copy).png
[2.240s] -- Installing: /home/iot/ros2_ws/install/parc_robot_bringup/share/parc_robot_bringup/models/tomato_18/materials/textures/AG15blo1.png
[2.241s] -- Installing: /home/iot/ros2_ws/install/parc_robot_bringup/share/parc_robot_bringup/models/tomato_18/materials/textures/AG15frt1.png
[2.241s] -- Installing: /home/iot/ros2_ws/install/parc_robot_bringup/share/parc_robot_bringup/models/tomato_18/materials/textures/AG15lef1.png
[2.241s] -- Installing: /home/iot/ros2_ws/install/parc_robot_bringup/share/parc_robot_bringup/models/tomato_18/materials/textures/AG15brn1.png
[2.241s] -- Installing: /home/iot/ros2_ws/install/parc_robot_bringup/share/parc_robot_bringup/models/tomato_18/materials/textures/AG15blo3.png
[2.242s] -- Installing: /home/iot/ros2_ws/install/parc_robot_bringup/share/parc_robot_bringup/models/tomato_18/materials/textures/AG15lef2.png
[2.242s] -- Installing: /home/iot/ros2_ws/install/parc_robot_bringup/share/parc_robot_bringup/models/tomato_18/materials/textures/AG15frt3.png
[2.242s] -- Installing: /home/iot/ros2_ws/install/parc_robot_bringup/share/parc_robot_bringup/models/tomato_18/materials/textures/AG15frt4.png
[2.243s] -- Installing: /home/iot/ros2_ws/install/parc_robot_bringup/share/parc_robot_bringup/models/tomato_18/materials/textures/AG15blo2.png
[2.243s] -- Installing: /home/iot/ros2_ws/install/parc_robot_bringup/share/parc_robot_bringup/models/tomato_18/materials/textures/AG15frt2.png
[2.243s] -- Installing: /home/iot/ros2_ws/install/parc_robot_bringup/share/parc_robot_bringup/models/tomato_18/materials/scripts
[2.244s] -- Installing: /home/iot/ros2_ws/install/parc_robot_bringup/share/parc_robot_bringup/models/tomato_18/materials/scripts/fruit4.material
[2.244s] -- Installing: /home/iot/ros2_ws/install/parc_robot_bringup/share/parc_robot_bringup/models/tomato_18/materials/scripts/branch.material
[2.244s] -- Installing: /home/iot/ros2_ws/install/parc_robot_bringup/share/parc_robot_bringup/models/tomato_18/materials/scripts/blossom1.material
[2.244s] -- Installing: /home/iot/ros2_ws/install/parc_robot_bringup/share/parc_robot_bringup/models/tomato_18/materials/scripts/leaf1.material
[2.244s] -- Installing: /home/iot/ros2_ws/install/parc_robot_bringup/share/parc_robot_bringup/models/tomato_18/materials/scripts/blossom3.material
[2.244s] -- Installing: /home/iot/ros2_ws/install/parc_robot_bringup/share/parc_robot_bringup/models/tomato_18/materials/scripts/leaf2.material
[2.244s] -- Installing: /home/iot/ros2_ws/install/parc_robot_bringup/share/parc_robot_bringup/models/tomato_18/materials/scripts/fruit1.material
[2.244s] -- Installing: /home/iot/ros2_ws/install/parc_robot_bringup/share/parc_robot_bringup/models/tomato_18/materials/scripts/blossom2.material
[2.244s] -- Installing: /home/iot/ros2_ws/install/parc_robot_bringup/share/parc_robot_bringup/models/tomato_18/materials/scripts/fruit3.material
[2.244s] -- Installing: /home/iot/ros2_ws/install/parc_robot_bringup/share/parc_robot_bringup/models/tomato_18/materials/scripts/fruit2.material
[2.244s] -- Installing: /home/iot/ros2_ws/install/parc_robot_bringup/share/parc_robot_bringup/models/tomato_18/meshes
[2.244s] -- Installing: /home/iot/ros2_ws/install/parc_robot_bringup/share/parc_robot_bringup/models/tomato_18/meshes/.gitignore
[2.244s] -- Installing: /home/iot/ros2_ws/install/parc_robot_bringup/share/parc_robot_bringup/models/tomato_18/meshes/tomato.dae
[2.248s] -- Installing: /home/iot/ros2_ws/install/parc_robot_bringup/share/parc_robot_bringup/models/tomato_18/model.sdf
[2.248s] -- Installing: /home/iot/ros2_ws/install/parc_robot_bringup/share/parc_robot_bringup/models/tomato_18/markers.json
[2.248s] -- Installing: /home/iot/ros2_ws/install/parc_robot_bringup/share/parc_robot_bringup/models/tomato_18/model.config
[2.248s] -- Installing: /home/iot/ros2_ws/install/parc_robot_bringup/share/parc_robot_bringup/models/materials
[2.248s] -- Installing: /home/iot/ros2_ws/install/parc_robot_bringup/share/parc_robot_bringup/models/materials/textures
[2.248s] -- Installing: /home/iot/ros2_ws/install/parc_robot_bringup/share/parc_robot_bringup/models/materials/textures/flat_normal.png
[2.248s] -- Installing: /home/iot/ros2_ws/install/parc_robot_bringup/share/parc_robot_bringup/models/materials/textures/dirt_diffusespecular.png
[2.250s] -- Installing: /home/iot/ros2_ws/install/parc_robot_bringup/share/parc_robot_bringup/models/materials/textures/grass_roughness.jpg
[2.252s] -- Installing: /home/iot/ros2_ws/install/parc_robot_bringup/share/parc_robot_bringup/models/materials/textures/grass_displacement.jpg
[2.253s] -- Installing: /home/iot/ros2_ws/install/parc_robot_bringup/share/parc_robot_bringup/models/materials/textures/grass_normal.jpg
[2.258s] -- Installing: /home/iot/ros2_ws/install/parc_robot_bringup/share/parc_robot_bringup/models/materials/textures/fungus_diffusespecular.png
[2.260s] -- Installing: /home/iot/ros2_ws/install/parc_robot_bringup/share/parc_robot_bringup/models/materials/textures/grass_color.jpg
[2.263s] -- Installing: /home/iot/ros2_ws/install/parc_robot_bringup/share/parc_robot_bringup/models/materials/textures/plowed_soil.jpg
[2.264s] -- Installing: /home/iot/ros2_ws/install/parc_robot_bringup/share/parc_robot_bringup/models/tomato_16
[2.264s] -- Installing: /home/iot/ros2_ws/install/parc_robot_bringup/share/parc_robot_bringup/models/tomato_16/materials
[2.264s] -- Installing: /home/iot/ros2_ws/install/parc_robot_bringup/share/parc_robot_bringup/models/tomato_16/materials/textures
[2.264s] -- Installing: /home/iot/ros2_ws/install/parc_robot_bringup/share/parc_robot_bringup/models/tomato_16/materials/textures/AG15brn1(copy).png
[2.264s] -- Installing: /home/iot/ros2_ws/install/parc_robot_bringup/share/parc_robot_bringup/models/tomato_16/materials/textures/AG15blo1.png
[2.264s] -- Installing: /home/iot/ros2_ws/install/parc_robot_bringup/share/parc_robot_bringup/models/tomato_16/materials/textures/AG15frt1.png
[2.265s] -- Installing: /home/iot/ros2_ws/install/parc_robot_bringup/share/parc_robot_bringup/models/tomato_16/materials/textures/AG15lef1.png
[2.265s] -- Installing: /home/iot/ros2_ws/install/parc_robot_bringup/share/parc_robot_bringup/models/tomato_16/materials/textures/AG15brn1.png
[2.265s] -- Installing: /home/iot/ros2_ws/install/parc_robot_bringup/share/parc_robot_bringup/models/tomato_16/materials/textures/AG15blo3.png
[2.265s] -- Installing: /home/iot/ros2_ws/install/parc_robot_bringup/share/parc_robot_bringup/models/tomato_16/materials/textures/AG15lef2.png
[2.266s] -- Installing: /home/iot/ros2_ws/install/parc_robot_bringup/share/parc_robot_bringup/models/tomato_16/materials/textures/AG15frt3.png
[2.266s] -- Installing: /home/iot/ros2_ws/install/parc_robot_bringup/share/parc_robot_bringup/models/tomato_16/materials/textures/AG15frt4.png
[2.266s] -- Installing: /home/iot/ros2_ws/install/parc_robot_bringup/share/parc_robot_bringup/models/tomato_16/materials/textures/AG15blo2.png
[2.267s] -- Installing: /home/iot/ros2_ws/install/parc_robot_bringup/share/parc_robot_bringup/models/tomato_16/materials/textures/AG15frt2.png
[2.267s] -- Installing: /home/iot/ros2_ws/install/parc_robot_bringup/share/parc_robot_bringup/models/tomato_16/materials/scripts
[2.267s] -- Installing: /home/iot/ros2_ws/install/parc_robot_bringup/share/parc_robot_bringup/models/tomato_16/materials/scripts/fruit4.material
[2.267s] -- Installing: /home/iot/ros2_ws/install/parc_robot_bringup/share/parc_robot_bringup/models/tomato_16/materials/scripts/branch.material
[2.267s] -- Installing: /home/iot/ros2_ws/install/parc_robot_bringup/share/parc_robot_bringup/models/tomato_16/materials/scripts/blossom1.material
[2.267s] -- Installing: /home/iot/ros2_ws/install/parc_robot_bringup/share/parc_robot_bringup/models/tomato_16/materials/scripts/leaf1.material
[2.267s] -- Installing: /home/iot/ros2_ws/install/parc_robot_bringup/share/parc_robot_bringup/models/tomato_16/materials/scripts/blossom3.material
[2.267s] -- Installing: /home/iot/ros2_ws/install/parc_robot_bringup/share/parc_robot_bringup/models/tomato_16/materials/scripts/leaf2.material
[2.268s] -- Installing: /home/iot/ros2_ws/install/parc_robot_bringup/share/parc_robot_bringup/models/tomato_16/materials/scripts/fruit1.material
[2.268s] -- Installing: /home/iot/ros2_ws/install/parc_robot_bringup/share/parc_robot_bringup/models/tomato_16/materials/scripts/blossom2.material
[2.268s] -- Installing: /home/iot/ros2_ws/install/parc_robot_bringup/share/parc_robot_bringup/models/tomato_16/materials/scripts/fruit3.material
[2.268s] -- Installing: /home/iot/ros2_ws/install/parc_robot_bringup/share/parc_robot_bringup/models/tomato_16/materials/scripts/fruit2.material
[2.268s] -- Installing: /home/iot/ros2_ws/install/parc_robot_bringup/share/parc_robot_bringup/models/tomato_16/meshes
[2.268s] -- Installing: /home/iot/ros2_ws/install/parc_robot_bringup/share/parc_robot_bringup/models/tomato_16/meshes/.gitignore
[2.268s] -- Installing: /home/iot/ros2_ws/install/parc_robot_bringup/share/parc_robot_bringup/models/tomato_16/meshes/tomato.dae
[2.273s] -- Installing: /home/iot/ros2_ws/install/parc_robot_bringup/share/parc_robot_bringup/models/tomato_16/model.sdf
[2.273s] -- Installing: /home/iot/ros2_ws/install/parc_robot_bringup/share/parc_robot_bringup/models/tomato_16/markers.json
[2.273s] -- Installing: /home/iot/ros2_ws/install/parc_robot_bringup/share/parc_robot_bringup/models/tomato_16/model.config
[2.273s] -- Installing: /home/iot/ros2_ws/install/parc_robot_bringup/share/parc_robot_bringup/models/small_peg
[2.273s] -- Installing: /home/iot/ros2_ws/install/parc_robot_bringup/share/parc_robot_bringup/models/small_peg/model.sdf
[2.273s] -- Installing: /home/iot/ros2_ws/install/parc_robot_bringup/share/parc_robot_bringup/models/small_peg/model.config
[2.273s] -- Installing: /home/iot/ros2_ws/install/parc_robot_bringup/share/parc_robot_bringup/models/my_grass_plane
[2.273s] -- Installing: /home/iot/ros2_ws/install/parc_robot_bringup/share/parc_robot_bringup/models/my_grass_plane/materials
[2.273s] -- Installing: /home/iot/ros2_ws/install/parc_robot_bringup/share/parc_robot_bringup/models/my_grass_plane/materials/textures
[2.273s] -- Installing: /home/iot/ros2_ws/install/parc_robot_bringup/share/parc_robot_bringup/models/my_grass_plane/materials/textures/grass_grid.png
[2.275s] -- Installing: /home/iot/ros2_ws/install/parc_robot_bringup/share/parc_robot_bringup/models/my_grass_plane/materials/textures/grass_color.jpg
[2.278s] -- Installing: /home/iot/ros2_ws/install/parc_robot_bringup/share/parc_robot_bringup/models/my_grass_plane/materials/scripts
[2.278s] -- Installing: /home/iot/ros2_ws/install/parc_robot_bringup/share/parc_robot_bringup/models/my_grass_plane/materials/scripts/my_grass_plane.material
[2.278s] -- Installing: /home/iot/ros2_ws/install/parc_robot_bringup/share/parc_robot_bringup/models/my_grass_plane/model.sdf
[2.278s] -- Installing: /home/iot/ros2_ws/install/parc_robot_bringup/share/parc_robot_bringup/models/my_grass_plane/model.config
[2.278s] -- Installing: /home/iot/ros2_ws/install/parc_robot_bringup/share/parc_robot_bringup/models/mud_box
[2.278s] -- Installing: /home/iot/ros2_ws/install/parc_robot_bringup/share/parc_robot_bringup/models/mud_box/model-1_4.sdf
[2.279s] -- Installing: /home/iot/ros2_ws/install/parc_robot_bringup/share/parc_robot_bringup/models/mud_box/materials
[2.279s] -- Installing: /home/iot/ros2_ws/install/parc_robot_bringup/share/parc_robot_bringup/models/mud_box/materials/textures
[2.279s] -- Installing: /home/iot/ros2_ws/install/parc_robot_bringup/share/parc_robot_bringup/models/mud_box/materials/textures/mud_soft_leaves.png
[2.279s] -- Installing: /home/iot/ros2_ws/install/parc_robot_bringup/share/parc_robot_bringup/models/mud_box/materials/scripts
[2.279s] -- Installing: /home/iot/ros2_ws/install/parc_robot_bringup/share/parc_robot_bringup/models/mud_box/materials/scripts/mud.material
[2.279s] -- Installing: /home/iot/ros2_ws/install/parc_robot_bringup/share/parc_robot_bringup/models/mud_box/model.sdf
[2.279s] -- Installing: /home/iot/ros2_ws/install/parc_robot_bringup/share/parc_robot_bringup/models/mud_box/model (copy).sdf
[2.279s] -- Installing: /home/iot/ros2_ws/install/parc_robot_bringup/share/parc_robot_bringup/models/mud_box/model.config
[2.280s] -- Installing: /home/iot/ros2_ws/install/parc_robot_bringup/share/parc_robot_bringup/models/tomato_28
[2.280s] -- Installing: /home/iot/ros2_ws/install/parc_robot_bringup/share/parc_robot_bringup/models/tomato_28/materials
[2.280s] -- Installing: /home/iot/ros2_ws/install/parc_robot_bringup/share/parc_robot_bringup/models/tomato_28/materials/textures
[2.280s] -- Installing: /home/iot/ros2_ws/install/parc_robot_bringup/share/parc_robot_bringup/models/tomato_28/materials/textures/AG15brn1(copy).png
[2.280s] -- Installing: /home/iot/ros2_ws/install/parc_robot_bringup/share/parc_robot_bringup/models/tomato_28/materials/textures/AG15blo1.png
[2.280s] -- Installing: /home/iot/ros2_ws/install/parc_robot_bringup/share/parc_robot_bringup/models/tomato_28/materials/textures/AG15frt1.png
[2.280s] -- Installing: /home/iot/ros2_ws/install/parc_robot_bringup/share/parc_robot_bringup/models/tomato_28/materials/textures/AG15lef1.png
[2.281s] -- Installing: /home/iot/ros2_ws/install/parc_robot_bringup/share/parc_robot_bringup/models/tomato_28/materials/textures/AG15brn1.png
[2.281s] -- Installing: /home/iot/ros2_ws/install/parc_robot_bringup/share/parc_robot_bringup/models/tomato_28/materials/textures/AG15blo3.png
[2.281s] -- Installing: /home/iot/ros2_ws/install/parc_robot_bringup/share/parc_robot_bringup/models/tomato_28/materials/textures/AG15lef2.png
[2.281s] -- Installing: /home/iot/ros2_ws/install/parc_robot_bringup/share/parc_robot_bringup/models/tomato_28/materials/textures/AG15frt3.png
[2.282s] -- Installing: /home/iot/ros2_ws/install/parc_robot_bringup/share/parc_robot_bringup/models/tomato_28/materials/textures/AG15frt4.png
[2.282s] -- Installing: /home/iot/ros2_ws/install/parc_robot_bringup/share/parc_robot_bringup/models/tomato_28/materials/textures/AG15blo2.png
[2.282s] -- Installing: /home/iot/ros2_ws/install/parc_robot_bringup/share/parc_robot_bringup/models/tomato_28/materials/textures/AG15frt2.png
[2.283s] -- Installing: /home/iot/ros2_ws/install/parc_robot_bringup/share/parc_robot_bringup/models/tomato_28/materials/scripts
[2.283s] -- Installing: /home/iot/ros2_ws/install/parc_robot_bringup/share/parc_robot_bringup/models/tomato_28/materials/scripts/fruit4.material
[2.283s] -- Installing: /home/iot/ros2_ws/install/parc_robot_bringup/share/parc_robot_bringup/models/tomato_28/materials/scripts/branch.material
[2.283s] -- Installing: /home/iot/ros2_ws/install/parc_robot_bringup/share/parc_robot_bringup/models/tomato_28/materials/scripts/blossom1.material
[2.283s] -- Installing: /home/iot/ros2_ws/install/parc_robot_bringup/share/parc_robot_bringup/models/tomato_28/materials/scripts/leaf1.material
[2.283s] -- Installing: /home/iot/ros2_ws/install/parc_robot_bringup/share/parc_robot_bringup/models/tomato_28/materials/scripts/blossom3.material
[2.283s] -- Installing: /home/iot/ros2_ws/install/parc_robot_bringup/share/parc_robot_bringup/models/tomato_28/materials/scripts/leaf2.material
[2.283s] -- Installing: /home/iot/ros2_ws/install/parc_robot_bringup/share/parc_robot_bringup/models/tomato_28/materials/scripts/fruit1.material
[2.283s] -- Installing: /home/iot/ros2_ws/install/parc_robot_bringup/share/parc_robot_bringup/models/tomato_28/materials/scripts/blossom2.material
[2.283s] -- Installing: /home/iot/ros2_ws/install/parc_robot_bringup/share/parc_robot_bringup/models/tomato_28/materials/scripts/fruit3.material
[2.283s] -- Installing: /home/iot/ros2_ws/install/parc_robot_bringup/share/parc_robot_bringup/models/tomato_28/materials/scripts/fruit2.material
[2.283s] -- Installing: /home/iot/ros2_ws/install/parc_robot_bringup/share/parc_robot_bringup/models/tomato_28/meshes
[2.284s] -- Installing: /home/iot/ros2_ws/install/parc_robot_bringup/share/parc_robot_bringup/models/tomato_28/meshes/.gitignore
[2.284s] -- Installing: /home/iot/ros2_ws/install/parc_robot_bringup/share/parc_robot_bringup/models/tomato_28/meshes/tomato.dae
[2.287s] -- Installing: /home/iot/ros2_ws/install/parc_robot_bringup/share/parc_robot_bringup/models/tomato_28/model.sdf
[2.287s] -- Installing: /home/iot/ros2_ws/install/parc_robot_bringup/share/parc_robot_bringup/models/tomato_28/markers.json
[2.287s] -- Installing: /home/iot/ros2_ws/install/parc_robot_bringup/share/parc_robot_bringup/models/tomato_28/model.config
[2.288s] -- Installing: /home/iot/ros2_ws/install/parc_robot_bringup/share/parc_robot_bringup/models/tomato_13
[2.288s] -- Installing: /home/iot/ros2_ws/install/parc_robot_bringup/share/parc_robot_bringup/models/tomato_13/materials
[2.288s] -- Installing: /home/iot/ros2_ws/install/parc_robot_bringup/share/parc_robot_bringup/models/tomato_13/materials/textures
[2.288s] -- Installing: /home/iot/ros2_ws/install/parc_robot_bringup/share/parc_robot_bringup/models/tomato_13/materials/textures/AG15brn1(copy).png
[2.288s] -- Installing: /home/iot/ros2_ws/install/parc_robot_bringup/share/parc_robot_bringup/models/tomato_13/materials/textures/AG15blo1.png
[2.288s] -- Installing: /home/iot/ros2_ws/install/parc_robot_bringup/share/parc_robot_bringup/models/tomato_13/materials/textures/AG15frt1.png
[2.289s] -- Installing: /home/iot/ros2_ws/install/parc_robot_bringup/share/parc_robot_bringup/models/tomato_13/materials/textures/AG15lef1.png
[2.289s] -- Installing: /home/iot/ros2_ws/install/parc_robot_bringup/share/parc_robot_bringup/models/tomato_13/materials/textures/AG15brn1.png
[2.289s] -- Installing: /home/iot/ros2_ws/install/parc_robot_bringup/share/parc_robot_bringup/models/tomato_13/materials/textures/AG15blo3.png
[2.289s] -- Installing: /home/iot/ros2_ws/install/parc_robot_bringup/share/parc_robot_bringup/models/tomato_13/materials/textures/AG15lef2.png
[2.289s] -- Installing: /home/iot/ros2_ws/install/parc_robot_bringup/share/parc_robot_bringup/models/tomato_13/materials/textures/AG15frt3.png
[2.290s] -- Installing: /home/iot/ros2_ws/install/parc_robot_bringup/share/parc_robot_bringup/models/tomato_13/materials/textures/AG15frt4.png
[2.290s] -- Installing: /home/iot/ros2_ws/install/parc_robot_bringup/share/parc_robot_bringup/models/tomato_13/materials/textures/AG15blo2.png
[2.290s] -- Installing: /home/iot/ros2_ws/install/parc_robot_bringup/share/parc_robot_bringup/models/tomato_13/materials/textures/AG15frt2.png
[2.291s] -- Installing: /home/iot/ros2_ws/install/parc_robot_bringup/share/parc_robot_bringup/models/tomato_13/materials/scripts
[2.291s] -- Installing: /home/iot/ros2_ws/install/parc_robot_bringup/share/parc_robot_bringup/models/tomato_13/materials/scripts/fruit4.material
[2.291s] -- Installing: /home/iot/ros2_ws/install/parc_robot_bringup/share/parc_robot_bringup/models/tomato_13/materials/scripts/branch.material
[2.291s] -- Installing: /home/iot/ros2_ws/install/parc_robot_bringup/share/parc_robot_bringup/models/tomato_13/materials/scripts/blossom1.material
[2.291s] -- Installing: /home/iot/ros2_ws/install/parc_robot_bringup/share/parc_robot_bringup/models/tomato_13/materials/scripts/leaf1.material
[2.291s] -- Installing: /home/iot/ros2_ws/install/parc_robot_bringup/share/parc_robot_bringup/models/tomato_13/materials/scripts/blossom3.material
[2.291s] -- Installing: /home/iot/ros2_ws/install/parc_robot_bringup/share/parc_robot_bringup/models/tomato_13/materials/scripts/leaf2.material
[2.291s] -- Installing: /home/iot/ros2_ws/install/parc_robot_bringup/share/parc_robot_bringup/models/tomato_13/materials/scripts/fruit1.material
[2.291s] -- Installing: /home/iot/ros2_ws/install/parc_robot_bringup/share/parc_robot_bringup/models/tomato_13/materials/scripts/blossom2.material
[2.292s] -- Installing: /home/iot/ros2_ws/install/parc_robot_bringup/share/parc_robot_bringup/models/tomato_13/materials/scripts/fruit3.material
[2.292s] -- Installing: /home/iot/ros2_ws/install/parc_robot_bringup/share/parc_robot_bringup/models/tomato_13/materials/scripts/fruit2.material
[2.292s] -- Installing: /home/iot/ros2_ws/install/parc_robot_bringup/share/parc_robot_bringup/models/tomato_13/meshes
[2.292s] -- Installing: /home/iot/ros2_ws/install/parc_robot_bringup/share/parc_robot_bringup/models/tomato_13/meshes/.gitignore
[2.292s] -- Installing: /home/iot/ros2_ws/install/parc_robot_bringup/share/parc_robot_bringup/models/tomato_13/meshes/tomato.dae
[2.294s] -- Installing: /home/iot/ros2_ws/install/parc_robot_bringup/share/parc_robot_bringup/models/tomato_13/model.sdf
[2.294s] -- Installing: /home/iot/ros2_ws/install/parc_robot_bringup/share/parc_robot_bringup/models/tomato_13/markers.json
[2.295s] -- Installing: /home/iot/ros2_ws/install/parc_robot_bringup/share/parc_robot_bringup/models/tomato_13/model.config
[2.295s] -- Installing: /home/iot/ros2_ws/install/parc_robot_bringup/share/parc_robot_bringup/models/tomato_34
[2.295s] -- Installing: /home/iot/ros2_ws/install/parc_robot_bringup/share/parc_robot_bringup/models/tomato_34/materials
[2.295s] -- Installing: /home/iot/ros2_ws/install/parc_robot_bringup/share/parc_robot_bringup/models/tomato_34/materials/textures
[2.295s] -- Installing: /home/iot/ros2_ws/install/parc_robot_bringup/share/parc_robot_bringup/models/tomato_34/materials/textures/AG15brn1(copy).png
[2.295s] -- Installing: /home/iot/ros2_ws/install/parc_robot_bringup/share/parc_robot_bringup/models/tomato_34/materials/textures/AG15blo1.png
[2.295s] -- Installing: /home/iot/ros2_ws/install/parc_robot_bringup/share/parc_robot_bringup/models/tomato_34/materials/textures/AG15frt1.png
[2.296s] -- Installing: /home/iot/ros2_ws/install/parc_robot_bringup/share/parc_robot_bringup/models/tomato_34/materials/textures/AG15lef1.png
[2.296s] -- Installing: /home/iot/ros2_ws/install/parc_robot_bringup/share/parc_robot_bringup/models/tomato_34/materials/textures/AG15brn1.png
[2.296s] -- Installing: /home/iot/ros2_ws/install/parc_robot_bringup/share/parc_robot_bringup/models/tomato_34/materials/textures/AG15blo3.png
[2.296s] -- Installing: /home/iot/ros2_ws/install/parc_robot_bringup/share/parc_robot_bringup/models/tomato_34/materials/textures/AG15lef2.png
[2.296s] -- Installing: /home/iot/ros2_ws/install/parc_robot_bringup/share/parc_robot_bringup/models/tomato_34/materials/textures/AG15frt3.png
[2.297s] -- Installing: /home/iot/ros2_ws/install/parc_robot_bringup/share/parc_robot_bringup/models/tomato_34/materials/textures/AG15frt4.png
[2.297s] -- Installing: /home/iot/ros2_ws/install/parc_robot_bringup/share/parc_robot_bringup/models/tomato_34/materials/textures/AG15blo2.png
[2.298s] -- Installing: /home/iot/ros2_ws/install/parc_robot_bringup/share/parc_robot_bringup/models/tomato_34/materials/textures/AG15frt2.png
[2.298s] -- Installing: /home/iot/ros2_ws/install/parc_robot_bringup/share/parc_robot_bringup/models/tomato_34/materials/scripts
[2.298s] -- Installing: /home/iot/ros2_ws/install/parc_robot_bringup/share/parc_robot_bringup/models/tomato_34/materials/scripts/fruit4.material
[2.298s] -- Installing: /home/iot/ros2_ws/install/parc_robot_bringup/share/parc_robot_bringup/models/tomato_34/materials/scripts/branch.material
[2.298s] -- Installing: /home/iot/ros2_ws/install/parc_robot_bringup/share/parc_robot_bringup/models/tomato_34/materials/scripts/blossom1.material
[2.298s] -- Installing: /home/iot/ros2_ws/install/parc_robot_bringup/share/parc_robot_bringup/models/tomato_34/materials/scripts/leaf1.material
[2.298s] -- Installing: /home/iot/ros2_ws/install/parc_robot_bringup/share/parc_robot_bringup/models/tomato_34/materials/scripts/blossom3.material
[2.298s] -- Installing: /home/iot/ros2_ws/install/parc_robot_bringup/share/parc_robot_bringup/models/tomato_34/materials/scripts/leaf2.material
[2.298s] -- Installing: /home/iot/ros2_ws/install/parc_robot_bringup/share/parc_robot_bringup/models/tomato_34/materials/scripts/fruit1.material
[2.299s] -- Installing: /home/iot/ros2_ws/install/parc_robot_bringup/share/parc_robot_bringup/models/tomato_34/materials/scripts/blossom2.material
[2.299s] -- Installing: /home/iot/ros2_ws/install/parc_robot_bringup/share/parc_robot_bringup/models/tomato_34/materials/scripts/fruit3.material
[2.299s] -- Installing: /home/iot/ros2_ws/install/parc_robot_bringup/share/parc_robot_bringup/models/tomato_34/materials/scripts/fruit2.material
[2.299s] -- Installing: /home/iot/ros2_ws/install/parc_robot_bringup/share/parc_robot_bringup/models/tomato_34/meshes
[2.299s] -- Installing: /home/iot/ros2_ws/install/parc_robot_bringup/share/parc_robot_bringup/models/tomato_34/meshes/.gitignore
[2.299s] -- Installing: /home/iot/ros2_ws/install/parc_robot_bringup/share/parc_robot_bringup/models/tomato_34/meshes/tomato.dae
[2.301s] -- Installing: /home/iot/ros2_ws/install/parc_robot_bringup/share/parc_robot_bringup/models/tomato_34/model.sdf
[2.302s] -- Installing: /home/iot/ros2_ws/install/parc_robot_bringup/share/parc_robot_bringup/models/tomato_34/markers.json
[2.302s] -- Installing: /home/iot/ros2_ws/install/parc_robot_bringup/share/parc_robot_bringup/models/tomato_34/model.config
[2.302s] -- Installing: /home/iot/ros2_ws/install/parc_robot_bringup/share/parc_robot_bringup/models/peg
[2.302s] -- Installing: /home/iot/ros2_ws/install/parc_robot_bringup/share/parc_robot_bringup/models/peg/model.sdf
[2.302s] -- Installing: /home/iot/ros2_ws/install/parc_robot_bringup/share/parc_robot_bringup/models/peg/model.config
[2.302s] -- Installing: /home/iot/ros2_ws/install/parc_robot_bringup/share/parc_robot_bringup/rviz
[2.302s] -- Installing: /home/iot/ros2_ws/install/parc_robot_bringup/share/parc_robot_bringup/rviz/task2.rviz
[2.302s] -- Installing: /home/iot/ros2_ws/install/parc_robot_bringup/share/parc_robot_bringup/rviz/task1.rviz
[2.302s] -- Installing: /home/iot/ros2_ws/install/parc_robot_bringup/share/parc_robot_bringup/rviz/parc_robot_bringup.rviz
[2.302s] -- Installing: /home/iot/ros2_ws/install/parc_robot_bringup/share/parc_robot_bringup/worlds
[2.302s] -- Installing: /home/iot/ros2_ws/install/parc_robot_bringup/share/parc_robot_bringup/worlds/parc_task1.world
[2.302s] -- Installing: /home/iot/ros2_ws/install/parc_robot_bringup/share/parc_robot_bringup/worlds/world3.world
[2.302s] -- Installing: /home/iot/ros2_ws/install/parc_robot_bringup/share/parc_robot_bringup/worlds/world1.world
[2.303s] -- Installing: /home/iot/ros2_ws/install/parc_robot_bringup/share/parc_robot_bringup/worlds/world2.world
[2.303s] -- Installing: /home/iot/ros2_ws/install/parc_robot_bringup/share/parc_robot_bringup/environment/pythonpath.sh
[2.303s] -- Installing: /home/iot/ros2_ws/install/parc_robot_bringup/share/parc_robot_bringup/environment/pythonpath.dsv
[2.303s] -- Installing: /home/iot/ros2_ws/install/parc_robot_bringup/local/lib/python3.10/dist-packages/parc_robot_bringup-0.0.0-py3.10.egg-info
[2.303s] -- Installing: /home/iot/ros2_ws/install/parc_robot_bringup/local/lib/python3.10/dist-packages/parc_robot_bringup-0.0.0-py3.10.egg-info/PKG-INFO
[2.303s] -- Installing: /home/iot/ros2_ws/install/parc_robot_bringup/local/lib/python3.10/dist-packages/parc_robot_bringup-0.0.0-py3.10.egg-info/dependency_links.txt
[2.303s] -- Installing: /home/iot/ros2_ws/install/parc_robot_bringup/local/lib/python3.10/dist-packages/parc_robot_bringup-0.0.0-py3.10.egg-info/SOURCES.txt
[2.303s] -- Installing: /home/iot/ros2_ws/install/parc_robot_bringup/local/lib/python3.10/dist-packages/parc_robot_bringup-0.0.0-py3.10.egg-info/top_level.txt
[2.303s] -- Installing: /home/iot/ros2_ws/install/parc_robot_bringup/local/lib/python3.10/dist-packages/parc_robot_bringup
[2.304s] -- Installing: /home/iot/ros2_ws/install/parc_robot_bringup/local/lib/python3.10/dist-packages/parc_robot_bringup/__init__.py
[2.304s] -- Installing: /home/iot/ros2_ws/install/parc_robot_bringup/local/lib/python3.10/dist-packages/parc_robot_bringup/gps2cartesian.py
[2.328s] Listing '/home/iot/ros2_ws/install/parc_robot_bringup/local/lib/python3.10/dist-packages/parc_robot_bringup'...
[2.329s] Compiling '/home/iot/ros2_ws/install/parc_robot_bringup/local/lib/python3.10/dist-packages/parc_robot_bringup/__init__.py'...
[2.329s] Compiling '/home/iot/ros2_ws/install/parc_robot_bringup/local/lib/python3.10/dist-packages/parc_robot_bringup/gps2cartesian.py'...
[2.332s] -- Installing: /home/iot/ros2_ws/install/parc_robot_bringup/lib/parc_robot_bringup/load_task1_params.py
[2.332s] -- Installing: /home/iot/ros2_ws/install/parc_robot_bringup/lib/parc_robot_bringup/parc_robot_route.py
[2.332s] -- Installing: /home/iot/ros2_ws/install/parc_robot_bringup/lib/parc_robot_bringup/parc_robot_nav.py
[2.332s] [31mCMake Error at cmake_install.cmake:80 (file):
[2.332s]   file INSTALL cannot find
[2.332s]   "/home/iot/ros2_ws/src/parc_robot_bringup/scripts/task1_solution.py": No
[2.332s]   such file or directory.
[2.332s] 
[2.332s] [0m
[2.334s] Invoked command in '/home/iot/ros2_ws/build/parc_robot_bringup' returned '1': CMAKE_PREFIX_PATH=/home/iot/ros2_ws/install/parc_robot_interfaces:/home/iot/ros2_ws/install/parc_robot_description:/home/iot/ros2_ws/install/parc_robot_bringup:/home/iot/ros2_ws/install/parc_robot:/home/iot/ros2_ws/install/tomatoes_detection1:/home/iot/ros2_ws/install/farmland_navigation:/opt/ros/humble /usr/bin/cmake --install /home/iot/ros2_ws/build/parc_robot_bringup
