running egg_info
creating ../../build/tomatoes_detection1/tomatoes_detection1.egg-info
writing ../../build/tomatoes_detection1/tomatoes_detection1.egg-info/PKG-INFO
writing dependency_links to ../../build/tomatoes_detection1/tomatoes_detection1.egg-info/dependency_links.txt
writing entry points to ../../build/tomatoes_detection1/tomatoes_detection1.egg-info/entry_points.txt
writing requirements to ../../build/tomatoes_detection1/tomatoes_detection1.egg-info/requires.txt
writing top-level names to ../../build/tomatoes_detection1/tomatoes_detection1.egg-info/top_level.txt
writing manifest file '../../build/tomatoes_detection1/tomatoes_detection1.egg-info/SOURCES.txt'
reading manifest file '../../build/tomatoes_detection1/tomatoes_detection1.egg-info/SOURCES.txt'
writing manifest file '../../build/tomatoes_detection1/tomatoes_detection1.egg-info/SOURCES.txt'
running build
running build_py
creating /home/iot/ros2_ws/build/tomatoes_detection1/build
creating /home/iot/ros2_ws/build/tomatoes_detection1/build/lib
creating /home/iot/ros2_ws/build/tomatoes_detection1/build/lib/tomatoes_detection1
copying tomatoes_detection1/hsv_filter.py -> /home/iot/ros2_ws/build/tomatoes_detection1/build/lib/tomatoes_detection1
copying tomatoes_detection1/__init__.py -> /home/iot/ros2_ws/build/tomatoes_detection1/build/lib/tomatoes_detection1
copying tomatoes_detection1/task2_solution.py -> /home/iot/ros2_ws/build/tomatoes_detection1/build/lib/tomatoes_detection1
running install
running install_lib
creating /home/iot/ros2_ws/install/tomatoes_detection1/lib/python3.10/site-packages/tomatoes_detection1
copying /home/iot/ros2_ws/build/tomatoes_detection1/build/lib/tomatoes_detection1/hsv_filter.py -> /home/iot/ros2_ws/install/tomatoes_detection1/lib/python3.10/site-packages/tomatoes_detection1
copying /home/iot/ros2_ws/build/tomatoes_detection1/build/lib/tomatoes_detection1/__init__.py -> /home/iot/ros2_ws/install/tomatoes_detection1/lib/python3.10/site-packages/tomatoes_detection1
copying /home/iot/ros2_ws/build/tomatoes_detection1/build/lib/tomatoes_detection1/task2_solution.py -> /home/iot/ros2_ws/install/tomatoes_detection1/lib/python3.10/site-packages/tomatoes_detection1
byte-compiling /home/iot/ros2_ws/install/tomatoes_detection1/lib/python3.10/site-packages/tomatoes_detection1/hsv_filter.py to hsv_filter.cpython-310.pyc
byte-compiling /home/iot/ros2_ws/install/tomatoes_detection1/lib/python3.10/site-packages/tomatoes_detection1/__init__.py to __init__.cpython-310.pyc
byte-compiling /home/iot/ros2_ws/install/tomatoes_detection1/lib/python3.10/site-packages/tomatoes_detection1/task2_solution.py to task2_solution.cpython-310.pyc
running install_data
creating /home/iot/ros2_ws/install/tomatoes_detection1/share/ament_index
creating /home/iot/ros2_ws/install/tomatoes_detection1/share/ament_index/resource_index
creating /home/iot/ros2_ws/install/tomatoes_detection1/share/ament_index/resource_index/packages
copying resource/tomatoes_detection1 -> /home/iot/ros2_ws/install/tomatoes_detection1/share/ament_index/resource_index/packages
copying package.xml -> /home/iot/ros2_ws/install/tomatoes_detection1/share/tomatoes_detection1
running install_egg_info
Copying ../../build/tomatoes_detection1/tomatoes_detection1.egg-info to /home/iot/ros2_ws/install/tomatoes_detection1/lib/python3.10/site-packages/tomatoes_detection1-0.0.0-py3.10.egg-info
running install_scripts
Installing detect_tomatoes script to /home/iot/ros2_ws/install/tomatoes_detection1/lib/tomatoes_detection1
Installing move_robot script to /home/iot/ros2_ws/install/tomatoes_detection1/lib/tomatoes_detection1
writing list of installed files to '/home/iot/ros2_ws/build/tomatoes_detection1/install.log'
