[1.882s] Invoking command in '/home/iot/ros2_ws/src/tomatoes_detection1': CMAKE_PREFIX_PATH=/home/iot/ros2_ws/install/parc_robot_interfaces:/home/iot/ros2_ws/install/parc_robot_bringup:/home/iot/ros2_ws/install/parc_robot_description:/home/iot/ros2_ws/install/parc_robot PYTHONPATH=/home/iot/ros2_ws/build/tomatoes_detection1/prefix_override:/home/iot/ros2_ws/install/tomatoes_detection1/lib/python3.10/site-packages:${PYTHONPATH} /usr/bin/python3 -W ignore:setup.py install is deprecated setup.py egg_info --egg-base ../../build/tomatoes_detection1 build --build-base /home/iot/ros2_ws/build/tomatoes_detection1/build install --record /home/iot/ros2_ws/build/tomatoes_detection1/install.log --single-version-externally-managed install_data
[2.538s] running egg_info
[2.540s] creating ../../build/tomatoes_detection1/tomatoes_detection1.egg-info
[2.541s] writing ../../build/tomatoes_detection1/tomatoes_detection1.egg-info/PKG-INFO
[2.542s] writing dependency_links to ../../build/tomatoes_detection1/tomatoes_detection1.egg-info/dependency_links.txt
[2.542s] writing entry points to ../../build/tomatoes_detection1/tomatoes_detection1.egg-info/entry_points.txt
[2.543s] writing requirements to ../../build/tomatoes_detection1/tomatoes_detection1.egg-info/requires.txt
[2.543s] writing top-level names to ../../build/tomatoes_detection1/tomatoes_detection1.egg-info/top_level.txt
[2.544s] writing manifest file '../../build/tomatoes_detection1/tomatoes_detection1.egg-info/SOURCES.txt'
[2.549s] reading manifest file '../../build/tomatoes_detection1/tomatoes_detection1.egg-info/SOURCES.txt'
[2.551s] writing manifest file '../../build/tomatoes_detection1/tomatoes_detection1.egg-info/SOURCES.txt'
[2.552s] running build
[2.552s] running build_py
[2.552s] creating /home/iot/ros2_ws/build/tomatoes_detection1/build
[2.552s] creating /home/iot/ros2_ws/build/tomatoes_detection1/build/lib
[2.553s] creating /home/iot/ros2_ws/build/tomatoes_detection1/build/lib/tomatoes_detection1
[2.553s] copying tomatoes_detection1/hsv_filter.py -> /home/iot/ros2_ws/build/tomatoes_detection1/build/lib/tomatoes_detection1
[2.553s] copying tomatoes_detection1/__init__.py -> /home/iot/ros2_ws/build/tomatoes_detection1/build/lib/tomatoes_detection1
[2.553s] copying tomatoes_detection1/task2_solution.py -> /home/iot/ros2_ws/build/tomatoes_detection1/build/lib/tomatoes_detection1
[2.554s] running install
[2.554s] running install_lib
[2.556s] creating /home/iot/ros2_ws/install/tomatoes_detection1/lib/python3.10/site-packages/tomatoes_detection1
[2.557s] copying /home/iot/ros2_ws/build/tomatoes_detection1/build/lib/tomatoes_detection1/hsv_filter.py -> /home/iot/ros2_ws/install/tomatoes_detection1/lib/python3.10/site-packages/tomatoes_detection1
[2.557s] copying /home/iot/ros2_ws/build/tomatoes_detection1/build/lib/tomatoes_detection1/__init__.py -> /home/iot/ros2_ws/install/tomatoes_detection1/lib/python3.10/site-packages/tomatoes_detection1
[2.557s] copying /home/iot/ros2_ws/build/tomatoes_detection1/build/lib/tomatoes_detection1/task2_solution.py -> /home/iot/ros2_ws/install/tomatoes_detection1/lib/python3.10/site-packages/tomatoes_detection1
[2.558s] byte-compiling /home/iot/ros2_ws/install/tomatoes_detection1/lib/python3.10/site-packages/tomatoes_detection1/hsv_filter.py to hsv_filter.cpython-310.pyc
[2.560s] byte-compiling /home/iot/ros2_ws/install/tomatoes_detection1/lib/python3.10/site-packages/tomatoes_detection1/__init__.py to __init__.cpython-310.pyc
[2.560s] byte-compiling /home/iot/ros2_ws/install/tomatoes_detection1/lib/python3.10/site-packages/tomatoes_detection1/task2_solution.py to task2_solution.cpython-310.pyc
[2.564s] running install_data
[2.564s] creating /home/iot/ros2_ws/install/tomatoes_detection1/share/ament_index
[2.564s] creating /home/iot/ros2_ws/install/tomatoes_detection1/share/ament_index/resource_index
[2.565s] creating /home/iot/ros2_ws/install/tomatoes_detection1/share/ament_index/resource_index/packages
[2.565s] copying resource/tomatoes_detection1 -> /home/iot/ros2_ws/install/tomatoes_detection1/share/ament_index/resource_index/packages
[2.565s] copying package.xml -> /home/iot/ros2_ws/install/tomatoes_detection1/share/tomatoes_detection1
[2.565s] running install_egg_info
[2.569s] Copying ../../build/tomatoes_detection1/tomatoes_detection1.egg-info to /home/iot/ros2_ws/install/tomatoes_detection1/lib/python3.10/site-packages/tomatoes_detection1-0.0.0-py3.10.egg-info
[2.571s] running install_scripts
[2.623s] Installing detect_tomatoes script to /home/iot/ros2_ws/install/tomatoes_detection1/lib/tomatoes_detection1
[2.623s] Installing move_robot script to /home/iot/ros2_ws/install/tomatoes_detection1/lib/tomatoes_detection1
[2.624s] writing list of installed files to '/home/iot/ros2_ws/build/tomatoes_detection1/install.log'
[2.693s] Invoked command in '/home/iot/ros2_ws/src/tomatoes_detection1' returned '0': CMAKE_PREFIX_PATH=/home/iot/ros2_ws/install/parc_robot_interfaces:/home/iot/ros2_ws/install/parc_robot_bringup:/home/iot/ros2_ws/install/parc_robot_description:/home/iot/ros2_ws/install/parc_robot PYTHONPATH=/home/iot/ros2_ws/build/tomatoes_detection1/prefix_override:/home/iot/ros2_ws/install/tomatoes_detection1/lib/python3.10/site-packages:${PYTHONPATH} /usr/bin/python3 -W ignore:setup.py install is deprecated setup.py egg_info --egg-base ../../build/tomatoes_detection1 build --build-base /home/iot/ros2_ws/build/tomatoes_detection1/build install --record /home/iot/ros2_ws/build/tomatoes_detection1/install.log --single-version-externally-managed install_data
