[0.108s] DEBUG:colcon:Command line arguments: ['/home/iot/.local/bin/colcon', 'build']
[0.108s] DEBUG:colcon:Parsed command line arguments: Namespace(log_base=None, log_level=None, verb_name='build', build_base='build', install_base='install', merge_install=False, symlink_install=False, test_result_base=None, continue_on_error=False, executor='parallel', parallel_workers=8, event_handlers=None, ignore_user_meta=False, metas=['./colcon.meta'], base_paths=['.'], packages_ignore=None, packages_ignore_regex=None, paths=None, packages_up_to=None, packages_up_to_regex=None, packages_above=None, packages_above_and_dependencies=None, packages_above_depth=None, packages_select_by_dep=None, packages_skip_by_dep=None, packages_skip_up_to=None, packages_select_build_failed=False, packages_skip_build_finished=False, packages_select_test_failures=False, packages_skip_test_passed=False, packages_select=None, packages_skip=None, packages_select_regex=None, packages_skip_regex=None, packages_start=None, packages_end=None, cmake_args=None, cmake_target=None, cmake_target_skip_unavailable=False, cmake_clean_cache=False, cmake_clean_first=False, cmake_force_configure=False, ament_cmake_args=None, catkin_cmake_args=None, catkin_skip_building_tests=False, verb_parser=<colcon_defaults.argument_parser.defaults.DefaultArgumentsDecorator object at 0x7c2a849da2c0>, verb_extension=<colcon_core.verb.build.BuildVerb object at 0x7c2a849565f0>, main=<bound method BuildVerb.main of <colcon_core.verb.build.BuildVerb object at 0x7c2a849565f0>>)
[0.232s] Level 1:colcon.colcon_core.package_discovery:discover_packages(colcon_meta) check parameters
[0.232s] Level 1:colcon.colcon_core.package_discovery:discover_packages(recursive) check parameters
[0.232s] Level 1:colcon.colcon_core.package_discovery:discover_packages(ignore) check parameters
[0.232s] Level 1:colcon.colcon_core.package_discovery:discover_packages(path) check parameters
[0.232s] Level 1:colcon.colcon_core.package_discovery:discover_packages(colcon_meta) discover
[0.232s] Level 1:colcon.colcon_core.package_discovery:discover_packages(recursive) discover
[0.232s] INFO:colcon.colcon_core.package_discovery:Crawling recursively for packages in '/home/iot/ros2_ws/src'
[0.232s] Level 1:colcon.colcon_core.package_identification:_identify(.) by extensions ['ignore', 'ignore_ament_install']
[0.232s] Level 1:colcon.colcon_core.package_identification:_identify(.) by extension 'ignore'
[0.232s] Level 1:colcon.colcon_core.package_identification:_identify(.) by extension 'ignore_ament_install'
[0.233s] Level 1:colcon.colcon_core.package_identification:_identify(.) by extensions ['colcon_pkg']
[0.233s] Level 1:colcon.colcon_core.package_identification:_identify(.) by extension 'colcon_pkg'
[0.233s] Level 1:colcon.colcon_core.package_identification:_identify(.) by extensions ['colcon_meta']
[0.233s] Level 1:colcon.colcon_core.package_identification:_identify(.) by extension 'colcon_meta'
[0.233s] Level 1:colcon.colcon_core.package_identification:_identify(.) by extensions ['ros']
[0.233s] Level 1:colcon.colcon_core.package_identification:_identify(.) by extension 'ros'
[0.241s] Level 1:colcon.colcon_core.package_identification:_identify(.) by extensions ['cmake', 'python']
[0.241s] Level 1:colcon.colcon_core.package_identification:_identify(.) by extension 'cmake'
[0.241s] Level 1:colcon.colcon_core.package_identification:_identify(.) by extension 'python'
[0.241s] Level 1:colcon.colcon_core.package_identification:_identify(.) by extensions ['python_setup_py']
[0.241s] Level 1:colcon.colcon_core.package_identification:_identify(.) by extension 'python_setup_py'
[0.241s] Level 1:colcon.colcon_core.package_identification:_identify(build) by extensions ['ignore', 'ignore_ament_install']
[0.241s] Level 1:colcon.colcon_core.package_identification:_identify(build) by extension 'ignore'
[0.242s] Level 1:colcon.colcon_core.package_identification:_identify(build) ignored
[0.242s] Level 1:colcon.colcon_core.package_identification:_identify(install) by extensions ['ignore', 'ignore_ament_install']
[0.242s] Level 1:colcon.colcon_core.package_identification:_identify(install) by extension 'ignore'
[0.242s] Level 1:colcon.colcon_core.package_identification:_identify(install) ignored
[0.242s] Level 1:colcon.colcon_core.package_identification:_identify(log) by extensions ['ignore', 'ignore_ament_install']
[0.242s] Level 1:colcon.colcon_core.package_identification:_identify(log) by extension 'ignore'
[0.242s] Level 1:colcon.colcon_core.package_identification:_identify(log) ignored
[0.242s] Level 1:colcon.colcon_core.package_identification:_identify(parc_robot) by extensions ['ignore', 'ignore_ament_install']
[0.242s] Level 1:colcon.colcon_core.package_identification:_identify(parc_robot) by extension 'ignore'
[0.242s] Level 1:colcon.colcon_core.package_identification:_identify(parc_robot) by extension 'ignore_ament_install'
[0.242s] Level 1:colcon.colcon_core.package_identification:_identify(parc_robot) by extensions ['colcon_pkg']
[0.242s] Level 1:colcon.colcon_core.package_identification:_identify(parc_robot) by extension 'colcon_pkg'
[0.242s] Level 1:colcon.colcon_core.package_identification:_identify(parc_robot) by extensions ['colcon_meta']
[0.242s] Level 1:colcon.colcon_core.package_identification:_identify(parc_robot) by extension 'colcon_meta'
[0.242s] Level 1:colcon.colcon_core.package_identification:_identify(parc_robot) by extensions ['ros']
[0.242s] Level 1:colcon.colcon_core.package_identification:_identify(parc_robot) by extension 'ros'
[0.244s] DEBUG:colcon.colcon_core.package_identification:Package 'parc_robot' with type 'ros.ament_cmake' and name 'parc_robot'
[0.244s] Level 1:colcon.colcon_core.package_identification:_identify(parc_robot_bringup) by extensions ['ignore', 'ignore_ament_install']
[0.244s] Level 1:colcon.colcon_core.package_identification:_identify(parc_robot_bringup) by extension 'ignore'
[0.244s] Level 1:colcon.colcon_core.package_identification:_identify(parc_robot_bringup) by extension 'ignore_ament_install'
[0.244s] Level 1:colcon.colcon_core.package_identification:_identify(parc_robot_bringup) by extensions ['colcon_pkg']
[0.244s] Level 1:colcon.colcon_core.package_identification:_identify(parc_robot_bringup) by extension 'colcon_pkg'
[0.244s] Level 1:colcon.colcon_core.package_identification:_identify(parc_robot_bringup) by extensions ['colcon_meta']
[0.244s] Level 1:colcon.colcon_core.package_identification:_identify(parc_robot_bringup) by extension 'colcon_meta'
[0.244s] Level 1:colcon.colcon_core.package_identification:_identify(parc_robot_bringup) by extensions ['ros']
[0.244s] Level 1:colcon.colcon_core.package_identification:_identify(parc_robot_bringup) by extension 'ros'
[0.245s] DEBUG:colcon.colcon_core.package_identification:Package 'parc_robot_bringup' with type 'ros.ament_cmake' and name 'parc_robot_bringup'
[0.245s] Level 1:colcon.colcon_core.package_identification:_identify(parc_robot_description) by extensions ['ignore', 'ignore_ament_install']
[0.245s] Level 1:colcon.colcon_core.package_identification:_identify(parc_robot_description) by extension 'ignore'
[0.245s] Level 1:colcon.colcon_core.package_identification:_identify(parc_robot_description) by extension 'ignore_ament_install'
[0.246s] Level 1:colcon.colcon_core.package_identification:_identify(parc_robot_description) by extensions ['colcon_pkg']
[0.246s] Level 1:colcon.colcon_core.package_identification:_identify(parc_robot_description) by extension 'colcon_pkg'
[0.246s] Level 1:colcon.colcon_core.package_identification:_identify(parc_robot_description) by extensions ['colcon_meta']
[0.246s] Level 1:colcon.colcon_core.package_identification:_identify(parc_robot_description) by extension 'colcon_meta'
[0.246s] Level 1:colcon.colcon_core.package_identification:_identify(parc_robot_description) by extensions ['ros']
[0.246s] Level 1:colcon.colcon_core.package_identification:_identify(parc_robot_description) by extension 'ros'
[0.246s] DEBUG:colcon.colcon_core.package_identification:Package 'parc_robot_description' with type 'ros.ament_cmake' and name 'parc_robot_description'
[0.246s] Level 1:colcon.colcon_core.package_identification:_identify(parc_robot_interfaces) by extensions ['ignore', 'ignore_ament_install']
[0.246s] Level 1:colcon.colcon_core.package_identification:_identify(parc_robot_interfaces) by extension 'ignore'
[0.246s] Level 1:colcon.colcon_core.package_identification:_identify(parc_robot_interfaces) by extension 'ignore_ament_install'
[0.246s] Level 1:colcon.colcon_core.package_identification:_identify(parc_robot_interfaces) by extensions ['colcon_pkg']
[0.246s] Level 1:colcon.colcon_core.package_identification:_identify(parc_robot_interfaces) by extension 'colcon_pkg'
[0.246s] Level 1:colcon.colcon_core.package_identification:_identify(parc_robot_interfaces) by extensions ['colcon_meta']
[0.246s] Level 1:colcon.colcon_core.package_identification:_identify(parc_robot_interfaces) by extension 'colcon_meta'
[0.246s] Level 1:colcon.colcon_core.package_identification:_identify(parc_robot_interfaces) by extensions ['ros']
[0.247s] Level 1:colcon.colcon_core.package_identification:_identify(parc_robot_interfaces) by extension 'ros'
[0.248s] DEBUG:colcon.colcon_core.package_identification:Package 'parc_robot_interfaces' with type 'ros.ament_cmake' and name 'parc_robot_interfaces'
[0.248s] Level 1:colcon.colcon_core.package_identification:_identify(resources) by extensions ['ignore', 'ignore_ament_install']
[0.248s] Level 1:colcon.colcon_core.package_identification:_identify(resources) by extension 'ignore'
[0.248s] Level 1:colcon.colcon_core.package_identification:_identify(resources) by extension 'ignore_ament_install'
[0.248s] Level 1:colcon.colcon_core.package_identification:_identify(resources) by extensions ['colcon_pkg']
[0.248s] Level 1:colcon.colcon_core.package_identification:_identify(resources) by extension 'colcon_pkg'
[0.248s] Level 1:colcon.colcon_core.package_identification:_identify(resources) by extensions ['colcon_meta']
[0.248s] Level 1:colcon.colcon_core.package_identification:_identify(resources) by extension 'colcon_meta'
[0.248s] Level 1:colcon.colcon_core.package_identification:_identify(resources) by extensions ['ros']
[0.248s] Level 1:colcon.colcon_core.package_identification:_identify(resources) by extension 'ros'
[0.248s] Level 1:colcon.colcon_core.package_identification:_identify(resources) by extensions ['cmake', 'python']
[0.248s] Level 1:colcon.colcon_core.package_identification:_identify(resources) by extension 'cmake'
[0.248s] Level 1:colcon.colcon_core.package_identification:_identify(resources) by extension 'python'
[0.248s] Level 1:colcon.colcon_core.package_identification:_identify(resources) by extensions ['python_setup_py']
[0.248s] Level 1:colcon.colcon_core.package_identification:_identify(resources) by extension 'python_setup_py'
[0.248s] Level 1:colcon.colcon_core.package_identification:_identify(tomatoes_detection1) by extensions ['ignore', 'ignore_ament_install']
[0.248s] Level 1:colcon.colcon_core.package_identification:_identify(tomatoes_detection1) by extension 'ignore'
[0.248s] Level 1:colcon.colcon_core.package_identification:_identify(tomatoes_detection1) by extension 'ignore_ament_install'
[0.248s] Level 1:colcon.colcon_core.package_identification:_identify(tomatoes_detection1) by extensions ['colcon_pkg']
[0.248s] Level 1:colcon.colcon_core.package_identification:_identify(tomatoes_detection1) by extension 'colcon_pkg'
[0.248s] Level 1:colcon.colcon_core.package_identification:_identify(tomatoes_detection1) by extensions ['colcon_meta']
[0.249s] Level 1:colcon.colcon_core.package_identification:_identify(tomatoes_detection1) by extension 'colcon_meta'
[0.249s] Level 1:colcon.colcon_core.package_identification:_identify(tomatoes_detection1) by extensions ['ros']
[0.249s] Level 1:colcon.colcon_core.package_identification:_identify(tomatoes_detection1) by extension 'ros'
[0.249s] Level 1:colcon.colcon_core.package_identification:_identify(tomatoes_detection1) by extensions ['cmake', 'python']
[0.249s] Level 1:colcon.colcon_core.package_identification:_identify(tomatoes_detection1) by extension 'cmake'
[0.249s] Level 1:colcon.colcon_core.package_identification:_identify(tomatoes_detection1) by extension 'python'
[0.249s] Level 1:colcon.colcon_core.package_identification:_identify(tomatoes_detection1) by extensions ['python_setup_py']
[0.249s] Level 1:colcon.colcon_core.package_identification:_identify(tomatoes_detection1) by extension 'python_setup_py'
[0.249s] Level 1:colcon.colcon_core.package_discovery:discover_packages(recursive) using defaults
[0.249s] Level 1:colcon.colcon_core.package_discovery:discover_packages(ignore) discover
[0.249s] Level 1:colcon.colcon_core.package_discovery:discover_packages(ignore) using defaults
[0.249s] Level 1:colcon.colcon_core.package_discovery:discover_packages(path) discover
[0.249s] Level 1:colcon.colcon_core.package_discovery:discover_packages(path) using defaults
[0.265s] Level 5:colcon.colcon_core.verb:set package 'parc_robot' build argument 'cmake_args' from command line to 'None'
[0.265s] Level 5:colcon.colcon_core.verb:set package 'parc_robot' build argument 'cmake_target' from command line to 'None'
[0.265s] Level 5:colcon.colcon_core.verb:set package 'parc_robot' build argument 'cmake_target_skip_unavailable' from command line to 'False'
[0.265s] Level 5:colcon.colcon_core.verb:set package 'parc_robot' build argument 'cmake_clean_cache' from command line to 'False'
[0.265s] Level 5:colcon.colcon_core.verb:set package 'parc_robot' build argument 'cmake_clean_first' from command line to 'False'
[0.265s] Level 5:colcon.colcon_core.verb:set package 'parc_robot' build argument 'cmake_force_configure' from command line to 'False'
[0.265s] Level 5:colcon.colcon_core.verb:set package 'parc_robot' build argument 'ament_cmake_args' from command line to 'None'
[0.265s] Level 5:colcon.colcon_core.verb:set package 'parc_robot' build argument 'catkin_cmake_args' from command line to 'None'
[0.265s] Level 5:colcon.colcon_core.verb:set package 'parc_robot' build argument 'catkin_skip_building_tests' from command line to 'False'
[0.265s] DEBUG:colcon.colcon_core.verb:Building package 'parc_robot' with the following arguments: {'ament_cmake_args': None, 'build_base': '/home/iot/ros2_ws/src/build/parc_robot', 'catkin_cmake_args': None, 'catkin_skip_building_tests': False, 'cmake_args': None, 'cmake_clean_cache': False, 'cmake_clean_first': False, 'cmake_force_configure': False, 'cmake_target': None, 'cmake_target_skip_unavailable': False, 'install_base': '/home/iot/ros2_ws/src/install/parc_robot', 'merge_install': False, 'path': '/home/iot/ros2_ws/src/parc_robot', 'symlink_install': False, 'test_result_base': None}
[0.265s] Level 5:colcon.colcon_core.verb:set package 'parc_robot_description' build argument 'cmake_args' from command line to 'None'
[0.265s] Level 5:colcon.colcon_core.verb:set package 'parc_robot_description' build argument 'cmake_target' from command line to 'None'
[0.265s] Level 5:colcon.colcon_core.verb:set package 'parc_robot_description' build argument 'cmake_target_skip_unavailable' from command line to 'False'
[0.265s] Level 5:colcon.colcon_core.verb:set package 'parc_robot_description' build argument 'cmake_clean_cache' from command line to 'False'
[0.265s] Level 5:colcon.colcon_core.verb:set package 'parc_robot_description' build argument 'cmake_clean_first' from command line to 'False'
[0.265s] Level 5:colcon.colcon_core.verb:set package 'parc_robot_description' build argument 'cmake_force_configure' from command line to 'False'
[0.265s] Level 5:colcon.colcon_core.verb:set package 'parc_robot_description' build argument 'ament_cmake_args' from command line to 'None'
[0.265s] Level 5:colcon.colcon_core.verb:set package 'parc_robot_description' build argument 'catkin_cmake_args' from command line to 'None'
[0.265s] Level 5:colcon.colcon_core.verb:set package 'parc_robot_description' build argument 'catkin_skip_building_tests' from command line to 'False'
[0.265s] DEBUG:colcon.colcon_core.verb:Building package 'parc_robot_description' with the following arguments: {'ament_cmake_args': None, 'build_base': '/home/iot/ros2_ws/src/build/parc_robot_description', 'catkin_cmake_args': None, 'catkin_skip_building_tests': False, 'cmake_args': None, 'cmake_clean_cache': False, 'cmake_clean_first': False, 'cmake_force_configure': False, 'cmake_target': None, 'cmake_target_skip_unavailable': False, 'install_base': '/home/iot/ros2_ws/src/install/parc_robot_description', 'merge_install': False, 'path': '/home/iot/ros2_ws/src/parc_robot_description', 'symlink_install': False, 'test_result_base': None}
[0.266s] Level 5:colcon.colcon_core.verb:set package 'parc_robot_interfaces' build argument 'cmake_args' from command line to 'None'
[0.266s] Level 5:colcon.colcon_core.verb:set package 'parc_robot_interfaces' build argument 'cmake_target' from command line to 'None'
[0.266s] Level 5:colcon.colcon_core.verb:set package 'parc_robot_interfaces' build argument 'cmake_target_skip_unavailable' from command line to 'False'
[0.266s] Level 5:colcon.colcon_core.verb:set package 'parc_robot_interfaces' build argument 'cmake_clean_cache' from command line to 'False'
[0.266s] Level 5:colcon.colcon_core.verb:set package 'parc_robot_interfaces' build argument 'cmake_clean_first' from command line to 'False'
[0.266s] Level 5:colcon.colcon_core.verb:set package 'parc_robot_interfaces' build argument 'cmake_force_configure' from command line to 'False'
[0.266s] Level 5:colcon.colcon_core.verb:set package 'parc_robot_interfaces' build argument 'ament_cmake_args' from command line to 'None'
[0.266s] Level 5:colcon.colcon_core.verb:set package 'parc_robot_interfaces' build argument 'catkin_cmake_args' from command line to 'None'
[0.266s] Level 5:colcon.colcon_core.verb:set package 'parc_robot_interfaces' build argument 'catkin_skip_building_tests' from command line to 'False'
[0.266s] DEBUG:colcon.colcon_core.verb:Building package 'parc_robot_interfaces' with the following arguments: {'ament_cmake_args': None, 'build_base': '/home/iot/ros2_ws/src/build/parc_robot_interfaces', 'catkin_cmake_args': None, 'catkin_skip_building_tests': False, 'cmake_args': None, 'cmake_clean_cache': False, 'cmake_clean_first': False, 'cmake_force_configure': False, 'cmake_target': None, 'cmake_target_skip_unavailable': False, 'install_base': '/home/iot/ros2_ws/src/install/parc_robot_interfaces', 'merge_install': False, 'path': '/home/iot/ros2_ws/src/parc_robot_interfaces', 'symlink_install': False, 'test_result_base': None}
[0.266s] Level 5:colcon.colcon_core.verb:set package 'parc_robot_bringup' build argument 'cmake_args' from command line to 'None'
[0.266s] Level 5:colcon.colcon_core.verb:set package 'parc_robot_bringup' build argument 'cmake_target' from command line to 'None'
[0.266s] Level 5:colcon.colcon_core.verb:set package 'parc_robot_bringup' build argument 'cmake_target_skip_unavailable' from command line to 'False'
[0.266s] Level 5:colcon.colcon_core.verb:set package 'parc_robot_bringup' build argument 'cmake_clean_cache' from command line to 'False'
[0.266s] Level 5:colcon.colcon_core.verb:set package 'parc_robot_bringup' build argument 'cmake_clean_first' from command line to 'False'
[0.266s] Level 5:colcon.colcon_core.verb:set package 'parc_robot_bringup' build argument 'cmake_force_configure' from command line to 'False'
[0.266s] Level 5:colcon.colcon_core.verb:set package 'parc_robot_bringup' build argument 'ament_cmake_args' from command line to 'None'
[0.266s] Level 5:colcon.colcon_core.verb:set package 'parc_robot_bringup' build argument 'catkin_cmake_args' from command line to 'None'
[0.266s] Level 5:colcon.colcon_core.verb:set package 'parc_robot_bringup' build argument 'catkin_skip_building_tests' from command line to 'False'
[0.266s] DEBUG:colcon.colcon_core.verb:Building package 'parc_robot_bringup' with the following arguments: {'ament_cmake_args': None, 'build_base': '/home/iot/ros2_ws/src/build/parc_robot_bringup', 'catkin_cmake_args': None, 'catkin_skip_building_tests': False, 'cmake_args': None, 'cmake_clean_cache': False, 'cmake_clean_first': False, 'cmake_force_configure': False, 'cmake_target': None, 'cmake_target_skip_unavailable': False, 'install_base': '/home/iot/ros2_ws/src/install/parc_robot_bringup', 'merge_install': False, 'path': '/home/iot/ros2_ws/src/parc_robot_bringup', 'symlink_install': False, 'test_result_base': None}
[0.266s] INFO:colcon.colcon_core.executor:Executing jobs using 'parallel' executor
[0.267s] DEBUG:colcon.colcon_parallel_executor.executor.parallel:run_until_complete
[0.267s] INFO:colcon.colcon_ros.task.ament_cmake.build:Building ROS package in '/home/iot/ros2_ws/src/parc_robot_description' with build type 'ament_cmake'
[0.267s] INFO:colcon.colcon_cmake.task.cmake.build:Building CMake package in '/home/iot/ros2_ws/src/parc_robot_description'
[0.269s] INFO:colcon.colcon_core.plugin_system:Skipping extension 'colcon_core.shell.bat': Not used on non-Windows systems
[0.269s] INFO:colcon.colcon_core.shell:Skip shell extension 'powershell' for command environment: Not usable outside of PowerShell
[0.269s] DEBUG:colcon.colcon_core.shell:Skip shell extension 'dsv' for command environment
[0.273s] INFO:colcon.colcon_ros.task.ament_cmake.build:Building ROS package in '/home/iot/ros2_ws/src/parc_robot_interfaces' with build type 'ament_cmake'
[0.273s] INFO:colcon.colcon_cmake.task.cmake.build:Building CMake package in '/home/iot/ros2_ws/src/parc_robot_interfaces'
[0.273s] INFO:colcon.colcon_core.shell:Skip shell extension 'powershell' for command environment: Not usable outside of PowerShell
[0.273s] DEBUG:colcon.colcon_core.shell:Skip shell extension 'dsv' for command environment
[0.276s] INFO:colcon.colcon_ros.task.ament_cmake.build:Building ROS package in '/home/iot/ros2_ws/src/parc_robot' with build type 'ament_cmake'
[0.276s] INFO:colcon.colcon_cmake.task.cmake.build:Building CMake package in '/home/iot/ros2_ws/src/parc_robot'
[0.276s] INFO:colcon.colcon_core.shell:Skip shell extension 'powershell' for command environment: Not usable outside of PowerShell
[0.276s] DEBUG:colcon.colcon_core.shell:Skip shell extension 'dsv' for command environment
[0.283s] DEBUG:colcon.colcon_core.event_handler.log_command:Invoking command in '/home/iot/ros2_ws/src/build/parc_robot_description': CMAKE_PREFIX_PATH=${CMAKE_PREFIX_PATH}:/opt/ros/humble /usr/bin/cmake /home/iot/ros2_ws/src/parc_robot_description -DCMAKE_INSTALL_PREFIX=/home/iot/ros2_ws/src/install/parc_robot_description
[0.284s] DEBUG:colcon.colcon_core.event_handler.log_command:Invoking command in '/home/iot/ros2_ws/src/build/parc_robot_interfaces': CMAKE_PREFIX_PATH=${CMAKE_PREFIX_PATH}:/opt/ros/humble /usr/bin/cmake /home/iot/ros2_ws/src/parc_robot_interfaces -DCMAKE_INSTALL_PREFIX=/home/iot/ros2_ws/src/install/parc_robot_interfaces
[0.287s] DEBUG:colcon.colcon_core.event_handler.log_command:Invoking command in '/home/iot/ros2_ws/src/build/parc_robot': CMAKE_PREFIX_PATH=${CMAKE_PREFIX_PATH}:/opt/ros/humble /usr/bin/cmake /home/iot/ros2_ws/src/parc_robot -DCMAKE_INSTALL_PREFIX=/home/iot/ros2_ws/src/install/parc_robot
[2.212s] DEBUG:colcon.colcon_core.event_handler.log_command:Invoked command in '/home/iot/ros2_ws/src/build/parc_robot' returned '0': CMAKE_PREFIX_PATH=${CMAKE_PREFIX_PATH}:/opt/ros/humble /usr/bin/cmake /home/iot/ros2_ws/src/parc_robot -DCMAKE_INSTALL_PREFIX=/home/iot/ros2_ws/src/install/parc_robot
[2.214s] DEBUG:colcon.colcon_core.event_handler.log_command:Invoking command in '/home/iot/ros2_ws/src/build/parc_robot': CMAKE_PREFIX_PATH=${CMAKE_PREFIX_PATH}:/opt/ros/humble /usr/bin/cmake --build /home/iot/ros2_ws/src/build/parc_robot -- -j8 -l8
[2.244s] DEBUG:colcon.colcon_core.event_handler.log_command:Invoked command in '/home/iot/ros2_ws/src/build/parc_robot' returned '0': CMAKE_PREFIX_PATH=${CMAKE_PREFIX_PATH}:/opt/ros/humble /usr/bin/cmake --build /home/iot/ros2_ws/src/build/parc_robot -- -j8 -l8
[2.268s] DEBUG:colcon.colcon_core.event_handler.log_command:Invoking command in '/home/iot/ros2_ws/src/build/parc_robot': CMAKE_PREFIX_PATH=${CMAKE_PREFIX_PATH}:/opt/ros/humble /usr/bin/cmake --install /home/iot/ros2_ws/src/build/parc_robot
[2.279s] Level 1:colcon.colcon_core.environment:create_environment_scripts_only(parc_robot)
[2.280s] DEBUG:colcon.colcon_core.event_handler.log_command:Invoked command in '/home/iot/ros2_ws/src/build/parc_robot' returned '0': CMAKE_PREFIX_PATH=${CMAKE_PREFIX_PATH}:/opt/ros/humble /usr/bin/cmake --install /home/iot/ros2_ws/src/build/parc_robot
[2.281s] Level 1:colcon.colcon_core.environment:checking '/home/iot/ros2_ws/src/install/parc_robot' for CMake module files
[2.282s] Level 1:colcon.colcon_core.environment:checking '/home/iot/ros2_ws/src/install/parc_robot' for CMake config files
[2.282s] Level 1:colcon.colcon_core.shell:create_environment_hook('parc_robot', 'cmake_prefix_path')
[2.282s] INFO:colcon.colcon_core.shell:Creating environment hook '/home/iot/ros2_ws/src/install/parc_robot/share/parc_robot/hook/cmake_prefix_path.ps1'
[2.283s] INFO:colcon.colcon_core.shell:Creating environment descriptor '/home/iot/ros2_ws/src/install/parc_robot/share/parc_robot/hook/cmake_prefix_path.dsv'
[2.283s] INFO:colcon.colcon_core.shell:Creating environment hook '/home/iot/ros2_ws/src/install/parc_robot/share/parc_robot/hook/cmake_prefix_path.sh'
[2.284s] Level 1:colcon.colcon_core.environment:checking '/home/iot/ros2_ws/src/install/parc_robot/bin'
[2.284s] Level 1:colcon.colcon_core.environment:checking '/home/iot/ros2_ws/src/install/parc_robot/lib/pkgconfig/parc_robot.pc'
[2.285s] Level 1:colcon.colcon_core.environment:checking '/home/iot/ros2_ws/src/install/parc_robot/lib/python3.10/site-packages'
[2.285s] Level 1:colcon.colcon_core.environment:checking '/home/iot/ros2_ws/src/install/parc_robot/bin'
[2.286s] INFO:colcon.colcon_core.shell:Creating package script '/home/iot/ros2_ws/src/install/parc_robot/share/parc_robot/package.ps1'
[2.286s] INFO:colcon.colcon_core.shell:Creating package descriptor '/home/iot/ros2_ws/src/install/parc_robot/share/parc_robot/package.dsv'
[2.287s] INFO:colcon.colcon_core.shell:Creating package script '/home/iot/ros2_ws/src/install/parc_robot/share/parc_robot/package.sh'
[2.287s] INFO:colcon.colcon_core.shell:Creating package script '/home/iot/ros2_ws/src/install/parc_robot/share/parc_robot/package.bash'
[2.288s] INFO:colcon.colcon_core.shell:Creating package script '/home/iot/ros2_ws/src/install/parc_robot/share/parc_robot/package.zsh'
[2.288s] Level 1:colcon.colcon_core.environment:create_file_with_runtime_dependencies(/home/iot/ros2_ws/src/install/parc_robot/share/colcon-core/packages/parc_robot)
[2.290s] DEBUG:colcon.colcon_core.event_handler.log_command:Invoked command in '/home/iot/ros2_ws/src/build/parc_robot_description' returned '0': CMAKE_PREFIX_PATH=${CMAKE_PREFIX_PATH}:/opt/ros/humble /usr/bin/cmake /home/iot/ros2_ws/src/parc_robot_description -DCMAKE_INSTALL_PREFIX=/home/iot/ros2_ws/src/install/parc_robot_description
[2.291s] DEBUG:colcon.colcon_core.event_handler.log_command:Invoking command in '/home/iot/ros2_ws/src/build/parc_robot_description': CMAKE_PREFIX_PATH=${CMAKE_PREFIX_PATH}:/opt/ros/humble /usr/bin/cmake --build /home/iot/ros2_ws/src/build/parc_robot_description -- -j8 -l8
[2.304s] Level 1:colcon.colcon_core.environment:create_environment_scripts_only(parc_robot)
[2.305s] Level 1:colcon.colcon_core.environment:checking '/home/iot/ros2_ws/src/install/parc_robot' for CMake module files
[2.305s] Level 1:colcon.colcon_core.environment:checking '/home/iot/ros2_ws/src/install/parc_robot' for CMake config files
[2.305s] Level 1:colcon.colcon_core.shell:create_environment_hook('parc_robot', 'cmake_prefix_path')
[2.305s] INFO:colcon.colcon_core.shell:Creating environment hook '/home/iot/ros2_ws/src/install/parc_robot/share/parc_robot/hook/cmake_prefix_path.ps1'
[2.306s] INFO:colcon.colcon_core.shell:Creating environment descriptor '/home/iot/ros2_ws/src/install/parc_robot/share/parc_robot/hook/cmake_prefix_path.dsv'
[2.306s] INFO:colcon.colcon_core.shell:Creating environment hook '/home/iot/ros2_ws/src/install/parc_robot/share/parc_robot/hook/cmake_prefix_path.sh'
[2.306s] Level 1:colcon.colcon_core.environment:checking '/home/iot/ros2_ws/src/install/parc_robot/bin'
[2.306s] Level 1:colcon.colcon_core.environment:checking '/home/iot/ros2_ws/src/install/parc_robot/lib/pkgconfig/parc_robot.pc'
[2.307s] Level 1:colcon.colcon_core.environment:checking '/home/iot/ros2_ws/src/install/parc_robot/lib/python3.10/site-packages'
[2.307s] Level 1:colcon.colcon_core.environment:checking '/home/iot/ros2_ws/src/install/parc_robot/bin'
[2.307s] INFO:colcon.colcon_core.shell:Creating package script '/home/iot/ros2_ws/src/install/parc_robot/share/parc_robot/package.ps1'
[2.308s] INFO:colcon.colcon_core.shell:Creating package descriptor '/home/iot/ros2_ws/src/install/parc_robot/share/parc_robot/package.dsv'
[2.345s] INFO:colcon.colcon_core.shell:Creating package script '/home/iot/ros2_ws/src/install/parc_robot/share/parc_robot/package.sh'
[2.346s] INFO:colcon.colcon_core.shell:Creating package script '/home/iot/ros2_ws/src/install/parc_robot/share/parc_robot/package.bash'
[2.346s] INFO:colcon.colcon_core.shell:Creating package script '/home/iot/ros2_ws/src/install/parc_robot/share/parc_robot/package.zsh'
[2.347s] Level 1:colcon.colcon_core.environment:create_file_with_runtime_dependencies(/home/iot/ros2_ws/src/install/parc_robot/share/colcon-core/packages/parc_robot)
[2.348s] DEBUG:colcon.colcon_core.event_handler.log_command:Invoked command in '/home/iot/ros2_ws/src/build/parc_robot_description' returned '0': CMAKE_PREFIX_PATH=${CMAKE_PREFIX_PATH}:/opt/ros/humble /usr/bin/cmake --build /home/iot/ros2_ws/src/build/parc_robot_description -- -j8 -l8
[2.369s] DEBUG:colcon.colcon_core.event_handler.log_command:Invoking command in '/home/iot/ros2_ws/src/build/parc_robot_description': CMAKE_PREFIX_PATH=${CMAKE_PREFIX_PATH}:/opt/ros/humble /usr/bin/cmake --install /home/iot/ros2_ws/src/build/parc_robot_description
[5.071s] DEBUG:colcon.colcon_core.event_handler.log_command:Invoked command in '/home/iot/ros2_ws/src/build/parc_robot_interfaces' returned '0': CMAKE_PREFIX_PATH=${CMAKE_PREFIX_PATH}:/opt/ros/humble /usr/bin/cmake /home/iot/ros2_ws/src/parc_robot_interfaces -DCMAKE_INSTALL_PREFIX=/home/iot/ros2_ws/src/install/parc_robot_interfaces
[5.072s] DEBUG:colcon.colcon_core.event_handler.log_command:Invoking command in '/home/iot/ros2_ws/src/build/parc_robot_interfaces': CMAKE_PREFIX_PATH=${CMAKE_PREFIX_PATH}:/opt/ros/humble /usr/bin/cmake --build /home/iot/ros2_ws/src/build/parc_robot_interfaces -- -j8 -l8
[5.949s] Level 1:colcon.colcon_core.environment:create_environment_scripts_only(parc_robot_description)
[5.949s] Level 1:colcon.colcon_core.environment:checking '/home/iot/ros2_ws/src/install/parc_robot_description' for CMake module files
[5.949s] DEBUG:colcon.colcon_core.event_handler.log_command:Invoked command in '/home/iot/ros2_ws/src/build/parc_robot_description' returned '0': CMAKE_PREFIX_PATH=${CMAKE_PREFIX_PATH}:/opt/ros/humble /usr/bin/cmake --install /home/iot/ros2_ws/src/build/parc_robot_description
[5.950s] Level 1:colcon.colcon_core.environment:checking '/home/iot/ros2_ws/src/install/parc_robot_description' for CMake config files
[5.950s] Level 1:colcon.colcon_core.shell:create_environment_hook('parc_robot_description', 'cmake_prefix_path')
[5.950s] INFO:colcon.colcon_core.shell:Creating environment hook '/home/iot/ros2_ws/src/install/parc_robot_description/share/parc_robot_description/hook/cmake_prefix_path.ps1'
[5.950s] INFO:colcon.colcon_core.shell:Creating environment descriptor '/home/iot/ros2_ws/src/install/parc_robot_description/share/parc_robot_description/hook/cmake_prefix_path.dsv'
[5.951s] INFO:colcon.colcon_core.shell:Creating environment hook '/home/iot/ros2_ws/src/install/parc_robot_description/share/parc_robot_description/hook/cmake_prefix_path.sh'
[5.951s] Level 1:colcon.colcon_core.environment:checking '/home/iot/ros2_ws/src/install/parc_robot_description/bin'
[5.951s] Level 1:colcon.colcon_core.environment:checking '/home/iot/ros2_ws/src/install/parc_robot_description/lib/pkgconfig/parc_robot_description.pc'
[5.951s] Level 1:colcon.colcon_core.environment:checking '/home/iot/ros2_ws/src/install/parc_robot_description/lib/python3.10/site-packages'
[5.952s] Level 1:colcon.colcon_core.environment:checking '/home/iot/ros2_ws/src/install/parc_robot_description/bin'
[5.952s] INFO:colcon.colcon_core.shell:Creating package script '/home/iot/ros2_ws/src/install/parc_robot_description/share/parc_robot_description/package.ps1'
[5.952s] INFO:colcon.colcon_core.shell:Creating package descriptor '/home/iot/ros2_ws/src/install/parc_robot_description/share/parc_robot_description/package.dsv'
[5.953s] INFO:colcon.colcon_core.shell:Creating package script '/home/iot/ros2_ws/src/install/parc_robot_description/share/parc_robot_description/package.sh'
[5.953s] INFO:colcon.colcon_core.shell:Creating package script '/home/iot/ros2_ws/src/install/parc_robot_description/share/parc_robot_description/package.bash'
[5.953s] INFO:colcon.colcon_core.shell:Creating package script '/home/iot/ros2_ws/src/install/parc_robot_description/share/parc_robot_description/package.zsh'
[5.954s] Level 1:colcon.colcon_core.environment:create_file_with_runtime_dependencies(/home/iot/ros2_ws/src/install/parc_robot_description/share/colcon-core/packages/parc_robot_description)
[5.972s] Level 1:colcon.colcon_core.environment:create_environment_scripts_only(parc_robot_description)
[5.972s] Level 1:colcon.colcon_core.environment:checking '/home/iot/ros2_ws/src/install/parc_robot_description' for CMake module files
[5.973s] Level 1:colcon.colcon_core.environment:checking '/home/iot/ros2_ws/src/install/parc_robot_description' for CMake config files
[5.973s] Level 1:colcon.colcon_core.shell:create_environment_hook('parc_robot_description', 'cmake_prefix_path')
[5.973s] INFO:colcon.colcon_core.shell:Creating environment hook '/home/iot/ros2_ws/src/install/parc_robot_description/share/parc_robot_description/hook/cmake_prefix_path.ps1'
[5.974s] INFO:colcon.colcon_core.shell:Creating environment descriptor '/home/iot/ros2_ws/src/install/parc_robot_description/share/parc_robot_description/hook/cmake_prefix_path.dsv'
[5.974s] INFO:colcon.colcon_core.shell:Creating environment hook '/home/iot/ros2_ws/src/install/parc_robot_description/share/parc_robot_description/hook/cmake_prefix_path.sh'
[5.975s] Level 1:colcon.colcon_core.environment:checking '/home/iot/ros2_ws/src/install/parc_robot_description/bin'
[5.975s] Level 1:colcon.colcon_core.environment:checking '/home/iot/ros2_ws/src/install/parc_robot_description/lib/pkgconfig/parc_robot_description.pc'
[5.975s] Level 1:colcon.colcon_core.environment:checking '/home/iot/ros2_ws/src/install/parc_robot_description/lib/python3.10/site-packages'
[5.975s] Level 1:colcon.colcon_core.environment:checking '/home/iot/ros2_ws/src/install/parc_robot_description/bin'
[5.976s] INFO:colcon.colcon_core.shell:Creating package script '/home/iot/ros2_ws/src/install/parc_robot_description/share/parc_robot_description/package.ps1'
[5.976s] INFO:colcon.colcon_core.shell:Creating package descriptor '/home/iot/ros2_ws/src/install/parc_robot_description/share/parc_robot_description/package.dsv'
[5.977s] INFO:colcon.colcon_core.shell:Creating package script '/home/iot/ros2_ws/src/install/parc_robot_description/share/parc_robot_description/package.sh'
[5.977s] INFO:colcon.colcon_core.shell:Creating package script '/home/iot/ros2_ws/src/install/parc_robot_description/share/parc_robot_description/package.bash'
[6.015s] INFO:colcon.colcon_core.shell:Creating package script '/home/iot/ros2_ws/src/install/parc_robot_description/share/parc_robot_description/package.zsh'
[6.016s] Level 1:colcon.colcon_core.environment:create_file_with_runtime_dependencies(/home/iot/ros2_ws/src/install/parc_robot_description/share/colcon-core/packages/parc_robot_description)
[7.879s] DEBUG:colcon.colcon_core.event_handler.log_command:Invoked command in '/home/iot/ros2_ws/src/build/parc_robot_interfaces' returned '0': CMAKE_PREFIX_PATH=${CMAKE_PREFIX_PATH}:/opt/ros/humble /usr/bin/cmake --build /home/iot/ros2_ws/src/build/parc_robot_interfaces -- -j8 -l8
[7.919s] DEBUG:colcon.colcon_core.event_handler.log_command:Invoking command in '/home/iot/ros2_ws/src/build/parc_robot_interfaces': CMAKE_PREFIX_PATH=${CMAKE_PREFIX_PATH}:/opt/ros/humble /usr/bin/cmake --install /home/iot/ros2_ws/src/build/parc_robot_interfaces
[7.971s] Level 1:colcon.colcon_core.environment:create_environment_scripts_only(parc_robot_interfaces)
[7.972s] Level 1:colcon.colcon_core.environment:checking '/home/iot/ros2_ws/src/install/parc_robot_interfaces' for CMake module files
[7.972s] DEBUG:colcon.colcon_core.event_handler.log_command:Invoked command in '/home/iot/ros2_ws/src/build/parc_robot_interfaces' returned '0': CMAKE_PREFIX_PATH=${CMAKE_PREFIX_PATH}:/opt/ros/humble /usr/bin/cmake --install /home/iot/ros2_ws/src/build/parc_robot_interfaces
[7.972s] Level 1:colcon.colcon_core.environment:checking '/home/iot/ros2_ws/src/install/parc_robot_interfaces' for CMake config files
[7.972s] Level 1:colcon.colcon_core.shell:create_environment_hook('parc_robot_interfaces', 'cmake_prefix_path')
[7.973s] INFO:colcon.colcon_core.shell:Creating environment hook '/home/iot/ros2_ws/src/install/parc_robot_interfaces/share/parc_robot_interfaces/hook/cmake_prefix_path.ps1'
[7.973s] INFO:colcon.colcon_core.shell:Creating environment descriptor '/home/iot/ros2_ws/src/install/parc_robot_interfaces/share/parc_robot_interfaces/hook/cmake_prefix_path.dsv'
[7.973s] INFO:colcon.colcon_core.shell:Creating environment hook '/home/iot/ros2_ws/src/install/parc_robot_interfaces/share/parc_robot_interfaces/hook/cmake_prefix_path.sh'
[7.973s] Level 1:colcon.colcon_core.environment:checking '/home/iot/ros2_ws/src/install/parc_robot_interfaces/lib'
[7.974s] Level 1:colcon.colcon_core.shell:create_environment_hook('parc_robot_interfaces', 'ld_library_path_lib')
[7.974s] INFO:colcon.colcon_core.shell:Creating environment hook '/home/iot/ros2_ws/src/install/parc_robot_interfaces/share/parc_robot_interfaces/hook/ld_library_path_lib.ps1'
[7.974s] INFO:colcon.colcon_core.shell:Creating environment descriptor '/home/iot/ros2_ws/src/install/parc_robot_interfaces/share/parc_robot_interfaces/hook/ld_library_path_lib.dsv'
[7.974s] INFO:colcon.colcon_core.shell:Creating environment hook '/home/iot/ros2_ws/src/install/parc_robot_interfaces/share/parc_robot_interfaces/hook/ld_library_path_lib.sh'
[7.974s] Level 1:colcon.colcon_core.environment:checking '/home/iot/ros2_ws/src/install/parc_robot_interfaces/bin'
[7.974s] Level 1:colcon.colcon_core.environment:checking '/home/iot/ros2_ws/src/install/parc_robot_interfaces/lib/pkgconfig/parc_robot_interfaces.pc'
[7.975s] Level 1:colcon.colcon_core.environment:checking '/home/iot/ros2_ws/src/install/parc_robot_interfaces/lib/python3.10/site-packages'
[7.975s] Level 1:colcon.colcon_core.environment:checking '/home/iot/ros2_ws/src/install/parc_robot_interfaces/bin'
[7.975s] INFO:colcon.colcon_core.shell:Creating package script '/home/iot/ros2_ws/src/install/parc_robot_interfaces/share/parc_robot_interfaces/package.ps1'
[7.975s] INFO:colcon.colcon_core.shell:Creating package descriptor '/home/iot/ros2_ws/src/install/parc_robot_interfaces/share/parc_robot_interfaces/package.dsv'
[7.976s] INFO:colcon.colcon_core.shell:Creating package script '/home/iot/ros2_ws/src/install/parc_robot_interfaces/share/parc_robot_interfaces/package.sh'
[7.976s] INFO:colcon.colcon_core.shell:Creating package script '/home/iot/ros2_ws/src/install/parc_robot_interfaces/share/parc_robot_interfaces/package.bash'
[7.976s] INFO:colcon.colcon_core.shell:Creating package script '/home/iot/ros2_ws/src/install/parc_robot_interfaces/share/parc_robot_interfaces/package.zsh'
[7.976s] Level 1:colcon.colcon_core.environment:create_file_with_runtime_dependencies(/home/iot/ros2_ws/src/install/parc_robot_interfaces/share/colcon-core/packages/parc_robot_interfaces)
[8.015s] Level 1:colcon.colcon_core.environment:create_environment_scripts_only(parc_robot_interfaces)
[8.016s] Level 1:colcon.colcon_core.environment:checking '/home/iot/ros2_ws/src/install/parc_robot_interfaces' for CMake module files
[8.016s] Level 1:colcon.colcon_core.environment:checking '/home/iot/ros2_ws/src/install/parc_robot_interfaces' for CMake config files
[8.016s] Level 1:colcon.colcon_core.shell:create_environment_hook('parc_robot_interfaces', 'cmake_prefix_path')
[8.016s] INFO:colcon.colcon_core.shell:Creating environment hook '/home/iot/ros2_ws/src/install/parc_robot_interfaces/share/parc_robot_interfaces/hook/cmake_prefix_path.ps1'
[8.017s] INFO:colcon.colcon_core.shell:Creating environment descriptor '/home/iot/ros2_ws/src/install/parc_robot_interfaces/share/parc_robot_interfaces/hook/cmake_prefix_path.dsv'
[8.017s] INFO:colcon.colcon_core.shell:Creating environment hook '/home/iot/ros2_ws/src/install/parc_robot_interfaces/share/parc_robot_interfaces/hook/cmake_prefix_path.sh'
[8.017s] Level 1:colcon.colcon_core.environment:checking '/home/iot/ros2_ws/src/install/parc_robot_interfaces/lib'
[8.017s] Level 1:colcon.colcon_core.shell:create_environment_hook('parc_robot_interfaces', 'ld_library_path_lib')
[8.018s] INFO:colcon.colcon_core.shell:Creating environment hook '/home/iot/ros2_ws/src/install/parc_robot_interfaces/share/parc_robot_interfaces/hook/ld_library_path_lib.ps1'
[8.018s] INFO:colcon.colcon_core.shell:Creating environment descriptor '/home/iot/ros2_ws/src/install/parc_robot_interfaces/share/parc_robot_interfaces/hook/ld_library_path_lib.dsv'
[8.018s] INFO:colcon.colcon_core.shell:Creating environment hook '/home/iot/ros2_ws/src/install/parc_robot_interfaces/share/parc_robot_interfaces/hook/ld_library_path_lib.sh'
[8.018s] Level 1:colcon.colcon_core.environment:checking '/home/iot/ros2_ws/src/install/parc_robot_interfaces/bin'
[8.018s] Level 1:colcon.colcon_core.environment:checking '/home/iot/ros2_ws/src/install/parc_robot_interfaces/lib/pkgconfig/parc_robot_interfaces.pc'
[8.018s] Level 1:colcon.colcon_core.environment:checking '/home/iot/ros2_ws/src/install/parc_robot_interfaces/lib/python3.10/site-packages'
[8.019s] Level 1:colcon.colcon_core.environment:checking '/home/iot/ros2_ws/src/install/parc_robot_interfaces/bin'
[8.019s] INFO:colcon.colcon_core.shell:Creating package script '/home/iot/ros2_ws/src/install/parc_robot_interfaces/share/parc_robot_interfaces/package.ps1'
[8.019s] INFO:colcon.colcon_core.shell:Creating package descriptor '/home/iot/ros2_ws/src/install/parc_robot_interfaces/share/parc_robot_interfaces/package.dsv'
[8.020s] INFO:colcon.colcon_core.shell:Creating package script '/home/iot/ros2_ws/src/install/parc_robot_interfaces/share/parc_robot_interfaces/package.sh'
[8.020s] INFO:colcon.colcon_core.shell:Creating package script '/home/iot/ros2_ws/src/install/parc_robot_interfaces/share/parc_robot_interfaces/package.bash'
[8.020s] INFO:colcon.colcon_core.shell:Creating package script '/home/iot/ros2_ws/src/install/parc_robot_interfaces/share/parc_robot_interfaces/package.zsh'
[8.020s] Level 1:colcon.colcon_core.environment:create_file_with_runtime_dependencies(/home/iot/ros2_ws/src/install/parc_robot_interfaces/share/colcon-core/packages/parc_robot_interfaces)
[8.021s] INFO:colcon.colcon_ros.task.ament_cmake.build:Building ROS package in '/home/iot/ros2_ws/src/parc_robot_bringup' with build type 'ament_cmake'
[8.021s] INFO:colcon.colcon_cmake.task.cmake.build:Building CMake package in '/home/iot/ros2_ws/src/parc_robot_bringup'
[8.021s] INFO:colcon.colcon_core.shell:Skip shell extension 'powershell' for command environment: Not usable outside of PowerShell
[8.021s] DEBUG:colcon.colcon_core.shell:Skip shell extension 'dsv' for command environment
[8.028s] DEBUG:colcon.colcon_core.event_handler.log_command:Invoking command in '/home/iot/ros2_ws/src/build/parc_robot_bringup': AMENT_PREFIX_PATH=/home/iot/ros2_ws/src/install/parc_robot_interfaces:/home/iot/ros2_ws/src/install/parc_robot_description:${AMENT_PREFIX_PATH} CMAKE_PREFIX_PATH=/home/iot/ros2_ws/src/install/parc_robot_interfaces:/home/iot/ros2_ws/src/install/parc_robot_description:/home/iot/ros2_ws/install/parc_robot_bringup:/home/iot/ros2_ws/install/parc_robot_interfaces:/home/iot/ros2_ws/install/parc_robot_description:/home/iot/ros2_ws/install/parc_robot:/opt/ros/humble LD_LIBRARY_PATH=/home/iot/ros2_ws/src/install/parc_robot_interfaces/lib:${LD_LIBRARY_PATH} PYTHONPATH=/home/iot/ros2_ws/src/install/parc_robot_interfaces/local/lib/python3.10/dist-packages:${PYTHONPATH} /usr/bin/cmake /home/iot/ros2_ws/src/parc_robot_bringup -DCMAKE_INSTALL_PREFIX=/home/iot/ros2_ws/src/install/parc_robot_bringup
[9.787s] DEBUG:colcon.colcon_core.event_handler.log_command:Invoked command in '/home/iot/ros2_ws/src/build/parc_robot_bringup' returned '0': AMENT_PREFIX_PATH=/home/iot/ros2_ws/src/install/parc_robot_interfaces:/home/iot/ros2_ws/src/install/parc_robot_description:${AMENT_PREFIX_PATH} CMAKE_PREFIX_PATH=/home/iot/ros2_ws/src/install/parc_robot_interfaces:/home/iot/ros2_ws/src/install/parc_robot_description:/home/iot/ros2_ws/install/parc_robot_bringup:/home/iot/ros2_ws/install/parc_robot_interfaces:/home/iot/ros2_ws/install/parc_robot_description:/home/iot/ros2_ws/install/parc_robot:/opt/ros/humble LD_LIBRARY_PATH=/home/iot/ros2_ws/src/install/parc_robot_interfaces/lib:${LD_LIBRARY_PATH} PYTHONPATH=/home/iot/ros2_ws/src/install/parc_robot_interfaces/local/lib/python3.10/dist-packages:${PYTHONPATH} /usr/bin/cmake /home/iot/ros2_ws/src/parc_robot_bringup -DCMAKE_INSTALL_PREFIX=/home/iot/ros2_ws/src/install/parc_robot_bringup
[9.788s] DEBUG:colcon.colcon_core.event_handler.log_command:Invoking command in '/home/iot/ros2_ws/src/build/parc_robot_bringup': AMENT_PREFIX_PATH=/home/iot/ros2_ws/src/install/parc_robot_interfaces:/home/iot/ros2_ws/src/install/parc_robot_description:${AMENT_PREFIX_PATH} CMAKE_PREFIX_PATH=/home/iot/ros2_ws/src/install/parc_robot_interfaces:/home/iot/ros2_ws/src/install/parc_robot_description:/home/iot/ros2_ws/install/parc_robot_bringup:/home/iot/ros2_ws/install/parc_robot_interfaces:/home/iot/ros2_ws/install/parc_robot_description:/home/iot/ros2_ws/install/parc_robot:/opt/ros/humble LD_LIBRARY_PATH=/home/iot/ros2_ws/src/install/parc_robot_interfaces/lib:${LD_LIBRARY_PATH} PYTHONPATH=/home/iot/ros2_ws/src/install/parc_robot_interfaces/local/lib/python3.10/dist-packages:${PYTHONPATH} /usr/bin/cmake --build /home/iot/ros2_ws/src/build/parc_robot_bringup -- -j8 -l8
[10.064s] DEBUG:colcon.colcon_core.event_handler.log_command:Invoked command in '/home/iot/ros2_ws/src/build/parc_robot_bringup' returned '0': AMENT_PREFIX_PATH=/home/iot/ros2_ws/src/install/parc_robot_interfaces:/home/iot/ros2_ws/src/install/parc_robot_description:${AMENT_PREFIX_PATH} CMAKE_PREFIX_PATH=/home/iot/ros2_ws/src/install/parc_robot_interfaces:/home/iot/ros2_ws/src/install/parc_robot_description:/home/iot/ros2_ws/install/parc_robot_bringup:/home/iot/ros2_ws/install/parc_robot_interfaces:/home/iot/ros2_ws/install/parc_robot_description:/home/iot/ros2_ws/install/parc_robot:/opt/ros/humble LD_LIBRARY_PATH=/home/iot/ros2_ws/src/install/parc_robot_interfaces/lib:${LD_LIBRARY_PATH} PYTHONPATH=/home/iot/ros2_ws/src/install/parc_robot_interfaces/local/lib/python3.10/dist-packages:${PYTHONPATH} /usr/bin/cmake --build /home/iot/ros2_ws/src/build/parc_robot_bringup -- -j8 -l8
[10.083s] DEBUG:colcon.colcon_core.event_handler.log_command:Invoking command in '/home/iot/ros2_ws/src/build/parc_robot_bringup': AMENT_PREFIX_PATH=/home/iot/ros2_ws/src/install/parc_robot_interfaces:/home/iot/ros2_ws/src/install/parc_robot_description:${AMENT_PREFIX_PATH} CMAKE_PREFIX_PATH=/home/iot/ros2_ws/src/install/parc_robot_interfaces:/home/iot/ros2_ws/src/install/parc_robot_description:/home/iot/ros2_ws/install/parc_robot_bringup:/home/iot/ros2_ws/install/parc_robot_interfaces:/home/iot/ros2_ws/install/parc_robot_description:/home/iot/ros2_ws/install/parc_robot:/opt/ros/humble LD_LIBRARY_PATH=/home/iot/ros2_ws/src/install/parc_robot_interfaces/lib:${LD_LIBRARY_PATH} PYTHONPATH=/home/iot/ros2_ws/src/install/parc_robot_interfaces/local/lib/python3.10/dist-packages:${PYTHONPATH} /usr/bin/cmake --install /home/iot/ros2_ws/src/build/parc_robot_bringup
[14.186s] Level 1:colcon.colcon_core.environment:create_environment_scripts_only(parc_robot_bringup)
[14.187s] Level 1:colcon.colcon_core.environment:checking '/home/iot/ros2_ws/src/install/parc_robot_bringup' for CMake module files
[14.187s] DEBUG:colcon.colcon_core.event_handler.log_command:Invoked command in '/home/iot/ros2_ws/src/build/parc_robot_bringup' returned '0': AMENT_PREFIX_PATH=/home/iot/ros2_ws/src/install/parc_robot_interfaces:/home/iot/ros2_ws/src/install/parc_robot_description:${AMENT_PREFIX_PATH} CMAKE_PREFIX_PATH=/home/iot/ros2_ws/src/install/parc_robot_interfaces:/home/iot/ros2_ws/src/install/parc_robot_description:/home/iot/ros2_ws/install/parc_robot_bringup:/home/iot/ros2_ws/install/parc_robot_interfaces:/home/iot/ros2_ws/install/parc_robot_description:/home/iot/ros2_ws/install/parc_robot:/opt/ros/humble LD_LIBRARY_PATH=/home/iot/ros2_ws/src/install/parc_robot_interfaces/lib:${LD_LIBRARY_PATH} PYTHONPATH=/home/iot/ros2_ws/src/install/parc_robot_interfaces/local/lib/python3.10/dist-packages:${PYTHONPATH} /usr/bin/cmake --install /home/iot/ros2_ws/src/build/parc_robot_bringup
[14.187s] Level 1:colcon.colcon_core.environment:checking '/home/iot/ros2_ws/src/install/parc_robot_bringup' for CMake config files
[14.188s] Level 1:colcon.colcon_core.shell:create_environment_hook('parc_robot_bringup', 'cmake_prefix_path')
[14.189s] INFO:colcon.colcon_core.shell:Creating environment hook '/home/iot/ros2_ws/src/install/parc_robot_bringup/share/parc_robot_bringup/hook/cmake_prefix_path.ps1'
[14.189s] INFO:colcon.colcon_core.shell:Creating environment descriptor '/home/iot/ros2_ws/src/install/parc_robot_bringup/share/parc_robot_bringup/hook/cmake_prefix_path.dsv'
[14.189s] INFO:colcon.colcon_core.shell:Creating environment hook '/home/iot/ros2_ws/src/install/parc_robot_bringup/share/parc_robot_bringup/hook/cmake_prefix_path.sh'
[14.189s] Level 1:colcon.colcon_core.environment:checking '/home/iot/ros2_ws/src/install/parc_robot_bringup/lib'
[14.189s] Level 1:colcon.colcon_core.environment:checking '/home/iot/ros2_ws/src/install/parc_robot_bringup/bin'
[14.189s] Level 1:colcon.colcon_core.environment:checking '/home/iot/ros2_ws/src/install/parc_robot_bringup/lib/pkgconfig/parc_robot_bringup.pc'
[14.190s] Level 1:colcon.colcon_core.environment:checking '/home/iot/ros2_ws/src/install/parc_robot_bringup/lib/python3.10/site-packages'
[14.190s] Level 1:colcon.colcon_core.environment:checking '/home/iot/ros2_ws/src/install/parc_robot_bringup/bin'
[14.190s] INFO:colcon.colcon_core.shell:Creating package script '/home/iot/ros2_ws/src/install/parc_robot_bringup/share/parc_robot_bringup/package.ps1'
[14.190s] INFO:colcon.colcon_core.shell:Creating package descriptor '/home/iot/ros2_ws/src/install/parc_robot_bringup/share/parc_robot_bringup/package.dsv'
[14.191s] INFO:colcon.colcon_core.shell:Creating package script '/home/iot/ros2_ws/src/install/parc_robot_bringup/share/parc_robot_bringup/package.sh'
[14.191s] INFO:colcon.colcon_core.shell:Creating package script '/home/iot/ros2_ws/src/install/parc_robot_bringup/share/parc_robot_bringup/package.bash'
[14.191s] INFO:colcon.colcon_core.shell:Creating package script '/home/iot/ros2_ws/src/install/parc_robot_bringup/share/parc_robot_bringup/package.zsh'
[14.191s] Level 1:colcon.colcon_core.environment:create_file_with_runtime_dependencies(/home/iot/ros2_ws/src/install/parc_robot_bringup/share/colcon-core/packages/parc_robot_bringup)
[14.207s] Level 1:colcon.colcon_core.environment:create_environment_scripts_only(parc_robot_bringup)
[14.207s] Level 1:colcon.colcon_core.environment:checking '/home/iot/ros2_ws/src/install/parc_robot_bringup' for CMake module files
[14.207s] Level 1:colcon.colcon_core.environment:checking '/home/iot/ros2_ws/src/install/parc_robot_bringup' for CMake config files
[14.208s] Level 1:colcon.colcon_core.shell:create_environment_hook('parc_robot_bringup', 'cmake_prefix_path')
[14.209s] INFO:colcon.colcon_core.shell:Creating environment hook '/home/iot/ros2_ws/src/install/parc_robot_bringup/share/parc_robot_bringup/hook/cmake_prefix_path.ps1'
[14.209s] INFO:colcon.colcon_core.shell:Creating environment descriptor '/home/iot/ros2_ws/src/install/parc_robot_bringup/share/parc_robot_bringup/hook/cmake_prefix_path.dsv'
[14.209s] INFO:colcon.colcon_core.shell:Creating environment hook '/home/iot/ros2_ws/src/install/parc_robot_bringup/share/parc_robot_bringup/hook/cmake_prefix_path.sh'
[14.209s] Level 1:colcon.colcon_core.environment:checking '/home/iot/ros2_ws/src/install/parc_robot_bringup/lib'
[14.209s] Level 1:colcon.colcon_core.environment:checking '/home/iot/ros2_ws/src/install/parc_robot_bringup/bin'
[14.210s] Level 1:colcon.colcon_core.environment:checking '/home/iot/ros2_ws/src/install/parc_robot_bringup/lib/pkgconfig/parc_robot_bringup.pc'
[14.210s] Level 1:colcon.colcon_core.environment:checking '/home/iot/ros2_ws/src/install/parc_robot_bringup/lib/python3.10/site-packages'
[14.210s] Level 1:colcon.colcon_core.environment:checking '/home/iot/ros2_ws/src/install/parc_robot_bringup/bin'
[14.210s] INFO:colcon.colcon_core.shell:Creating package script '/home/iot/ros2_ws/src/install/parc_robot_bringup/share/parc_robot_bringup/package.ps1'
[14.210s] INFO:colcon.colcon_core.shell:Creating package descriptor '/home/iot/ros2_ws/src/install/parc_robot_bringup/share/parc_robot_bringup/package.dsv'
[14.211s] INFO:colcon.colcon_core.shell:Creating package script '/home/iot/ros2_ws/src/install/parc_robot_bringup/share/parc_robot_bringup/package.sh'
[14.211s] INFO:colcon.colcon_core.shell:Creating package script '/home/iot/ros2_ws/src/install/parc_robot_bringup/share/parc_robot_bringup/package.bash'
[14.211s] INFO:colcon.colcon_core.shell:Creating package script '/home/iot/ros2_ws/src/install/parc_robot_bringup/share/parc_robot_bringup/package.zsh'
[14.212s] Level 1:colcon.colcon_core.environment:create_file_with_runtime_dependencies(/home/iot/ros2_ws/src/install/parc_robot_bringup/share/colcon-core/packages/parc_robot_bringup)
[14.212s] DEBUG:colcon.colcon_parallel_executor.executor.parallel:closing loop
[14.212s] DEBUG:colcon.colcon_parallel_executor.executor.parallel:loop closed
[14.212s] DEBUG:colcon.colcon_parallel_executor.executor.parallel:run_until_complete finished with '0'
[14.212s] DEBUG:colcon.colcon_core.event_reactor:joining thread
[14.216s] INFO:colcon.colcon_core.plugin_system:Skipping extension 'colcon_notification.desktop_notification.terminal_notifier': Not used on non-Darwin systems
[14.216s] INFO:colcon.colcon_core.plugin_system:Skipping extension 'colcon_notification.desktop_notification.win32': Not used on non-Windows systems
[14.216s] INFO:colcon.colcon_notification.desktop_notification:Sending desktop notification using 'notify2'
[14.225s] DEBUG:colcon.colcon_core.event_reactor:joined thread
[14.225s] INFO:colcon.colcon_core.shell:Creating prefix script '/home/iot/ros2_ws/src/install/local_setup.ps1'
[14.226s] INFO:colcon.colcon_core.shell:Creating prefix util module '/home/iot/ros2_ws/src/install/_local_setup_util_ps1.py'
[14.227s] INFO:colcon.colcon_core.shell:Creating prefix chain script '/home/iot/ros2_ws/src/install/setup.ps1'
[14.228s] INFO:colcon.colcon_core.shell:Creating prefix script '/home/iot/ros2_ws/src/install/local_setup.sh'
[14.229s] INFO:colcon.colcon_core.shell:Creating prefix util module '/home/iot/ros2_ws/src/install/_local_setup_util_sh.py'
[14.229s] INFO:colcon.colcon_core.shell:Creating prefix chain script '/home/iot/ros2_ws/src/install/setup.sh'
[14.230s] INFO:colcon.colcon_core.shell:Creating prefix script '/home/iot/ros2_ws/src/install/local_setup.bash'
[14.230s] INFO:colcon.colcon_core.shell:Creating prefix chain script '/home/iot/ros2_ws/src/install/setup.bash'
[14.231s] INFO:colcon.colcon_core.shell:Creating prefix script '/home/iot/ros2_ws/src/install/local_setup.zsh'
[14.231s] INFO:colcon.colcon_core.shell:Creating prefix chain script '/home/iot/ros2_ws/src/install/setup.zsh'
