running egg_info
writing ../../build/tomatoes_detection1/tomatoes_detection1.egg-info/PKG-INFO
writing dependency_links to ../../build/tomatoes_detection1/tomatoes_detection1.egg-info/dependency_links.txt
writing entry points to ../../build/tomatoes_detection1/tomatoes_detection1.egg-info/entry_points.txt
writing requirements to ../../build/tomatoes_detection1/tomatoes_detection1.egg-info/requires.txt
writing top-level names to ../../build/tomatoes_detection1/tomatoes_detection1.egg-info/top_level.txt
reading manifest file '../../build/tomatoes_detection1/tomatoes_detection1.egg-info/SOURCES.txt'
writing manifest file '../../build/tomatoes_detection1/tomatoes_detection1.egg-info/SOURCES.txt'
running build
running build_py
copying tomatoes_detection1/hsv_filter.py -> /home/iot/ros2_ws/build/tomatoes_detection1/build/lib/tomatoes_detection1
copying tomatoes_detection1/task2_solution.py -> /home/iot/ros2_ws/build/tomatoes_detection1/build/lib/tomatoes_detection1
copying tomatoes_detection1/yolo_test.py -> /home/iot/ros2_ws/build/tomatoes_detection1/build/lib/tomatoes_detection1
running install
running install_lib
copying /home/iot/ros2_ws/build/tomatoes_detection1/build/lib/tomatoes_detection1/hsv_filter.py -> /home/iot/ros2_ws/install/tomatoes_detection1/lib/python3.10/site-packages/tomatoes_detection1
copying /home/iot/ros2_ws/build/tomatoes_detection1/build/lib/tomatoes_detection1/task2_solution.py -> /home/iot/ros2_ws/install/tomatoes_detection1/lib/python3.10/site-packages/tomatoes_detection1
copying /home/iot/ros2_ws/build/tomatoes_detection1/build/lib/tomatoes_detection1/yolo_test.py -> /home/iot/ros2_ws/install/tomatoes_detection1/lib/python3.10/site-packages/tomatoes_detection1
byte-compiling /home/iot/ros2_ws/install/tomatoes_detection1/lib/python3.10/site-packages/tomatoes_detection1/task2_solution.py to task2_solution.cpython-310.pyc
byte-compiling /home/iot/ros2_ws/install/tomatoes_detection1/lib/python3.10/site-packages/tomatoes_detection1/yolo_test.py to yolo_test.cpython-310.pyc
running install_data
copying package.xml -> /home/iot/ros2_ws/install/tomatoes_detection1/share/tomatoes_detection1
creating /home/iot/ros2_ws/install/tomatoes_detection1/share/tomatoes_detection1/weights
copying weights/best.pt -> /home/iot/ros2_ws/install/tomatoes_detection1/share/tomatoes_detection1/weights
running install_egg_info
removing '/home/iot/ros2_ws/install/tomatoes_detection1/lib/python3.10/site-packages/tomatoes_detection1-0.0.0-py3.10.egg-info' (and everything under it)
Copying ../../build/tomatoes_detection1/tomatoes_detection1.egg-info to /home/iot/ros2_ws/install/tomatoes_detection1/lib/python3.10/site-packages/tomatoes_detection1-0.0.0-py3.10.egg-info
running install_scripts
Installing detect_tomatoes script to /home/iot/ros2_ws/install/tomatoes_detection1/lib/tomatoes_detection1
Installing move_robot script to /home/iot/ros2_ws/install/tomatoes_detection1/lib/tomatoes_detection1
writing list of installed files to '/home/iot/ros2_ws/build/tomatoes_detection1/install.log'
