[1.192s] Invoking command in '/home/iot/ros2_ws/src/tomatoes_detection1': CMAKE_PREFIX_PATH=/home/iot/ros2_ws/install/parc_robot_interfaces:/home/iot/ros2_ws/install/parc_robot_bringup:/home/iot/ros2_ws/install/parc_robot_description:/home/iot/ros2_ws/install/parc_robot PYTHONPATH=/home/iot/ros2_ws/build/tomatoes_detection1/prefix_override:/home/iot/ros2_ws/install/tomatoes_detection1/lib/python3.10/site-packages:${PYTHONPATH} /usr/bin/python3 -W ignore:setup.py install is deprecated setup.py egg_info --egg-base ../../build/tomatoes_detection1 build --build-base /home/iot/ros2_ws/build/tomatoes_detection1/build install --record /home/iot/ros2_ws/build/tomatoes_detection1/install.log --single-version-externally-managed install_data
[1.649s] running egg_info
[1.650s] writing ../../build/tomatoes_detection1/tomatoes_detection1.egg-info/PKG-INFO
[1.651s] writing dependency_links to ../../build/tomatoes_detection1/tomatoes_detection1.egg-info/dependency_links.txt
[1.651s] writing entry points to ../../build/tomatoes_detection1/tomatoes_detection1.egg-info/entry_points.txt
[1.651s] writing requirements to ../../build/tomatoes_detection1/tomatoes_detection1.egg-info/requires.txt
[1.651s] writing top-level names to ../../build/tomatoes_detection1/tomatoes_detection1.egg-info/top_level.txt
[1.653s] reading manifest file '../../build/tomatoes_detection1/tomatoes_detection1.egg-info/SOURCES.txt'
[1.655s] writing manifest file '../../build/tomatoes_detection1/tomatoes_detection1.egg-info/SOURCES.txt'
[1.655s] running build
[1.655s] running build_py
[1.655s] copying tomatoes_detection1/hsv_filter.py -> /home/iot/ros2_ws/build/tomatoes_detection1/build/lib/tomatoes_detection1
[1.655s] copying tomatoes_detection1/task2_solution.py -> /home/iot/ros2_ws/build/tomatoes_detection1/build/lib/tomatoes_detection1
[1.656s] copying tomatoes_detection1/yolo_test.py -> /home/iot/ros2_ws/build/tomatoes_detection1/build/lib/tomatoes_detection1
[1.656s] running install
[1.656s] running install_lib
[1.658s] copying /home/iot/ros2_ws/build/tomatoes_detection1/build/lib/tomatoes_detection1/hsv_filter.py -> /home/iot/ros2_ws/install/tomatoes_detection1/lib/python3.10/site-packages/tomatoes_detection1
[1.658s] copying /home/iot/ros2_ws/build/tomatoes_detection1/build/lib/tomatoes_detection1/task2_solution.py -> /home/iot/ros2_ws/install/tomatoes_detection1/lib/python3.10/site-packages/tomatoes_detection1
[1.658s] copying /home/iot/ros2_ws/build/tomatoes_detection1/build/lib/tomatoes_detection1/yolo_test.py -> /home/iot/ros2_ws/install/tomatoes_detection1/lib/python3.10/site-packages/tomatoes_detection1
[1.659s] byte-compiling /home/iot/ros2_ws/install/tomatoes_detection1/lib/python3.10/site-packages/tomatoes_detection1/task2_solution.py to task2_solution.cpython-310.pyc
[1.667s] byte-compiling /home/iot/ros2_ws/install/tomatoes_detection1/lib/python3.10/site-packages/tomatoes_detection1/yolo_test.py to yolo_test.cpython-310.pyc
[1.673s] running install_data
[1.674s] copying package.xml -> /home/iot/ros2_ws/install/tomatoes_detection1/share/tomatoes_detection1
[1.674s] creating /home/iot/ros2_ws/install/tomatoes_detection1/share/tomatoes_detection1/weights
[1.674s] copying weights/best.pt -> /home/iot/ros2_ws/install/tomatoes_detection1/share/tomatoes_detection1/weights
[1.707s] running install_egg_info
[1.710s] removing '/home/iot/ros2_ws/install/tomatoes_detection1/lib/python3.10/site-packages/tomatoes_detection1-0.0.0-py3.10.egg-info' (and everything under it)
[1.710s] Copying ../../build/tomatoes_detection1/tomatoes_detection1.egg-info to /home/iot/ros2_ws/install/tomatoes_detection1/lib/python3.10/site-packages/tomatoes_detection1-0.0.0-py3.10.egg-info
[1.711s] running install_scripts
[1.756s] Installing detect_tomatoes script to /home/iot/ros2_ws/install/tomatoes_detection1/lib/tomatoes_detection1
[1.756s] Installing move_robot script to /home/iot/ros2_ws/install/tomatoes_detection1/lib/tomatoes_detection1
[1.756s] writing list of installed files to '/home/iot/ros2_ws/build/tomatoes_detection1/install.log'
[1.792s] Invoked command in '/home/iot/ros2_ws/src/tomatoes_detection1' returned '0': CMAKE_PREFIX_PATH=/home/iot/ros2_ws/install/parc_robot_interfaces:/home/iot/ros2_ws/install/parc_robot_bringup:/home/iot/ros2_ws/install/parc_robot_description:/home/iot/ros2_ws/install/parc_robot PYTHONPATH=/home/iot/ros2_ws/build/tomatoes_detection1/prefix_override:/home/iot/ros2_ws/install/tomatoes_detection1/lib/python3.10/site-packages:${PYTHONPATH} /usr/bin/python3 -W ignore:setup.py install is deprecated setup.py egg_info --egg-base ../../build/tomatoes_detection1 build --build-base /home/iot/ros2_ws/build/tomatoes_detection1/build install --record /home/iot/ros2_ws/build/tomatoes_detection1/install.log --single-version-externally-managed install_data
