[0.021s] Invoking command in '/home/iot/ros2_ws/build/parc_robot_description': CMAKE_PREFIX_PATH=${CMAKE_PREFIX_PATH}:/home/iot/ros2_ws/install/tomatoes_detection1:/home/iot/ros2_ws/install/farmland_navigation:/opt/ros/humble /usr/bin/cmake /home/iot/ros2_ws/src/parc_robot_description -DCMAKE_INSTALL_PREFIX=/home/iot/ros2_ws/install/parc_robot_description
[0.295s] -- The C compiler identification is GNU 11.4.0
[0.421s] -- The CXX compiler identification is GNU 11.4.0
[0.430s] -- Detecting C compiler ABI info
[0.504s] -- Detecting C compiler ABI info - done
[0.511s] -- Check for working C compiler: /usr/bin/cc - skipped
[0.512s] -- Detecting C compile features
[0.513s] -- Detecting C compile features - done
[0.517s] -- Detecting CXX compiler ABI info
[0.582s] -- Detecting CXX compiler ABI info - done
[0.589s] -- Check for working CXX compiler: /usr/bin/c++ - skipped
[0.590s] -- Detecting CXX compile features
[0.590s] -- Detecting CXX compile features - done
[0.597s] -- Found ament_cmake: 1.3.9 (/opt/ros/humble/share/ament_cmake/cmake)
[0.746s] -- Found Python3: /usr/bin/python3 (found version "3.10.12") found components: Interpreter 
[0.892s] -- Found urdf: 2.6.0 (/opt/ros/humble/share/urdf/cmake)
[1.029s] -- Found xacro: 2.0.8 (/opt/ros/humble/share/xacro/cmake)
[1.093s] -- Configuring done
[1.094s] -- Generating done
[1.095s] -- Build files have been written to: /home/iot/ros2_ws/build/parc_robot_description
[1.123s] Invoked command in '/home/iot/ros2_ws/build/parc_robot_description' returned '0': CMAKE_PREFIX_PATH=${CMAKE_PREFIX_PATH}:/home/iot/ros2_ws/install/tomatoes_detection1:/home/iot/ros2_ws/install/farmland_navigation:/opt/ros/humble /usr/bin/cmake /home/iot/ros2_ws/src/parc_robot_description -DCMAKE_INSTALL_PREFIX=/home/iot/ros2_ws/install/parc_robot_description
[1.124s] Invoking command in '/home/iot/ros2_ws/build/parc_robot_description': CMAKE_PREFIX_PATH=${CMAKE_PREFIX_PATH}:/home/iot/ros2_ws/install/tomatoes_detection1:/home/iot/ros2_ws/install/farmland_navigation:/opt/ros/humble /usr/bin/cmake --build /home/iot/ros2_ws/build/parc_robot_description -- -j8 -l8
[1.157s] Invoked command in '/home/iot/ros2_ws/build/parc_robot_description' returned '0': CMAKE_PREFIX_PATH=${CMAKE_PREFIX_PATH}:/home/iot/ros2_ws/install/tomatoes_detection1:/home/iot/ros2_ws/install/farmland_navigation:/opt/ros/humble /usr/bin/cmake --build /home/iot/ros2_ws/build/parc_robot_description -- -j8 -l8
[1.176s] Invoking command in '/home/iot/ros2_ws/build/parc_robot_description': CMAKE_PREFIX_PATH=${CMAKE_PREFIX_PATH}:/home/iot/ros2_ws/install/tomatoes_detection1:/home/iot/ros2_ws/install/farmland_navigation:/opt/ros/humble /usr/bin/cmake --install /home/iot/ros2_ws/build/parc_robot_description
[1.182s] -- Install configuration: ""
[1.183s] -- Installing: /home/iot/ros2_ws/install/parc_robot_description/share/parc_robot_description/launch
[1.183s] -- Installing: /home/iot/ros2_ws/install/parc_robot_description/share/parc_robot_description/launch/robot_state_publisher_launch.py
[1.183s] -- Installing: /home/iot/ros2_ws/install/parc_robot_description/share/parc_robot_description/launch/description_launch.py
[1.183s] -- Installing: /home/iot/ros2_ws/install/parc_robot_description/share/parc_robot_description/meshes
[1.183s] -- Installing: /home/iot/ros2_ws/install/parc_robot_description/share/parc_robot_description/meshes/base_link.dae
[1.194s] -- Installing: /home/iot/ros2_ws/install/parc_robot_description/share/parc_robot_description/meshes/seeder.stl
[1.195s] -- Installing: /home/iot/ros2_ws/install/parc_robot_description/share/parc_robot_description/meshes/enclosure_with_overhang.dae
[1.197s] -- Installing: /home/iot/ros2_ws/install/parc_robot_description/share/parc_robot_description/meshes/ydlidar.dae
[1.199s] -- Installing: /home/iot/ros2_ws/install/parc_robot_description/share/parc_robot_description/meshes/wheel_type1.dae
[1.202s] -- Installing: /home/iot/ros2_ws/install/parc_robot_description/share/parc_robot_description/meshes/enclosure_with_overhang.stl
[1.232s] -- Installing: /home/iot/ros2_ws/install/parc_robot_description/share/parc_robot_description/meshes/ZED2.dae
[1.232s] -- Installing: /home/iot/ros2_ws/install/parc_robot_description/share/parc_robot_description/meshes/wheel_type2.dae
[1.234s] -- Installing: /home/iot/ros2_ws/install/parc_robot_description/share/parc_robot_description/meshes/seeder_v1.stl
[1.235s] -- Installing: /home/iot/ros2_ws/install/parc_robot_description/share/parc_robot_description/meshes/enclosure.dae
[1.256s] -- Installing: /home/iot/ros2_ws/install/parc_robot_description/share/parc_robot_description/urdf
[1.256s] -- Installing: /home/iot/ros2_ws/install/parc_robot_description/share/parc_robot_description/urdf/scout_wheel_type1.xacro
[1.256s] -- Installing: /home/iot/ros2_ws/install/parc_robot_description/share/parc_robot_description/urdf/zed2.xacro
[1.256s] -- Installing: /home/iot/ros2_ws/install/parc_robot_description/share/parc_robot_description/urdf/ydlidar.xacro
[1.257s] -- Installing: /home/iot/ros2_ws/install/parc_robot_description/share/parc_robot_description/urdf/parc_robot.xacro
[1.257s] -- Installing: /home/iot/ros2_ws/install/parc_robot_description/share/parc_robot_description/urdf/inertial_macros.xacro
[1.257s] -- Installing: /home/iot/ros2_ws/install/parc_robot_description/share/parc_robot_description/urdf/imu.xacro
[1.257s] -- Installing: /home/iot/ros2_ws/install/parc_robot_description/share/parc_robot_description/urdf/scout_wheel_type2.xacro
[1.257s] -- Installing: /home/iot/ros2_ws/install/parc_robot_description/share/parc_robot_description/urdf/sensors.xacro
[1.257s] -- Installing: /home/iot/ros2_ws/install/parc_robot_description/share/parc_robot_description/urdf/parc_robot_gazebo.xacro
[1.257s] -- Installing: /home/iot/ros2_ws/install/parc_robot_description/share/parc_robot_description/urdf/scout_wheel.gazebo
[1.257s] -- Installing: /home/iot/ros2_ws/install/parc_robot_description/share/parc_robot_description/urdf/attachment.xacro
[1.257s] -- Installing: /home/iot/ros2_ws/install/parc_robot_description/share/parc_robot_description/urdf/gps.xacro
[1.257s] -- Installing: /home/iot/ros2_ws/install/parc_robot_description/share/parc_robot_description/urdf/side_cameras.xacro
[1.257s] -- Installing: /home/iot/ros2_ws/install/parc_robot_description/share/parc_robot_description/urdf/enclosure.xacro
[1.257s] -- Installing: /home/iot/ros2_ws/install/parc_robot_description/share/parc_robot_description/rviz
[1.257s] -- Installing: /home/iot/ros2_ws/install/parc_robot_description/share/parc_robot_description/rviz/description.rviz
[1.257s] -- Installing: /home/iot/ros2_ws/install/parc_robot_description/share/parc_robot_description/materials
[1.258s] -- Installing: /home/iot/ros2_ws/install/parc_robot_description/share/parc_robot_description/materials/textures
[1.258s] -- Installing: /home/iot/ros2_ws/install/parc_robot_description/share/parc_robot_description/materials/textures/dirty_metal.jpg
[1.258s] -- Installing: /home/iot/ros2_ws/install/parc_robot_description/share/parc_robot_description/materials/scripts
[1.258s] -- Installing: /home/iot/ros2_ws/install/parc_robot_description/share/parc_robot_description/materials/scripts/dirty_metal.material
[1.258s] -- Installing: /home/iot/ros2_ws/install/parc_robot_description/share/parc_robot_description/materials/scripts/.vscode
[1.258s] -- Installing: /home/iot/ros2_ws/install/parc_robot_description/share/parc_robot_description/materials/scripts/.vscode/settings.json
[1.258s] -- Installing: /home/iot/ros2_ws/install/parc_robot_description/share/parc_robot_description/materials/scripts/.vscode/c_cpp_properties.json
[1.258s] -- Installing: /home/iot/ros2_ws/install/parc_robot_description/share/ament_index/resource_index/package_run_dependencies/parc_robot_description
[1.258s] -- Installing: /home/iot/ros2_ws/install/parc_robot_description/share/ament_index/resource_index/parent_prefix_path/parc_robot_description
[1.259s] -- Installing: /home/iot/ros2_ws/install/parc_robot_description/share/parc_robot_description/environment/ament_prefix_path.sh
[1.259s] -- Installing: /home/iot/ros2_ws/install/parc_robot_description/share/parc_robot_description/environment/ament_prefix_path.dsv
[1.259s] -- Installing: /home/iot/ros2_ws/install/parc_robot_description/share/parc_robot_description/environment/path.sh
[1.259s] -- Installing: /home/iot/ros2_ws/install/parc_robot_description/share/parc_robot_description/environment/path.dsv
[1.259s] -- Installing: /home/iot/ros2_ws/install/parc_robot_description/share/parc_robot_description/local_setup.bash
[1.259s] -- Installing: /home/iot/ros2_ws/install/parc_robot_description/share/parc_robot_description/local_setup.sh
[1.259s] -- Installing: /home/iot/ros2_ws/install/parc_robot_description/share/parc_robot_description/local_setup.zsh
[1.259s] -- Installing: /home/iot/ros2_ws/install/parc_robot_description/share/parc_robot_description/local_setup.dsv
[1.259s] -- Installing: /home/iot/ros2_ws/install/parc_robot_description/share/parc_robot_description/package.dsv
[1.259s] -- Installing: /home/iot/ros2_ws/install/parc_robot_description/share/ament_index/resource_index/packages/parc_robot_description
[1.260s] -- Installing: /home/iot/ros2_ws/install/parc_robot_description/share/parc_robot_description/cmake/parc_robot_descriptionConfig.cmake
[1.260s] -- Installing: /home/iot/ros2_ws/install/parc_robot_description/share/parc_robot_description/cmake/parc_robot_descriptionConfig-version.cmake
[1.260s] -- Installing: /home/iot/ros2_ws/install/parc_robot_description/share/parc_robot_description/package.xml
[1.261s] Invoked command in '/home/iot/ros2_ws/build/parc_robot_description' returned '0': CMAKE_PREFIX_PATH=${CMAKE_PREFIX_PATH}:/home/iot/ros2_ws/install/tomatoes_detection1:/home/iot/ros2_ws/install/farmland_navigation:/opt/ros/humble /usr/bin/cmake --install /home/iot/ros2_ws/build/parc_robot_description
