[0.028s] Invoking command in '/home/iot/ros2_ws/build/parc_robot_interfaces': CMAKE_PREFIX_PATH=${CMAKE_PREFIX_PATH}:/opt/ros/humble /usr/bin/cmake --build /home/iot/ros2_ws/build/parc_robot_interfaces -- -j8 -l8
[0.139s] [  3%] Built target parc_robot_interfaces__cpp
[0.148s] [ 12%] Built target parc_robot_interfaces__rosidl_generator_c
[0.178s] [ 12%] Built target ament_cmake_python_copy_parc_robot_interfaces
[0.199s] [ 22%] Built target parc_robot_interfaces__rosidl_typesupport_fastrtps_cpp
[0.200s] [ 32%] Built target parc_robot_interfaces__rosidl_typesupport_cpp
[0.201s] [ 41%] Built target parc_robot_interfaces__rosidl_typesupport_introspection_cpp
[0.206s] [ 51%] Built target parc_robot_interfaces__rosidl_typesupport_c
[0.207s] [ 61%] Built target parc_robot_interfaces__rosidl_typesupport_fastrtps_c
[0.207s] [ 70%] Built target parc_robot_interfaces__rosidl_typesupport_introspection_c
[0.250s] [ 70%] Built target parc_robot_interfaces
[0.281s] [ 74%] Built target parc_robot_interfaces__py
[0.325s] [ 80%] Built target parc_robot_interfaces__rosidl_generator_py
[0.357s] [ 93%] Built target parc_robot_interfaces__rosidl_typesupport_introspection_c__pyext
[0.357s] [ 93%] Built target parc_robot_interfaces__rosidl_typesupport_c__pyext
[0.361s] [100%] Built target parc_robot_interfaces__rosidl_typesupport_fastrtps_c__pyext
[0.587s] running egg_info
[0.592s] writing parc_robot_interfaces.egg-info/PKG-INFO
[0.593s] writing dependency_links to parc_robot_interfaces.egg-info/dependency_links.txt
[0.595s] writing top-level names to parc_robot_interfaces.egg-info/top_level.txt
[0.603s] reading manifest file 'parc_robot_interfaces.egg-info/SOURCES.txt'
[0.604s] writing manifest file 'parc_robot_interfaces.egg-info/SOURCES.txt'
[0.633s] [100%] Built target ament_cmake_python_build_parc_robot_interfaces_egg
[0.642s] Invoked command in '/home/iot/ros2_ws/build/parc_robot_interfaces' returned '0': CMAKE_PREFIX_PATH=${CMAKE_PREFIX_PATH}:/opt/ros/humble /usr/bin/cmake --build /home/iot/ros2_ws/build/parc_robot_interfaces -- -j8 -l8
[0.708s] Invoking command in '/home/iot/ros2_ws/build/parc_robot_interfaces': CMAKE_PREFIX_PATH=${CMAKE_PREFIX_PATH}:/opt/ros/humble /usr/bin/cmake --install /home/iot/ros2_ws/build/parc_robot_interfaces
[0.714s] -- Install configuration: ""
[0.714s] -- Up-to-date: /home/iot/ros2_ws/install/parc_robot_interfaces/share/ament_index/resource_index/rosidl_interfaces/parc_robot_interfaces
[0.714s] -- Up-to-date: /home/iot/ros2_ws/install/parc_robot_interfaces/include/parc_robot_interfaces/parc_robot_interfaces
[0.714s] -- Up-to-date: /home/iot/ros2_ws/install/parc_robot_interfaces/include/parc_robot_interfaces/parc_robot_interfaces/msg
[0.715s] -- Up-to-date: /home/iot/ros2_ws/install/parc_robot_interfaces/include/parc_robot_interfaces/parc_robot_interfaces/msg/detail
[0.715s] -- Up-to-date: /home/iot/ros2_ws/install/parc_robot_interfaces/include/parc_robot_interfaces/parc_robot_interfaces/msg/detail/crop_yield__functions.c
[0.715s] -- Up-to-date: /home/iot/ros2_ws/install/parc_robot_interfaces/include/parc_robot_interfaces/parc_robot_interfaces/msg/detail/crop_yield__functions.h
[0.715s] -- Up-to-date: /home/iot/ros2_ws/install/parc_robot_interfaces/include/parc_robot_interfaces/parc_robot_interfaces/msg/detail/crop_yield__type_support.h
[0.715s] -- Up-to-date: /home/iot/ros2_ws/install/parc_robot_interfaces/include/parc_robot_interfaces/parc_robot_interfaces/msg/detail/crop_yield__struct.h
[0.716s] -- Up-to-date: /home/iot/ros2_ws/install/parc_robot_interfaces/include/parc_robot_interfaces/parc_robot_interfaces/msg/rosidl_generator_c__visibility_control.h
[0.717s] -- Up-to-date: /home/iot/ros2_ws/install/parc_robot_interfaces/include/parc_robot_interfaces/parc_robot_interfaces/msg/crop_yield.h
[0.718s] -- Up-to-date: /home/iot/ros2_ws/install/parc_robot_interfaces/share/parc_robot_interfaces/environment/library_path.sh
[0.720s] -- Up-to-date: /home/iot/ros2_ws/install/parc_robot_interfaces/share/parc_robot_interfaces/environment/library_path.dsv
[0.721s] -- Up-to-date: /home/iot/ros2_ws/install/parc_robot_interfaces/lib/libparc_robot_interfaces__rosidl_generator_c.so
[0.722s] -- Up-to-date: /home/iot/ros2_ws/install/parc_robot_interfaces/include/parc_robot_interfaces/parc_robot_interfaces
[0.724s] -- Up-to-date: /home/iot/ros2_ws/install/parc_robot_interfaces/include/parc_robot_interfaces/parc_robot_interfaces/msg
[0.725s] -- Up-to-date: /home/iot/ros2_ws/install/parc_robot_interfaces/include/parc_robot_interfaces/parc_robot_interfaces/msg/rosidl_typesupport_fastrtps_c__visibility_control.h
[0.726s] -- Up-to-date: /home/iot/ros2_ws/install/parc_robot_interfaces/include/parc_robot_interfaces/parc_robot_interfaces/msg/detail
[0.727s] -- Up-to-date: /home/iot/ros2_ws/install/parc_robot_interfaces/include/parc_robot_interfaces/parc_robot_interfaces/msg/detail/crop_yield__rosidl_typesupport_fastrtps_c.h
[0.728s] -- Up-to-date: /home/iot/ros2_ws/install/parc_robot_interfaces/lib/libparc_robot_interfaces__rosidl_typesupport_fastrtps_c.so
[0.728s] -- Up-to-date: /home/iot/ros2_ws/install/parc_robot_interfaces/include/parc_robot_interfaces/parc_robot_interfaces
[0.728s] -- Up-to-date: /home/iot/ros2_ws/install/parc_robot_interfaces/include/parc_robot_interfaces/parc_robot_interfaces/msg
[0.729s] -- Up-to-date: /home/iot/ros2_ws/install/parc_robot_interfaces/include/parc_robot_interfaces/parc_robot_interfaces/msg/detail
[0.729s] -- Up-to-date: /home/iot/ros2_ws/install/parc_robot_interfaces/include/parc_robot_interfaces/parc_robot_interfaces/msg/detail/crop_yield__type_support.c
[0.729s] -- Up-to-date: /home/iot/ros2_ws/install/parc_robot_interfaces/include/parc_robot_interfaces/parc_robot_interfaces/msg/detail/crop_yield__rosidl_typesupport_introspection_c.h
[0.730s] -- Up-to-date: /home/iot/ros2_ws/install/parc_robot_interfaces/include/parc_robot_interfaces/parc_robot_interfaces/msg/rosidl_typesupport_introspection_c__visibility_control.h
[0.730s] -- Up-to-date: /home/iot/ros2_ws/install/parc_robot_interfaces/lib/libparc_robot_interfaces__rosidl_typesupport_introspection_c.so
[0.731s] -- Up-to-date: /home/iot/ros2_ws/install/parc_robot_interfaces/lib/libparc_robot_interfaces__rosidl_typesupport_c.so
[0.731s] -- Up-to-date: /home/iot/ros2_ws/install/parc_robot_interfaces/include/parc_robot_interfaces/parc_robot_interfaces
[0.731s] -- Up-to-date: /home/iot/ros2_ws/install/parc_robot_interfaces/include/parc_robot_interfaces/parc_robot_interfaces/msg
[0.731s] -- Up-to-date: /home/iot/ros2_ws/install/parc_robot_interfaces/include/parc_robot_interfaces/parc_robot_interfaces/msg/detail
[0.732s] -- Up-to-date: /home/iot/ros2_ws/install/parc_robot_interfaces/include/parc_robot_interfaces/parc_robot_interfaces/msg/detail/crop_yield__builder.hpp
[0.732s] -- Up-to-date: /home/iot/ros2_ws/install/parc_robot_interfaces/include/parc_robot_interfaces/parc_robot_interfaces/msg/detail/crop_yield__struct.hpp
[0.732s] -- Up-to-date: /home/iot/ros2_ws/install/parc_robot_interfaces/include/parc_robot_interfaces/parc_robot_interfaces/msg/detail/crop_yield__traits.hpp
[0.733s] -- Up-to-date: /home/iot/ros2_ws/install/parc_robot_interfaces/include/parc_robot_interfaces/parc_robot_interfaces/msg/crop_yield.hpp
[0.733s] -- Up-to-date: /home/iot/ros2_ws/install/parc_robot_interfaces/include/parc_robot_interfaces/parc_robot_interfaces
[0.733s] -- Up-to-date: /home/iot/ros2_ws/install/parc_robot_interfaces/include/parc_robot_interfaces/parc_robot_interfaces/msg
[0.734s] -- Up-to-date: /home/iot/ros2_ws/install/parc_robot_interfaces/include/parc_robot_interfaces/parc_robot_interfaces/msg/rosidl_typesupport_fastrtps_cpp__visibility_control.h
[0.734s] -- Up-to-date: /home/iot/ros2_ws/install/parc_robot_interfaces/include/parc_robot_interfaces/parc_robot_interfaces/msg/detail
[0.734s] -- Up-to-date: /home/iot/ros2_ws/install/parc_robot_interfaces/include/parc_robot_interfaces/parc_robot_interfaces/msg/detail/dds_fastrtps
[0.734s] -- Up-to-date: /home/iot/ros2_ws/install/parc_robot_interfaces/include/parc_robot_interfaces/parc_robot_interfaces/msg/detail/crop_yield__rosidl_typesupport_fastrtps_cpp.hpp
[0.735s] -- Up-to-date: /home/iot/ros2_ws/install/parc_robot_interfaces/lib/libparc_robot_interfaces__rosidl_typesupport_fastrtps_cpp.so
[0.735s] -- Up-to-date: /home/iot/ros2_ws/install/parc_robot_interfaces/include/parc_robot_interfaces/parc_robot_interfaces
[0.735s] -- Up-to-date: /home/iot/ros2_ws/install/parc_robot_interfaces/include/parc_robot_interfaces/parc_robot_interfaces/msg
[0.736s] -- Up-to-date: /home/iot/ros2_ws/install/parc_robot_interfaces/include/parc_robot_interfaces/parc_robot_interfaces/msg/detail
[0.736s] -- Up-to-date: /home/iot/ros2_ws/install/parc_robot_interfaces/include/parc_robot_interfaces/parc_robot_interfaces/msg/detail/crop_yield__rosidl_typesupport_introspection_cpp.hpp
[0.736s] -- Up-to-date: /home/iot/ros2_ws/install/parc_robot_interfaces/include/parc_robot_interfaces/parc_robot_interfaces/msg/detail/crop_yield__type_support.cpp
[0.736s] -- Up-to-date: /home/iot/ros2_ws/install/parc_robot_interfaces/lib/libparc_robot_interfaces__rosidl_typesupport_introspection_cpp.so
[0.736s] -- Up-to-date: /home/iot/ros2_ws/install/parc_robot_interfaces/lib/libparc_robot_interfaces__rosidl_typesupport_cpp.so
[0.737s] -- Up-to-date: /home/iot/ros2_ws/install/parc_robot_interfaces/share/parc_robot_interfaces/environment/pythonpath.sh
[0.737s] -- Up-to-date: /home/iot/ros2_ws/install/parc_robot_interfaces/share/parc_robot_interfaces/environment/pythonpath.dsv
[0.737s] -- Up-to-date: /home/iot/ros2_ws/install/parc_robot_interfaces/local/lib/python3.10/dist-packages/parc_robot_interfaces-0.0.0-py3.10.egg-info
[0.737s] -- Installing: /home/iot/ros2_ws/install/parc_robot_interfaces/local/lib/python3.10/dist-packages/parc_robot_interfaces-0.0.0-py3.10.egg-info/PKG-INFO
[0.737s] -- Installing: /home/iot/ros2_ws/install/parc_robot_interfaces/local/lib/python3.10/dist-packages/parc_robot_interfaces-0.0.0-py3.10.egg-info/dependency_links.txt
[0.737s] -- Installing: /home/iot/ros2_ws/install/parc_robot_interfaces/local/lib/python3.10/dist-packages/parc_robot_interfaces-0.0.0-py3.10.egg-info/SOURCES.txt
[0.737s] -- Installing: /home/iot/ros2_ws/install/parc_robot_interfaces/local/lib/python3.10/dist-packages/parc_robot_interfaces-0.0.0-py3.10.egg-info/top_level.txt
[0.737s] -- Up-to-date: /home/iot/ros2_ws/install/parc_robot_interfaces/local/lib/python3.10/dist-packages/parc_robot_interfaces
[0.738s] -- Up-to-date: /home/iot/ros2_ws/install/parc_robot_interfaces/local/lib/python3.10/dist-packages/parc_robot_interfaces/parc_robot_interfaces_s__rosidl_typesupport_introspection_c.cpython-310-x86_64-linux-gnu.so
[0.738s] -- Up-to-date: /home/iot/ros2_ws/install/parc_robot_interfaces/local/lib/python3.10/dist-packages/parc_robot_interfaces/libparc_robot_interfaces__rosidl_generator_py.so
[0.738s] -- Up-to-date: /home/iot/ros2_ws/install/parc_robot_interfaces/local/lib/python3.10/dist-packages/parc_robot_interfaces/parc_robot_interfaces_s__rosidl_typesupport_fastrtps_c.cpython-310-x86_64-linux-gnu.so
[0.738s] -- Up-to-date: /home/iot/ros2_ws/install/parc_robot_interfaces/local/lib/python3.10/dist-packages/parc_robot_interfaces/__init__.py
[0.738s] -- Up-to-date: /home/iot/ros2_ws/install/parc_robot_interfaces/local/lib/python3.10/dist-packages/parc_robot_interfaces/msg
[0.738s] -- Up-to-date: /home/iot/ros2_ws/install/parc_robot_interfaces/local/lib/python3.10/dist-packages/parc_robot_interfaces/msg/__init__.py
[0.738s] -- Up-to-date: /home/iot/ros2_ws/install/parc_robot_interfaces/local/lib/python3.10/dist-packages/parc_robot_interfaces/msg/_crop_yield_s.c
[0.738s] -- Up-to-date: /home/iot/ros2_ws/install/parc_robot_interfaces/local/lib/python3.10/dist-packages/parc_robot_interfaces/msg/_crop_yield.py
[0.738s] -- Up-to-date: /home/iot/ros2_ws/install/parc_robot_interfaces/local/lib/python3.10/dist-packages/parc_robot_interfaces/_parc_robot_interfaces_s.ep.rosidl_typesupport_c.c
[0.739s] -- Up-to-date: /home/iot/ros2_ws/install/parc_robot_interfaces/local/lib/python3.10/dist-packages/parc_robot_interfaces/_parc_robot_interfaces_s.ep.rosidl_typesupport_fastrtps_c.c
[0.739s] -- Up-to-date: /home/iot/ros2_ws/install/parc_robot_interfaces/local/lib/python3.10/dist-packages/parc_robot_interfaces/parc_robot_interfaces_s__rosidl_typesupport_c.cpython-310-x86_64-linux-gnu.so
[0.739s] -- Up-to-date: /home/iot/ros2_ws/install/parc_robot_interfaces/local/lib/python3.10/dist-packages/parc_robot_interfaces/_parc_robot_interfaces_s.ep.rosidl_typesupport_introspection_c.c
[0.790s] Listing '/home/iot/ros2_ws/install/parc_robot_interfaces/local/lib/python3.10/dist-packages/parc_robot_interfaces'...
[0.790s] Listing '/home/iot/ros2_ws/install/parc_robot_interfaces/local/lib/python3.10/dist-packages/parc_robot_interfaces/msg'...
[0.797s] -- Up-to-date: /home/iot/ros2_ws/install/parc_robot_interfaces/local/lib/python3.10/dist-packages/parc_robot_interfaces/parc_robot_interfaces_s__rosidl_typesupport_fastrtps_c.cpython-310-x86_64-linux-gnu.so
[0.798s] -- Up-to-date: /home/iot/ros2_ws/install/parc_robot_interfaces/local/lib/python3.10/dist-packages/parc_robot_interfaces/parc_robot_interfaces_s__rosidl_typesupport_introspection_c.cpython-310-x86_64-linux-gnu.so
[0.798s] -- Up-to-date: /home/iot/ros2_ws/install/parc_robot_interfaces/local/lib/python3.10/dist-packages/parc_robot_interfaces/parc_robot_interfaces_s__rosidl_typesupport_c.cpython-310-x86_64-linux-gnu.so
[0.798s] -- Up-to-date: /home/iot/ros2_ws/install/parc_robot_interfaces/lib/libparc_robot_interfaces__rosidl_generator_py.so
[0.799s] -- Up-to-date: /home/iot/ros2_ws/install/parc_robot_interfaces/share/parc_robot_interfaces/msg/CropYield.idl
[0.799s] -- Up-to-date: /home/iot/ros2_ws/install/parc_robot_interfaces/share/parc_robot_interfaces/msg/CropYield.msg
[0.799s] -- Up-to-date: /home/iot/ros2_ws/install/parc_robot_interfaces/share/ament_index/resource_index/package_run_dependencies/parc_robot_interfaces
[0.799s] -- Up-to-date: /home/iot/ros2_ws/install/parc_robot_interfaces/share/ament_index/resource_index/parent_prefix_path/parc_robot_interfaces
[0.800s] -- Up-to-date: /home/iot/ros2_ws/install/parc_robot_interfaces/share/parc_robot_interfaces/environment/ament_prefix_path.sh
[0.800s] -- Up-to-date: /home/iot/ros2_ws/install/parc_robot_interfaces/share/parc_robot_interfaces/environment/ament_prefix_path.dsv
[0.800s] -- Up-to-date: /home/iot/ros2_ws/install/parc_robot_interfaces/share/parc_robot_interfaces/environment/path.sh
[0.800s] -- Up-to-date: /home/iot/ros2_ws/install/parc_robot_interfaces/share/parc_robot_interfaces/environment/path.dsv
[0.800s] -- Up-to-date: /home/iot/ros2_ws/install/parc_robot_interfaces/share/parc_robot_interfaces/local_setup.bash
[0.800s] -- Up-to-date: /home/iot/ros2_ws/install/parc_robot_interfaces/share/parc_robot_interfaces/local_setup.sh
[0.800s] -- Up-to-date: /home/iot/ros2_ws/install/parc_robot_interfaces/share/parc_robot_interfaces/local_setup.zsh
[0.800s] -- Up-to-date: /home/iot/ros2_ws/install/parc_robot_interfaces/share/parc_robot_interfaces/local_setup.dsv
[0.801s] -- Installing: /home/iot/ros2_ws/install/parc_robot_interfaces/share/parc_robot_interfaces/package.dsv
[0.801s] -- Up-to-date: /home/iot/ros2_ws/install/parc_robot_interfaces/share/ament_index/resource_index/packages/parc_robot_interfaces
[0.801s] -- Up-to-date: /home/iot/ros2_ws/install/parc_robot_interfaces/share/parc_robot_interfaces/cmake/export_parc_robot_interfaces__rosidl_generator_cExport.cmake
[0.801s] -- Up-to-date: /home/iot/ros2_ws/install/parc_robot_interfaces/share/parc_robot_interfaces/cmake/export_parc_robot_interfaces__rosidl_generator_cExport-noconfig.cmake
[0.801s] -- Up-to-date: /home/iot/ros2_ws/install/parc_robot_interfaces/share/parc_robot_interfaces/cmake/export_parc_robot_interfaces__rosidl_typesupport_fastrtps_cExport.cmake
[0.802s] -- Up-to-date: /home/iot/ros2_ws/install/parc_robot_interfaces/share/parc_robot_interfaces/cmake/export_parc_robot_interfaces__rosidl_typesupport_fastrtps_cExport-noconfig.cmake
[0.802s] -- Up-to-date: /home/iot/ros2_ws/install/parc_robot_interfaces/share/parc_robot_interfaces/cmake/parc_robot_interfaces__rosidl_typesupport_introspection_cExport.cmake
[0.802s] -- Up-to-date: /home/iot/ros2_ws/install/parc_robot_interfaces/share/parc_robot_interfaces/cmake/parc_robot_interfaces__rosidl_typesupport_introspection_cExport-noconfig.cmake
[0.803s] -- Up-to-date: /home/iot/ros2_ws/install/parc_robot_interfaces/share/parc_robot_interfaces/cmake/parc_robot_interfaces__rosidl_typesupport_cExport.cmake
[0.803s] -- Up-to-date: /home/iot/ros2_ws/install/parc_robot_interfaces/share/parc_robot_interfaces/cmake/parc_robot_interfaces__rosidl_typesupport_cExport-noconfig.cmake
[0.803s] -- Up-to-date: /home/iot/ros2_ws/install/parc_robot_interfaces/share/parc_robot_interfaces/cmake/export_parc_robot_interfaces__rosidl_generator_cppExport.cmake
[0.804s] -- Up-to-date: /home/iot/ros2_ws/install/parc_robot_interfaces/share/parc_robot_interfaces/cmake/export_parc_robot_interfaces__rosidl_typesupport_fastrtps_cppExport.cmake
[0.804s] -- Up-to-date: /home/iot/ros2_ws/install/parc_robot_interfaces/share/parc_robot_interfaces/cmake/export_parc_robot_interfaces__rosidl_typesupport_fastrtps_cppExport-noconfig.cmake
[0.804s] -- Up-to-date: /home/iot/ros2_ws/install/parc_robot_interfaces/share/parc_robot_interfaces/cmake/parc_robot_interfaces__rosidl_typesupport_introspection_cppExport.cmake
[0.804s] -- Up-to-date: /home/iot/ros2_ws/install/parc_robot_interfaces/share/parc_robot_interfaces/cmake/parc_robot_interfaces__rosidl_typesupport_introspection_cppExport-noconfig.cmake
[0.805s] -- Up-to-date: /home/iot/ros2_ws/install/parc_robot_interfaces/share/parc_robot_interfaces/cmake/parc_robot_interfaces__rosidl_typesupport_cppExport.cmake
[0.805s] -- Up-to-date: /home/iot/ros2_ws/install/parc_robot_interfaces/share/parc_robot_interfaces/cmake/parc_robot_interfaces__rosidl_typesupport_cppExport-noconfig.cmake
[0.806s] -- Up-to-date: /home/iot/ros2_ws/install/parc_robot_interfaces/share/parc_robot_interfaces/cmake/export_parc_robot_interfaces__rosidl_generator_pyExport.cmake
[0.806s] -- Up-to-date: /home/iot/ros2_ws/install/parc_robot_interfaces/share/parc_robot_interfaces/cmake/export_parc_robot_interfaces__rosidl_generator_pyExport-noconfig.cmake
[0.806s] -- Up-to-date: /home/iot/ros2_ws/install/parc_robot_interfaces/share/parc_robot_interfaces/cmake/rosidl_cmake-extras.cmake
[0.806s] -- Up-to-date: /home/iot/ros2_ws/install/parc_robot_interfaces/share/parc_robot_interfaces/cmake/ament_cmake_export_include_directories-extras.cmake
[0.806s] -- Up-to-date: /home/iot/ros2_ws/install/parc_robot_interfaces/share/parc_robot_interfaces/cmake/ament_cmake_export_libraries-extras.cmake
[0.806s] -- Up-to-date: /home/iot/ros2_ws/install/parc_robot_interfaces/share/parc_robot_interfaces/cmake/ament_cmake_export_targets-extras.cmake
[0.806s] -- Up-to-date: /home/iot/ros2_ws/install/parc_robot_interfaces/share/parc_robot_interfaces/cmake/rosidl_cmake_export_typesupport_targets-extras.cmake
[0.807s] -- Up-to-date: /home/iot/ros2_ws/install/parc_robot_interfaces/share/parc_robot_interfaces/cmake/ament_cmake_export_dependencies-extras.cmake
[0.807s] -- Up-to-date: /home/iot/ros2_ws/install/parc_robot_interfaces/share/parc_robot_interfaces/cmake/rosidl_cmake_export_typesupport_libraries-extras.cmake
[0.807s] -- Up-to-date: /home/iot/ros2_ws/install/parc_robot_interfaces/share/parc_robot_interfaces/cmake/parc_robot_interfacesConfig.cmake
[0.807s] -- Up-to-date: /home/iot/ros2_ws/install/parc_robot_interfaces/share/parc_robot_interfaces/cmake/parc_robot_interfacesConfig-version.cmake
[0.807s] -- Up-to-date: /home/iot/ros2_ws/install/parc_robot_interfaces/share/parc_robot_interfaces/package.xml
[0.809s] Invoked command in '/home/iot/ros2_ws/build/parc_robot_interfaces' returned '0': CMAKE_PREFIX_PATH=${CMAKE_PREFIX_PATH}:/opt/ros/humble /usr/bin/cmake --install /home/iot/ros2_ws/build/parc_robot_interfaces
