[0.011s] Invoking command in '/home/iot/ros2_ws/src/build/parc_robot_interfaces': CMAKE_PREFIX_PATH=${CMAKE_PREFIX_PATH}:/opt/ros/humble /usr/bin/cmake /home/iot/ros2_ws/src/parc_robot_interfaces -DCMAKE_INSTALL_PREFIX=/home/iot/ros2_ws/src/install/parc_robot_interfaces
[0.614s] -- The C compiler identification is GNU 11.4.0
[1.271s] -- The CXX compiler identification is GNU 11.4.0
[1.281s] -- Detecting C compiler ABI info
[1.361s] -- Detecting C compiler ABI info - done
[1.368s] -- Check for working C compiler: /usr/bin/cc - skipped
[1.369s] -- Detecting C compile features
[1.369s] -- Detecting C compile features - done
[1.372s] -- Detecting CXX compiler ABI info
[1.605s] -- Detecting CXX compiler ABI info - done
[1.616s] -- Check for working CXX compiler: /usr/bin/c++ - skipped
[1.616s] -- Detecting CXX compile features
[1.616s] -- Detecting CXX compile features - done
[1.621s] -- Found ament_cmake: 1.3.9 (/opt/ros/humble/share/ament_cmake/cmake)
[1.770s] -- Found Python3: /usr/bin/python3 (found version "3.10.12") found components: Interpreter 
[1.876s] -- Found rosidl_default_generators: 1.2.0 (/opt/ros/humble/share/rosidl_default_generators/cmake)
[1.881s] -- Using all available rosidl_typesupport_c: rosidl_typesupport_fastrtps_c;rosidl_typesupport_introspection_c
[1.890s] -- Found rosidl_adapter: 3.1.5 (/opt/ros/humble/share/rosidl_adapter/cmake)
[1.947s] -- Using all available rosidl_typesupport_cpp: rosidl_typesupport_fastrtps_cpp;rosidl_typesupport_introspection_cpp
[1.998s] -- Found std_msgs: 4.2.3 (/opt/ros/humble/share/std_msgs/cmake)
[3.090s] -- Found ament_cmake_ros: 0.10.0 (/opt/ros/humble/share/ament_cmake_ros/cmake)
[3.737s] -- Using all available rosidl_typesupport_c: rosidl_typesupport_fastrtps_c;rosidl_typesupport_introspection_c
[4.092s] -- Using all available rosidl_typesupport_cpp: rosidl_typesupport_fastrtps_cpp;rosidl_typesupport_introspection_cpp
[4.140s] -- Found PythonInterp: /usr/bin/python3 (found suitable version "3.10.12", minimum required is "3.6") 
[4.183s] -- Found python_cmake_module: 0.10.0 (/opt/ros/humble/share/python_cmake_module/cmake)
[4.329s] -- Found PythonLibs: /usr/lib/x86_64-linux-gnu/libpython3.10.so (found suitable version "3.10.12", minimum required is "3.5") 
[4.329s] -- Using PYTHON_EXECUTABLE: /usr/bin/python3
[4.330s] -- Using PYTHON_INCLUDE_DIRS: /usr/include/python3.10
[4.331s] -- Using PYTHON_LIBRARIES: /usr/lib/x86_64-linux-gnu/libpython3.10.so
[4.380s] -- Found PythonExtra: .so  
[4.694s] -- Configuring done
[4.790s] -- Generating done
[4.792s] -- Build files have been written to: /home/iot/ros2_ws/src/build/parc_robot_interfaces
[4.798s] Invoked command in '/home/iot/ros2_ws/src/build/parc_robot_interfaces' returned '0': CMAKE_PREFIX_PATH=${CMAKE_PREFIX_PATH}:/opt/ros/humble /usr/bin/cmake /home/iot/ros2_ws/src/parc_robot_interfaces -DCMAKE_INSTALL_PREFIX=/home/iot/ros2_ws/src/install/parc_robot_interfaces
[4.799s] Invoking command in '/home/iot/ros2_ws/src/build/parc_robot_interfaces': CMAKE_PREFIX_PATH=${CMAKE_PREFIX_PATH}:/opt/ros/humble /usr/bin/cmake --build /home/iot/ros2_ws/src/build/parc_robot_interfaces -- -j8 -l8
[4.828s] [  3%] [34m[1mGenerating C code for ROS interfaces[0m
[4.836s] [  6%] [34m[1mGenerating C++ code for ROS interfaces[0m
[4.842s] [  6%] Built target ament_cmake_python_copy_parc_robot_interfaces
[5.058s] running egg_info
[5.059s] creating parc_robot_interfaces.egg-info
[5.059s] writing parc_robot_interfaces.egg-info/PKG-INFO
[5.059s] writing dependency_links to parc_robot_interfaces.egg-info/dependency_links.txt
[5.059s] writing top-level names to parc_robot_interfaces.egg-info/top_level.txt
[5.060s] writing manifest file 'parc_robot_interfaces.egg-info/SOURCES.txt'
[5.061s] reading manifest file 'parc_robot_interfaces.egg-info/SOURCES.txt'
[5.062s] writing manifest file 'parc_robot_interfaces.egg-info/SOURCES.txt'
[5.082s] [  6%] Built target ament_cmake_python_build_parc_robot_interfaces_egg
[5.290s] [  6%] Built target parc_robot_interfaces__cpp
[5.298s] [ 12%] [34m[1mGenerating C++ introspection for ROS interfaces[0m
[5.298s] [ 12%] [34m[1mGenerating C++ type support for eProsima Fast-RTPS[0m
[5.298s] [ 16%] [34m[1mGenerating C++ type support dispatch for ROS interfaces[0m
[5.335s] [ 19%] [32mBuilding C object CMakeFiles/parc_robot_interfaces__rosidl_generator_c.dir/rosidl_generator_c/parc_robot_interfaces/msg/detail/crop_yield__functions.c.o[0m
[5.707s] [ 22%] [32mBuilding CXX object CMakeFiles/parc_robot_interfaces__rosidl_typesupport_cpp.dir/rosidl_typesupport_cpp/parc_robot_interfaces/msg/crop_yield__type_support.cpp.o[0m
[5.722s] [ 25%] [32mBuilding CXX object CMakeFiles/parc_robot_interfaces__rosidl_typesupport_introspection_cpp.dir/rosidl_typesupport_introspection_cpp/parc_robot_interfaces/msg/detail/crop_yield__type_support.cpp.o[0m
[5.729s] [ 29%] [32mBuilding CXX object CMakeFiles/parc_robot_interfaces__rosidl_typesupport_fastrtps_cpp.dir/rosidl_typesupport_fastrtps_cpp/parc_robot_interfaces/msg/detail/dds_fastrtps/crop_yield__type_support.cpp.o[0m
[5.934s] [ 32%] [32m[1mLinking C shared library libparc_robot_interfaces__rosidl_generator_c.so[0m
[6.051s] [ 32%] Built target parc_robot_interfaces__rosidl_generator_c
[6.081s] [ 38%] [34m[1mGenerating C introspection for ROS interfaces[0m
[6.081s] [ 38%] [34m[1mGenerating C type support dispatch for ROS interfaces[0m
[6.084s] [ 41%] [34m[1mGenerating C type support for eProsima Fast-RTPS[0m
[6.426s] [ 45%] [32mBuilding CXX object CMakeFiles/parc_robot_interfaces__rosidl_typesupport_c.dir/rosidl_typesupport_c/parc_robot_interfaces/msg/crop_yield__type_support.cpp.o[0m
[6.447s] [ 48%] [32mBuilding C object CMakeFiles/parc_robot_interfaces__rosidl_typesupport_introspection_c.dir/rosidl_typesupport_introspection_c/parc_robot_interfaces/msg/detail/crop_yield__type_support.c.o[0m
[6.517s] [ 51%] [32m[1mLinking CXX shared library libparc_robot_interfaces__rosidl_typesupport_c.so[0m
[6.528s] [ 54%] [32m[1mLinking C shared library libparc_robot_interfaces__rosidl_typesupport_introspection_c.so[0m
[6.554s] [ 54%] Built target parc_robot_interfaces__rosidl_typesupport_c
[6.558s] [ 54%] Built target parc_robot_interfaces__rosidl_typesupport_introspection_c
[6.569s] [ 58%] [32m[1mLinking CXX shared library libparc_robot_interfaces__rosidl_typesupport_cpp.so[0m
[6.601s] [ 61%] [32mBuilding CXX object CMakeFiles/parc_robot_interfaces__rosidl_typesupport_fastrtps_c.dir/rosidl_typesupport_fastrtps_c/parc_robot_interfaces/msg/detail/crop_yield__type_support_c.cpp.o[0m
[6.605s] [ 61%] Built target parc_robot_interfaces__rosidl_typesupport_cpp
[6.631s] [ 64%] [32m[1mLinking CXX shared library libparc_robot_interfaces__rosidl_typesupport_introspection_cpp.so[0m
[6.664s] [ 64%] Built target parc_robot_interfaces__rosidl_typesupport_introspection_cpp
[6.672s] [ 67%] [32m[1mLinking CXX shared library libparc_robot_interfaces__rosidl_typesupport_fastrtps_cpp.so[0m
[6.734s] [ 67%] Built target parc_robot_interfaces__rosidl_typesupport_fastrtps_cpp
[6.864s] [ 70%] [32m[1mLinking CXX shared library libparc_robot_interfaces__rosidl_typesupport_fastrtps_c.so[0m
[6.921s] [ 70%] Built target parc_robot_interfaces__rosidl_typesupport_fastrtps_c
[6.936s] [ 70%] Built target parc_robot_interfaces
[6.952s] [ 74%] [34m[1mGenerating Python code for ROS interfaces[0m
[7.182s] [ 74%] Built target parc_robot_interfaces__py
[7.196s] [ 77%] [32mBuilding C object CMakeFiles/parc_robot_interfaces__rosidl_generator_py.dir/rosidl_generator_py/parc_robot_interfaces/msg/_crop_yield_s.c.o[0m
[7.450s] [ 80%] [32m[1mLinking C shared library rosidl_generator_py/parc_robot_interfaces/libparc_robot_interfaces__rosidl_generator_py.so[0m
[7.479s] [ 80%] Built target parc_robot_interfaces__rosidl_generator_py
[7.494s] [ 90%] [32mBuilding C object CMakeFiles/parc_robot_interfaces__rosidl_typesupport_c__pyext.dir/rosidl_generator_py/parc_robot_interfaces/_parc_robot_interfaces_s.ep.rosidl_typesupport_c.c.o[0m
[7.494s] [ 90%] [32mBuilding C object CMakeFiles/parc_robot_interfaces__rosidl_typesupport_fastrtps_c__pyext.dir/rosidl_generator_py/parc_robot_interfaces/_parc_robot_interfaces_s.ep.rosidl_typesupport_fastrtps_c.c.o[0m
[7.494s] [ 90%] [32mBuilding C object CMakeFiles/parc_robot_interfaces__rosidl_typesupport_introspection_c__pyext.dir/rosidl_generator_py/parc_robot_interfaces/_parc_robot_interfaces_s.ep.rosidl_typesupport_introspection_c.c.o[0m
[7.572s] [ 96%] [32m[1mLinking C shared library rosidl_generator_py/parc_robot_interfaces/parc_robot_interfaces_s__rosidl_typesupport_c.cpython-310-x86_64-linux-gnu.so[0m
[7.572s] [ 96%] [32m[1mLinking C shared library rosidl_generator_py/parc_robot_interfaces/parc_robot_interfaces_s__rosidl_typesupport_introspection_c.cpython-310-x86_64-linux-gnu.so[0m
[7.573s] [100%] [32m[1mLinking C shared library rosidl_generator_py/parc_robot_interfaces/parc_robot_interfaces_s__rosidl_typesupport_fastrtps_c.cpython-310-x86_64-linux-gnu.so[0m
[7.598s] [100%] Built target parc_robot_interfaces__rosidl_typesupport_c__pyext
[7.598s] [100%] Built target parc_robot_interfaces__rosidl_typesupport_fastrtps_c__pyext
[7.598s] [100%] Built target parc_robot_interfaces__rosidl_typesupport_introspection_c__pyext
[7.606s] Invoked command in '/home/iot/ros2_ws/src/build/parc_robot_interfaces' returned '0': CMAKE_PREFIX_PATH=${CMAKE_PREFIX_PATH}:/opt/ros/humble /usr/bin/cmake --build /home/iot/ros2_ws/src/build/parc_robot_interfaces -- -j8 -l8
[7.646s] Invoking command in '/home/iot/ros2_ws/src/build/parc_robot_interfaces': CMAKE_PREFIX_PATH=${CMAKE_PREFIX_PATH}:/opt/ros/humble /usr/bin/cmake --install /home/iot/ros2_ws/src/build/parc_robot_interfaces
[7.652s] -- Install configuration: ""
[7.652s] -- Installing: /home/iot/ros2_ws/src/install/parc_robot_interfaces/share/ament_index/resource_index/rosidl_interfaces/parc_robot_interfaces
[7.652s] -- Installing: /home/iot/ros2_ws/src/install/parc_robot_interfaces/include/parc_robot_interfaces/parc_robot_interfaces
[7.652s] -- Installing: /home/iot/ros2_ws/src/install/parc_robot_interfaces/include/parc_robot_interfaces/parc_robot_interfaces/msg
[7.652s] -- Installing: /home/iot/ros2_ws/src/install/parc_robot_interfaces/include/parc_robot_interfaces/parc_robot_interfaces/msg/detail
[7.652s] -- Installing: /home/iot/ros2_ws/src/install/parc_robot_interfaces/include/parc_robot_interfaces/parc_robot_interfaces/msg/detail/crop_yield__functions.c
[7.652s] -- Installing: /home/iot/ros2_ws/src/install/parc_robot_interfaces/include/parc_robot_interfaces/parc_robot_interfaces/msg/detail/crop_yield__functions.h
[7.653s] -- Installing: /home/iot/ros2_ws/src/install/parc_robot_interfaces/include/parc_robot_interfaces/parc_robot_interfaces/msg/detail/crop_yield__type_support.h
[7.653s] -- Installing: /home/iot/ros2_ws/src/install/parc_robot_interfaces/include/parc_robot_interfaces/parc_robot_interfaces/msg/detail/crop_yield__struct.h
[7.653s] -- Installing: /home/iot/ros2_ws/src/install/parc_robot_interfaces/include/parc_robot_interfaces/parc_robot_interfaces/msg/rosidl_generator_c__visibility_control.h
[7.653s] -- Installing: /home/iot/ros2_ws/src/install/parc_robot_interfaces/include/parc_robot_interfaces/parc_robot_interfaces/msg/crop_yield.h
[7.653s] -- Installing: /home/iot/ros2_ws/src/install/parc_robot_interfaces/share/parc_robot_interfaces/environment/library_path.sh
[7.653s] -- Installing: /home/iot/ros2_ws/src/install/parc_robot_interfaces/share/parc_robot_interfaces/environment/library_path.dsv
[7.653s] -- Installing: /home/iot/ros2_ws/src/install/parc_robot_interfaces/lib/libparc_robot_interfaces__rosidl_generator_c.so
[7.654s] -- Set runtime path of "/home/iot/ros2_ws/src/install/parc_robot_interfaces/lib/libparc_robot_interfaces__rosidl_generator_c.so" to ""
[7.654s] -- Up-to-date: /home/iot/ros2_ws/src/install/parc_robot_interfaces/include/parc_robot_interfaces/parc_robot_interfaces
[7.654s] -- Up-to-date: /home/iot/ros2_ws/src/install/parc_robot_interfaces/include/parc_robot_interfaces/parc_robot_interfaces/msg
[7.654s] -- Installing: /home/iot/ros2_ws/src/install/parc_robot_interfaces/include/parc_robot_interfaces/parc_robot_interfaces/msg/rosidl_typesupport_fastrtps_c__visibility_control.h
[7.654s] -- Up-to-date: /home/iot/ros2_ws/src/install/parc_robot_interfaces/include/parc_robot_interfaces/parc_robot_interfaces/msg/detail
[7.654s] -- Installing: /home/iot/ros2_ws/src/install/parc_robot_interfaces/include/parc_robot_interfaces/parc_robot_interfaces/msg/detail/crop_yield__rosidl_typesupport_fastrtps_c.h
[7.654s] -- Installing: /home/iot/ros2_ws/src/install/parc_robot_interfaces/lib/libparc_robot_interfaces__rosidl_typesupport_fastrtps_c.so
[7.654s] -- Set runtime path of "/home/iot/ros2_ws/src/install/parc_robot_interfaces/lib/libparc_robot_interfaces__rosidl_typesupport_fastrtps_c.so" to ""
[7.654s] -- Up-to-date: /home/iot/ros2_ws/src/install/parc_robot_interfaces/include/parc_robot_interfaces/parc_robot_interfaces
[7.655s] -- Up-to-date: /home/iot/ros2_ws/src/install/parc_robot_interfaces/include/parc_robot_interfaces/parc_robot_interfaces/msg
[7.655s] -- Up-to-date: /home/iot/ros2_ws/src/install/parc_robot_interfaces/include/parc_robot_interfaces/parc_robot_interfaces/msg/detail
[7.655s] -- Installing: /home/iot/ros2_ws/src/install/parc_robot_interfaces/include/parc_robot_interfaces/parc_robot_interfaces/msg/detail/crop_yield__type_support.c
[7.655s] -- Installing: /home/iot/ros2_ws/src/install/parc_robot_interfaces/include/parc_robot_interfaces/parc_robot_interfaces/msg/detail/crop_yield__rosidl_typesupport_introspection_c.h
[7.655s] -- Installing: /home/iot/ros2_ws/src/install/parc_robot_interfaces/include/parc_robot_interfaces/parc_robot_interfaces/msg/rosidl_typesupport_introspection_c__visibility_control.h
[7.655s] -- Installing: /home/iot/ros2_ws/src/install/parc_robot_interfaces/lib/libparc_robot_interfaces__rosidl_typesupport_introspection_c.so
[7.655s] -- Set runtime path of "/home/iot/ros2_ws/src/install/parc_robot_interfaces/lib/libparc_robot_interfaces__rosidl_typesupport_introspection_c.so" to ""
[7.655s] -- Installing: /home/iot/ros2_ws/src/install/parc_robot_interfaces/lib/libparc_robot_interfaces__rosidl_typesupport_c.so
[7.655s] -- Set runtime path of "/home/iot/ros2_ws/src/install/parc_robot_interfaces/lib/libparc_robot_interfaces__rosidl_typesupport_c.so" to ""
[7.656s] -- Up-to-date: /home/iot/ros2_ws/src/install/parc_robot_interfaces/include/parc_robot_interfaces/parc_robot_interfaces
[7.656s] -- Up-to-date: /home/iot/ros2_ws/src/install/parc_robot_interfaces/include/parc_robot_interfaces/parc_robot_interfaces/msg
[7.656s] -- Up-to-date: /home/iot/ros2_ws/src/install/parc_robot_interfaces/include/parc_robot_interfaces/parc_robot_interfaces/msg/detail
[7.656s] -- Installing: /home/iot/ros2_ws/src/install/parc_robot_interfaces/include/parc_robot_interfaces/parc_robot_interfaces/msg/detail/crop_yield__builder.hpp
[7.656s] -- Installing: /home/iot/ros2_ws/src/install/parc_robot_interfaces/include/parc_robot_interfaces/parc_robot_interfaces/msg/detail/crop_yield__struct.hpp
[7.656s] -- Installing: /home/iot/ros2_ws/src/install/parc_robot_interfaces/include/parc_robot_interfaces/parc_robot_interfaces/msg/detail/crop_yield__traits.hpp
[7.656s] -- Installing: /home/iot/ros2_ws/src/install/parc_robot_interfaces/include/parc_robot_interfaces/parc_robot_interfaces/msg/crop_yield.hpp
[7.656s] -- Up-to-date: /home/iot/ros2_ws/src/install/parc_robot_interfaces/include/parc_robot_interfaces/parc_robot_interfaces
[7.656s] -- Up-to-date: /home/iot/ros2_ws/src/install/parc_robot_interfaces/include/parc_robot_interfaces/parc_robot_interfaces/msg
[7.656s] -- Installing: /home/iot/ros2_ws/src/install/parc_robot_interfaces/include/parc_robot_interfaces/parc_robot_interfaces/msg/rosidl_typesupport_fastrtps_cpp__visibility_control.h
[7.657s] -- Up-to-date: /home/iot/ros2_ws/src/install/parc_robot_interfaces/include/parc_robot_interfaces/parc_robot_interfaces/msg/detail
[7.657s] -- Installing: /home/iot/ros2_ws/src/install/parc_robot_interfaces/include/parc_robot_interfaces/parc_robot_interfaces/msg/detail/dds_fastrtps
[7.657s] -- Installing: /home/iot/ros2_ws/src/install/parc_robot_interfaces/include/parc_robot_interfaces/parc_robot_interfaces/msg/detail/crop_yield__rosidl_typesupport_fastrtps_cpp.hpp
[7.657s] -- Installing: /home/iot/ros2_ws/src/install/parc_robot_interfaces/lib/libparc_robot_interfaces__rosidl_typesupport_fastrtps_cpp.so
[7.657s] -- Set runtime path of "/home/iot/ros2_ws/src/install/parc_robot_interfaces/lib/libparc_robot_interfaces__rosidl_typesupport_fastrtps_cpp.so" to ""
[7.657s] -- Up-to-date: /home/iot/ros2_ws/src/install/parc_robot_interfaces/include/parc_robot_interfaces/parc_robot_interfaces
[7.657s] -- Up-to-date: /home/iot/ros2_ws/src/install/parc_robot_interfaces/include/parc_robot_interfaces/parc_robot_interfaces/msg
[7.657s] -- Up-to-date: /home/iot/ros2_ws/src/install/parc_robot_interfaces/include/parc_robot_interfaces/parc_robot_interfaces/msg/detail
[7.657s] -- Installing: /home/iot/ros2_ws/src/install/parc_robot_interfaces/include/parc_robot_interfaces/parc_robot_interfaces/msg/detail/crop_yield__rosidl_typesupport_introspection_cpp.hpp
[7.658s] -- Installing: /home/iot/ros2_ws/src/install/parc_robot_interfaces/include/parc_robot_interfaces/parc_robot_interfaces/msg/detail/crop_yield__type_support.cpp
[7.658s] -- Installing: /home/iot/ros2_ws/src/install/parc_robot_interfaces/lib/libparc_robot_interfaces__rosidl_typesupport_introspection_cpp.so
[7.658s] -- Set runtime path of "/home/iot/ros2_ws/src/install/parc_robot_interfaces/lib/libparc_robot_interfaces__rosidl_typesupport_introspection_cpp.so" to ""
[7.658s] -- Installing: /home/iot/ros2_ws/src/install/parc_robot_interfaces/lib/libparc_robot_interfaces__rosidl_typesupport_cpp.so
[7.658s] -- Set runtime path of "/home/iot/ros2_ws/src/install/parc_robot_interfaces/lib/libparc_robot_interfaces__rosidl_typesupport_cpp.so" to ""
[7.658s] -- Installing: /home/iot/ros2_ws/src/install/parc_robot_interfaces/share/parc_robot_interfaces/environment/pythonpath.sh
[7.658s] -- Installing: /home/iot/ros2_ws/src/install/parc_robot_interfaces/share/parc_robot_interfaces/environment/pythonpath.dsv
[7.658s] -- Installing: /home/iot/ros2_ws/src/install/parc_robot_interfaces/local/lib/python3.10/dist-packages/parc_robot_interfaces-0.0.0-py3.10.egg-info
[7.658s] -- Installing: /home/iot/ros2_ws/src/install/parc_robot_interfaces/local/lib/python3.10/dist-packages/parc_robot_interfaces-0.0.0-py3.10.egg-info/PKG-INFO
[7.659s] -- Installing: /home/iot/ros2_ws/src/install/parc_robot_interfaces/local/lib/python3.10/dist-packages/parc_robot_interfaces-0.0.0-py3.10.egg-info/dependency_links.txt
[7.659s] -- Installing: /home/iot/ros2_ws/src/install/parc_robot_interfaces/local/lib/python3.10/dist-packages/parc_robot_interfaces-0.0.0-py3.10.egg-info/SOURCES.txt
[7.659s] -- Installing: /home/iot/ros2_ws/src/install/parc_robot_interfaces/local/lib/python3.10/dist-packages/parc_robot_interfaces-0.0.0-py3.10.egg-info/top_level.txt
[7.659s] -- Installing: /home/iot/ros2_ws/src/install/parc_robot_interfaces/local/lib/python3.10/dist-packages/parc_robot_interfaces
[7.659s] -- Installing: /home/iot/ros2_ws/src/install/parc_robot_interfaces/local/lib/python3.10/dist-packages/parc_robot_interfaces/parc_robot_interfaces_s__rosidl_typesupport_introspection_c.cpython-310-x86_64-linux-gnu.so
[7.659s] -- Installing: /home/iot/ros2_ws/src/install/parc_robot_interfaces/local/lib/python3.10/dist-packages/parc_robot_interfaces/libparc_robot_interfaces__rosidl_generator_py.so
[7.659s] -- Installing: /home/iot/ros2_ws/src/install/parc_robot_interfaces/local/lib/python3.10/dist-packages/parc_robot_interfaces/parc_robot_interfaces_s__rosidl_typesupport_fastrtps_c.cpython-310-x86_64-linux-gnu.so
[7.659s] -- Installing: /home/iot/ros2_ws/src/install/parc_robot_interfaces/local/lib/python3.10/dist-packages/parc_robot_interfaces/__init__.py
[7.659s] -- Installing: /home/iot/ros2_ws/src/install/parc_robot_interfaces/local/lib/python3.10/dist-packages/parc_robot_interfaces/msg
[7.660s] -- Installing: /home/iot/ros2_ws/src/install/parc_robot_interfaces/local/lib/python3.10/dist-packages/parc_robot_interfaces/msg/__init__.py
[7.660s] -- Installing: /home/iot/ros2_ws/src/install/parc_robot_interfaces/local/lib/python3.10/dist-packages/parc_robot_interfaces/msg/_crop_yield_s.c
[7.660s] -- Installing: /home/iot/ros2_ws/src/install/parc_robot_interfaces/local/lib/python3.10/dist-packages/parc_robot_interfaces/msg/_crop_yield.py
[7.660s] -- Installing: /home/iot/ros2_ws/src/install/parc_robot_interfaces/local/lib/python3.10/dist-packages/parc_robot_interfaces/_parc_robot_interfaces_s.ep.rosidl_typesupport_c.c
[7.660s] -- Installing: /home/iot/ros2_ws/src/install/parc_robot_interfaces/local/lib/python3.10/dist-packages/parc_robot_interfaces/_parc_robot_interfaces_s.ep.rosidl_typesupport_fastrtps_c.c
[7.660s] -- Installing: /home/iot/ros2_ws/src/install/parc_robot_interfaces/local/lib/python3.10/dist-packages/parc_robot_interfaces/parc_robot_interfaces_s__rosidl_typesupport_c.cpython-310-x86_64-linux-gnu.so
[7.660s] -- Installing: /home/iot/ros2_ws/src/install/parc_robot_interfaces/local/lib/python3.10/dist-packages/parc_robot_interfaces/_parc_robot_interfaces_s.ep.rosidl_typesupport_introspection_c.c
[7.687s] Listing '/home/iot/ros2_ws/src/install/parc_robot_interfaces/local/lib/python3.10/dist-packages/parc_robot_interfaces'...
[7.687s] Compiling '/home/iot/ros2_ws/src/install/parc_robot_interfaces/local/lib/python3.10/dist-packages/parc_robot_interfaces/__init__.py'...
[7.687s] Listing '/home/iot/ros2_ws/src/install/parc_robot_interfaces/local/lib/python3.10/dist-packages/parc_robot_interfaces/msg'...
[7.687s] Compiling '/home/iot/ros2_ws/src/install/parc_robot_interfaces/local/lib/python3.10/dist-packages/parc_robot_interfaces/msg/__init__.py'...
[7.687s] Compiling '/home/iot/ros2_ws/src/install/parc_robot_interfaces/local/lib/python3.10/dist-packages/parc_robot_interfaces/msg/_crop_yield.py'...
[7.690s] -- Installing: /home/iot/ros2_ws/src/install/parc_robot_interfaces/local/lib/python3.10/dist-packages/parc_robot_interfaces/parc_robot_interfaces_s__rosidl_typesupport_fastrtps_c.cpython-310-x86_64-linux-gnu.so
[7.690s] -- Set runtime path of "/home/iot/ros2_ws/src/install/parc_robot_interfaces/local/lib/python3.10/dist-packages/parc_robot_interfaces/parc_robot_interfaces_s__rosidl_typesupport_fastrtps_c.cpython-310-x86_64-linux-gnu.so" to ""
[7.690s] -- Installing: /home/iot/ros2_ws/src/install/parc_robot_interfaces/local/lib/python3.10/dist-packages/parc_robot_interfaces/parc_robot_interfaces_s__rosidl_typesupport_introspection_c.cpython-310-x86_64-linux-gnu.so
[7.691s] -- Set runtime path of "/home/iot/ros2_ws/src/install/parc_robot_interfaces/local/lib/python3.10/dist-packages/parc_robot_interfaces/parc_robot_interfaces_s__rosidl_typesupport_introspection_c.cpython-310-x86_64-linux-gnu.so" to ""
[7.691s] -- Installing: /home/iot/ros2_ws/src/install/parc_robot_interfaces/local/lib/python3.10/dist-packages/parc_robot_interfaces/parc_robot_interfaces_s__rosidl_typesupport_c.cpython-310-x86_64-linux-gnu.so
[7.691s] -- Set runtime path of "/home/iot/ros2_ws/src/install/parc_robot_interfaces/local/lib/python3.10/dist-packages/parc_robot_interfaces/parc_robot_interfaces_s__rosidl_typesupport_c.cpython-310-x86_64-linux-gnu.so" to ""
[7.691s] -- Installing: /home/iot/ros2_ws/src/install/parc_robot_interfaces/lib/libparc_robot_interfaces__rosidl_generator_py.so
[7.691s] -- Set runtime path of "/home/iot/ros2_ws/src/install/parc_robot_interfaces/lib/libparc_robot_interfaces__rosidl_generator_py.so" to ""
[7.691s] -- Installing: /home/iot/ros2_ws/src/install/parc_robot_interfaces/share/parc_robot_interfaces/msg/CropYield.idl
[7.692s] -- Installing: /home/iot/ros2_ws/src/install/parc_robot_interfaces/share/parc_robot_interfaces/msg/CropYield.msg
[7.692s] -- Installing: /home/iot/ros2_ws/src/install/parc_robot_interfaces/share/ament_index/resource_index/package_run_dependencies/parc_robot_interfaces
[7.692s] -- Installing: /home/iot/ros2_ws/src/install/parc_robot_interfaces/share/ament_index/resource_index/parent_prefix_path/parc_robot_interfaces
[7.692s] -- Installing: /home/iot/ros2_ws/src/install/parc_robot_interfaces/share/parc_robot_interfaces/environment/ament_prefix_path.sh
[7.692s] -- Installing: /home/iot/ros2_ws/src/install/parc_robot_interfaces/share/parc_robot_interfaces/environment/ament_prefix_path.dsv
[7.692s] -- Installing: /home/iot/ros2_ws/src/install/parc_robot_interfaces/share/parc_robot_interfaces/environment/path.sh
[7.692s] -- Installing: /home/iot/ros2_ws/src/install/parc_robot_interfaces/share/parc_robot_interfaces/environment/path.dsv
[7.692s] -- Installing: /home/iot/ros2_ws/src/install/parc_robot_interfaces/share/parc_robot_interfaces/local_setup.bash
[7.693s] -- Installing: /home/iot/ros2_ws/src/install/parc_robot_interfaces/share/parc_robot_interfaces/local_setup.sh
[7.693s] -- Installing: /home/iot/ros2_ws/src/install/parc_robot_interfaces/share/parc_robot_interfaces/local_setup.zsh
[7.693s] -- Installing: /home/iot/ros2_ws/src/install/parc_robot_interfaces/share/parc_robot_interfaces/local_setup.dsv
[7.693s] -- Installing: /home/iot/ros2_ws/src/install/parc_robot_interfaces/share/parc_robot_interfaces/package.dsv
[7.693s] -- Installing: /home/iot/ros2_ws/src/install/parc_robot_interfaces/share/ament_index/resource_index/packages/parc_robot_interfaces
[7.693s] -- Installing: /home/iot/ros2_ws/src/install/parc_robot_interfaces/share/parc_robot_interfaces/cmake/export_parc_robot_interfaces__rosidl_generator_cExport.cmake
[7.693s] -- Installing: /home/iot/ros2_ws/src/install/parc_robot_interfaces/share/parc_robot_interfaces/cmake/export_parc_robot_interfaces__rosidl_generator_cExport-noconfig.cmake
[7.694s] -- Installing: /home/iot/ros2_ws/src/install/parc_robot_interfaces/share/parc_robot_interfaces/cmake/export_parc_robot_interfaces__rosidl_typesupport_fastrtps_cExport.cmake
[7.694s] -- Installing: /home/iot/ros2_ws/src/install/parc_robot_interfaces/share/parc_robot_interfaces/cmake/export_parc_robot_interfaces__rosidl_typesupport_fastrtps_cExport-noconfig.cmake
[7.694s] -- Installing: /home/iot/ros2_ws/src/install/parc_robot_interfaces/share/parc_robot_interfaces/cmake/parc_robot_interfaces__rosidl_typesupport_introspection_cExport.cmake
[7.694s] -- Installing: /home/iot/ros2_ws/src/install/parc_robot_interfaces/share/parc_robot_interfaces/cmake/parc_robot_interfaces__rosidl_typesupport_introspection_cExport-noconfig.cmake
[7.694s] -- Installing: /home/iot/ros2_ws/src/install/parc_robot_interfaces/share/parc_robot_interfaces/cmake/parc_robot_interfaces__rosidl_typesupport_cExport.cmake
[7.694s] -- Installing: /home/iot/ros2_ws/src/install/parc_robot_interfaces/share/parc_robot_interfaces/cmake/parc_robot_interfaces__rosidl_typesupport_cExport-noconfig.cmake
[7.694s] -- Installing: /home/iot/ros2_ws/src/install/parc_robot_interfaces/share/parc_robot_interfaces/cmake/export_parc_robot_interfaces__rosidl_generator_cppExport.cmake
[7.695s] -- Installing: /home/iot/ros2_ws/src/install/parc_robot_interfaces/share/parc_robot_interfaces/cmake/export_parc_robot_interfaces__rosidl_typesupport_fastrtps_cppExport.cmake
[7.695s] -- Installing: /home/iot/ros2_ws/src/install/parc_robot_interfaces/share/parc_robot_interfaces/cmake/export_parc_robot_interfaces__rosidl_typesupport_fastrtps_cppExport-noconfig.cmake
[7.695s] -- Installing: /home/iot/ros2_ws/src/install/parc_robot_interfaces/share/parc_robot_interfaces/cmake/parc_robot_interfaces__rosidl_typesupport_introspection_cppExport.cmake
[7.695s] -- Installing: /home/iot/ros2_ws/src/install/parc_robot_interfaces/share/parc_robot_interfaces/cmake/parc_robot_interfaces__rosidl_typesupport_introspection_cppExport-noconfig.cmake
[7.695s] -- Installing: /home/iot/ros2_ws/src/install/parc_robot_interfaces/share/parc_robot_interfaces/cmake/parc_robot_interfaces__rosidl_typesupport_cppExport.cmake
[7.695s] -- Installing: /home/iot/ros2_ws/src/install/parc_robot_interfaces/share/parc_robot_interfaces/cmake/parc_robot_interfaces__rosidl_typesupport_cppExport-noconfig.cmake
[7.695s] -- Installing: /home/iot/ros2_ws/src/install/parc_robot_interfaces/share/parc_robot_interfaces/cmake/export_parc_robot_interfaces__rosidl_generator_pyExport.cmake
[7.696s] -- Installing: /home/iot/ros2_ws/src/install/parc_robot_interfaces/share/parc_robot_interfaces/cmake/export_parc_robot_interfaces__rosidl_generator_pyExport-noconfig.cmake
[7.696s] -- Installing: /home/iot/ros2_ws/src/install/parc_robot_interfaces/share/parc_robot_interfaces/cmake/rosidl_cmake-extras.cmake
[7.696s] -- Installing: /home/iot/ros2_ws/src/install/parc_robot_interfaces/share/parc_robot_interfaces/cmake/ament_cmake_export_include_directories-extras.cmake
[7.696s] -- Installing: /home/iot/ros2_ws/src/install/parc_robot_interfaces/share/parc_robot_interfaces/cmake/ament_cmake_export_libraries-extras.cmake
[7.696s] -- Installing: /home/iot/ros2_ws/src/install/parc_robot_interfaces/share/parc_robot_interfaces/cmake/ament_cmake_export_targets-extras.cmake
[7.696s] -- Installing: /home/iot/ros2_ws/src/install/parc_robot_interfaces/share/parc_robot_interfaces/cmake/rosidl_cmake_export_typesupport_targets-extras.cmake
[7.696s] -- Installing: /home/iot/ros2_ws/src/install/parc_robot_interfaces/share/parc_robot_interfaces/cmake/ament_cmake_export_dependencies-extras.cmake
[7.696s] -- Installing: /home/iot/ros2_ws/src/install/parc_robot_interfaces/share/parc_robot_interfaces/cmake/rosidl_cmake_export_typesupport_libraries-extras.cmake
[7.697s] -- Installing: /home/iot/ros2_ws/src/install/parc_robot_interfaces/share/parc_robot_interfaces/cmake/parc_robot_interfacesConfig.cmake
[7.697s] -- Installing: /home/iot/ros2_ws/src/install/parc_robot_interfaces/share/parc_robot_interfaces/cmake/parc_robot_interfacesConfig-version.cmake
[7.697s] -- Installing: /home/iot/ros2_ws/src/install/parc_robot_interfaces/share/parc_robot_interfaces/package.xml
[7.699s] Invoked command in '/home/iot/ros2_ws/src/build/parc_robot_interfaces' returned '0': CMAKE_PREFIX_PATH=${CMAKE_PREFIX_PATH}:/opt/ros/humble /usr/bin/cmake --install /home/iot/ros2_ws/src/build/parc_robot_interfaces
