[0.852s] Invoking command in '/home/iot/ros2_ws/src/farmland_navigation': CMAKE_PREFIX_PATH=/home/iot/ros2_ws/install/parc_robot_interfaces:/home/iot/ros2_ws/install/parc_robot_bringup:/home/iot/ros2_ws/install/parc_robot_description:/home/iot/ros2_ws/install/parc_robot PYTHONPATH=/home/iot/ros2_ws/build/farmland_navigation/prefix_override:/home/iot/ros2_ws/install/farmland_navigation/lib/python3.10/site-packages:${PYTHONPATH} /usr/bin/python3 -W ignore:setup.py install is deprecated setup.py egg_info --egg-base ../../build/farmland_navigation build --build-base /home/iot/ros2_ws/build/farmland_navigation/build install --record /home/iot/ros2_ws/build/farmland_navigation/install.log --single-version-externally-managed install_data
[1.056s] running egg_info
[1.056s] creating ../../build/farmland_navigation/farmland_navigation.egg-info
[1.057s] writing ../../build/farmland_navigation/farmland_navigation.egg-info/PKG-INFO
[1.057s] writing dependency_links to ../../build/farmland_navigation/farmland_navigation.egg-info/dependency_links.txt
[1.057s] writing entry points to ../../build/farmland_navigation/farmland_navigation.egg-info/entry_points.txt
[1.057s] writing requirements to ../../build/farmland_navigation/farmland_navigation.egg-info/requires.txt
[1.057s] writing top-level names to ../../build/farmland_navigation/farmland_navigation.egg-info/top_level.txt
[1.058s] writing manifest file '../../build/farmland_navigation/farmland_navigation.egg-info/SOURCES.txt'
[1.059s] reading manifest file '../../build/farmland_navigation/farmland_navigation.egg-info/SOURCES.txt'
[1.060s] writing manifest file '../../build/farmland_navigation/farmland_navigation.egg-info/SOURCES.txt'
[1.060s] running build
[1.060s] running build_py
[1.060s] creating /home/iot/ros2_ws/build/farmland_navigation/build
[1.060s] creating /home/iot/ros2_ws/build/farmland_navigation/build/lib
[1.061s] creating /home/iot/ros2_ws/build/farmland_navigation/build/lib/farmland_navigation
[1.061s] copying farmland_navigation/__init__.py -> /home/iot/ros2_ws/build/farmland_navigation/build/lib/farmland_navigation
[1.061s] copying farmland_navigation/task1_solution.py -> /home/iot/ros2_ws/build/farmland_navigation/build/lib/farmland_navigation
[1.061s] running install
[1.061s] running install_lib
[1.062s] creating /home/iot/ros2_ws/install/farmland_navigation/lib/python3.10/site-packages/farmland_navigation
[1.063s] copying /home/iot/ros2_ws/build/farmland_navigation/build/lib/farmland_navigation/__init__.py -> /home/iot/ros2_ws/install/farmland_navigation/lib/python3.10/site-packages/farmland_navigation
[1.063s] copying /home/iot/ros2_ws/build/farmland_navigation/build/lib/farmland_navigation/task1_solution.py -> /home/iot/ros2_ws/install/farmland_navigation/lib/python3.10/site-packages/farmland_navigation
[1.063s] byte-compiling /home/iot/ros2_ws/install/farmland_navigation/lib/python3.10/site-packages/farmland_navigation/__init__.py to __init__.cpython-310.pyc
[1.064s] byte-compiling /home/iot/ros2_ws/install/farmland_navigation/lib/python3.10/site-packages/farmland_navigation/task1_solution.py to task1_solution.cpython-310.pyc
[1.065s] running install_data
[1.065s] creating /home/iot/ros2_ws/install/farmland_navigation/share/ament_index
[1.066s] creating /home/iot/ros2_ws/install/farmland_navigation/share/ament_index/resource_index
[1.066s] creating /home/iot/ros2_ws/install/farmland_navigation/share/ament_index/resource_index/packages
[1.066s] copying resource/farmland_navigation -> /home/iot/ros2_ws/install/farmland_navigation/share/ament_index/resource_index/packages
[1.066s] copying package.xml -> /home/iot/ros2_ws/install/farmland_navigation/share/farmland_navigation
[1.066s] running install_egg_info
[1.067s] Copying ../../build/farmland_navigation/farmland_navigation.egg-info to /home/iot/ros2_ws/install/farmland_navigation/lib/python3.10/site-packages/farmland_navigation-0.0.0-py3.10.egg-info
[1.068s] running install_scripts
[1.084s] Installing task1_solution script to /home/iot/ros2_ws/install/farmland_navigation/lib/farmland_navigation
[1.084s] writing list of installed files to '/home/iot/ros2_ws/build/farmland_navigation/install.log'
[1.107s] Invoked command in '/home/iot/ros2_ws/src/farmland_navigation' returned '0': CMAKE_PREFIX_PATH=/home/iot/ros2_ws/install/parc_robot_interfaces:/home/iot/ros2_ws/install/parc_robot_bringup:/home/iot/ros2_ws/install/parc_robot_description:/home/iot/ros2_ws/install/parc_robot PYTHONPATH=/home/iot/ros2_ws/build/farmland_navigation/prefix_override:/home/iot/ros2_ws/install/farmland_navigation/lib/python3.10/site-packages:${PYTHONPATH} /usr/bin/python3 -W ignore:setup.py install is deprecated setup.py egg_info --egg-base ../../build/farmland_navigation build --build-base /home/iot/ros2_ws/build/farmland_navigation/build install --record /home/iot/ros2_ws/build/farmland_navigation/install.log --single-version-externally-managed install_data
