[2.520s] Invoking command in '/home/iot/ros2_ws/src/farmland_navigation': CMAKE_PREFIX_PATH=/home/iot/ros2_ws/install/parc_robot_interfaces:/home/iot/ros2_ws/install/parc_robot_bringup:/home/iot/ros2_ws/install/parc_robot_description:/home/iot/ros2_ws/install/parc_robot PYTHONPATH=/home/iot/ros2_ws/build/farmland_navigation/prefix_override:/home/iot/ros2_ws/install/farmland_navigation/lib/python3.10/site-packages:${PYTHONPATH} /usr/bin/python3 -W ignore:setup.py install is deprecated setup.py egg_info --egg-base ../../build/farmland_navigation build --build-base /home/iot/ros2_ws/build/farmland_navigation/build install --record /home/iot/ros2_ws/build/farmland_navigation/install.log --single-version-externally-managed install_data
[3.268s] running egg_info
[3.270s] writing ../../build/farmland_navigation/farmland_navigation.egg-info/PKG-INFO
[3.270s] writing dependency_links to ../../build/farmland_navigation/farmland_navigation.egg-info/dependency_links.txt
[3.271s] writing entry points to ../../build/farmland_navigation/farmland_navigation.egg-info/entry_points.txt
[3.271s] writing requirements to ../../build/farmland_navigation/farmland_navigation.egg-info/requires.txt
[3.271s] writing top-level names to ../../build/farmland_navigation/farmland_navigation.egg-info/top_level.txt
[3.276s] reading manifest file '../../build/farmland_navigation/farmland_navigation.egg-info/SOURCES.txt'
[3.278s] writing manifest file '../../build/farmland_navigation/farmland_navigation.egg-info/SOURCES.txt'
[3.279s] running build
[3.279s] running build_py
[3.280s] running install
[3.281s] running install_lib
[3.287s] running install_data
[3.287s] running install_egg_info
[3.291s] removing '/home/iot/ros2_ws/install/farmland_navigation/lib/python3.10/site-packages/farmland_navigation-0.0.0-py3.10.egg-info' (and everything under it)
[3.292s] Copying ../../build/farmland_navigation/farmland_navigation.egg-info to /home/iot/ros2_ws/install/farmland_navigation/lib/python3.10/site-packages/farmland_navigation-0.0.0-py3.10.egg-info
[3.294s] running install_scripts
[3.347s] Installing roi script to /home/iot/ros2_ws/install/farmland_navigation/lib/farmland_navigation
[3.347s] writing list of installed files to '/home/iot/ros2_ws/build/farmland_navigation/install.log'
[3.415s] Invoked command in '/home/iot/ros2_ws/src/farmland_navigation' returned '0': CMAKE_PREFIX_PATH=/home/iot/ros2_ws/install/parc_robot_interfaces:/home/iot/ros2_ws/install/parc_robot_bringup:/home/iot/ros2_ws/install/parc_robot_description:/home/iot/ros2_ws/install/parc_robot PYTHONPATH=/home/iot/ros2_ws/build/farmland_navigation/prefix_override:/home/iot/ros2_ws/install/farmland_navigation/lib/python3.10/site-packages:${PYTHONPATH} /usr/bin/python3 -W ignore:setup.py install is deprecated setup.py egg_info --egg-base ../../build/farmland_navigation build --build-base /home/iot/ros2_ws/build/farmland_navigation/build install --record /home/iot/ros2_ws/build/farmland_navigation/install.log --single-version-externally-managed install_data
