<<<<<<< HEAD
/home/iot/ros2_ws/install/tomatoes_detection1/lib/python3.10/site-packages/tomatoes_detection1/__init__.py
/home/iot/ros2_ws/install/tomatoes_detection1/lib/python3.10/site-packages/tomatoes_detection1/task2_solution.py
/home/iot/ros2_ws/install/tomatoes_detection1/lib/python3.10/site-packages/tomatoes_detection1/__pycache__/__init__.cpython-310.pyc
/home/iot/ros2_ws/install/tomatoes_detection1/lib/python3.10/site-packages/tomatoes_detection1/__pycache__/task2_solution.cpython-310.pyc
=======
/home/iot/ros2_ws/install/tomatoes_detection1/lib/python3.10/site-packages/tomatoes_detection1/hsv_filter.py
/home/iot/ros2_ws/install/tomatoes_detection1/lib/python3.10/site-packages/tomatoes_detection1/__init__.py
/home/iot/ros2_ws/install/tomatoes_detection1/lib/python3.10/site-packages/tomatoes_detection1/task2_solution.py
/home/iot/ros2_ws/install/tomatoes_detection1/lib/python3.10/site-packages/tomatoes_detection1/yolo_test.py
/home/iot/ros2_ws/install/tomatoes_detection1/lib/python3.10/site-packages/tomatoes_detection1/__pycache__/hsv_filter.cpython-310.pyc
/home/iot/ros2_ws/install/tomatoes_detection1/lib/python3.10/site-packages/tomatoes_detection1/__pycache__/__init__.cpython-310.pyc
/home/iot/ros2_ws/install/tomatoes_detection1/lib/python3.10/site-packages/tomatoes_detection1/__pycache__/task2_solution.cpython-310.pyc
/home/iot/ros2_ws/install/tomatoes_detection1/lib/python3.10/site-packages/tomatoes_detection1/__pycache__/yolo_test.cpython-310.pyc
>>>>>>> 60bf990b39ee441d535b82d242640e98a5d6f6eb
/home/iot/ros2_ws/install/tomatoes_detection1/share/ament_index/resource_index/packages/tomatoes_detection1
/home/iot/ros2_ws/install/tomatoes_detection1/share/tomatoes_detection1/package.xml
/home/iot/ros2_ws/install/tomatoes_detection1/share/tomatoes_detection1/weights/best.pt
/home/iot/ros2_ws/install/tomatoes_detection1/lib/python3.10/site-packages/tomatoes_detection1-0.0.0-py3.10.egg-info/zip-safe
/home/iot/ros2_ws/install/tomatoes_detection1/lib/python3.10/site-packages/tomatoes_detection1-0.0.0-py3.10.egg-info/PKG-INFO
/home/iot/ros2_ws/install/tomatoes_detection1/lib/python3.10/site-packages/tomatoes_detection1-0.0.0-py3.10.egg-info/dependency_links.txt
/home/iot/ros2_ws/install/tomatoes_detection1/lib/python3.10/site-packages/tomatoes_detection1-0.0.0-py3.10.egg-info/SOURCES.txt
/home/iot/ros2_ws/install/tomatoes_detection1/lib/python3.10/site-packages/tomatoes_detection1-0.0.0-py3.10.egg-info/top_level.txt
/home/iot/ros2_ws/install/tomatoes_detection1/lib/python3.10/site-packages/tomatoes_detection1-0.0.0-py3.10.egg-info/requires.txt
/home/iot/ros2_ws/install/tomatoes_detection1/lib/python3.10/site-packages/tomatoes_detection1-0.0.0-py3.10.egg-info/entry_points.txt
<<<<<<< HEAD
/home/iot/ros2_ws/install/tomatoes_detection1/lib/tomatoes_detection1/task2_solution
=======
/home/iot/ros2_ws/install/tomatoes_detection1/lib/tomatoes_detection1/detect_tomatoes
/home/iot/ros2_ws/install/tomatoes_detection1/lib/tomatoes_detection1/move_robot
>>>>>>> 60bf990b39ee441d535b82d242640e98a5d6f6eb
