[0.035s] Invoking command in '/home/iot/ros2_ws/build/parc_robot_bringup': AMENT_PREFIX_PATH=/home/iot/ros2_ws/install/parc_robot_interfaces:/home/iot/ros2_ws/install/parc_robot_description:${AMENT_PREFIX_PATH} CMAKE_PREFIX_PATH=/home/iot/ros2_ws/install/parc_robot_interfaces:/home/iot/ros2_ws/install/parc_robot_description:/opt/ros/humble LD_LIBRARY_PATH=/home/iot/ros2_ws/install/parc_robot_interfaces/lib:${LD_LIBRARY_PATH} PYTHONPATH=/home/iot/ros2_ws/install/parc_robot_interfaces/local/lib/python3.10/dist-packages:${PYTHONPATH} /usr/bin/cmake --build /home/iot/ros2_ws/build/parc_robot_bringup -- -j8 -l8
[0.116s] -- Found ament_cmake: 1.3.9 (/opt/ros/humble/share/ament_cmake/cmake)
[0.636s] -- Found rclpy: 3.3.13 (/opt/ros/humble/share/rclpy/cmake)
[0.637s] -- Found urdf: 2.6.0 (/opt/ros/humble/share/urdf/cmake)
[0.781s] -- Found transmission_interface: 2.41.0 (/opt/ros/humble/share/transmission_interface/cmake)
[0.855s] -- Found rosidl_generator_c: 3.1.5 (/opt/ros/humble/share/rosidl_generator_c/cmake)
[0.865s] -- Found rosidl_adapter: 3.1.5 (/opt/ros/humble/share/rosidl_adapter/cmake)
[0.888s] -- Found rosidl_generator_cpp: 3.1.5 (/opt/ros/humble/share/rosidl_generator_cpp/cmake)
[0.931s] -- Using all available rosidl_typesupport_c: rosidl_typesupport_fastrtps_c;rosidl_typesupport_introspection_c
[0.985s] -- Using all available rosidl_typesupport_cpp: rosidl_typesupport_fastrtps_cpp;rosidl_typesupport_introspection_cpp
[3.519s] -- Found rmw_implementation_cmake: 6.1.2 (/opt/ros/humble/share/rmw_implementation_cmake/cmake)
[3.524s] -- Found rmw_cyclonedds_cpp: 1.3.4 (/opt/ros/humble/share/rmw_cyclonedds_cpp/cmake)
[3.641s] -- Using RMW implementation 'rmw_cyclonedds_cpp' as default
[5.201s] -- Configuring done
[5.226s] -- Generating done
[5.238s] -- Build files have been written to: /home/iot/ros2_ws/build/parc_robot_bringup
[5.391s] Built target ament_cmake_python_copy_parc_robot_bringup
[6.497s] running egg_info
[6.500s] writing parc_robot_bringup.egg-info/PKG-INFO
[6.500s] writing dependency_links to parc_robot_bringup.egg-info/dependency_links.txt
[6.501s] writing top-level names to parc_robot_bringup.egg-info/top_level.txt
[6.509s] reading manifest file 'parc_robot_bringup.egg-info/SOURCES.txt'
[6.512s] writing manifest file 'parc_robot_bringup.egg-info/SOURCES.txt'
[6.606s] Built target ament_cmake_python_build_parc_robot_bringup_egg
[6.648s] Invoked command in '/home/iot/ros2_ws/build/parc_robot_bringup' returned '0': AMENT_PREFIX_PATH=/home/iot/ros2_ws/install/parc_robot_interfaces:/home/iot/ros2_ws/install/parc_robot_description:${AMENT_PREFIX_PATH} CMAKE_PREFIX_PATH=/home/iot/ros2_ws/install/parc_robot_interfaces:/home/iot/ros2_ws/install/parc_robot_description:/opt/ros/humble LD_LIBRARY_PATH=/home/iot/ros2_ws/install/parc_robot_interfaces/lib:${LD_LIBRARY_PATH} PYTHONPATH=/home/iot/ros2_ws/install/parc_robot_interfaces/local/lib/python3.10/dist-packages:${PYTHONPATH} /usr/bin/cmake --build /home/iot/ros2_ws/build/parc_robot_bringup -- -j8 -l8
[6.733s] Invoking command in '/home/iot/ros2_ws/build/parc_robot_bringup': AMENT_PREFIX_PATH=/home/iot/ros2_ws/install/parc_robot_interfaces:/home/iot/ros2_ws/install/parc_robot_description:${AMENT_PREFIX_PATH} CMAKE_PREFIX_PATH=/home/iot/ros2_ws/install/parc_robot_interfaces:/home/iot/ros2_ws/install/parc_robot_description:/opt/ros/humble LD_LIBRARY_PATH=/home/iot/ros2_ws/install/parc_robot_interfaces/lib:${LD_LIBRARY_PATH} PYTHONPATH=/home/iot/ros2_ws/install/parc_robot_interfaces/local/lib/python3.10/dist-packages:${PYTHONPATH} /usr/bin/cmake --install /home/iot/ros2_ws/build/parc_robot_bringup
[6.761s] -- Install configuration: ""
[6.762s] -- Up-to-date: /home/iot/ros2_ws/install/parc_robot_bringup/share/parc_robot_bringup/config
[6.762s] -- Up-to-date: /home/iot/ros2_ws/install/parc_robot_bringup/share/parc_robot_bringup/config/controllers.yaml
[6.762s] -- Up-to-date: /home/iot/ros2_ws/install/parc_robot_bringup/share/parc_robot_bringup/config/route1_world_coordinates.yaml
[6.763s] -- Up-to-date: /home/iot/ros2_ws/install/parc_robot_bringup/share/parc_robot_bringup/config/route2_world_coordinates.yaml
[6.763s] -- Up-to-date: /home/iot/ros2_ws/install/parc_robot_bringup/share/parc_robot_bringup/config/gazebo_params.yaml
[6.763s] -- Up-to-date: /home/iot/ros2_ws/install/parc_robot_bringup/share/parc_robot_bringup/config/task1_route3_params.yaml
[6.764s] -- Up-to-date: /home/iot/ros2_ws/install/parc_robot_bringup/share/parc_robot_bringup/config/task1_route1_params.yaml
[6.764s] -- Up-to-date: /home/iot/ros2_ws/install/parc_robot_bringup/share/parc_robot_bringup/config/gazebo_ros2_ctl_use_sim.yaml
[6.765s] -- Up-to-date: /home/iot/ros2_ws/install/parc_robot_bringup/share/parc_robot_bringup/config/route3_world_coordinates.yaml
[6.766s] -- Up-to-date: /home/iot/ros2_ws/install/parc_robot_bringup/share/parc_robot_bringup/config/task1_route2_params.yaml
[6.767s] -- Up-to-date: /home/iot/ros2_ws/install/parc_robot_bringup/share/parc_robot_bringup/launch
[6.767s] -- Up-to-date: /home/iot/ros2_ws/install/parc_robot_bringup/share/parc_robot_bringup/launch/task1_launch.py
[6.768s] -- Up-to-date: /home/iot/ros2_ws/install/parc_robot_bringup/share/parc_robot_bringup/launch/task2_launch.py
[6.768s] -- Up-to-date: /home/iot/ros2_ws/install/parc_robot_bringup/share/parc_robot_bringup/models
[6.768s] -- Up-to-date: /home/iot/ros2_ws/install/parc_robot_bringup/share/parc_robot_bringup/models/tomato_9
[6.769s] -- Up-to-date: /home/iot/ros2_ws/install/parc_robot_bringup/share/parc_robot_bringup/models/tomato_9/materials
[6.770s] -- Up-to-date: /home/iot/ros2_ws/install/parc_robot_bringup/share/parc_robot_bringup/models/tomato_9/materials/textures
[6.772s] -- Up-to-date: /home/iot/ros2_ws/install/parc_robot_bringup/share/parc_robot_bringup/models/tomato_9/materials/textures/AG15brn1(copy).png
[6.772s] -- Up-to-date: /home/iot/ros2_ws/install/parc_robot_bringup/share/parc_robot_bringup/models/tomato_9/materials/textures/AG15blo1.png
[6.772s] -- Up-to-date: /home/iot/ros2_ws/install/parc_robot_bringup/share/parc_robot_bringup/models/tomato_9/materials/textures/AG15frt1.png
[6.773s] -- Up-to-date: /home/iot/ros2_ws/install/parc_robot_bringup/share/parc_robot_bringup/models/tomato_9/materials/textures/AG15lef1.png
[6.774s] -- Up-to-date: /home/iot/ros2_ws/install/parc_robot_bringup/share/parc_robot_bringup/models/tomato_9/materials/textures/AG15brn1.png
[6.774s] -- Up-to-date: /home/iot/ros2_ws/install/parc_robot_bringup/share/parc_robot_bringup/models/tomato_9/materials/textures/AG15blo3.png
[6.775s] -- Up-to-date: /home/iot/ros2_ws/install/parc_robot_bringup/share/parc_robot_bringup/models/tomato_9/materials/textures/AG15lef2.png
[6.776s] -- Up-to-date: /home/iot/ros2_ws/install/parc_robot_bringup/share/parc_robot_bringup/models/tomato_9/materials/textures/AG15frt3.png
[6.777s] -- Up-to-date: /home/iot/ros2_ws/install/parc_robot_bringup/share/parc_robot_bringup/models/tomato_9/materials/textures/AG15frt4.png
[6.777s] -- Up-to-date: /home/iot/ros2_ws/install/parc_robot_bringup/share/parc_robot_bringup/models/tomato_9/materials/textures/AG15blo2.png
[6.778s] -- Up-to-date: /home/iot/ros2_ws/install/parc_robot_bringup/share/parc_robot_bringup/models/tomato_9/materials/textures/AG15frt2.png
[6.778s] -- Up-to-date: /home/iot/ros2_ws/install/parc_robot_bringup/share/parc_robot_bringup/models/tomato_9/materials/scripts
[6.779s] -- Up-to-date: /home/iot/ros2_ws/install/parc_robot_bringup/share/parc_robot_bringup/models/tomato_9/materials/scripts/fruit4.material
[6.779s] -- Up-to-date: /home/iot/ros2_ws/install/parc_robot_bringup/share/parc_robot_bringup/models/tomato_9/materials/scripts/branch.material
[6.779s] -- Up-to-date: /home/iot/ros2_ws/install/parc_robot_bringup/share/parc_robot_bringup/models/tomato_9/materials/scripts/blossom1.material
[6.780s] -- Up-to-date: /home/iot/ros2_ws/install/parc_robot_bringup/share/parc_robot_bringup/models/tomato_9/materials/scripts/leaf1.material
[6.781s] -- Up-to-date: /home/iot/ros2_ws/install/parc_robot_bringup/share/parc_robot_bringup/models/tomato_9/materials/scripts/blossom3.material
[6.781s] -- Up-to-date: /home/iot/ros2_ws/install/parc_robot_bringup/share/parc_robot_bringup/models/tomato_9/materials/scripts/leaf2.material
[6.782s] -- Up-to-date: /home/iot/ros2_ws/install/parc_robot_bringup/share/parc_robot_bringup/models/tomato_9/materials/scripts/fruit1.material
[6.783s] -- Up-to-date: /home/iot/ros2_ws/install/parc_robot_bringup/share/parc_robot_bringup/models/tomato_9/materials/scripts/blossom2.material
[6.783s] -- Up-to-date: /home/iot/ros2_ws/install/parc_robot_bringup/share/parc_robot_bringup/models/tomato_9/materials/scripts/fruit3.material
[6.784s] -- Up-to-date: /home/iot/ros2_ws/install/parc_robot_bringup/share/parc_robot_bringup/models/tomato_9/materials/scripts/fruit2.material
[6.785s] -- Up-to-date: /home/iot/ros2_ws/install/parc_robot_bringup/share/parc_robot_bringup/models/tomato_9/meshes
[6.786s] -- Up-to-date: /home/iot/ros2_ws/install/parc_robot_bringup/share/parc_robot_bringup/models/tomato_9/meshes/.gitignore
[6.787s] -- Up-to-date: /home/iot/ros2_ws/install/parc_robot_bringup/share/parc_robot_bringup/models/tomato_9/meshes/tomato.dae
[6.788s] -- Up-to-date: /home/iot/ros2_ws/install/parc_robot_bringup/share/parc_robot_bringup/models/tomato_9/model.sdf
[6.788s] -- Up-to-date: /home/iot/ros2_ws/install/parc_robot_bringup/share/parc_robot_bringup/models/tomato_9/markers.json
[6.789s] -- Up-to-date: /home/iot/ros2_ws/install/parc_robot_bringup/share/parc_robot_bringup/models/tomato_9/model.config
[6.789s] -- Up-to-date: /home/iot/ros2_ws/install/parc_robot_bringup/share/parc_robot_bringup/models/tomato_27
[6.790s] -- Up-to-date: /home/iot/ros2_ws/install/parc_robot_bringup/share/parc_robot_bringup/models/tomato_27/materials
[6.790s] -- Up-to-date: /home/iot/ros2_ws/install/parc_robot_bringup/share/parc_robot_bringup/models/tomato_27/materials/textures
[6.791s] -- Up-to-date: /home/iot/ros2_ws/install/parc_robot_bringup/share/parc_robot_bringup/models/tomato_27/materials/textures/AG15brn1(copy).png
[6.791s] -- Up-to-date: /home/iot/ros2_ws/install/parc_robot_bringup/share/parc_robot_bringup/models/tomato_27/materials/textures/AG15blo1.png
[6.792s] -- Up-to-date: /home/iot/ros2_ws/install/parc_robot_bringup/share/parc_robot_bringup/models/tomato_27/materials/textures/AG15frt1.png
[6.792s] -- Up-to-date: /home/iot/ros2_ws/install/parc_robot_bringup/share/parc_robot_bringup/models/tomato_27/materials/textures/AG15lef1.png
[6.792s] -- Up-to-date: /home/iot/ros2_ws/install/parc_robot_bringup/share/parc_robot_bringup/models/tomato_27/materials/textures/AG15brn1.png
[6.793s] -- Up-to-date: /home/iot/ros2_ws/install/parc_robot_bringup/share/parc_robot_bringup/models/tomato_27/materials/textures/AG15blo3.png
[6.793s] -- Up-to-date: /home/iot/ros2_ws/install/parc_robot_bringup/share/parc_robot_bringup/models/tomato_27/materials/textures/AG15lef2.png
[6.793s] -- Up-to-date: /home/iot/ros2_ws/install/parc_robot_bringup/share/parc_robot_bringup/models/tomato_27/materials/textures/AG15frt3.png
[6.794s] -- Up-to-date: /home/iot/ros2_ws/install/parc_robot_bringup/share/parc_robot_bringup/models/tomato_27/materials/textures/AG15frt4.png
[6.794s] -- Up-to-date: /home/iot/ros2_ws/install/parc_robot_bringup/share/parc_robot_bringup/models/tomato_27/materials/textures/AG15blo2.png
[6.794s] -- Up-to-date: /home/iot/ros2_ws/install/parc_robot_bringup/share/parc_robot_bringup/models/tomato_27/materials/textures/AG15frt2.png
[6.794s] -- Up-to-date: /home/iot/ros2_ws/install/parc_robot_bringup/share/parc_robot_bringup/models/tomato_27/materials/scripts
[6.795s] -- Up-to-date: /home/iot/ros2_ws/install/parc_robot_bringup/share/parc_robot_bringup/models/tomato_27/materials/scripts/fruit4.material
[6.795s] -- Up-to-date: /home/iot/ros2_ws/install/parc_robot_bringup/share/parc_robot_bringup/models/tomato_27/materials/scripts/branch.material
[6.795s] -- Up-to-date: /home/iot/ros2_ws/install/parc_robot_bringup/share/parc_robot_bringup/models/tomato_27/materials/scripts/blossom1.material
[6.796s] -- Up-to-date: /home/iot/ros2_ws/install/parc_robot_bringup/share/parc_robot_bringup/models/tomato_27/materials/scripts/leaf1.material
[6.796s] -- Up-to-date: /home/iot/ros2_ws/install/parc_robot_bringup/share/parc_robot_bringup/models/tomato_27/materials/scripts/blossom3.material
[6.796s] -- Up-to-date: /home/iot/ros2_ws/install/parc_robot_bringup/share/parc_robot_bringup/models/tomato_27/materials/scripts/leaf2.material
[6.797s] -- Up-to-date: /home/iot/ros2_ws/install/parc_robot_bringup/share/parc_robot_bringup/models/tomato_27/materials/scripts/fruit1.material
[6.797s] -- Up-to-date: /home/iot/ros2_ws/install/parc_robot_bringup/share/parc_robot_bringup/models/tomato_27/materials/scripts/blossom2.material
[6.797s] -- Up-to-date: /home/iot/ros2_ws/install/parc_robot_bringup/share/parc_robot_bringup/models/tomato_27/materials/scripts/fruit3.material
[6.798s] -- Up-to-date: /home/iot/ros2_ws/install/parc_robot_bringup/share/parc_robot_bringup/models/tomato_27/materials/scripts/fruit2.material
[6.798s] -- Up-to-date: /home/iot/ros2_ws/install/parc_robot_bringup/share/parc_robot_bringup/models/tomato_27/meshes
[6.798s] -- Up-to-date: /home/iot/ros2_ws/install/parc_robot_bringup/share/parc_robot_bringup/models/tomato_27/meshes/.gitignore
[6.798s] -- Up-to-date: /home/iot/ros2_ws/install/parc_robot_bringup/share/parc_robot_bringup/models/tomato_27/meshes/tomato.dae
[6.798s] -- Up-to-date: /home/iot/ros2_ws/install/parc_robot_bringup/share/parc_robot_bringup/models/tomato_27/model.sdf
[6.799s] -- Up-to-date: /home/iot/ros2_ws/install/parc_robot_bringup/share/parc_robot_bringup/models/tomato_27/markers.json
[6.799s] -- Up-to-date: /home/iot/ros2_ws/install/parc_robot_bringup/share/parc_robot_bringup/models/tomato_27/model.config
[6.799s] -- Up-to-date: /home/iot/ros2_ws/install/parc_robot_bringup/share/parc_robot_bringup/models/tomato_26
[6.799s] -- Up-to-date: /home/iot/ros2_ws/install/parc_robot_bringup/share/parc_robot_bringup/models/tomato_26/materials
[6.800s] -- Up-to-date: /home/iot/ros2_ws/install/parc_robot_bringup/share/parc_robot_bringup/models/tomato_26/materials/textures
[6.800s] -- Up-to-date: /home/iot/ros2_ws/install/parc_robot_bringup/share/parc_robot_bringup/models/tomato_26/materials/textures/AG15brn1(copy).png
[6.800s] -- Up-to-date: /home/iot/ros2_ws/install/parc_robot_bringup/share/parc_robot_bringup/models/tomato_26/materials/textures/AG15blo1.png
[6.800s] -- Up-to-date: /home/iot/ros2_ws/install/parc_robot_bringup/share/parc_robot_bringup/models/tomato_26/materials/textures/AG15frt1.png
[6.801s] -- Up-to-date: /home/iot/ros2_ws/install/parc_robot_bringup/share/parc_robot_bringup/models/tomato_26/materials/textures/AG15lef1.png
[6.801s] -- Up-to-date: /home/iot/ros2_ws/install/parc_robot_bringup/share/parc_robot_bringup/models/tomato_26/materials/textures/AG15brn1.png
[6.801s] -- Up-to-date: /home/iot/ros2_ws/install/parc_robot_bringup/share/parc_robot_bringup/models/tomato_26/materials/textures/AG15blo3.png
[6.801s] -- Up-to-date: /home/iot/ros2_ws/install/parc_robot_bringup/share/parc_robot_bringup/models/tomato_26/materials/textures/AG15lef2.png
[6.802s] -- Up-to-date: /home/iot/ros2_ws/install/parc_robot_bringup/share/parc_robot_bringup/models/tomato_26/materials/textures/AG15frt3.png
[6.802s] -- Up-to-date: /home/iot/ros2_ws/install/parc_robot_bringup/share/parc_robot_bringup/models/tomato_26/materials/textures/AG15frt4.png
[6.802s] -- Up-to-date: /home/iot/ros2_ws/install/parc_robot_bringup/share/parc_robot_bringup/models/tomato_26/materials/textures/AG15blo2.png
[6.802s] -- Up-to-date: /home/iot/ros2_ws/install/parc_robot_bringup/share/parc_robot_bringup/models/tomato_26/materials/textures/AG15frt2.png
[6.803s] -- Up-to-date: /home/iot/ros2_ws/install/parc_robot_bringup/share/parc_robot_bringup/models/tomato_26/materials/scripts
[6.803s] -- Up-to-date: /home/iot/ros2_ws/install/parc_robot_bringup/share/parc_robot_bringup/models/tomato_26/materials/scripts/fruit4.material
[6.803s] -- Up-to-date: /home/iot/ros2_ws/install/parc_robot_bringup/share/parc_robot_bringup/models/tomato_26/materials/scripts/branch.material
[6.803s] -- Up-to-date: /home/iot/ros2_ws/install/parc_robot_bringup/share/parc_robot_bringup/models/tomato_26/materials/scripts/blossom1.material
[6.804s] -- Up-to-date: /home/iot/ros2_ws/install/parc_robot_bringup/share/parc_robot_bringup/models/tomato_26/materials/scripts/leaf1.material
[6.804s] -- Up-to-date: /home/iot/ros2_ws/install/parc_robot_bringup/share/parc_robot_bringup/models/tomato_26/materials/scripts/blossom3.material
[6.804s] -- Up-to-date: /home/iot/ros2_ws/install/parc_robot_bringup/share/parc_robot_bringup/models/tomato_26/materials/scripts/leaf2.material
[6.804s] -- Up-to-date: /home/iot/ros2_ws/install/parc_robot_bringup/share/parc_robot_bringup/models/tomato_26/materials/scripts/fruit1.material
[6.804s] -- Up-to-date: /home/iot/ros2_ws/install/parc_robot_bringup/share/parc_robot_bringup/models/tomato_26/materials/scripts/blossom2.material
[6.805s] -- Up-to-date: /home/iot/ros2_ws/install/parc_robot_bringup/share/parc_robot_bringup/models/tomato_26/materials/scripts/fruit3.material
[6.805s] -- Up-to-date: /home/iot/ros2_ws/install/parc_robot_bringup/share/parc_robot_bringup/models/tomato_26/materials/scripts/fruit2.material
[6.805s] -- Up-to-date: /home/iot/ros2_ws/install/parc_robot_bringup/share/parc_robot_bringup/models/tomato_26/meshes
[6.805s] -- Up-to-date: /home/iot/ros2_ws/install/parc_robot_bringup/share/parc_robot_bringup/models/tomato_26/meshes/.gitignore
[6.806s] -- Up-to-date: /home/iot/ros2_ws/install/parc_robot_bringup/share/parc_robot_bringup/models/tomato_26/meshes/tomato.dae
[6.806s] -- Up-to-date: /home/iot/ros2_ws/install/parc_robot_bringup/share/parc_robot_bringup/models/tomato_26/model.sdf
[6.806s] -- Up-to-date: /home/iot/ros2_ws/install/parc_robot_bringup/share/parc_robot_bringup/models/tomato_26/markers.json
[6.806s] -- Up-to-date: /home/iot/ros2_ws/install/parc_robot_bringup/share/parc_robot_bringup/models/tomato_26/model.config
[6.807s] -- Up-to-date: /home/iot/ros2_ws/install/parc_robot_bringup/share/parc_robot_bringup/models/tomato_44
[6.807s] -- Up-to-date: /home/iot/ros2_ws/install/parc_robot_bringup/share/parc_robot_bringup/models/tomato_44/materials
[6.807s] -- Up-to-date: /home/iot/ros2_ws/install/parc_robot_bringup/share/parc_robot_bringup/models/tomato_44/materials/textures
[6.807s] -- Up-to-date: /home/iot/ros2_ws/install/parc_robot_bringup/share/parc_robot_bringup/models/tomato_44/materials/textures/AG15brn1(copy).png
[6.808s] -- Up-to-date: /home/iot/ros2_ws/install/parc_robot_bringup/share/parc_robot_bringup/models/tomato_44/materials/textures/AG15blo1.png
[6.808s] -- Up-to-date: /home/iot/ros2_ws/install/parc_robot_bringup/share/parc_robot_bringup/models/tomato_44/materials/textures/AG15frt1.png
[6.808s] -- Up-to-date: /home/iot/ros2_ws/install/parc_robot_bringup/share/parc_robot_bringup/models/tomato_44/materials/textures/AG15lef1.png
[6.808s] -- Up-to-date: /home/iot/ros2_ws/install/parc_robot_bringup/share/parc_robot_bringup/models/tomato_44/materials/textures/AG15brn1.png
[6.809s] -- Up-to-date: /home/iot/ros2_ws/install/parc_robot_bringup/share/parc_robot_bringup/models/tomato_44/materials/textures/AG15blo3.png
[6.809s] -- Up-to-date: /home/iot/ros2_ws/install/parc_robot_bringup/share/parc_robot_bringup/models/tomato_44/materials/textures/AG15lef2.png
[6.809s] -- Up-to-date: /home/iot/ros2_ws/install/parc_robot_bringup/share/parc_robot_bringup/models/tomato_44/materials/textures/AG15frt3.png
[6.809s] -- Up-to-date: /home/iot/ros2_ws/install/parc_robot_bringup/share/parc_robot_bringup/models/tomato_44/materials/textures/AG15frt4.png
[6.810s] -- Up-to-date: /home/iot/ros2_ws/install/parc_robot_bringup/share/parc_robot_bringup/models/tomato_44/materials/textures/AG15blo2.png
[6.810s] -- Up-to-date: /home/iot/ros2_ws/install/parc_robot_bringup/share/parc_robot_bringup/models/tomato_44/materials/textures/AG15frt2.png
[6.810s] -- Up-to-date: /home/iot/ros2_ws/install/parc_robot_bringup/share/parc_robot_bringup/models/tomato_44/materials/scripts
[6.810s] -- Up-to-date: /home/iot/ros2_ws/install/parc_robot_bringup/share/parc_robot_bringup/models/tomato_44/materials/scripts/fruit4.material
[6.810s] -- Up-to-date: /home/iot/ros2_ws/install/parc_robot_bringup/share/parc_robot_bringup/models/tomato_44/materials/scripts/branch.material
[6.811s] -- Up-to-date: /home/iot/ros2_ws/install/parc_robot_bringup/share/parc_robot_bringup/models/tomato_44/materials/scripts/blossom1.material
[6.811s] -- Up-to-date: /home/iot/ros2_ws/install/parc_robot_bringup/share/parc_robot_bringup/models/tomato_44/materials/scripts/leaf1.material
[6.811s] -- Up-to-date: /home/iot/ros2_ws/install/parc_robot_bringup/share/parc_robot_bringup/models/tomato_44/materials/scripts/blossom3.material
[6.811s] -- Up-to-date: /home/iot/ros2_ws/install/parc_robot_bringup/share/parc_robot_bringup/models/tomato_44/materials/scripts/leaf2.material
[6.812s] -- Up-to-date: /home/iot/ros2_ws/install/parc_robot_bringup/share/parc_robot_bringup/models/tomato_44/materials/scripts/fruit1.material
[6.812s] -- Up-to-date: /home/iot/ros2_ws/install/parc_robot_bringup/share/parc_robot_bringup/models/tomato_44/materials/scripts/blossom2.material
[6.812s] -- Up-to-date: /home/iot/ros2_ws/install/parc_robot_bringup/share/parc_robot_bringup/models/tomato_44/materials/scripts/fruit3.material
[6.812s] -- Up-to-date: /home/iot/ros2_ws/install/parc_robot_bringup/share/parc_robot_bringup/models/tomato_44/materials/scripts/fruit2.material
[6.813s] -- Up-to-date: /home/iot/ros2_ws/install/parc_robot_bringup/share/parc_robot_bringup/models/tomato_44/meshes
[6.813s] -- Up-to-date: /home/iot/ros2_ws/install/parc_robot_bringup/share/parc_robot_bringup/models/tomato_44/meshes/.gitignore
[6.813s] -- Up-to-date: /home/iot/ros2_ws/install/parc_robot_bringup/share/parc_robot_bringup/models/tomato_44/meshes/tomato.dae
[6.813s] -- Up-to-date: /home/iot/ros2_ws/install/parc_robot_bringup/share/parc_robot_bringup/models/tomato_44/model.sdf
[6.814s] -- Up-to-date: /home/iot/ros2_ws/install/parc_robot_bringup/share/parc_robot_bringup/models/tomato_44/markers.json
[6.814s] -- Up-to-date: /home/iot/ros2_ws/install/parc_robot_bringup/share/parc_robot_bringup/models/tomato_44/model.config
[6.814s] -- Up-to-date: /home/iot/ros2_ws/install/parc_robot_bringup/share/parc_robot_bringup/models/tomato_23
[6.814s] -- Up-to-date: /home/iot/ros2_ws/install/parc_robot_bringup/share/parc_robot_bringup/models/tomato_23/materials
[6.814s] -- Up-to-date: /home/iot/ros2_ws/install/parc_robot_bringup/share/parc_robot_bringup/models/tomato_23/materials/textures
[6.815s] -- Up-to-date: /home/iot/ros2_ws/install/parc_robot_bringup/share/parc_robot_bringup/models/tomato_23/materials/textures/AG15brn1(copy).png
[6.815s] -- Up-to-date: /home/iot/ros2_ws/install/parc_robot_bringup/share/parc_robot_bringup/models/tomato_23/materials/textures/AG15blo1.png
[6.815s] -- Up-to-date: /home/iot/ros2_ws/install/parc_robot_bringup/share/parc_robot_bringup/models/tomato_23/materials/textures/AG15frt1.png
[6.815s] -- Up-to-date: /home/iot/ros2_ws/install/parc_robot_bringup/share/parc_robot_bringup/models/tomato_23/materials/textures/AG15lef1.png
[6.816s] -- Up-to-date: /home/iot/ros2_ws/install/parc_robot_bringup/share/parc_robot_bringup/models/tomato_23/materials/textures/AG15brn1.png
[6.816s] -- Up-to-date: /home/iot/ros2_ws/install/parc_robot_bringup/share/parc_robot_bringup/models/tomato_23/materials/textures/AG15blo3.png
[6.816s] -- Up-to-date: /home/iot/ros2_ws/install/parc_robot_bringup/share/parc_robot_bringup/models/tomato_23/materials/textures/AG15lef2.png
[6.816s] -- Up-to-date: /home/iot/ros2_ws/install/parc_robot_bringup/share/parc_robot_bringup/models/tomato_23/materials/textures/AG15frt3.png
[6.817s] -- Up-to-date: /home/iot/ros2_ws/install/parc_robot_bringup/share/parc_robot_bringup/models/tomato_23/materials/textures/AG15frt4.png
[6.817s] -- Up-to-date: /home/iot/ros2_ws/install/parc_robot_bringup/share/parc_robot_bringup/models/tomato_23/materials/textures/AG15blo2.png
[6.817s] -- Up-to-date: /home/iot/ros2_ws/install/parc_robot_bringup/share/parc_robot_bringup/models/tomato_23/materials/textures/AG15frt2.png
[6.817s] -- Up-to-date: /home/iot/ros2_ws/install/parc_robot_bringup/share/parc_robot_bringup/models/tomato_23/materials/scripts
[6.817s] -- Up-to-date: /home/iot/ros2_ws/install/parc_robot_bringup/share/parc_robot_bringup/models/tomato_23/materials/scripts/fruit4.material
[6.818s] -- Up-to-date: /home/iot/ros2_ws/install/parc_robot_bringup/share/parc_robot_bringup/models/tomato_23/materials/scripts/branch.material
[6.818s] -- Up-to-date: /home/iot/ros2_ws/install/parc_robot_bringup/share/parc_robot_bringup/models/tomato_23/materials/scripts/blossom1.material
[6.818s] -- Up-to-date: /home/iot/ros2_ws/install/parc_robot_bringup/share/parc_robot_bringup/models/tomato_23/materials/scripts/leaf1.material
[6.818s] -- Up-to-date: /home/iot/ros2_ws/install/parc_robot_bringup/share/parc_robot_bringup/models/tomato_23/materials/scripts/blossom3.material
[6.819s] -- Up-to-date: /home/iot/ros2_ws/install/parc_robot_bringup/share/parc_robot_bringup/models/tomato_23/materials/scripts/leaf2.material
[6.819s] -- Up-to-date: /home/iot/ros2_ws/install/parc_robot_bringup/share/parc_robot_bringup/models/tomato_23/materials/scripts/fruit1.material
[6.819s] -- Up-to-date: /home/iot/ros2_ws/install/parc_robot_bringup/share/parc_robot_bringup/models/tomato_23/materials/scripts/blossom2.material
[6.819s] -- Up-to-date: /home/iot/ros2_ws/install/parc_robot_bringup/share/parc_robot_bringup/models/tomato_23/materials/scripts/fruit3.material
[6.820s] -- Up-to-date: /home/iot/ros2_ws/install/parc_robot_bringup/share/parc_robot_bringup/models/tomato_23/materials/scripts/fruit2.material
[6.820s] -- Up-to-date: /home/iot/ros2_ws/install/parc_robot_bringup/share/parc_robot_bringup/models/tomato_23/meshes
[6.820s] -- Up-to-date: /home/iot/ros2_ws/install/parc_robot_bringup/share/parc_robot_bringup/models/tomato_23/meshes/.gitignore
[6.820s] -- Up-to-date: /home/iot/ros2_ws/install/parc_robot_bringup/share/parc_robot_bringup/models/tomato_23/meshes/tomato.dae
[6.821s] -- Up-to-date: /home/iot/ros2_ws/install/parc_robot_bringup/share/parc_robot_bringup/models/tomato_23/model.sdf
[6.821s] -- Up-to-date: /home/iot/ros2_ws/install/parc_robot_bringup/share/parc_robot_bringup/models/tomato_23/markers.json
[6.821s] -- Up-to-date: /home/iot/ros2_ws/install/parc_robot_bringup/share/parc_robot_bringup/models/tomato_23/model.config
[6.821s] -- Up-to-date: /home/iot/ros2_ws/install/parc_robot_bringup/share/parc_robot_bringup/models/goal_location
[6.821s] -- Up-to-date: /home/iot/ros2_ws/install/parc_robot_bringup/share/parc_robot_bringup/models/goal_location/model.sdf
[6.822s] -- Up-to-date: /home/iot/ros2_ws/install/parc_robot_bringup/share/parc_robot_bringup/models/goal_location/model.config
[6.822s] -- Up-to-date: /home/iot/ros2_ws/install/parc_robot_bringup/share/parc_robot_bringup/models/tomato_32
[6.822s] -- Up-to-date: /home/iot/ros2_ws/install/parc_robot_bringup/share/parc_robot_bringup/models/tomato_32/materials
[6.822s] -- Up-to-date: /home/iot/ros2_ws/install/parc_robot_bringup/share/parc_robot_bringup/models/tomato_32/materials/textures
[6.823s] -- Up-to-date: /home/iot/ros2_ws/install/parc_robot_bringup/share/parc_robot_bringup/models/tomato_32/materials/textures/AG15brn1(copy).png
[6.823s] -- Up-to-date: /home/iot/ros2_ws/install/parc_robot_bringup/share/parc_robot_bringup/models/tomato_32/materials/textures/AG15blo1.png
[6.823s] -- Up-to-date: /home/iot/ros2_ws/install/parc_robot_bringup/share/parc_robot_bringup/models/tomato_32/materials/textures/AG15frt1.png
[6.823s] -- Up-to-date: /home/iot/ros2_ws/install/parc_robot_bringup/share/parc_robot_bringup/models/tomato_32/materials/textures/AG15lef1.png
[6.824s] -- Up-to-date: /home/iot/ros2_ws/install/parc_robot_bringup/share/parc_robot_bringup/models/tomato_32/materials/textures/AG15brn1.png
[6.824s] -- Up-to-date: /home/iot/ros2_ws/install/parc_robot_bringup/share/parc_robot_bringup/models/tomato_32/materials/textures/AG15blo3.png
[6.824s] -- Up-to-date: /home/iot/ros2_ws/install/parc_robot_bringup/share/parc_robot_bringup/models/tomato_32/materials/textures/AG15lef2.png
[6.824s] -- Up-to-date: /home/iot/ros2_ws/install/parc_robot_bringup/share/parc_robot_bringup/models/tomato_32/materials/textures/AG15frt3.png
[6.825s] -- Up-to-date: /home/iot/ros2_ws/install/parc_robot_bringup/share/parc_robot_bringup/models/tomato_32/materials/textures/AG15frt4.png
[6.825s] -- Up-to-date: /home/iot/ros2_ws/install/parc_robot_bringup/share/parc_robot_bringup/models/tomato_32/materials/textures/AG15blo2.png
[6.825s] -- Up-to-date: /home/iot/ros2_ws/install/parc_robot_bringup/share/parc_robot_bringup/models/tomato_32/materials/textures/AG15frt2.png
[6.825s] -- Up-to-date: /home/iot/ros2_ws/install/parc_robot_bringup/share/parc_robot_bringup/models/tomato_32/materials/scripts
[6.826s] -- Up-to-date: /home/iot/ros2_ws/install/parc_robot_bringup/share/parc_robot_bringup/models/tomato_32/materials/scripts/fruit4.material
[6.826s] -- Up-to-date: /home/iot/ros2_ws/install/parc_robot_bringup/share/parc_robot_bringup/models/tomato_32/materials/scripts/branch.material
[6.826s] -- Up-to-date: /home/iot/ros2_ws/install/parc_robot_bringup/share/parc_robot_bringup/models/tomato_32/materials/scripts/blossom1.material
[6.826s] -- Up-to-date: /home/iot/ros2_ws/install/parc_robot_bringup/share/parc_robot_bringup/models/tomato_32/materials/scripts/leaf1.material
[6.827s] -- Up-to-date: /home/iot/ros2_ws/install/parc_robot_bringup/share/parc_robot_bringup/models/tomato_32/materials/scripts/blossom3.material
[6.827s] -- Up-to-date: /home/iot/ros2_ws/install/parc_robot_bringup/share/parc_robot_bringup/models/tomato_32/materials/scripts/leaf2.material
[6.827s] -- Up-to-date: /home/iot/ros2_ws/install/parc_robot_bringup/share/parc_robot_bringup/models/tomato_32/materials/scripts/fruit1.material
[6.827s] -- Up-to-date: /home/iot/ros2_ws/install/parc_robot_bringup/share/parc_robot_bringup/models/tomato_32/materials/scripts/blossom2.material
[6.827s] -- Up-to-date: /home/iot/ros2_ws/install/parc_robot_bringup/share/parc_robot_bringup/models/tomato_32/materials/scripts/fruit3.material
[6.828s] -- Up-to-date: /home/iot/ros2_ws/install/parc_robot_bringup/share/parc_robot_bringup/models/tomato_32/materials/scripts/fruit2.material
[6.828s] -- Up-to-date: /home/iot/ros2_ws/install/parc_robot_bringup/share/parc_robot_bringup/models/tomato_32/meshes
[6.828s] -- Up-to-date: /home/iot/ros2_ws/install/parc_robot_bringup/share/parc_robot_bringup/models/tomato_32/meshes/.gitignore
[6.828s] -- Up-to-date: /home/iot/ros2_ws/install/parc_robot_bringup/share/parc_robot_bringup/models/tomato_32/meshes/tomato.dae
[6.829s] -- Up-to-date: /home/iot/ros2_ws/install/parc_robot_bringup/share/parc_robot_bringup/models/tomato_32/model.sdf
[6.829s] -- Up-to-date: /home/iot/ros2_ws/install/parc_robot_bringup/share/parc_robot_bringup/models/tomato_32/markers.json
[6.829s] -- Up-to-date: /home/iot/ros2_ws/install/parc_robot_bringup/share/parc_robot_bringup/models/tomato_32/model.config
[6.829s] -- Up-to-date: /home/iot/ros2_ws/install/parc_robot_bringup/share/parc_robot_bringup/models/tomato_33
[6.830s] -- Up-to-date: /home/iot/ros2_ws/install/parc_robot_bringup/share/parc_robot_bringup/models/tomato_33/materials
[6.830s] -- Up-to-date: /home/iot/ros2_ws/install/parc_robot_bringup/share/parc_robot_bringup/models/tomato_33/materials/textures
[6.830s] -- Up-to-date: /home/iot/ros2_ws/install/parc_robot_bringup/share/parc_robot_bringup/models/tomato_33/materials/textures/AG15brn1(copy).png
[6.830s] -- Up-to-date: /home/iot/ros2_ws/install/parc_robot_bringup/share/parc_robot_bringup/models/tomato_33/materials/textures/AG15blo1.png
[6.830s] -- Up-to-date: /home/iot/ros2_ws/install/parc_robot_bringup/share/parc_robot_bringup/models/tomato_33/materials/textures/AG15frt1.png
[6.831s] -- Up-to-date: /home/iot/ros2_ws/install/parc_robot_bringup/share/parc_robot_bringup/models/tomato_33/materials/textures/AG15lef1.png
[6.831s] -- Up-to-date: /home/iot/ros2_ws/install/parc_robot_bringup/share/parc_robot_bringup/models/tomato_33/materials/textures/AG15brn1.png
[6.831s] -- Up-to-date: /home/iot/ros2_ws/install/parc_robot_bringup/share/parc_robot_bringup/models/tomato_33/materials/textures/AG15blo3.png
[6.831s] -- Up-to-date: /home/iot/ros2_ws/install/parc_robot_bringup/share/parc_robot_bringup/models/tomato_33/materials/textures/AG15lef2.png
[6.832s] -- Up-to-date: /home/iot/ros2_ws/install/parc_robot_bringup/share/parc_robot_bringup/models/tomato_33/materials/textures/AG15frt3.png
[6.832s] -- Up-to-date: /home/iot/ros2_ws/install/parc_robot_bringup/share/parc_robot_bringup/models/tomato_33/materials/textures/AG15frt4.png
[6.832s] -- Up-to-date: /home/iot/ros2_ws/install/parc_robot_bringup/share/parc_robot_bringup/models/tomato_33/materials/textures/AG15blo2.png
[6.832s] -- Up-to-date: /home/iot/ros2_ws/install/parc_robot_bringup/share/parc_robot_bringup/models/tomato_33/materials/textures/AG15frt2.png
[6.833s] -- Up-to-date: /home/iot/ros2_ws/install/parc_robot_bringup/share/parc_robot_bringup/models/tomato_33/materials/scripts
[6.833s] -- Up-to-date: /home/iot/ros2_ws/install/parc_robot_bringup/share/parc_robot_bringup/models/tomato_33/materials/scripts/fruit4.material
[6.833s] -- Up-to-date: /home/iot/ros2_ws/install/parc_robot_bringup/share/parc_robot_bringup/models/tomato_33/materials/scripts/branch.material
[6.833s] -- Up-to-date: /home/iot/ros2_ws/install/parc_robot_bringup/share/parc_robot_bringup/models/tomato_33/materials/scripts/blossom1.material
[6.834s] -- Up-to-date: /home/iot/ros2_ws/install/parc_robot_bringup/share/parc_robot_bringup/models/tomato_33/materials/scripts/leaf1.material
[6.834s] -- Up-to-date: /home/iot/ros2_ws/install/parc_robot_bringup/share/parc_robot_bringup/models/tomato_33/materials/scripts/blossom3.material
[6.834s] -- Up-to-date: /home/iot/ros2_ws/install/parc_robot_bringup/share/parc_robot_bringup/models/tomato_33/materials/scripts/leaf2.material
[6.834s] -- Up-to-date: /home/iot/ros2_ws/install/parc_robot_bringup/share/parc_robot_bringup/models/tomato_33/materials/scripts/fruit1.material
[6.834s] -- Up-to-date: /home/iot/ros2_ws/install/parc_robot_bringup/share/parc_robot_bringup/models/tomato_33/materials/scripts/blossom2.material
[6.835s] -- Up-to-date: /home/iot/ros2_ws/install/parc_robot_bringup/share/parc_robot_bringup/models/tomato_33/materials/scripts/fruit3.material
[6.835s] -- Up-to-date: /home/iot/ros2_ws/install/parc_robot_bringup/share/parc_robot_bringup/models/tomato_33/materials/scripts/fruit2.material
[6.835s] -- Up-to-date: /home/iot/ros2_ws/install/parc_robot_bringup/share/parc_robot_bringup/models/tomato_33/meshes
[6.835s] -- Up-to-date: /home/iot/ros2_ws/install/parc_robot_bringup/share/parc_robot_bringup/models/tomato_33/meshes/.gitignore
[6.836s] -- Up-to-date: /home/iot/ros2_ws/install/parc_robot_bringup/share/parc_robot_bringup/models/tomato_33/meshes/tomato.dae
[6.836s] -- Up-to-date: /home/iot/ros2_ws/install/parc_robot_bringup/share/parc_robot_bringup/models/tomato_33/model.sdf
[6.836s] -- Up-to-date: /home/iot/ros2_ws/install/parc_robot_bringup/share/parc_robot_bringup/models/tomato_33/markers.json
[6.836s] -- Up-to-date: /home/iot/ros2_ws/install/parc_robot_bringup/share/parc_robot_bringup/models/tomato_33/model.config
[6.837s] -- Up-to-date: /home/iot/ros2_ws/install/parc_robot_bringup/share/parc_robot_bringup/models/tomato_18
[6.837s] -- Up-to-date: /home/iot/ros2_ws/install/parc_robot_bringup/share/parc_robot_bringup/models/tomato_18/materials
[6.837s] -- Up-to-date: /home/iot/ros2_ws/install/parc_robot_bringup/share/parc_robot_bringup/models/tomato_18/materials/textures
[6.837s] -- Up-to-date: /home/iot/ros2_ws/install/parc_robot_bringup/share/parc_robot_bringup/models/tomato_18/materials/textures/AG15brn1(copy).png
[6.837s] -- Up-to-date: /home/iot/ros2_ws/install/parc_robot_bringup/share/parc_robot_bringup/models/tomato_18/materials/textures/AG15blo1.png
[6.838s] -- Up-to-date: /home/iot/ros2_ws/install/parc_robot_bringup/share/parc_robot_bringup/models/tomato_18/materials/textures/AG15frt1.png
[6.838s] -- Up-to-date: /home/iot/ros2_ws/install/parc_robot_bringup/share/parc_robot_bringup/models/tomato_18/materials/textures/AG15lef1.png
[6.838s] -- Up-to-date: /home/iot/ros2_ws/install/parc_robot_bringup/share/parc_robot_bringup/models/tomato_18/materials/textures/AG15brn1.png
[6.838s] -- Up-to-date: /home/iot/ros2_ws/install/parc_robot_bringup/share/parc_robot_bringup/models/tomato_18/materials/textures/AG15blo3.png
[6.839s] -- Up-to-date: /home/iot/ros2_ws/install/parc_robot_bringup/share/parc_robot_bringup/models/tomato_18/materials/textures/AG15lef2.png
[6.839s] -- Up-to-date: /home/iot/ros2_ws/install/parc_robot_bringup/share/parc_robot_bringup/models/tomato_18/materials/textures/AG15frt3.png
[6.839s] -- Up-to-date: /home/iot/ros2_ws/install/parc_robot_bringup/share/parc_robot_bringup/models/tomato_18/materials/textures/AG15frt4.png
[6.839s] -- Up-to-date: /home/iot/ros2_ws/install/parc_robot_bringup/share/parc_robot_bringup/models/tomato_18/materials/textures/AG15blo2.png
[6.840s] -- Up-to-date: /home/iot/ros2_ws/install/parc_robot_bringup/share/parc_robot_bringup/models/tomato_18/materials/textures/AG15frt2.png
[6.840s] -- Up-to-date: /home/iot/ros2_ws/install/parc_robot_bringup/share/parc_robot_bringup/models/tomato_18/materials/scripts
[6.840s] -- Up-to-date: /home/iot/ros2_ws/install/parc_robot_bringup/share/parc_robot_bringup/models/tomato_18/materials/scripts/fruit4.material
[6.840s] -- Up-to-date: /home/iot/ros2_ws/install/parc_robot_bringup/share/parc_robot_bringup/models/tomato_18/materials/scripts/branch.material
[6.841s] -- Up-to-date: /home/iot/ros2_ws/install/parc_robot_bringup/share/parc_robot_bringup/models/tomato_18/materials/scripts/blossom1.material
[6.841s] -- Up-to-date: /home/iot/ros2_ws/install/parc_robot_bringup/share/parc_robot_bringup/models/tomato_18/materials/scripts/leaf1.material
[6.841s] -- Up-to-date: /home/iot/ros2_ws/install/parc_robot_bringup/share/parc_robot_bringup/models/tomato_18/materials/scripts/blossom3.material
[6.841s] -- Up-to-date: /home/iot/ros2_ws/install/parc_robot_bringup/share/parc_robot_bringup/models/tomato_18/materials/scripts/leaf2.material
[6.841s] -- Up-to-date: /home/iot/ros2_ws/install/parc_robot_bringup/share/parc_robot_bringup/models/tomato_18/materials/scripts/fruit1.material
[6.842s] -- Up-to-date: /home/iot/ros2_ws/install/parc_robot_bringup/share/parc_robot_bringup/models/tomato_18/materials/scripts/blossom2.material
[6.842s] -- Up-to-date: /home/iot/ros2_ws/install/parc_robot_bringup/share/parc_robot_bringup/models/tomato_18/materials/scripts/fruit3.material
[6.842s] -- Up-to-date: /home/iot/ros2_ws/install/parc_robot_bringup/share/parc_robot_bringup/models/tomato_18/materials/scripts/fruit2.material
[6.842s] -- Up-to-date: /home/iot/ros2_ws/install/parc_robot_bringup/share/parc_robot_bringup/models/tomato_18/meshes
[6.843s] -- Up-to-date: /home/iot/ros2_ws/install/parc_robot_bringup/share/parc_robot_bringup/models/tomato_18/meshes/.gitignore
[6.843s] -- Up-to-date: /home/iot/ros2_ws/install/parc_robot_bringup/share/parc_robot_bringup/models/tomato_18/meshes/tomato.dae
[6.843s] -- Up-to-date: /home/iot/ros2_ws/install/parc_robot_bringup/share/parc_robot_bringup/models/tomato_18/model.sdf
[6.843s] -- Up-to-date: /home/iot/ros2_ws/install/parc_robot_bringup/share/parc_robot_bringup/models/tomato_18/markers.json
[6.844s] -- Up-to-date: /home/iot/ros2_ws/install/parc_robot_bringup/share/parc_robot_bringup/models/tomato_18/model.config
[6.844s] -- Up-to-date: /home/iot/ros2_ws/install/parc_robot_bringup/share/parc_robot_bringup/models/materials
[6.844s] -- Up-to-date: /home/iot/ros2_ws/install/parc_robot_bringup/share/parc_robot_bringup/models/materials/textures
[6.844s] -- Up-to-date: /home/iot/ros2_ws/install/parc_robot_bringup/share/parc_robot_bringup/models/materials/textures/flat_normal.png
[6.844s] -- Up-to-date: /home/iot/ros2_ws/install/parc_robot_bringup/share/parc_robot_bringup/models/materials/textures/dirt_diffusespecular.png
[6.845s] -- Up-to-date: /home/iot/ros2_ws/install/parc_robot_bringup/share/parc_robot_bringup/models/materials/textures/grass_roughness.jpg
[6.845s] -- Up-to-date: /home/iot/ros2_ws/install/parc_robot_bringup/share/parc_robot_bringup/models/materials/textures/grass_displacement.jpg
[6.845s] -- Up-to-date: /home/iot/ros2_ws/install/parc_robot_bringup/share/parc_robot_bringup/models/materials/textures/grass_normal.jpg
[6.845s] -- Up-to-date: /home/iot/ros2_ws/install/parc_robot_bringup/share/parc_robot_bringup/models/materials/textures/fungus_diffusespecular.png
[6.846s] -- Up-to-date: /home/iot/ros2_ws/install/parc_robot_bringup/share/parc_robot_bringup/models/materials/textures/grass_color.jpg
[6.846s] -- Up-to-date: /home/iot/ros2_ws/install/parc_robot_bringup/share/parc_robot_bringup/models/materials/textures/plowed_soil.jpg
[6.846s] -- Up-to-date: /home/iot/ros2_ws/install/parc_robot_bringup/share/parc_robot_bringup/models/tomato_16
[6.846s] -- Up-to-date: /home/iot/ros2_ws/install/parc_robot_bringup/share/parc_robot_bringup/models/tomato_16/materials
[6.847s] -- Up-to-date: /home/iot/ros2_ws/install/parc_robot_bringup/share/parc_robot_bringup/models/tomato_16/materials/textures
[6.847s] -- Up-to-date: /home/iot/ros2_ws/install/parc_robot_bringup/share/parc_robot_bringup/models/tomato_16/materials/textures/AG15brn1(copy).png
[6.847s] -- Up-to-date: /home/iot/ros2_ws/install/parc_robot_bringup/share/parc_robot_bringup/models/tomato_16/materials/textures/AG15blo1.png
[6.847s] -- Up-to-date: /home/iot/ros2_ws/install/parc_robot_bringup/share/parc_robot_bringup/models/tomato_16/materials/textures/AG15frt1.png
[6.848s] -- Up-to-date: /home/iot/ros2_ws/install/parc_robot_bringup/share/parc_robot_bringup/models/tomato_16/materials/textures/AG15lef1.png
[6.848s] -- Up-to-date: /home/iot/ros2_ws/install/parc_robot_bringup/share/parc_robot_bringup/models/tomato_16/materials/textures/AG15brn1.png
[6.848s] -- Up-to-date: /home/iot/ros2_ws/install/parc_robot_bringup/share/parc_robot_bringup/models/tomato_16/materials/textures/AG15blo3.png
[6.848s] -- Up-to-date: /home/iot/ros2_ws/install/parc_robot_bringup/share/parc_robot_bringup/models/tomato_16/materials/textures/AG15lef2.png
[6.848s] -- Up-to-date: /home/iot/ros2_ws/install/parc_robot_bringup/share/parc_robot_bringup/models/tomato_16/materials/textures/AG15frt3.png
[6.849s] -- Up-to-date: /home/iot/ros2_ws/install/parc_robot_bringup/share/parc_robot_bringup/models/tomato_16/materials/textures/AG15frt4.png
[6.849s] -- Up-to-date: /home/iot/ros2_ws/install/parc_robot_bringup/share/parc_robot_bringup/models/tomato_16/materials/textures/AG15blo2.png
[6.849s] -- Up-to-date: /home/iot/ros2_ws/install/parc_robot_bringup/share/parc_robot_bringup/models/tomato_16/materials/textures/AG15frt2.png
[6.849s] -- Up-to-date: /home/iot/ros2_ws/install/parc_robot_bringup/share/parc_robot_bringup/models/tomato_16/materials/scripts
[6.850s] -- Up-to-date: /home/iot/ros2_ws/install/parc_robot_bringup/share/parc_robot_bringup/models/tomato_16/materials/scripts/fruit4.material
[6.850s] -- Up-to-date: /home/iot/ros2_ws/install/parc_robot_bringup/share/parc_robot_bringup/models/tomato_16/materials/scripts/branch.material
[6.850s] -- Up-to-date: /home/iot/ros2_ws/install/parc_robot_bringup/share/parc_robot_bringup/models/tomato_16/materials/scripts/blossom1.material
[6.850s] -- Up-to-date: /home/iot/ros2_ws/install/parc_robot_bringup/share/parc_robot_bringup/models/tomato_16/materials/scripts/leaf1.material
[6.851s] -- Up-to-date: /home/iot/ros2_ws/install/parc_robot_bringup/share/parc_robot_bringup/models/tomato_16/materials/scripts/blossom3.material
[6.851s] -- Up-to-date: /home/iot/ros2_ws/install/parc_robot_bringup/share/parc_robot_bringup/models/tomato_16/materials/scripts/leaf2.material
[6.851s] -- Up-to-date: /home/iot/ros2_ws/install/parc_robot_bringup/share/parc_robot_bringup/models/tomato_16/materials/scripts/fruit1.material
[6.852s] -- Up-to-date: /home/iot/ros2_ws/install/parc_robot_bringup/share/parc_robot_bringup/models/tomato_16/materials/scripts/blossom2.material
[6.852s] -- Up-to-date: /home/iot/ros2_ws/install/parc_robot_bringup/share/parc_robot_bringup/models/tomato_16/materials/scripts/fruit3.material
[6.852s] -- Up-to-date: /home/iot/ros2_ws/install/parc_robot_bringup/share/parc_robot_bringup/models/tomato_16/materials/scripts/fruit2.material
[6.852s] -- Up-to-date: /home/iot/ros2_ws/install/parc_robot_bringup/share/parc_robot_bringup/models/tomato_16/meshes
[6.853s] -- Up-to-date: /home/iot/ros2_ws/install/parc_robot_bringup/share/parc_robot_bringup/models/tomato_16/meshes/.gitignore
[6.853s] -- Up-to-date: /home/iot/ros2_ws/install/parc_robot_bringup/share/parc_robot_bringup/models/tomato_16/meshes/tomato.dae
[6.853s] -- Up-to-date: /home/iot/ros2_ws/install/parc_robot_bringup/share/parc_robot_bringup/models/tomato_16/model.sdf
[6.853s] -- Up-to-date: /home/iot/ros2_ws/install/parc_robot_bringup/share/parc_robot_bringup/models/tomato_16/markers.json
[6.854s] -- Up-to-date: /home/iot/ros2_ws/install/parc_robot_bringup/share/parc_robot_bringup/models/tomato_16/model.config
[6.854s] -- Up-to-date: /home/iot/ros2_ws/install/parc_robot_bringup/share/parc_robot_bringup/models/small_peg
[6.854s] -- Up-to-date: /home/iot/ros2_ws/install/parc_robot_bringup/share/parc_robot_bringup/models/small_peg/model.sdf
[6.854s] -- Up-to-date: /home/iot/ros2_ws/install/parc_robot_bringup/share/parc_robot_bringup/models/small_peg/model.config
[6.854s] -- Up-to-date: /home/iot/ros2_ws/install/parc_robot_bringup/share/parc_robot_bringup/models/my_grass_plane
[6.855s] -- Up-to-date: /home/iot/ros2_ws/install/parc_robot_bringup/share/parc_robot_bringup/models/my_grass_plane/materials
[6.855s] -- Up-to-date: /home/iot/ros2_ws/install/parc_robot_bringup/share/parc_robot_bringup/models/my_grass_plane/materials/textures
[6.855s] -- Up-to-date: /home/iot/ros2_ws/install/parc_robot_bringup/share/parc_robot_bringup/models/my_grass_plane/materials/textures/grass_grid.png
[6.855s] -- Up-to-date: /home/iot/ros2_ws/install/parc_robot_bringup/share/parc_robot_bringup/models/my_grass_plane/materials/textures/grass_color.jpg
[6.856s] -- Up-to-date: /home/iot/ros2_ws/install/parc_robot_bringup/share/parc_robot_bringup/models/my_grass_plane/materials/scripts
[6.856s] -- Up-to-date: /home/iot/ros2_ws/install/parc_robot_bringup/share/parc_robot_bringup/models/my_grass_plane/materials/scripts/my_grass_plane.material
[6.856s] -- Up-to-date: /home/iot/ros2_ws/install/parc_robot_bringup/share/parc_robot_bringup/models/my_grass_plane/model.sdf
[6.856s] -- Up-to-date: /home/iot/ros2_ws/install/parc_robot_bringup/share/parc_robot_bringup/models/my_grass_plane/model.config
[6.857s] -- Up-to-date: /home/iot/ros2_ws/install/parc_robot_bringup/share/parc_robot_bringup/models/mud_box
[6.857s] -- Up-to-date: /home/iot/ros2_ws/install/parc_robot_bringup/share/parc_robot_bringup/models/mud_box/model-1_4.sdf
[6.857s] -- Up-to-date: /home/iot/ros2_ws/install/parc_robot_bringup/share/parc_robot_bringup/models/mud_box/materials
[6.857s] -- Up-to-date: /home/iot/ros2_ws/install/parc_robot_bringup/share/parc_robot_bringup/models/mud_box/materials/textures
[6.857s] -- Up-to-date: /home/iot/ros2_ws/install/parc_robot_bringup/share/parc_robot_bringup/models/mud_box/materials/textures/mud_soft_leaves.png
[6.858s] -- Up-to-date: /home/iot/ros2_ws/install/parc_robot_bringup/share/parc_robot_bringup/models/mud_box/materials/scripts
[6.858s] -- Up-to-date: /home/iot/ros2_ws/install/parc_robot_bringup/share/parc_robot_bringup/models/mud_box/materials/scripts/mud.material
[6.858s] -- Up-to-date: /home/iot/ros2_ws/install/parc_robot_bringup/share/parc_robot_bringup/models/mud_box/model.sdf
[6.858s] -- Up-to-date: /home/iot/ros2_ws/install/parc_robot_bringup/share/parc_robot_bringup/models/mud_box/model (copy).sdf
[6.859s] -- Up-to-date: /home/iot/ros2_ws/install/parc_robot_bringup/share/parc_robot_bringup/models/mud_box/model.config
[6.859s] -- Up-to-date: /home/iot/ros2_ws/install/parc_robot_bringup/share/parc_robot_bringup/models/tomato_28
[6.859s] -- Up-to-date: /home/iot/ros2_ws/install/parc_robot_bringup/share/parc_robot_bringup/models/tomato_28/materials
[6.859s] -- Up-to-date: /home/iot/ros2_ws/install/parc_robot_bringup/share/parc_robot_bringup/models/tomato_28/materials/textures
[6.860s] -- Up-to-date: /home/iot/ros2_ws/install/parc_robot_bringup/share/parc_robot_bringup/models/tomato_28/materials/textures/AG15brn1(copy).png
[6.860s] -- Up-to-date: /home/iot/ros2_ws/install/parc_robot_bringup/share/parc_robot_bringup/models/tomato_28/materials/textures/AG15blo1.png
[6.860s] -- Up-to-date: /home/iot/ros2_ws/install/parc_robot_bringup/share/parc_robot_bringup/models/tomato_28/materials/textures/AG15frt1.png
[6.860s] -- Up-to-date: /home/iot/ros2_ws/install/parc_robot_bringup/share/parc_robot_bringup/models/tomato_28/materials/textures/AG15lef1.png
[6.860s] -- Up-to-date: /home/iot/ros2_ws/install/parc_robot_bringup/share/parc_robot_bringup/models/tomato_28/materials/textures/AG15brn1.png
[6.861s] -- Up-to-date: /home/iot/ros2_ws/install/parc_robot_bringup/share/parc_robot_bringup/models/tomato_28/materials/textures/AG15blo3.png
[6.861s] -- Up-to-date: /home/iot/ros2_ws/install/parc_robot_bringup/share/parc_robot_bringup/models/tomato_28/materials/textures/AG15lef2.png
[6.861s] -- Up-to-date: /home/iot/ros2_ws/install/parc_robot_bringup/share/parc_robot_bringup/models/tomato_28/materials/textures/AG15frt3.png
[6.862s] -- Up-to-date: /home/iot/ros2_ws/install/parc_robot_bringup/share/parc_robot_bringup/models/tomato_28/materials/textures/AG15frt4.png
[6.862s] -- Up-to-date: /home/iot/ros2_ws/install/parc_robot_bringup/share/parc_robot_bringup/models/tomato_28/materials/textures/AG15blo2.png
[6.862s] -- Up-to-date: /home/iot/ros2_ws/install/parc_robot_bringup/share/parc_robot_bringup/models/tomato_28/materials/textures/AG15frt2.png
[6.862s] -- Up-to-date: /home/iot/ros2_ws/install/parc_robot_bringup/share/parc_robot_bringup/models/tomato_28/materials/scripts
[6.863s] -- Up-to-date: /home/iot/ros2_ws/install/parc_robot_bringup/share/parc_robot_bringup/models/tomato_28/materials/scripts/fruit4.material
[6.863s] -- Up-to-date: /home/iot/ros2_ws/install/parc_robot_bringup/share/parc_robot_bringup/models/tomato_28/materials/scripts/branch.material
[6.863s] -- Up-to-date: /home/iot/ros2_ws/install/parc_robot_bringup/share/parc_robot_bringup/models/tomato_28/materials/scripts/blossom1.material
[6.863s] -- Up-to-date: /home/iot/ros2_ws/install/parc_robot_bringup/share/parc_robot_bringup/models/tomato_28/materials/scripts/leaf1.material
[6.864s] -- Up-to-date: /home/iot/ros2_ws/install/parc_robot_bringup/share/parc_robot_bringup/models/tomato_28/materials/scripts/blossom3.material
[6.864s] -- Up-to-date: /home/iot/ros2_ws/install/parc_robot_bringup/share/parc_robot_bringup/models/tomato_28/materials/scripts/leaf2.material
[6.864s] -- Up-to-date: /home/iot/ros2_ws/install/parc_robot_bringup/share/parc_robot_bringup/models/tomato_28/materials/scripts/fruit1.material
[6.864s] -- Up-to-date: /home/iot/ros2_ws/install/parc_robot_bringup/share/parc_robot_bringup/models/tomato_28/materials/scripts/blossom2.material
[6.865s] -- Up-to-date: /home/iot/ros2_ws/install/parc_robot_bringup/share/parc_robot_bringup/models/tomato_28/materials/scripts/fruit3.material
[6.865s] -- Up-to-date: /home/iot/ros2_ws/install/parc_robot_bringup/share/parc_robot_bringup/models/tomato_28/materials/scripts/fruit2.material
[6.865s] -- Up-to-date: /home/iot/ros2_ws/install/parc_robot_bringup/share/parc_robot_bringup/models/tomato_28/meshes
[6.865s] -- Up-to-date: /home/iot/ros2_ws/install/parc_robot_bringup/share/parc_robot_bringup/models/tomato_28/meshes/.gitignore
[6.866s] -- Up-to-date: /home/iot/ros2_ws/install/parc_robot_bringup/share/parc_robot_bringup/models/tomato_28/meshes/tomato.dae
[6.866s] -- Up-to-date: /home/iot/ros2_ws/install/parc_robot_bringup/share/parc_robot_bringup/models/tomato_28/model.sdf
[6.866s] -- Up-to-date: /home/iot/ros2_ws/install/parc_robot_bringup/share/parc_robot_bringup/models/tomato_28/markers.json
[6.866s] -- Up-to-date: /home/iot/ros2_ws/install/parc_robot_bringup/share/parc_robot_bringup/models/tomato_28/model.config
[6.866s] -- Up-to-date: /home/iot/ros2_ws/install/parc_robot_bringup/share/parc_robot_bringup/models/tomato_13
[6.867s] -- Up-to-date: /home/iot/ros2_ws/install/parc_robot_bringup/share/parc_robot_bringup/models/tomato_13/materials
[6.867s] -- Up-to-date: /home/iot/ros2_ws/install/parc_robot_bringup/share/parc_robot_bringup/models/tomato_13/materials/textures
[6.867s] -- Up-to-date: /home/iot/ros2_ws/install/parc_robot_bringup/share/parc_robot_bringup/models/tomato_13/materials/textures/AG15brn1(copy).png
[6.867s] -- Up-to-date: /home/iot/ros2_ws/install/parc_robot_bringup/share/parc_robot_bringup/models/tomato_13/materials/textures/AG15blo1.png
[6.868s] -- Up-to-date: /home/iot/ros2_ws/install/parc_robot_bringup/share/parc_robot_bringup/models/tomato_13/materials/textures/AG15frt1.png
[6.868s] -- Up-to-date: /home/iot/ros2_ws/install/parc_robot_bringup/share/parc_robot_bringup/models/tomato_13/materials/textures/AG15lef1.png
[6.868s] -- Up-to-date: /home/iot/ros2_ws/install/parc_robot_bringup/share/parc_robot_bringup/models/tomato_13/materials/textures/AG15brn1.png
[6.868s] -- Up-to-date: /home/iot/ros2_ws/install/parc_robot_bringup/share/parc_robot_bringup/models/tomato_13/materials/textures/AG15blo3.png
[6.869s] -- Up-to-date: /home/iot/ros2_ws/install/parc_robot_bringup/share/parc_robot_bringup/models/tomato_13/materials/textures/AG15lef2.png
[6.869s] -- Up-to-date: /home/iot/ros2_ws/install/parc_robot_bringup/share/parc_robot_bringup/models/tomato_13/materials/textures/AG15frt3.png
[6.869s] -- Up-to-date: /home/iot/ros2_ws/install/parc_robot_bringup/share/parc_robot_bringup/models/tomato_13/materials/textures/AG15frt4.png
[6.869s] -- Up-to-date: /home/iot/ros2_ws/install/parc_robot_bringup/share/parc_robot_bringup/models/tomato_13/materials/textures/AG15blo2.png
[6.869s] -- Up-to-date: /home/iot/ros2_ws/install/parc_robot_bringup/share/parc_robot_bringup/models/tomato_13/materials/textures/AG15frt2.png
[6.870s] -- Up-to-date: /home/iot/ros2_ws/install/parc_robot_bringup/share/parc_robot_bringup/models/tomato_13/materials/scripts
[6.870s] -- Up-to-date: /home/iot/ros2_ws/install/parc_robot_bringup/share/parc_robot_bringup/models/tomato_13/materials/scripts/fruit4.material
[6.870s] -- Up-to-date: /home/iot/ros2_ws/install/parc_robot_bringup/share/parc_robot_bringup/models/tomato_13/materials/scripts/branch.material
[6.870s] -- Up-to-date: /home/iot/ros2_ws/install/parc_robot_bringup/share/parc_robot_bringup/models/tomato_13/materials/scripts/blossom1.material
[6.871s] -- Up-to-date: /home/iot/ros2_ws/install/parc_robot_bringup/share/parc_robot_bringup/models/tomato_13/materials/scripts/leaf1.material
[6.871s] -- Up-to-date: /home/iot/ros2_ws/install/parc_robot_bringup/share/parc_robot_bringup/models/tomato_13/materials/scripts/blossom3.material
[6.871s] -- Up-to-date: /home/iot/ros2_ws/install/parc_robot_bringup/share/parc_robot_bringup/models/tomato_13/materials/scripts/leaf2.material
[6.871s] -- Up-to-date: /home/iot/ros2_ws/install/parc_robot_bringup/share/parc_robot_bringup/models/tomato_13/materials/scripts/fruit1.material
[6.872s] -- Up-to-date: /home/iot/ros2_ws/install/parc_robot_bringup/share/parc_robot_bringup/models/tomato_13/materials/scripts/blossom2.material
[6.872s] -- Up-to-date: /home/iot/ros2_ws/install/parc_robot_bringup/share/parc_robot_bringup/models/tomato_13/materials/scripts/fruit3.material
[6.872s] -- Up-to-date: /home/iot/ros2_ws/install/parc_robot_bringup/share/parc_robot_bringup/models/tomato_13/materials/scripts/fruit2.material
[6.872s] -- Up-to-date: /home/iot/ros2_ws/install/parc_robot_bringup/share/parc_robot_bringup/models/tomato_13/meshes
[6.873s] -- Up-to-date: /home/iot/ros2_ws/install/parc_robot_bringup/share/parc_robot_bringup/models/tomato_13/meshes/.gitignore
[6.873s] -- Up-to-date: /home/iot/ros2_ws/install/parc_robot_bringup/share/parc_robot_bringup/models/tomato_13/meshes/tomato.dae
[6.873s] -- Up-to-date: /home/iot/ros2_ws/install/parc_robot_bringup/share/parc_robot_bringup/models/tomato_13/model.sdf
[6.873s] -- Up-to-date: /home/iot/ros2_ws/install/parc_robot_bringup/share/parc_robot_bringup/models/tomato_13/markers.json
[6.873s] -- Up-to-date: /home/iot/ros2_ws/install/parc_robot_bringup/share/parc_robot_bringup/models/tomato_13/model.config
[6.874s] -- Up-to-date: /home/iot/ros2_ws/install/parc_robot_bringup/share/parc_robot_bringup/models/tomato_34
[6.874s] -- Up-to-date: /home/iot/ros2_ws/install/parc_robot_bringup/share/parc_robot_bringup/models/tomato_34/materials
[6.874s] -- Up-to-date: /home/iot/ros2_ws/install/parc_robot_bringup/share/parc_robot_bringup/models/tomato_34/materials/textures
[6.874s] -- Up-to-date: /home/iot/ros2_ws/install/parc_robot_bringup/share/parc_robot_bringup/models/tomato_34/materials/textures/AG15brn1(copy).png
[6.875s] -- Up-to-date: /home/iot/ros2_ws/install/parc_robot_bringup/share/parc_robot_bringup/models/tomato_34/materials/textures/AG15blo1.png
[6.875s] -- Up-to-date: /home/iot/ros2_ws/install/parc_robot_bringup/share/parc_robot_bringup/models/tomato_34/materials/textures/AG15frt1.png
[6.875s] -- Up-to-date: /home/iot/ros2_ws/install/parc_robot_bringup/share/parc_robot_bringup/models/tomato_34/materials/textures/AG15lef1.png
[6.875s] -- Up-to-date: /home/iot/ros2_ws/install/parc_robot_bringup/share/parc_robot_bringup/models/tomato_34/materials/textures/AG15brn1.png
[6.876s] -- Up-to-date: /home/iot/ros2_ws/install/parc_robot_bringup/share/parc_robot_bringup/models/tomato_34/materials/textures/AG15blo3.png
[6.876s] -- Up-to-date: /home/iot/ros2_ws/install/parc_robot_bringup/share/parc_robot_bringup/models/tomato_34/materials/textures/AG15lef2.png
[6.876s] -- Up-to-date: /home/iot/ros2_ws/install/parc_robot_bringup/share/parc_robot_bringup/models/tomato_34/materials/textures/AG15frt3.png
[6.876s] -- Up-to-date: /home/iot/ros2_ws/install/parc_robot_bringup/share/parc_robot_bringup/models/tomato_34/materials/textures/AG15frt4.png
[6.877s] -- Up-to-date: /home/iot/ros2_ws/install/parc_robot_bringup/share/parc_robot_bringup/models/tomato_34/materials/textures/AG15blo2.png
[6.877s] -- Up-to-date: /home/iot/ros2_ws/install/parc_robot_bringup/share/parc_robot_bringup/models/tomato_34/materials/textures/AG15frt2.png
[6.877s] -- Up-to-date: /home/iot/ros2_ws/install/parc_robot_bringup/share/parc_robot_bringup/models/tomato_34/materials/scripts
[6.878s] -- Up-to-date: /home/iot/ros2_ws/install/parc_robot_bringup/share/parc_robot_bringup/models/tomato_34/materials/scripts/fruit4.material
[6.878s] -- Up-to-date: /home/iot/ros2_ws/install/parc_robot_bringup/share/parc_robot_bringup/models/tomato_34/materials/scripts/branch.material
[6.879s] -- Up-to-date: /home/iot/ros2_ws/install/parc_robot_bringup/share/parc_robot_bringup/models/tomato_34/materials/scripts/blossom1.material
[6.879s] -- Up-to-date: /home/iot/ros2_ws/install/parc_robot_bringup/share/parc_robot_bringup/models/tomato_34/materials/scripts/leaf1.material
[6.880s] -- Up-to-date: /home/iot/ros2_ws/install/parc_robot_bringup/share/parc_robot_bringup/models/tomato_34/materials/scripts/blossom3.material
[6.880s] -- Up-to-date: /home/iot/ros2_ws/install/parc_robot_bringup/share/parc_robot_bringup/models/tomato_34/materials/scripts/leaf2.material
[6.880s] -- Up-to-date: /home/iot/ros2_ws/install/parc_robot_bringup/share/parc_robot_bringup/models/tomato_34/materials/scripts/fruit1.material
[6.880s] -- Up-to-date: /home/iot/ros2_ws/install/parc_robot_bringup/share/parc_robot_bringup/models/tomato_34/materials/scripts/blossom2.material
[6.881s] -- Up-to-date: /home/iot/ros2_ws/install/parc_robot_bringup/share/parc_robot_bringup/models/tomato_34/materials/scripts/fruit3.material
[6.881s] -- Up-to-date: /home/iot/ros2_ws/install/parc_robot_bringup/share/parc_robot_bringup/models/tomato_34/materials/scripts/fruit2.material
[6.881s] -- Up-to-date: /home/iot/ros2_ws/install/parc_robot_bringup/share/parc_robot_bringup/models/tomato_34/meshes
[6.881s] -- Up-to-date: /home/iot/ros2_ws/install/parc_robot_bringup/share/parc_robot_bringup/models/tomato_34/meshes/.gitignore
[6.882s] -- Up-to-date: /home/iot/ros2_ws/install/parc_robot_bringup/share/parc_robot_bringup/models/tomato_34/meshes/tomato.dae
[6.882s] -- Up-to-date: /home/iot/ros2_ws/install/parc_robot_bringup/share/parc_robot_bringup/models/tomato_34/model.sdf
[6.882s] -- Up-to-date: /home/iot/ros2_ws/install/parc_robot_bringup/share/parc_robot_bringup/models/tomato_34/markers.json
[6.882s] -- Up-to-date: /home/iot/ros2_ws/install/parc_robot_bringup/share/parc_robot_bringup/models/tomato_34/model.config
[6.883s] -- Up-to-date: /home/iot/ros2_ws/install/parc_robot_bringup/share/parc_robot_bringup/models/peg
[6.883s] -- Up-to-date: /home/iot/ros2_ws/install/parc_robot_bringup/share/parc_robot_bringup/models/peg/model.sdf
[6.883s] -- Up-to-date: /home/iot/ros2_ws/install/parc_robot_bringup/share/parc_robot_bringup/models/peg/model.config
[6.883s] -- Up-to-date: /home/iot/ros2_ws/install/parc_robot_bringup/share/parc_robot_bringup/rviz
[6.883s] -- Up-to-date: /home/iot/ros2_ws/install/parc_robot_bringup/share/parc_robot_bringup/rviz/task2.rviz
[6.884s] -- Up-to-date: /home/iot/ros2_ws/install/parc_robot_bringup/share/parc_robot_bringup/rviz/task1.rviz
[6.884s] -- Up-to-date: /home/iot/ros2_ws/install/parc_robot_bringup/share/parc_robot_bringup/rviz/parc_robot_bringup.rviz
[6.884s] -- Up-to-date: /home/iot/ros2_ws/install/parc_robot_bringup/share/parc_robot_bringup/worlds
[6.884s] -- Up-to-date: /home/iot/ros2_ws/install/parc_robot_bringup/share/parc_robot_bringup/worlds/parc_task1.world
[6.885s] -- Up-to-date: /home/iot/ros2_ws/install/parc_robot_bringup/share/parc_robot_bringup/worlds/world3.world
[6.885s] -- Up-to-date: /home/iot/ros2_ws/install/parc_robot_bringup/share/parc_robot_bringup/worlds/world1.world
[6.885s] -- Up-to-date: /home/iot/ros2_ws/install/parc_robot_bringup/share/parc_robot_bringup/worlds/world2.world
[6.885s] -- Up-to-date: /home/iot/ros2_ws/install/parc_robot_bringup/share/parc_robot_bringup/environment/pythonpath.sh
[6.886s] -- Installing: /home/iot/ros2_ws/install/parc_robot_bringup/share/parc_robot_bringup/environment/pythonpath.dsv
[6.886s] -- Up-to-date: /home/iot/ros2_ws/install/parc_robot_bringup/local/lib/python3.10/dist-packages/parc_robot_bringup-0.0.0-py3.10.egg-info
[6.886s] -- Installing: /home/iot/ros2_ws/install/parc_robot_bringup/local/lib/python3.10/dist-packages/parc_robot_bringup-0.0.0-py3.10.egg-info/PKG-INFO
[6.886s] -- Installing: /home/iot/ros2_ws/install/parc_robot_bringup/local/lib/python3.10/dist-packages/parc_robot_bringup-0.0.0-py3.10.egg-info/dependency_links.txt
[6.886s] -- Installing: /home/iot/ros2_ws/install/parc_robot_bringup/local/lib/python3.10/dist-packages/parc_robot_bringup-0.0.0-py3.10.egg-info/SOURCES.txt
[6.887s] -- Installing: /home/iot/ros2_ws/install/parc_robot_bringup/local/lib/python3.10/dist-packages/parc_robot_bringup-0.0.0-py3.10.egg-info/top_level.txt
[6.887s] -- Up-to-date: /home/iot/ros2_ws/install/parc_robot_bringup/local/lib/python3.10/dist-packages/parc_robot_bringup
[6.887s] -- Up-to-date: /home/iot/ros2_ws/install/parc_robot_bringup/local/lib/python3.10/dist-packages/parc_robot_bringup/__init__.py
[6.887s] -- Up-to-date: /home/iot/ros2_ws/install/parc_robot_bringup/local/lib/python3.10/dist-packages/parc_robot_bringup/gps2cartesian.py
[6.909s] Listing '/home/iot/ros2_ws/install/parc_robot_bringup/local/lib/python3.10/dist-packages/parc_robot_bringup'...
[6.923s] -- Up-to-date: /home/iot/ros2_ws/install/parc_robot_bringup/lib/parc_robot_bringup/load_task1_params.py
[6.924s] -- Up-to-date: /home/iot/ros2_ws/install/parc_robot_bringup/lib/parc_robot_bringup/parc_robot_route.py
[6.924s] -- Up-to-date: /home/iot/ros2_ws/install/parc_robot_bringup/lib/parc_robot_bringup/parc_robot_nav.py
[6.924s] -- Installing: /home/iot/ros2_ws/install/parc_robot_bringup/share/ament_index/resource_index/package_run_dependencies/parc_robot_bringup
[6.925s] -- Installing: /home/iot/ros2_ws/install/parc_robot_bringup/share/ament_index/resource_index/parent_prefix_path/parc_robot_bringup
[6.925s] -- Installing: /home/iot/ros2_ws/install/parc_robot_bringup/share/parc_robot_bringup/environment/ament_prefix_path.sh
[6.925s] -- Installing: /home/iot/ros2_ws/install/parc_robot_bringup/share/parc_robot_bringup/environment/ament_prefix_path.dsv
[6.926s] -- Installing: /home/iot/ros2_ws/install/parc_robot_bringup/share/parc_robot_bringup/environment/path.sh
[6.926s] -- Installing: /home/iot/ros2_ws/install/parc_robot_bringup/share/parc_robot_bringup/environment/path.dsv
[6.927s] -- Installing: /home/iot/ros2_ws/install/parc_robot_bringup/share/parc_robot_bringup/local_setup.bash
[6.928s] -- Installing: /home/iot/ros2_ws/install/parc_robot_bringup/share/parc_robot_bringup/local_setup.sh
[6.928s] -- Installing: /home/iot/ros2_ws/install/parc_robot_bringup/share/parc_robot_bringup/local_setup.zsh
[6.929s] -- Installing: /home/iot/ros2_ws/install/parc_robot_bringup/share/parc_robot_bringup/local_setup.dsv
[6.929s] -- Installing: /home/iot/ros2_ws/install/parc_robot_bringup/share/parc_robot_bringup/package.dsv
[6.930s] -- Installing: /home/iot/ros2_ws/install/parc_robot_bringup/share/ament_index/resource_index/packages/parc_robot_bringup
[6.930s] -- Installing: /home/iot/ros2_ws/install/parc_robot_bringup/share/parc_robot_bringup/cmake/parc_robot_bringupConfig.cmake
[6.931s] -- Installing: /home/iot/ros2_ws/install/parc_robot_bringup/share/parc_robot_bringup/cmake/parc_robot_bringupConfig-version.cmake
[6.931s] -- Installing: /home/iot/ros2_ws/install/parc_robot_bringup/share/parc_robot_bringup/package.xml
[6.940s] Invoked command in '/home/iot/ros2_ws/build/parc_robot_bringup' returned '0': AMENT_PREFIX_PATH=/home/iot/ros2_ws/install/parc_robot_interfaces:/home/iot/ros2_ws/install/parc_robot_description:${AMENT_PREFIX_PATH} CMAKE_PREFIX_PATH=/home/iot/ros2_ws/install/parc_robot_interfaces:/home/iot/ros2_ws/install/parc_robot_description:/opt/ros/humble LD_LIBRARY_PATH=/home/iot/ros2_ws/install/parc_robot_interfaces/lib:${LD_LIBRARY_PATH} PYTHONPATH=/home/iot/ros2_ws/install/parc_robot_interfaces/local/lib/python3.10/dist-packages:${PYTHONPATH} /usr/bin/cmake --install /home/iot/ros2_ws/build/parc_robot_bringup
