[0.046s] Invoking command in '/home/iot/ros2_ws/build/parc_robot': CMAKE_PREFIX_PATH=${CMAKE_PREFIX_PATH}:/opt/ros/humble /usr/bin/cmake --build /home/iot/ros2_ws/build/parc_robot -- -j8 -l8
[0.128s] Invoked command in '/home/iot/ros2_ws/build/parc_robot' returned '0': CMAKE_PREFIX_PATH=${CMAKE_PREFIX_PATH}:/opt/ros/humble /usr/bin/cmake --build /home/iot/ros2_ws/build/parc_robot -- -j8 -l8
[0.258s] Invoking command in '/home/iot/ros2_ws/build/parc_robot': CMAKE_PREFIX_PATH=${CMAKE_PREFIX_PATH}:/opt/ros/humble /usr/bin/cmake --install /home/iot/ros2_ws/build/parc_robot
[0.279s] -- Install configuration: ""
[0.282s] -- Up-to-date: /home/iot/ros2_ws/install/parc_robot/share/ament_index/resource_index/package_run_dependencies/parc_robot
[0.287s] -- Up-to-date: /home/iot/ros2_ws/install/parc_robot/share/ament_index/resource_index/parent_prefix_path/parc_robot
[0.289s] -- Up-to-date: /home/iot/ros2_ws/install/parc_robot/share/parc_robot/environment/ament_prefix_path.sh
[0.291s] -- Up-to-date: /home/iot/ros2_ws/install/parc_robot/share/parc_robot/environment/ament_prefix_path.dsv
[0.292s] -- Up-to-date: /home/iot/ros2_ws/install/parc_robot/share/parc_robot/environment/path.sh
[0.293s] -- Up-to-date: /home/iot/ros2_ws/install/parc_robot/share/parc_robot/environment/path.dsv
[0.294s] -- Up-to-date: /home/iot/ros2_ws/install/parc_robot/share/parc_robot/local_setup.bash
[0.294s] -- Up-to-date: /home/iot/ros2_ws/install/parc_robot/share/parc_robot/local_setup.sh
[0.294s] -- Up-to-date: /home/iot/ros2_ws/install/parc_robot/share/parc_robot/local_setup.zsh
[0.294s] -- Up-to-date: /home/iot/ros2_ws/install/parc_robot/share/parc_robot/local_setup.dsv
[0.295s] -- Installing: /home/iot/ros2_ws/install/parc_robot/share/parc_robot/package.dsv
[0.295s] -- Up-to-date: /home/iot/ros2_ws/install/parc_robot/share/ament_index/resource_index/packages/parc_robot
[0.295s] -- Up-to-date: /home/iot/ros2_ws/install/parc_robot/share/parc_robot/cmake/parc_robotConfig.cmake
[0.295s] -- Up-to-date: /home/iot/ros2_ws/install/parc_robot/share/parc_robot/cmake/parc_robotConfig-version.cmake
[0.296s] -- Up-to-date: /home/iot/ros2_ws/install/parc_robot/share/parc_robot/package.xml
[0.299s] Invoked command in '/home/iot/ros2_ws/build/parc_robot' returned '0': CMAKE_PREFIX_PATH=${CMAKE_PREFIX_PATH}:/opt/ros/humble /usr/bin/cmake --install /home/iot/ros2_ws/build/parc_robot
