[0.040s] Invoking command in '/home/iot/ros2_ws/build/parc_robot_bringup': CMAKE_PREFIX_PATH=/home/iot/ros2_ws/install/parc_robot_interfaces:/home/iot/ros2_ws/install/parc_robot_description:/home/iot/ros2_ws/install/parc_robot_bringup:/home/iot/ros2_ws/install/parc_robot:/opt/ros/humble /usr/bin/cmake --build /home/iot/ros2_ws/build/parc_robot_bringup -- -j8 -l8
[0.171s] Built target ament_cmake_python_copy_parc_robot_bringup
[0.820s] running egg_info
[0.823s] writing parc_robot_bringup.egg-info/PKG-INFO
[0.823s] writing dependency_links to parc_robot_bringup.egg-info/dependency_links.txt
[0.823s] writing top-level names to parc_robot_bringup.egg-info/top_level.txt
[0.827s] reading manifest file 'parc_robot_bringup.egg-info/SOURCES.txt'
[0.830s] writing manifest file 'parc_robot_bringup.egg-info/SOURCES.txt'
[0.880s] Built target ament_cmake_python_build_parc_robot_bringup_egg
[0.913s] Invoked command in '/home/iot/ros2_ws/build/parc_robot_bringup' returned '0': CMAKE_PREFIX_PATH=/home/iot/ros2_ws/install/parc_robot_interfaces:/home/iot/ros2_ws/install/parc_robot_description:/home/iot/ros2_ws/install/parc_robot_bringup:/home/iot/ros2_ws/install/parc_robot:/opt/ros/humble /usr/bin/cmake --build /home/iot/ros2_ws/build/parc_robot_bringup -- -j8 -l8
[1.005s] Invoking command in '/home/iot/ros2_ws/build/parc_robot_bringup': CMAKE_PREFIX_PATH=/home/iot/ros2_ws/install/parc_robot_interfaces:/home/iot/ros2_ws/install/parc_robot_description:/home/iot/ros2_ws/install/parc_robot_bringup:/home/iot/ros2_ws/install/parc_robot:/opt/ros/humble /usr/bin/cmake --install /home/iot/ros2_ws/build/parc_robot_bringup
[1.027s] -- Install configuration: ""
[1.027s] -- Up-to-date: /home/iot/ros2_ws/install/parc_robot_bringup/share/parc_robot_bringup/config
[1.028s] -- Up-to-date: /home/iot/ros2_ws/install/parc_robot_bringup/share/parc_robot_bringup/config/controllers.yaml
[1.028s] -- Up-to-date: /home/iot/ros2_ws/install/parc_robot_bringup/share/parc_robot_bringup/config/route1_world_coordinates.yaml
[1.028s] -- Up-to-date: /home/iot/ros2_ws/install/parc_robot_bringup/share/parc_robot_bringup/config/route2_world_coordinates.yaml
[1.028s] -- Up-to-date: /home/iot/ros2_ws/install/parc_robot_bringup/share/parc_robot_bringup/config/gazebo_params.yaml
[1.029s] -- Up-to-date: /home/iot/ros2_ws/install/parc_robot_bringup/share/parc_robot_bringup/config/task1_route3_params.yaml
[1.029s] -- Up-to-date: /home/iot/ros2_ws/install/parc_robot_bringup/share/parc_robot_bringup/config/task1_route1_params.yaml
[1.029s] -- Up-to-date: /home/iot/ros2_ws/install/parc_robot_bringup/share/parc_robot_bringup/config/gazebo_ros2_ctl_use_sim.yaml
[1.029s] -- Up-to-date: /home/iot/ros2_ws/install/parc_robot_bringup/share/parc_robot_bringup/config/route3_world_coordinates.yaml
[1.029s] -- Up-to-date: /home/iot/ros2_ws/install/parc_robot_bringup/share/parc_robot_bringup/config/task1_route2_params.yaml
[1.029s] -- Up-to-date: /home/iot/ros2_ws/install/parc_robot_bringup/share/parc_robot_bringup/launch
[1.030s] -- Up-to-date: /home/iot/ros2_ws/install/parc_robot_bringup/share/parc_robot_bringup/launch/task1_launch.py
[1.030s] -- Up-to-date: /home/iot/ros2_ws/install/parc_robot_bringup/share/parc_robot_bringup/launch/task2_launch.py
[1.030s] -- Up-to-date: /home/iot/ros2_ws/install/parc_robot_bringup/share/parc_robot_bringup/models
[1.030s] -- Up-to-date: /home/iot/ros2_ws/install/parc_robot_bringup/share/parc_robot_bringup/models/tomato_9
[1.030s] -- Up-to-date: /home/iot/ros2_ws/install/parc_robot_bringup/share/parc_robot_bringup/models/tomato_9/materials
[1.031s] -- Up-to-date: /home/iot/ros2_ws/install/parc_robot_bringup/share/parc_robot_bringup/models/tomato_9/materials/textures
[1.031s] -- Up-to-date: /home/iot/ros2_ws/install/parc_robot_bringup/share/parc_robot_bringup/models/tomato_9/materials/textures/AG15brn1(copy).png
[1.031s] -- Up-to-date: /home/iot/ros2_ws/install/parc_robot_bringup/share/parc_robot_bringup/models/tomato_9/materials/textures/AG15blo1.png
[1.032s] -- Up-to-date: /home/iot/ros2_ws/install/parc_robot_bringup/share/parc_robot_bringup/models/tomato_9/materials/textures/AG15frt1.png
[1.032s] -- Up-to-date: /home/iot/ros2_ws/install/parc_robot_bringup/share/parc_robot_bringup/models/tomato_9/materials/textures/AG15lef1.png
[1.032s] -- Up-to-date: /home/iot/ros2_ws/install/parc_robot_bringup/share/parc_robot_bringup/models/tomato_9/materials/textures/AG15brn1.png
[1.032s] -- Up-to-date: /home/iot/ros2_ws/install/parc_robot_bringup/share/parc_robot_bringup/models/tomato_9/materials/textures/AG15blo3.png
[1.032s] -- Up-to-date: /home/iot/ros2_ws/install/parc_robot_bringup/share/parc_robot_bringup/models/tomato_9/materials/textures/AG15lef2.png
[1.032s] -- Up-to-date: /home/iot/ros2_ws/install/parc_robot_bringup/share/parc_robot_bringup/models/tomato_9/materials/textures/AG15frt3.png
[1.033s] -- Up-to-date: /home/iot/ros2_ws/install/parc_robot_bringup/share/parc_robot_bringup/models/tomato_9/materials/textures/AG15frt4.png
[1.033s] -- Up-to-date: /home/iot/ros2_ws/install/parc_robot_bringup/share/parc_robot_bringup/models/tomato_9/materials/textures/AG15blo2.png
[1.033s] -- Up-to-date: /home/iot/ros2_ws/install/parc_robot_bringup/share/parc_robot_bringup/models/tomato_9/materials/textures/AG15frt2.png
[1.033s] -- Up-to-date: /home/iot/ros2_ws/install/parc_robot_bringup/share/parc_robot_bringup/models/tomato_9/materials/scripts
[1.033s] -- Up-to-date: /home/iot/ros2_ws/install/parc_robot_bringup/share/parc_robot_bringup/models/tomato_9/materials/scripts/fruit4.material
[1.033s] -- Up-to-date: /home/iot/ros2_ws/install/parc_robot_bringup/share/parc_robot_bringup/models/tomato_9/materials/scripts/branch.material
[1.034s] -- Up-to-date: /home/iot/ros2_ws/install/parc_robot_bringup/share/parc_robot_bringup/models/tomato_9/materials/scripts/blossom1.material
[1.034s] -- Up-to-date: /home/iot/ros2_ws/install/parc_robot_bringup/share/parc_robot_bringup/models/tomato_9/materials/scripts/leaf1.material
[1.034s] -- Up-to-date: /home/iot/ros2_ws/install/parc_robot_bringup/share/parc_robot_bringup/models/tomato_9/materials/scripts/blossom3.material
[1.034s] -- Up-to-date: /home/iot/ros2_ws/install/parc_robot_bringup/share/parc_robot_bringup/models/tomato_9/materials/scripts/leaf2.material
[1.034s] -- Up-to-date: /home/iot/ros2_ws/install/parc_robot_bringup/share/parc_robot_bringup/models/tomato_9/materials/scripts/fruit1.material
[1.034s] -- Up-to-date: /home/iot/ros2_ws/install/parc_robot_bringup/share/parc_robot_bringup/models/tomato_9/materials/scripts/blossom2.material
[1.035s] -- Up-to-date: /home/iot/ros2_ws/install/parc_robot_bringup/share/parc_robot_bringup/models/tomato_9/materials/scripts/fruit3.material
[1.035s] -- Up-to-date: /home/iot/ros2_ws/install/parc_robot_bringup/share/parc_robot_bringup/models/tomato_9/materials/scripts/fruit2.material
[1.038s] -- Up-to-date: /home/iot/ros2_ws/install/parc_robot_bringup/share/parc_robot_bringup/models/tomato_9/meshes
[1.039s] -- Up-to-date: /home/iot/ros2_ws/install/parc_robot_bringup/share/parc_robot_bringup/models/tomato_9/meshes/.gitignore
[1.040s] -- Up-to-date: /home/iot/ros2_ws/install/parc_robot_bringup/share/parc_robot_bringup/models/tomato_9/meshes/tomato.dae
[1.041s] -- Up-to-date: /home/iot/ros2_ws/install/parc_robot_bringup/share/parc_robot_bringup/models/tomato_9/model.sdf
[1.042s] -- Up-to-date: /home/iot/ros2_ws/install/parc_robot_bringup/share/parc_robot_bringup/models/tomato_9/markers.json
[1.044s] -- Up-to-date: /home/iot/ros2_ws/install/parc_robot_bringup/share/parc_robot_bringup/models/tomato_9/model.config
[1.045s] -- Up-to-date: /home/iot/ros2_ws/install/parc_robot_bringup/share/parc_robot_bringup/models/tomato_27
[1.046s] -- Up-to-date: /home/iot/ros2_ws/install/parc_robot_bringup/share/parc_robot_bringup/models/tomato_27/materials
[1.047s] -- Up-to-date: /home/iot/ros2_ws/install/parc_robot_bringup/share/parc_robot_bringup/models/tomato_27/materials/textures
[1.048s] -- Up-to-date: /home/iot/ros2_ws/install/parc_robot_bringup/share/parc_robot_bringup/models/tomato_27/materials/textures/AG15brn1(copy).png
[1.053s] -- Up-to-date: /home/iot/ros2_ws/install/parc_robot_bringup/share/parc_robot_bringup/models/tomato_27/materials/textures/AG15blo1.png
[1.054s] -- Up-to-date: /home/iot/ros2_ws/install/parc_robot_bringup/share/parc_robot_bringup/models/tomato_27/materials/textures/AG15frt1.png
[1.055s] -- Up-to-date: /home/iot/ros2_ws/install/parc_robot_bringup/share/parc_robot_bringup/models/tomato_27/materials/textures/AG15lef1.png
[1.055s] -- Up-to-date: /home/iot/ros2_ws/install/parc_robot_bringup/share/parc_robot_bringup/models/tomato_27/materials/textures/AG15brn1.png
[1.056s] -- Up-to-date: /home/iot/ros2_ws/install/parc_robot_bringup/share/parc_robot_bringup/models/tomato_27/materials/textures/AG15blo3.png
[1.057s] -- Up-to-date: /home/iot/ros2_ws/install/parc_robot_bringup/share/parc_robot_bringup/models/tomato_27/materials/textures/AG15lef2.png
[1.058s] -- Up-to-date: /home/iot/ros2_ws/install/parc_robot_bringup/share/parc_robot_bringup/models/tomato_27/materials/textures/AG15frt3.png
[1.059s] -- Up-to-date: /home/iot/ros2_ws/install/parc_robot_bringup/share/parc_robot_bringup/models/tomato_27/materials/textures/AG15frt4.png
[1.060s] -- Up-to-date: /home/iot/ros2_ws/install/parc_robot_bringup/share/parc_robot_bringup/models/tomato_27/materials/textures/AG15blo2.png
[1.060s] -- Up-to-date: /home/iot/ros2_ws/install/parc_robot_bringup/share/parc_robot_bringup/models/tomato_27/materials/textures/AG15frt2.png
[1.061s] -- Up-to-date: /home/iot/ros2_ws/install/parc_robot_bringup/share/parc_robot_bringup/models/tomato_27/materials/scripts
[1.061s] -- Up-to-date: /home/iot/ros2_ws/install/parc_robot_bringup/share/parc_robot_bringup/models/tomato_27/materials/scripts/fruit4.material
[1.061s] -- Up-to-date: /home/iot/ros2_ws/install/parc_robot_bringup/share/parc_robot_bringup/models/tomato_27/materials/scripts/branch.material
[1.062s] -- Up-to-date: /home/iot/ros2_ws/install/parc_robot_bringup/share/parc_robot_bringup/models/tomato_27/materials/scripts/blossom1.material
[1.062s] -- Up-to-date: /home/iot/ros2_ws/install/parc_robot_bringup/share/parc_robot_bringup/models/tomato_27/materials/scripts/leaf1.material
[1.062s] -- Up-to-date: /home/iot/ros2_ws/install/parc_robot_bringup/share/parc_robot_bringup/models/tomato_27/materials/scripts/blossom3.material
[1.062s] -- Up-to-date: /home/iot/ros2_ws/install/parc_robot_bringup/share/parc_robot_bringup/models/tomato_27/materials/scripts/leaf2.material
[1.062s] -- Up-to-date: /home/iot/ros2_ws/install/parc_robot_bringup/share/parc_robot_bringup/models/tomato_27/materials/scripts/fruit1.material
[1.062s] -- Up-to-date: /home/iot/ros2_ws/install/parc_robot_bringup/share/parc_robot_bringup/models/tomato_27/materials/scripts/blossom2.material
[1.063s] -- Up-to-date: /home/iot/ros2_ws/install/parc_robot_bringup/share/parc_robot_bringup/models/tomato_27/materials/scripts/fruit3.material
[1.063s] -- Up-to-date: /home/iot/ros2_ws/install/parc_robot_bringup/share/parc_robot_bringup/models/tomato_27/materials/scripts/fruit2.material
[1.063s] -- Up-to-date: /home/iot/ros2_ws/install/parc_robot_bringup/share/parc_robot_bringup/models/tomato_27/meshes
[1.063s] -- Up-to-date: /home/iot/ros2_ws/install/parc_robot_bringup/share/parc_robot_bringup/models/tomato_27/meshes/.gitignore
[1.063s] -- Up-to-date: /home/iot/ros2_ws/install/parc_robot_bringup/share/parc_robot_bringup/models/tomato_27/meshes/tomato.dae
[1.063s] -- Up-to-date: /home/iot/ros2_ws/install/parc_robot_bringup/share/parc_robot_bringup/models/tomato_27/model.sdf
[1.064s] -- Up-to-date: /home/iot/ros2_ws/install/parc_robot_bringup/share/parc_robot_bringup/models/tomato_27/markers.json
[1.064s] -- Up-to-date: /home/iot/ros2_ws/install/parc_robot_bringup/share/parc_robot_bringup/models/tomato_27/model.config
[1.064s] -- Up-to-date: /home/iot/ros2_ws/install/parc_robot_bringup/share/parc_robot_bringup/models/tomato_26
[1.064s] -- Up-to-date: /home/iot/ros2_ws/install/parc_robot_bringup/share/parc_robot_bringup/models/tomato_26/materials
[1.064s] -- Up-to-date: /home/iot/ros2_ws/install/parc_robot_bringup/share/parc_robot_bringup/models/tomato_26/materials/textures
[1.064s] -- Up-to-date: /home/iot/ros2_ws/install/parc_robot_bringup/share/parc_robot_bringup/models/tomato_26/materials/textures/AG15brn1(copy).png
[1.065s] -- Up-to-date: /home/iot/ros2_ws/install/parc_robot_bringup/share/parc_robot_bringup/models/tomato_26/materials/textures/AG15blo1.png
[1.065s] -- Up-to-date: /home/iot/ros2_ws/install/parc_robot_bringup/share/parc_robot_bringup/models/tomato_26/materials/textures/AG15frt1.png
[1.065s] -- Up-to-date: /home/iot/ros2_ws/install/parc_robot_bringup/share/parc_robot_bringup/models/tomato_26/materials/textures/AG15lef1.png
[1.065s] -- Up-to-date: /home/iot/ros2_ws/install/parc_robot_bringup/share/parc_robot_bringup/models/tomato_26/materials/textures/AG15brn1.png
[1.065s] -- Up-to-date: /home/iot/ros2_ws/install/parc_robot_bringup/share/parc_robot_bringup/models/tomato_26/materials/textures/AG15blo3.png
[1.065s] -- Up-to-date: /home/iot/ros2_ws/install/parc_robot_bringup/share/parc_robot_bringup/models/tomato_26/materials/textures/AG15lef2.png
[1.066s] -- Up-to-date: /home/iot/ros2_ws/install/parc_robot_bringup/share/parc_robot_bringup/models/tomato_26/materials/textures/AG15frt3.png
[1.066s] -- Up-to-date: /home/iot/ros2_ws/install/parc_robot_bringup/share/parc_robot_bringup/models/tomato_26/materials/textures/AG15frt4.png
[1.066s] -- Up-to-date: /home/iot/ros2_ws/install/parc_robot_bringup/share/parc_robot_bringup/models/tomato_26/materials/textures/AG15blo2.png
[1.066s] -- Up-to-date: /home/iot/ros2_ws/install/parc_robot_bringup/share/parc_robot_bringup/models/tomato_26/materials/textures/AG15frt2.png
[1.066s] -- Up-to-date: /home/iot/ros2_ws/install/parc_robot_bringup/share/parc_robot_bringup/models/tomato_26/materials/scripts
[1.066s] -- Up-to-date: /home/iot/ros2_ws/install/parc_robot_bringup/share/parc_robot_bringup/models/tomato_26/materials/scripts/fruit4.material
[1.067s] -- Up-to-date: /home/iot/ros2_ws/install/parc_robot_bringup/share/parc_robot_bringup/models/tomato_26/materials/scripts/branch.material
[1.067s] -- Up-to-date: /home/iot/ros2_ws/install/parc_robot_bringup/share/parc_robot_bringup/models/tomato_26/materials/scripts/blossom1.material
[1.073s] -- Up-to-date: /home/iot/ros2_ws/install/parc_robot_bringup/share/parc_robot_bringup/models/tomato_26/materials/scripts/leaf1.material
[1.074s] -- Up-to-date: /home/iot/ros2_ws/install/parc_robot_bringup/share/parc_robot_bringup/models/tomato_26/materials/scripts/blossom3.material
[1.074s] -- Up-to-date: /home/iot/ros2_ws/install/parc_robot_bringup/share/parc_robot_bringup/models/tomato_26/materials/scripts/leaf2.material
[1.074s] -- Up-to-date: /home/iot/ros2_ws/install/parc_robot_bringup/share/parc_robot_bringup/models/tomato_26/materials/scripts/fruit1.material
[1.074s] -- Up-to-date: /home/iot/ros2_ws/install/parc_robot_bringup/share/parc_robot_bringup/models/tomato_26/materials/scripts/blossom2.material
[1.075s] -- Up-to-date: /home/iot/ros2_ws/install/parc_robot_bringup/share/parc_robot_bringup/models/tomato_26/materials/scripts/fruit3.material
[1.075s] -- Up-to-date: /home/iot/ros2_ws/install/parc_robot_bringup/share/parc_robot_bringup/models/tomato_26/materials/scripts/fruit2.material
[1.075s] -- Up-to-date: /home/iot/ros2_ws/install/parc_robot_bringup/share/parc_robot_bringup/models/tomato_26/meshes
[1.075s] -- Up-to-date: /home/iot/ros2_ws/install/parc_robot_bringup/share/parc_robot_bringup/models/tomato_26/meshes/.gitignore
[1.075s] -- Up-to-date: /home/iot/ros2_ws/install/parc_robot_bringup/share/parc_robot_bringup/models/tomato_26/meshes/tomato.dae
[1.075s] -- Up-to-date: /home/iot/ros2_ws/install/parc_robot_bringup/share/parc_robot_bringup/models/tomato_26/model.sdf
[1.076s] -- Up-to-date: /home/iot/ros2_ws/install/parc_robot_bringup/share/parc_robot_bringup/models/tomato_26/markers.json
[1.076s] -- Up-to-date: /home/iot/ros2_ws/install/parc_robot_bringup/share/parc_robot_bringup/models/tomato_26/model.config
[1.076s] -- Up-to-date: /home/iot/ros2_ws/install/parc_robot_bringup/share/parc_robot_bringup/models/tomato_44
[1.076s] -- Up-to-date: /home/iot/ros2_ws/install/parc_robot_bringup/share/parc_robot_bringup/models/tomato_44/materials
[1.076s] -- Up-to-date: /home/iot/ros2_ws/install/parc_robot_bringup/share/parc_robot_bringup/models/tomato_44/materials/textures
[1.076s] -- Up-to-date: /home/iot/ros2_ws/install/parc_robot_bringup/share/parc_robot_bringup/models/tomato_44/materials/textures/AG15brn1(copy).png
[1.077s] -- Up-to-date: /home/iot/ros2_ws/install/parc_robot_bringup/share/parc_robot_bringup/models/tomato_44/materials/textures/AG15blo1.png
[1.077s] -- Up-to-date: /home/iot/ros2_ws/install/parc_robot_bringup/share/parc_robot_bringup/models/tomato_44/materials/textures/AG15frt1.png
[1.077s] -- Up-to-date: /home/iot/ros2_ws/install/parc_robot_bringup/share/parc_robot_bringup/models/tomato_44/materials/textures/AG15lef1.png
[1.077s] -- Up-to-date: /home/iot/ros2_ws/install/parc_robot_bringup/share/parc_robot_bringup/models/tomato_44/materials/textures/AG15brn1.png
[1.077s] -- Up-to-date: /home/iot/ros2_ws/install/parc_robot_bringup/share/parc_robot_bringup/models/tomato_44/materials/textures/AG15blo3.png
[1.077s] -- Up-to-date: /home/iot/ros2_ws/install/parc_robot_bringup/share/parc_robot_bringup/models/tomato_44/materials/textures/AG15lef2.png
[1.078s] -- Up-to-date: /home/iot/ros2_ws/install/parc_robot_bringup/share/parc_robot_bringup/models/tomato_44/materials/textures/AG15frt3.png
[1.078s] -- Up-to-date: /home/iot/ros2_ws/install/parc_robot_bringup/share/parc_robot_bringup/models/tomato_44/materials/textures/AG15frt4.png
[1.078s] -- Up-to-date: /home/iot/ros2_ws/install/parc_robot_bringup/share/parc_robot_bringup/models/tomato_44/materials/textures/AG15blo2.png
[1.078s] -- Up-to-date: /home/iot/ros2_ws/install/parc_robot_bringup/share/parc_robot_bringup/models/tomato_44/materials/textures/AG15frt2.png
[1.078s] -- Up-to-date: /home/iot/ros2_ws/install/parc_robot_bringup/share/parc_robot_bringup/models/tomato_44/materials/scripts
[1.078s] -- Up-to-date: /home/iot/ros2_ws/install/parc_robot_bringup/share/parc_robot_bringup/models/tomato_44/materials/scripts/fruit4.material
[1.079s] -- Up-to-date: /home/iot/ros2_ws/install/parc_robot_bringup/share/parc_robot_bringup/models/tomato_44/materials/scripts/branch.material
[1.079s] -- Up-to-date: /home/iot/ros2_ws/install/parc_robot_bringup/share/parc_robot_bringup/models/tomato_44/materials/scripts/blossom1.material
[1.091s] -- Up-to-date: /home/iot/ros2_ws/install/parc_robot_bringup/share/parc_robot_bringup/models/tomato_44/materials/scripts/leaf1.material
[1.091s] -- Up-to-date: /home/iot/ros2_ws/install/parc_robot_bringup/share/parc_robot_bringup/models/tomato_44/materials/scripts/blossom3.material
[1.091s] -- Up-to-date: /home/iot/ros2_ws/install/parc_robot_bringup/share/parc_robot_bringup/models/tomato_44/materials/scripts/leaf2.material
[1.092s] -- Up-to-date: /home/iot/ros2_ws/install/parc_robot_bringup/share/parc_robot_bringup/models/tomato_44/materials/scripts/fruit1.material
[1.092s] -- Up-to-date: /home/iot/ros2_ws/install/parc_robot_bringup/share/parc_robot_bringup/models/tomato_44/materials/scripts/blossom2.material
[1.092s] -- Up-to-date: /home/iot/ros2_ws/install/parc_robot_bringup/share/parc_robot_bringup/models/tomato_44/materials/scripts/fruit3.material
[1.092s] -- Up-to-date: /home/iot/ros2_ws/install/parc_robot_bringup/share/parc_robot_bringup/models/tomato_44/materials/scripts/fruit2.material
[1.092s] -- Up-to-date: /home/iot/ros2_ws/install/parc_robot_bringup/share/parc_robot_bringup/models/tomato_44/meshes
[1.092s] -- Up-to-date: /home/iot/ros2_ws/install/parc_robot_bringup/share/parc_robot_bringup/models/tomato_44/meshes/.gitignore
[1.093s] -- Up-to-date: /home/iot/ros2_ws/install/parc_robot_bringup/share/parc_robot_bringup/models/tomato_44/meshes/tomato.dae
[1.093s] -- Up-to-date: /home/iot/ros2_ws/install/parc_robot_bringup/share/parc_robot_bringup/models/tomato_44/model.sdf
[1.093s] -- Up-to-date: /home/iot/ros2_ws/install/parc_robot_bringup/share/parc_robot_bringup/models/tomato_44/markers.json
[1.093s] -- Up-to-date: /home/iot/ros2_ws/install/parc_robot_bringup/share/parc_robot_bringup/models/tomato_44/model.config
[1.093s] -- Up-to-date: /home/iot/ros2_ws/install/parc_robot_bringup/share/parc_robot_bringup/models/tomato_23
[1.094s] -- Up-to-date: /home/iot/ros2_ws/install/parc_robot_bringup/share/parc_robot_bringup/models/tomato_23/materials
[1.094s] -- Up-to-date: /home/iot/ros2_ws/install/parc_robot_bringup/share/parc_robot_bringup/models/tomato_23/materials/textures
[1.094s] -- Up-to-date: /home/iot/ros2_ws/install/parc_robot_bringup/share/parc_robot_bringup/models/tomato_23/materials/textures/AG15brn1(copy).png
[1.094s] -- Up-to-date: /home/iot/ros2_ws/install/parc_robot_bringup/share/parc_robot_bringup/models/tomato_23/materials/textures/AG15blo1.png
[1.094s] -- Up-to-date: /home/iot/ros2_ws/install/parc_robot_bringup/share/parc_robot_bringup/models/tomato_23/materials/textures/AG15frt1.png
[1.094s] -- Up-to-date: /home/iot/ros2_ws/install/parc_robot_bringup/share/parc_robot_bringup/models/tomato_23/materials/textures/AG15lef1.png
[1.095s] -- Up-to-date: /home/iot/ros2_ws/install/parc_robot_bringup/share/parc_robot_bringup/models/tomato_23/materials/textures/AG15brn1.png
[1.095s] -- Up-to-date: /home/iot/ros2_ws/install/parc_robot_bringup/share/parc_robot_bringup/models/tomato_23/materials/textures/AG15blo3.png
[1.095s] -- Up-to-date: /home/iot/ros2_ws/install/parc_robot_bringup/share/parc_robot_bringup/models/tomato_23/materials/textures/AG15lef2.png
[1.095s] -- Up-to-date: /home/iot/ros2_ws/install/parc_robot_bringup/share/parc_robot_bringup/models/tomato_23/materials/textures/AG15frt3.png
[1.095s] -- Up-to-date: /home/iot/ros2_ws/install/parc_robot_bringup/share/parc_robot_bringup/models/tomato_23/materials/textures/AG15frt4.png
[1.095s] -- Up-to-date: /home/iot/ros2_ws/install/parc_robot_bringup/share/parc_robot_bringup/models/tomato_23/materials/textures/AG15blo2.png
[1.096s] -- Up-to-date: /home/iot/ros2_ws/install/parc_robot_bringup/share/parc_robot_bringup/models/tomato_23/materials/textures/AG15frt2.png
[1.096s] -- Up-to-date: /home/iot/ros2_ws/install/parc_robot_bringup/share/parc_robot_bringup/models/tomato_23/materials/scripts
[1.096s] -- Up-to-date: /home/iot/ros2_ws/install/parc_robot_bringup/share/parc_robot_bringup/models/tomato_23/materials/scripts/fruit4.material
[1.096s] -- Up-to-date: /home/iot/ros2_ws/install/parc_robot_bringup/share/parc_robot_bringup/models/tomato_23/materials/scripts/branch.material
[1.096s] -- Up-to-date: /home/iot/ros2_ws/install/parc_robot_bringup/share/parc_robot_bringup/models/tomato_23/materials/scripts/blossom1.material
[1.096s] -- Up-to-date: /home/iot/ros2_ws/install/parc_robot_bringup/share/parc_robot_bringup/models/tomato_23/materials/scripts/leaf1.material
[1.097s] -- Up-to-date: /home/iot/ros2_ws/install/parc_robot_bringup/share/parc_robot_bringup/models/tomato_23/materials/scripts/blossom3.material
[1.097s] -- Up-to-date: /home/iot/ros2_ws/install/parc_robot_bringup/share/parc_robot_bringup/models/tomato_23/materials/scripts/leaf2.material
[1.097s] -- Up-to-date: /home/iot/ros2_ws/install/parc_robot_bringup/share/parc_robot_bringup/models/tomato_23/materials/scripts/fruit1.material
[1.097s] -- Up-to-date: /home/iot/ros2_ws/install/parc_robot_bringup/share/parc_robot_bringup/models/tomato_23/materials/scripts/blossom2.material
[1.097s] -- Up-to-date: /home/iot/ros2_ws/install/parc_robot_bringup/share/parc_robot_bringup/models/tomato_23/materials/scripts/fruit3.material
[1.097s] -- Up-to-date: /home/iot/ros2_ws/install/parc_robot_bringup/share/parc_robot_bringup/models/tomato_23/materials/scripts/fruit2.material
[1.098s] -- Up-to-date: /home/iot/ros2_ws/install/parc_robot_bringup/share/parc_robot_bringup/models/tomato_23/meshes
[1.098s] -- Up-to-date: /home/iot/ros2_ws/install/parc_robot_bringup/share/parc_robot_bringup/models/tomato_23/meshes/.gitignore
[1.098s] -- Up-to-date: /home/iot/ros2_ws/install/parc_robot_bringup/share/parc_robot_bringup/models/tomato_23/meshes/tomato.dae
[1.098s] -- Up-to-date: /home/iot/ros2_ws/install/parc_robot_bringup/share/parc_robot_bringup/models/tomato_23/model.sdf
[1.098s] -- Up-to-date: /home/iot/ros2_ws/install/parc_robot_bringup/share/parc_robot_bringup/models/tomato_23/markers.json
[1.098s] -- Up-to-date: /home/iot/ros2_ws/install/parc_robot_bringup/share/parc_robot_bringup/models/tomato_23/model.config
[1.099s] -- Up-to-date: /home/iot/ros2_ws/install/parc_robot_bringup/share/parc_robot_bringup/models/goal_location
[1.099s] -- Up-to-date: /home/iot/ros2_ws/install/parc_robot_bringup/share/parc_robot_bringup/models/goal_location/model.sdf
[1.099s] -- Up-to-date: /home/iot/ros2_ws/install/parc_robot_bringup/share/parc_robot_bringup/models/goal_location/model.config
[1.099s] -- Up-to-date: /home/iot/ros2_ws/install/parc_robot_bringup/share/parc_robot_bringup/models/tomato_32
[1.099s] -- Up-to-date: /home/iot/ros2_ws/install/parc_robot_bringup/share/parc_robot_bringup/models/tomato_32/materials
[1.099s] -- Up-to-date: /home/iot/ros2_ws/install/parc_robot_bringup/share/parc_robot_bringup/models/tomato_32/materials/textures
[1.100s] -- Up-to-date: /home/iot/ros2_ws/install/parc_robot_bringup/share/parc_robot_bringup/models/tomato_32/materials/textures/AG15brn1(copy).png
[1.100s] -- Up-to-date: /home/iot/ros2_ws/install/parc_robot_bringup/share/parc_robot_bringup/models/tomato_32/materials/textures/AG15blo1.png
[1.100s] -- Up-to-date: /home/iot/ros2_ws/install/parc_robot_bringup/share/parc_robot_bringup/models/tomato_32/materials/textures/AG15frt1.png
[1.100s] -- Up-to-date: /home/iot/ros2_ws/install/parc_robot_bringup/share/parc_robot_bringup/models/tomato_32/materials/textures/AG15lef1.png
[1.100s] -- Up-to-date: /home/iot/ros2_ws/install/parc_robot_bringup/share/parc_robot_bringup/models/tomato_32/materials/textures/AG15brn1.png
[1.100s] -- Up-to-date: /home/iot/ros2_ws/install/parc_robot_bringup/share/parc_robot_bringup/models/tomato_32/materials/textures/AG15blo3.png
[1.101s] -- Up-to-date: /home/iot/ros2_ws/install/parc_robot_bringup/share/parc_robot_bringup/models/tomato_32/materials/textures/AG15lef2.png
[1.101s] -- Up-to-date: /home/iot/ros2_ws/install/parc_robot_bringup/share/parc_robot_bringup/models/tomato_32/materials/textures/AG15frt3.png
[1.101s] -- Up-to-date: /home/iot/ros2_ws/install/parc_robot_bringup/share/parc_robot_bringup/models/tomato_32/materials/textures/AG15frt4.png
[1.101s] -- Up-to-date: /home/iot/ros2_ws/install/parc_robot_bringup/share/parc_robot_bringup/models/tomato_32/materials/textures/AG15blo2.png
[1.101s] -- Up-to-date: /home/iot/ros2_ws/install/parc_robot_bringup/share/parc_robot_bringup/models/tomato_32/materials/textures/AG15frt2.png
[1.101s] -- Up-to-date: /home/iot/ros2_ws/install/parc_robot_bringup/share/parc_robot_bringup/models/tomato_32/materials/scripts
[1.102s] -- Up-to-date: /home/iot/ros2_ws/install/parc_robot_bringup/share/parc_robot_bringup/models/tomato_32/materials/scripts/fruit4.material
[1.102s] -- Up-to-date: /home/iot/ros2_ws/install/parc_robot_bringup/share/parc_robot_bringup/models/tomato_32/materials/scripts/branch.material
[1.102s] -- Up-to-date: /home/iot/ros2_ws/install/parc_robot_bringup/share/parc_robot_bringup/models/tomato_32/materials/scripts/blossom1.material
[1.102s] -- Up-to-date: /home/iot/ros2_ws/install/parc_robot_bringup/share/parc_robot_bringup/models/tomato_32/materials/scripts/leaf1.material
[1.102s] -- Up-to-date: /home/iot/ros2_ws/install/parc_robot_bringup/share/parc_robot_bringup/models/tomato_32/materials/scripts/blossom3.material
[1.102s] -- Up-to-date: /home/iot/ros2_ws/install/parc_robot_bringup/share/parc_robot_bringup/models/tomato_32/materials/scripts/leaf2.material
[1.103s] -- Up-to-date: /home/iot/ros2_ws/install/parc_robot_bringup/share/parc_robot_bringup/models/tomato_32/materials/scripts/fruit1.material
[1.103s] -- Up-to-date: /home/iot/ros2_ws/install/parc_robot_bringup/share/parc_robot_bringup/models/tomato_32/materials/scripts/blossom2.material
[1.103s] -- Up-to-date: /home/iot/ros2_ws/install/parc_robot_bringup/share/parc_robot_bringup/models/tomato_32/materials/scripts/fruit3.material
[1.104s] -- Up-to-date: /home/iot/ros2_ws/install/parc_robot_bringup/share/parc_robot_bringup/models/tomato_32/materials/scripts/fruit2.material
[1.104s] -- Up-to-date: /home/iot/ros2_ws/install/parc_robot_bringup/share/parc_robot_bringup/models/tomato_32/meshes
[1.104s] -- Up-to-date: /home/iot/ros2_ws/install/parc_robot_bringup/share/parc_robot_bringup/models/tomato_32/meshes/.gitignore
[1.104s] -- Up-to-date: /home/iot/ros2_ws/install/parc_robot_bringup/share/parc_robot_bringup/models/tomato_32/meshes/tomato.dae
[1.104s] -- Up-to-date: /home/iot/ros2_ws/install/parc_robot_bringup/share/parc_robot_bringup/models/tomato_32/model.sdf
[1.104s] -- Up-to-date: /home/iot/ros2_ws/install/parc_robot_bringup/share/parc_robot_bringup/models/tomato_32/markers.json
[1.105s] -- Up-to-date: /home/iot/ros2_ws/install/parc_robot_bringup/share/parc_robot_bringup/models/tomato_32/model.config
[1.105s] -- Up-to-date: /home/iot/ros2_ws/install/parc_robot_bringup/share/parc_robot_bringup/models/tomato_33
[1.105s] -- Up-to-date: /home/iot/ros2_ws/install/parc_robot_bringup/share/parc_robot_bringup/models/tomato_33/materials
[1.105s] -- Up-to-date: /home/iot/ros2_ws/install/parc_robot_bringup/share/parc_robot_bringup/models/tomato_33/materials/textures
[1.105s] -- Up-to-date: /home/iot/ros2_ws/install/parc_robot_bringup/share/parc_robot_bringup/models/tomato_33/materials/textures/AG15brn1(copy).png
[1.105s] -- Up-to-date: /home/iot/ros2_ws/install/parc_robot_bringup/share/parc_robot_bringup/models/tomato_33/materials/textures/AG15blo1.png
[1.106s] -- Up-to-date: /home/iot/ros2_ws/install/parc_robot_bringup/share/parc_robot_bringup/models/tomato_33/materials/textures/AG15frt1.png
[1.106s] -- Up-to-date: /home/iot/ros2_ws/install/parc_robot_bringup/share/parc_robot_bringup/models/tomato_33/materials/textures/AG15lef1.png
[1.106s] -- Up-to-date: /home/iot/ros2_ws/install/parc_robot_bringup/share/parc_robot_bringup/models/tomato_33/materials/textures/AG15brn1.png
[1.106s] -- Up-to-date: /home/iot/ros2_ws/install/parc_robot_bringup/share/parc_robot_bringup/models/tomato_33/materials/textures/AG15blo3.png
[1.106s] -- Up-to-date: /home/iot/ros2_ws/install/parc_robot_bringup/share/parc_robot_bringup/models/tomato_33/materials/textures/AG15lef2.png
[1.106s] -- Up-to-date: /home/iot/ros2_ws/install/parc_robot_bringup/share/parc_robot_bringup/models/tomato_33/materials/textures/AG15frt3.png
[1.107s] -- Up-to-date: /home/iot/ros2_ws/install/parc_robot_bringup/share/parc_robot_bringup/models/tomato_33/materials/textures/AG15frt4.png
[1.107s] -- Up-to-date: /home/iot/ros2_ws/install/parc_robot_bringup/share/parc_robot_bringup/models/tomato_33/materials/textures/AG15blo2.png
[1.107s] -- Up-to-date: /home/iot/ros2_ws/install/parc_robot_bringup/share/parc_robot_bringup/models/tomato_33/materials/textures/AG15frt2.png
[1.107s] -- Up-to-date: /home/iot/ros2_ws/install/parc_robot_bringup/share/parc_robot_bringup/models/tomato_33/materials/scripts
[1.107s] -- Up-to-date: /home/iot/ros2_ws/install/parc_robot_bringup/share/parc_robot_bringup/models/tomato_33/materials/scripts/fruit4.material
[1.107s] -- Up-to-date: /home/iot/ros2_ws/install/parc_robot_bringup/share/parc_robot_bringup/models/tomato_33/materials/scripts/branch.material
[1.108s] -- Up-to-date: /home/iot/ros2_ws/install/parc_robot_bringup/share/parc_robot_bringup/models/tomato_33/materials/scripts/blossom1.material
[1.108s] -- Up-to-date: /home/iot/ros2_ws/install/parc_robot_bringup/share/parc_robot_bringup/models/tomato_33/materials/scripts/leaf1.material
[1.108s] -- Up-to-date: /home/iot/ros2_ws/install/parc_robot_bringup/share/parc_robot_bringup/models/tomato_33/materials/scripts/blossom3.material
[1.108s] -- Up-to-date: /home/iot/ros2_ws/install/parc_robot_bringup/share/parc_robot_bringup/models/tomato_33/materials/scripts/leaf2.material
[1.108s] -- Up-to-date: /home/iot/ros2_ws/install/parc_robot_bringup/share/parc_robot_bringup/models/tomato_33/materials/scripts/fruit1.material
[1.108s] -- Up-to-date: /home/iot/ros2_ws/install/parc_robot_bringup/share/parc_robot_bringup/models/tomato_33/materials/scripts/blossom2.material
[1.109s] -- Up-to-date: /home/iot/ros2_ws/install/parc_robot_bringup/share/parc_robot_bringup/models/tomato_33/materials/scripts/fruit3.material
[1.109s] -- Up-to-date: /home/iot/ros2_ws/install/parc_robot_bringup/share/parc_robot_bringup/models/tomato_33/materials/scripts/fruit2.material
[1.109s] -- Up-to-date: /home/iot/ros2_ws/install/parc_robot_bringup/share/parc_robot_bringup/models/tomato_33/meshes
[1.109s] -- Up-to-date: /home/iot/ros2_ws/install/parc_robot_bringup/share/parc_robot_bringup/models/tomato_33/meshes/.gitignore
[1.109s] -- Up-to-date: /home/iot/ros2_ws/install/parc_robot_bringup/share/parc_robot_bringup/models/tomato_33/meshes/tomato.dae
[1.109s] -- Up-to-date: /home/iot/ros2_ws/install/parc_robot_bringup/share/parc_robot_bringup/models/tomato_33/model.sdf
[1.110s] -- Up-to-date: /home/iot/ros2_ws/install/parc_robot_bringup/share/parc_robot_bringup/models/tomato_33/markers.json
[1.110s] -- Up-to-date: /home/iot/ros2_ws/install/parc_robot_bringup/share/parc_robot_bringup/models/tomato_33/model.config
[1.110s] -- Up-to-date: /home/iot/ros2_ws/install/parc_robot_bringup/share/parc_robot_bringup/models/tomato_18
[1.110s] -- Up-to-date: /home/iot/ros2_ws/install/parc_robot_bringup/share/parc_robot_bringup/models/tomato_18/materials
[1.110s] -- Up-to-date: /home/iot/ros2_ws/install/parc_robot_bringup/share/parc_robot_bringup/models/tomato_18/materials/textures
[1.110s] -- Up-to-date: /home/iot/ros2_ws/install/parc_robot_bringup/share/parc_robot_bringup/models/tomato_18/materials/textures/AG15brn1(copy).png
[1.111s] -- Up-to-date: /home/iot/ros2_ws/install/parc_robot_bringup/share/parc_robot_bringup/models/tomato_18/materials/textures/AG15blo1.png
[1.111s] -- Up-to-date: /home/iot/ros2_ws/install/parc_robot_bringup/share/parc_robot_bringup/models/tomato_18/materials/textures/AG15frt1.png
[1.111s] -- Up-to-date: /home/iot/ros2_ws/install/parc_robot_bringup/share/parc_robot_bringup/models/tomato_18/materials/textures/AG15lef1.png
[1.111s] -- Up-to-date: /home/iot/ros2_ws/install/parc_robot_bringup/share/parc_robot_bringup/models/tomato_18/materials/textures/AG15brn1.png
[1.111s] -- Up-to-date: /home/iot/ros2_ws/install/parc_robot_bringup/share/parc_robot_bringup/models/tomato_18/materials/textures/AG15blo3.png
[1.111s] -- Up-to-date: /home/iot/ros2_ws/install/parc_robot_bringup/share/parc_robot_bringup/models/tomato_18/materials/textures/AG15lef2.png
[1.112s] -- Up-to-date: /home/iot/ros2_ws/install/parc_robot_bringup/share/parc_robot_bringup/models/tomato_18/materials/textures/AG15frt3.png
[1.112s] -- Up-to-date: /home/iot/ros2_ws/install/parc_robot_bringup/share/parc_robot_bringup/models/tomato_18/materials/textures/AG15frt4.png
[1.112s] -- Up-to-date: /home/iot/ros2_ws/install/parc_robot_bringup/share/parc_robot_bringup/models/tomato_18/materials/textures/AG15blo2.png
[1.112s] -- Up-to-date: /home/iot/ros2_ws/install/parc_robot_bringup/share/parc_robot_bringup/models/tomato_18/materials/textures/AG15frt2.png
[1.112s] -- Up-to-date: /home/iot/ros2_ws/install/parc_robot_bringup/share/parc_robot_bringup/models/tomato_18/materials/scripts
[1.112s] -- Up-to-date: /home/iot/ros2_ws/install/parc_robot_bringup/share/parc_robot_bringup/models/tomato_18/materials/scripts/fruit4.material
[1.113s] -- Up-to-date: /home/iot/ros2_ws/install/parc_robot_bringup/share/parc_robot_bringup/models/tomato_18/materials/scripts/branch.material
[1.113s] -- Up-to-date: /home/iot/ros2_ws/install/parc_robot_bringup/share/parc_robot_bringup/models/tomato_18/materials/scripts/blossom1.material
[1.113s] -- Up-to-date: /home/iot/ros2_ws/install/parc_robot_bringup/share/parc_robot_bringup/models/tomato_18/materials/scripts/leaf1.material
[1.113s] -- Up-to-date: /home/iot/ros2_ws/install/parc_robot_bringup/share/parc_robot_bringup/models/tomato_18/materials/scripts/blossom3.material
[1.113s] -- Up-to-date: /home/iot/ros2_ws/install/parc_robot_bringup/share/parc_robot_bringup/models/tomato_18/materials/scripts/leaf2.material
[1.113s] -- Up-to-date: /home/iot/ros2_ws/install/parc_robot_bringup/share/parc_robot_bringup/models/tomato_18/materials/scripts/fruit1.material
[1.114s] -- Up-to-date: /home/iot/ros2_ws/install/parc_robot_bringup/share/parc_robot_bringup/models/tomato_18/materials/scripts/blossom2.material
[1.114s] -- Up-to-date: /home/iot/ros2_ws/install/parc_robot_bringup/share/parc_robot_bringup/models/tomato_18/materials/scripts/fruit3.material
[1.114s] -- Up-to-date: /home/iot/ros2_ws/install/parc_robot_bringup/share/parc_robot_bringup/models/tomato_18/materials/scripts/fruit2.material
[1.114s] -- Up-to-date: /home/iot/ros2_ws/install/parc_robot_bringup/share/parc_robot_bringup/models/tomato_18/meshes
[1.114s] -- Up-to-date: /home/iot/ros2_ws/install/parc_robot_bringup/share/parc_robot_bringup/models/tomato_18/meshes/.gitignore
[1.114s] -- Up-to-date: /home/iot/ros2_ws/install/parc_robot_bringup/share/parc_robot_bringup/models/tomato_18/meshes/tomato.dae
[1.115s] -- Up-to-date: /home/iot/ros2_ws/install/parc_robot_bringup/share/parc_robot_bringup/models/tomato_18/model.sdf
[1.115s] -- Up-to-date: /home/iot/ros2_ws/install/parc_robot_bringup/share/parc_robot_bringup/models/tomato_18/markers.json
[1.115s] -- Up-to-date: /home/iot/ros2_ws/install/parc_robot_bringup/share/parc_robot_bringup/models/tomato_18/model.config
[1.115s] -- Up-to-date: /home/iot/ros2_ws/install/parc_robot_bringup/share/parc_robot_bringup/models/materials
[1.115s] -- Up-to-date: /home/iot/ros2_ws/install/parc_robot_bringup/share/parc_robot_bringup/models/materials/textures
[1.115s] -- Up-to-date: /home/iot/ros2_ws/install/parc_robot_bringup/share/parc_robot_bringup/models/materials/textures/flat_normal.png
[1.116s] -- Up-to-date: /home/iot/ros2_ws/install/parc_robot_bringup/share/parc_robot_bringup/models/materials/textures/dirt_diffusespecular.png
[1.116s] -- Up-to-date: /home/iot/ros2_ws/install/parc_robot_bringup/share/parc_robot_bringup/models/materials/textures/grass_roughness.jpg
[1.116s] -- Up-to-date: /home/iot/ros2_ws/install/parc_robot_bringup/share/parc_robot_bringup/models/materials/textures/grass_displacement.jpg
[1.116s] -- Up-to-date: /home/iot/ros2_ws/install/parc_robot_bringup/share/parc_robot_bringup/models/materials/textures/grass_normal.jpg
[1.116s] -- Up-to-date: /home/iot/ros2_ws/install/parc_robot_bringup/share/parc_robot_bringup/models/materials/textures/fungus_diffusespecular.png
[1.117s] -- Up-to-date: /home/iot/ros2_ws/install/parc_robot_bringup/share/parc_robot_bringup/models/materials/textures/grass_color.jpg
[1.117s] -- Up-to-date: /home/iot/ros2_ws/install/parc_robot_bringup/share/parc_robot_bringup/models/materials/textures/plowed_soil.jpg
[1.117s] -- Up-to-date: /home/iot/ros2_ws/install/parc_robot_bringup/share/parc_robot_bringup/models/tomato_16
[1.117s] -- Up-to-date: /home/iot/ros2_ws/install/parc_robot_bringup/share/parc_robot_bringup/models/tomato_16/materials
[1.117s] -- Up-to-date: /home/iot/ros2_ws/install/parc_robot_bringup/share/parc_robot_bringup/models/tomato_16/materials/textures
[1.117s] -- Up-to-date: /home/iot/ros2_ws/install/parc_robot_bringup/share/parc_robot_bringup/models/tomato_16/materials/textures/AG15brn1(copy).png
[1.118s] -- Up-to-date: /home/iot/ros2_ws/install/parc_robot_bringup/share/parc_robot_bringup/models/tomato_16/materials/textures/AG15blo1.png
[1.118s] -- Up-to-date: /home/iot/ros2_ws/install/parc_robot_bringup/share/parc_robot_bringup/models/tomato_16/materials/textures/AG15frt1.png
[1.118s] -- Up-to-date: /home/iot/ros2_ws/install/parc_robot_bringup/share/parc_robot_bringup/models/tomato_16/materials/textures/AG15lef1.png
[1.118s] -- Up-to-date: /home/iot/ros2_ws/install/parc_robot_bringup/share/parc_robot_bringup/models/tomato_16/materials/textures/AG15brn1.png
[1.118s] -- Up-to-date: /home/iot/ros2_ws/install/parc_robot_bringup/share/parc_robot_bringup/models/tomato_16/materials/textures/AG15blo3.png
[1.118s] -- Up-to-date: /home/iot/ros2_ws/install/parc_robot_bringup/share/parc_robot_bringup/models/tomato_16/materials/textures/AG15lef2.png
[1.119s] -- Up-to-date: /home/iot/ros2_ws/install/parc_robot_bringup/share/parc_robot_bringup/models/tomato_16/materials/textures/AG15frt3.png
[1.119s] -- Up-to-date: /home/iot/ros2_ws/install/parc_robot_bringup/share/parc_robot_bringup/models/tomato_16/materials/textures/AG15frt4.png
[1.119s] -- Up-to-date: /home/iot/ros2_ws/install/parc_robot_bringup/share/parc_robot_bringup/models/tomato_16/materials/textures/AG15blo2.png
[1.119s] -- Up-to-date: /home/iot/ros2_ws/install/parc_robot_bringup/share/parc_robot_bringup/models/tomato_16/materials/textures/AG15frt2.png
[1.119s] -- Up-to-date: /home/iot/ros2_ws/install/parc_robot_bringup/share/parc_robot_bringup/models/tomato_16/materials/scripts
[1.119s] -- Up-to-date: /home/iot/ros2_ws/install/parc_robot_bringup/share/parc_robot_bringup/models/tomato_16/materials/scripts/fruit4.material
[1.120s] -- Up-to-date: /home/iot/ros2_ws/install/parc_robot_bringup/share/parc_robot_bringup/models/tomato_16/materials/scripts/branch.material
[1.120s] -- Up-to-date: /home/iot/ros2_ws/install/parc_robot_bringup/share/parc_robot_bringup/models/tomato_16/materials/scripts/blossom1.material
[1.120s] -- Up-to-date: /home/iot/ros2_ws/install/parc_robot_bringup/share/parc_robot_bringup/models/tomato_16/materials/scripts/leaf1.material
[1.120s] -- Up-to-date: /home/iot/ros2_ws/install/parc_robot_bringup/share/parc_robot_bringup/models/tomato_16/materials/scripts/blossom3.material
[1.120s] -- Up-to-date: /home/iot/ros2_ws/install/parc_robot_bringup/share/parc_robot_bringup/models/tomato_16/materials/scripts/leaf2.material
[1.120s] -- Up-to-date: /home/iot/ros2_ws/install/parc_robot_bringup/share/parc_robot_bringup/models/tomato_16/materials/scripts/fruit1.material
[1.121s] -- Up-to-date: /home/iot/ros2_ws/install/parc_robot_bringup/share/parc_robot_bringup/models/tomato_16/materials/scripts/blossom2.material
[1.121s] -- Up-to-date: /home/iot/ros2_ws/install/parc_robot_bringup/share/parc_robot_bringup/models/tomato_16/materials/scripts/fruit3.material
[1.121s] -- Up-to-date: /home/iot/ros2_ws/install/parc_robot_bringup/share/parc_robot_bringup/models/tomato_16/materials/scripts/fruit2.material
[1.121s] -- Up-to-date: /home/iot/ros2_ws/install/parc_robot_bringup/share/parc_robot_bringup/models/tomato_16/meshes
[1.121s] -- Up-to-date: /home/iot/ros2_ws/install/parc_robot_bringup/share/parc_robot_bringup/models/tomato_16/meshes/.gitignore
[1.121s] -- Up-to-date: /home/iot/ros2_ws/install/parc_robot_bringup/share/parc_robot_bringup/models/tomato_16/meshes/tomato.dae
[1.122s] -- Up-to-date: /home/iot/ros2_ws/install/parc_robot_bringup/share/parc_robot_bringup/models/tomato_16/model.sdf
[1.122s] -- Up-to-date: /home/iot/ros2_ws/install/parc_robot_bringup/share/parc_robot_bringup/models/tomato_16/markers.json
[1.122s] -- Up-to-date: /home/iot/ros2_ws/install/parc_robot_bringup/share/parc_robot_bringup/models/tomato_16/model.config
[1.122s] -- Up-to-date: /home/iot/ros2_ws/install/parc_robot_bringup/share/parc_robot_bringup/models/small_peg
[1.122s] -- Up-to-date: /home/iot/ros2_ws/install/parc_robot_bringup/share/parc_robot_bringup/models/small_peg/model.sdf
[1.122s] -- Up-to-date: /home/iot/ros2_ws/install/parc_robot_bringup/share/parc_robot_bringup/models/small_peg/model.config
[1.123s] -- Up-to-date: /home/iot/ros2_ws/install/parc_robot_bringup/share/parc_robot_bringup/models/my_grass_plane
[1.123s] -- Up-to-date: /home/iot/ros2_ws/install/parc_robot_bringup/share/parc_robot_bringup/models/my_grass_plane/materials
[1.123s] -- Up-to-date: /home/iot/ros2_ws/install/parc_robot_bringup/share/parc_robot_bringup/models/my_grass_plane/materials/textures
[1.123s] -- Up-to-date: /home/iot/ros2_ws/install/parc_robot_bringup/share/parc_robot_bringup/models/my_grass_plane/materials/textures/grass_grid.png
[1.123s] -- Up-to-date: /home/iot/ros2_ws/install/parc_robot_bringup/share/parc_robot_bringup/models/my_grass_plane/materials/textures/grass_color.jpg
[1.123s] -- Up-to-date: /home/iot/ros2_ws/install/parc_robot_bringup/share/parc_robot_bringup/models/my_grass_plane/materials/scripts
[1.124s] -- Up-to-date: /home/iot/ros2_ws/install/parc_robot_bringup/share/parc_robot_bringup/models/my_grass_plane/materials/scripts/my_grass_plane.material
[1.124s] -- Up-to-date: /home/iot/ros2_ws/install/parc_robot_bringup/share/parc_robot_bringup/models/my_grass_plane/model.sdf
[1.124s] -- Up-to-date: /home/iot/ros2_ws/install/parc_robot_bringup/share/parc_robot_bringup/models/my_grass_plane/model.config
[1.124s] -- Up-to-date: /home/iot/ros2_ws/install/parc_robot_bringup/share/parc_robot_bringup/models/mud_box
[1.124s] -- Up-to-date: /home/iot/ros2_ws/install/parc_robot_bringup/share/parc_robot_bringup/models/mud_box/model-1_4.sdf
[1.124s] -- Up-to-date: /home/iot/ros2_ws/install/parc_robot_bringup/share/parc_robot_bringup/models/mud_box/materials
[1.125s] -- Up-to-date: /home/iot/ros2_ws/install/parc_robot_bringup/share/parc_robot_bringup/models/mud_box/materials/textures
[1.125s] -- Up-to-date: /home/iot/ros2_ws/install/parc_robot_bringup/share/parc_robot_bringup/models/mud_box/materials/textures/mud_soft_leaves.png
[1.125s] -- Up-to-date: /home/iot/ros2_ws/install/parc_robot_bringup/share/parc_robot_bringup/models/mud_box/materials/scripts
[1.125s] -- Up-to-date: /home/iot/ros2_ws/install/parc_robot_bringup/share/parc_robot_bringup/models/mud_box/materials/scripts/mud.material
[1.125s] -- Up-to-date: /home/iot/ros2_ws/install/parc_robot_bringup/share/parc_robot_bringup/models/mud_box/model.sdf
[1.125s] -- Up-to-date: /home/iot/ros2_ws/install/parc_robot_bringup/share/parc_robot_bringup/models/mud_box/model (copy).sdf
[1.126s] -- Up-to-date: /home/iot/ros2_ws/install/parc_robot_bringup/share/parc_robot_bringup/models/mud_box/model.config
[1.126s] -- Up-to-date: /home/iot/ros2_ws/install/parc_robot_bringup/share/parc_robot_bringup/models/tomato_28
[1.126s] -- Up-to-date: /home/iot/ros2_ws/install/parc_robot_bringup/share/parc_robot_bringup/models/tomato_28/materials
[1.126s] -- Up-to-date: /home/iot/ros2_ws/install/parc_robot_bringup/share/parc_robot_bringup/models/tomato_28/materials/textures
[1.126s] -- Up-to-date: /home/iot/ros2_ws/install/parc_robot_bringup/share/parc_robot_bringup/models/tomato_28/materials/textures/AG15brn1(copy).png
[1.126s] -- Up-to-date: /home/iot/ros2_ws/install/parc_robot_bringup/share/parc_robot_bringup/models/tomato_28/materials/textures/AG15blo1.png
[1.127s] -- Up-to-date: /home/iot/ros2_ws/install/parc_robot_bringup/share/parc_robot_bringup/models/tomato_28/materials/textures/AG15frt1.png
[1.127s] -- Up-to-date: /home/iot/ros2_ws/install/parc_robot_bringup/share/parc_robot_bringup/models/tomato_28/materials/textures/AG15lef1.png
[1.127s] -- Up-to-date: /home/iot/ros2_ws/install/parc_robot_bringup/share/parc_robot_bringup/models/tomato_28/materials/textures/AG15brn1.png
[1.127s] -- Up-to-date: /home/iot/ros2_ws/install/parc_robot_bringup/share/parc_robot_bringup/models/tomato_28/materials/textures/AG15blo3.png
[1.127s] -- Up-to-date: /home/iot/ros2_ws/install/parc_robot_bringup/share/parc_robot_bringup/models/tomato_28/materials/textures/AG15lef2.png
[1.128s] -- Up-to-date: /home/iot/ros2_ws/install/parc_robot_bringup/share/parc_robot_bringup/models/tomato_28/materials/textures/AG15frt3.png
[1.128s] -- Up-to-date: /home/iot/ros2_ws/install/parc_robot_bringup/share/parc_robot_bringup/models/tomato_28/materials/textures/AG15frt4.png
[1.128s] -- Up-to-date: /home/iot/ros2_ws/install/parc_robot_bringup/share/parc_robot_bringup/models/tomato_28/materials/textures/AG15blo2.png
[1.128s] -- Up-to-date: /home/iot/ros2_ws/install/parc_robot_bringup/share/parc_robot_bringup/models/tomato_28/materials/textures/AG15frt2.png
[1.128s] -- Up-to-date: /home/iot/ros2_ws/install/parc_robot_bringup/share/parc_robot_bringup/models/tomato_28/materials/scripts
[1.128s] -- Up-to-date: /home/iot/ros2_ws/install/parc_robot_bringup/share/parc_robot_bringup/models/tomato_28/materials/scripts/fruit4.material
[1.129s] -- Up-to-date: /home/iot/ros2_ws/install/parc_robot_bringup/share/parc_robot_bringup/models/tomato_28/materials/scripts/branch.material
[1.129s] -- Up-to-date: /home/iot/ros2_ws/install/parc_robot_bringup/share/parc_robot_bringup/models/tomato_28/materials/scripts/blossom1.material
[1.129s] -- Up-to-date: /home/iot/ros2_ws/install/parc_robot_bringup/share/parc_robot_bringup/models/tomato_28/materials/scripts/leaf1.material
[1.129s] -- Up-to-date: /home/iot/ros2_ws/install/parc_robot_bringup/share/parc_robot_bringup/models/tomato_28/materials/scripts/blossom3.material
[1.129s] -- Up-to-date: /home/iot/ros2_ws/install/parc_robot_bringup/share/parc_robot_bringup/models/tomato_28/materials/scripts/leaf2.material
[1.129s] -- Up-to-date: /home/iot/ros2_ws/install/parc_robot_bringup/share/parc_robot_bringup/models/tomato_28/materials/scripts/fruit1.material
[1.130s] -- Up-to-date: /home/iot/ros2_ws/install/parc_robot_bringup/share/parc_robot_bringup/models/tomato_28/materials/scripts/blossom2.material
[1.130s] -- Up-to-date: /home/iot/ros2_ws/install/parc_robot_bringup/share/parc_robot_bringup/models/tomato_28/materials/scripts/fruit3.material
[1.130s] -- Up-to-date: /home/iot/ros2_ws/install/parc_robot_bringup/share/parc_robot_bringup/models/tomato_28/materials/scripts/fruit2.material
[1.130s] -- Up-to-date: /home/iot/ros2_ws/install/parc_robot_bringup/share/parc_robot_bringup/models/tomato_28/meshes
[1.130s] -- Up-to-date: /home/iot/ros2_ws/install/parc_robot_bringup/share/parc_robot_bringup/models/tomato_28/meshes/.gitignore
[1.130s] -- Up-to-date: /home/iot/ros2_ws/install/parc_robot_bringup/share/parc_robot_bringup/models/tomato_28/meshes/tomato.dae
[1.131s] -- Up-to-date: /home/iot/ros2_ws/install/parc_robot_bringup/share/parc_robot_bringup/models/tomato_28/model.sdf
[1.131s] -- Up-to-date: /home/iot/ros2_ws/install/parc_robot_bringup/share/parc_robot_bringup/models/tomato_28/markers.json
[1.131s] -- Up-to-date: /home/iot/ros2_ws/install/parc_robot_bringup/share/parc_robot_bringup/models/tomato_28/model.config
[1.131s] -- Up-to-date: /home/iot/ros2_ws/install/parc_robot_bringup/share/parc_robot_bringup/models/tomato_13
[1.131s] -- Up-to-date: /home/iot/ros2_ws/install/parc_robot_bringup/share/parc_robot_bringup/models/tomato_13/materials
[1.131s] -- Up-to-date: /home/iot/ros2_ws/install/parc_robot_bringup/share/parc_robot_bringup/models/tomato_13/materials/textures
[1.132s] -- Up-to-date: /home/iot/ros2_ws/install/parc_robot_bringup/share/parc_robot_bringup/models/tomato_13/materials/textures/AG15brn1(copy).png
[1.132s] -- Up-to-date: /home/iot/ros2_ws/install/parc_robot_bringup/share/parc_robot_bringup/models/tomato_13/materials/textures/AG15blo1.png
[1.132s] -- Up-to-date: /home/iot/ros2_ws/install/parc_robot_bringup/share/parc_robot_bringup/models/tomato_13/materials/textures/AG15frt1.png
[1.132s] -- Up-to-date: /home/iot/ros2_ws/install/parc_robot_bringup/share/parc_robot_bringup/models/tomato_13/materials/textures/AG15lef1.png
[1.132s] -- Up-to-date: /home/iot/ros2_ws/install/parc_robot_bringup/share/parc_robot_bringup/models/tomato_13/materials/textures/AG15brn1.png
[1.132s] -- Up-to-date: /home/iot/ros2_ws/install/parc_robot_bringup/share/parc_robot_bringup/models/tomato_13/materials/textures/AG15blo3.png
[1.133s] -- Up-to-date: /home/iot/ros2_ws/install/parc_robot_bringup/share/parc_robot_bringup/models/tomato_13/materials/textures/AG15lef2.png
[1.133s] -- Up-to-date: /home/iot/ros2_ws/install/parc_robot_bringup/share/parc_robot_bringup/models/tomato_13/materials/textures/AG15frt3.png
[1.133s] -- Up-to-date: /home/iot/ros2_ws/install/parc_robot_bringup/share/parc_robot_bringup/models/tomato_13/materials/textures/AG15frt4.png
[1.133s] -- Up-to-date: /home/iot/ros2_ws/install/parc_robot_bringup/share/parc_robot_bringup/models/tomato_13/materials/textures/AG15blo2.png
[1.133s] -- Up-to-date: /home/iot/ros2_ws/install/parc_robot_bringup/share/parc_robot_bringup/models/tomato_13/materials/textures/AG15frt2.png
[1.134s] -- Up-to-date: /home/iot/ros2_ws/install/parc_robot_bringup/share/parc_robot_bringup/models/tomato_13/materials/scripts
[1.134s] -- Up-to-date: /home/iot/ros2_ws/install/parc_robot_bringup/share/parc_robot_bringup/models/tomato_13/materials/scripts/fruit4.material
[1.134s] -- Up-to-date: /home/iot/ros2_ws/install/parc_robot_bringup/share/parc_robot_bringup/models/tomato_13/materials/scripts/branch.material
[1.134s] -- Up-to-date: /home/iot/ros2_ws/install/parc_robot_bringup/share/parc_robot_bringup/models/tomato_13/materials/scripts/blossom1.material
[1.134s] -- Up-to-date: /home/iot/ros2_ws/install/parc_robot_bringup/share/parc_robot_bringup/models/tomato_13/materials/scripts/leaf1.material
[1.134s] -- Up-to-date: /home/iot/ros2_ws/install/parc_robot_bringup/share/parc_robot_bringup/models/tomato_13/materials/scripts/blossom3.material
[1.135s] -- Up-to-date: /home/iot/ros2_ws/install/parc_robot_bringup/share/parc_robot_bringup/models/tomato_13/materials/scripts/leaf2.material
[1.135s] -- Up-to-date: /home/iot/ros2_ws/install/parc_robot_bringup/share/parc_robot_bringup/models/tomato_13/materials/scripts/fruit1.material
[1.145s] -- Up-to-date: /home/iot/ros2_ws/install/parc_robot_bringup/share/parc_robot_bringup/models/tomato_13/materials/scripts/blossom2.material
[1.145s] -- Up-to-date: /home/iot/ros2_ws/install/parc_robot_bringup/share/parc_robot_bringup/models/tomato_13/materials/scripts/fruit3.material
[1.146s] -- Up-to-date: /home/iot/ros2_ws/install/parc_robot_bringup/share/parc_robot_bringup/models/tomato_13/materials/scripts/fruit2.material
[1.146s] -- Up-to-date: /home/iot/ros2_ws/install/parc_robot_bringup/share/parc_robot_bringup/models/tomato_13/meshes
[1.146s] -- Up-to-date: /home/iot/ros2_ws/install/parc_robot_bringup/share/parc_robot_bringup/models/tomato_13/meshes/.gitignore
[1.146s] -- Up-to-date: /home/iot/ros2_ws/install/parc_robot_bringup/share/parc_robot_bringup/models/tomato_13/meshes/tomato.dae
[1.146s] -- Up-to-date: /home/iot/ros2_ws/install/parc_robot_bringup/share/parc_robot_bringup/models/tomato_13/model.sdf
[1.146s] -- Up-to-date: /home/iot/ros2_ws/install/parc_robot_bringup/share/parc_robot_bringup/models/tomato_13/markers.json
[1.147s] -- Up-to-date: /home/iot/ros2_ws/install/parc_robot_bringup/share/parc_robot_bringup/models/tomato_13/model.config
[1.147s] -- Up-to-date: /home/iot/ros2_ws/install/parc_robot_bringup/share/parc_robot_bringup/models/tomato_34
[1.147s] -- Up-to-date: /home/iot/ros2_ws/install/parc_robot_bringup/share/parc_robot_bringup/models/tomato_34/materials
[1.147s] -- Up-to-date: /home/iot/ros2_ws/install/parc_robot_bringup/share/parc_robot_bringup/models/tomato_34/materials/textures
[1.147s] -- Up-to-date: /home/iot/ros2_ws/install/parc_robot_bringup/share/parc_robot_bringup/models/tomato_34/materials/textures/AG15brn1(copy).png
[1.147s] -- Up-to-date: /home/iot/ros2_ws/install/parc_robot_bringup/share/parc_robot_bringup/models/tomato_34/materials/textures/AG15blo1.png
[1.148s] -- Up-to-date: /home/iot/ros2_ws/install/parc_robot_bringup/share/parc_robot_bringup/models/tomato_34/materials/textures/AG15frt1.png
[1.148s] -- Up-to-date: /home/iot/ros2_ws/install/parc_robot_bringup/share/parc_robot_bringup/models/tomato_34/materials/textures/AG15lef1.png
[1.148s] -- Up-to-date: /home/iot/ros2_ws/install/parc_robot_bringup/share/parc_robot_bringup/models/tomato_34/materials/textures/AG15brn1.png
[1.148s] -- Up-to-date: /home/iot/ros2_ws/install/parc_robot_bringup/share/parc_robot_bringup/models/tomato_34/materials/textures/AG15blo3.png
[1.148s] -- Up-to-date: /home/iot/ros2_ws/install/parc_robot_bringup/share/parc_robot_bringup/models/tomato_34/materials/textures/AG15lef2.png
[1.148s] -- Up-to-date: /home/iot/ros2_ws/install/parc_robot_bringup/share/parc_robot_bringup/models/tomato_34/materials/textures/AG15frt3.png
[1.148s] -- Up-to-date: /home/iot/ros2_ws/install/parc_robot_bringup/share/parc_robot_bringup/models/tomato_34/materials/textures/AG15frt4.png
[1.149s] -- Up-to-date: /home/iot/ros2_ws/install/parc_robot_bringup/share/parc_robot_bringup/models/tomato_34/materials/textures/AG15blo2.png
[1.149s] -- Up-to-date: /home/iot/ros2_ws/install/parc_robot_bringup/share/parc_robot_bringup/models/tomato_34/materials/textures/AG15frt2.png
[1.149s] -- Up-to-date: /home/iot/ros2_ws/install/parc_robot_bringup/share/parc_robot_bringup/models/tomato_34/materials/scripts
[1.149s] -- Up-to-date: /home/iot/ros2_ws/install/parc_robot_bringup/share/parc_robot_bringup/models/tomato_34/materials/scripts/fruit4.material
[1.149s] -- Up-to-date: /home/iot/ros2_ws/install/parc_robot_bringup/share/parc_robot_bringup/models/tomato_34/materials/scripts/branch.material
[1.149s] -- Up-to-date: /home/iot/ros2_ws/install/parc_robot_bringup/share/parc_robot_bringup/models/tomato_34/materials/scripts/blossom1.material
[1.150s] -- Up-to-date: /home/iot/ros2_ws/install/parc_robot_bringup/share/parc_robot_bringup/models/tomato_34/materials/scripts/leaf1.material
[1.150s] -- Up-to-date: /home/iot/ros2_ws/install/parc_robot_bringup/share/parc_robot_bringup/models/tomato_34/materials/scripts/blossom3.material
[1.150s] -- Up-to-date: /home/iot/ros2_ws/install/parc_robot_bringup/share/parc_robot_bringup/models/tomato_34/materials/scripts/leaf2.material
[1.150s] -- Up-to-date: /home/iot/ros2_ws/install/parc_robot_bringup/share/parc_robot_bringup/models/tomato_34/materials/scripts/fruit1.material
[1.150s] -- Up-to-date: /home/iot/ros2_ws/install/parc_robot_bringup/share/parc_robot_bringup/models/tomato_34/materials/scripts/blossom2.material
[1.150s] -- Up-to-date: /home/iot/ros2_ws/install/parc_robot_bringup/share/parc_robot_bringup/models/tomato_34/materials/scripts/fruit3.material
[1.151s] -- Up-to-date: /home/iot/ros2_ws/install/parc_robot_bringup/share/parc_robot_bringup/models/tomato_34/materials/scripts/fruit2.material
[1.151s] -- Up-to-date: /home/iot/ros2_ws/install/parc_robot_bringup/share/parc_robot_bringup/models/tomato_34/meshes
[1.151s] -- Up-to-date: /home/iot/ros2_ws/install/parc_robot_bringup/share/parc_robot_bringup/models/tomato_34/meshes/.gitignore
[1.151s] -- Up-to-date: /home/iot/ros2_ws/install/parc_robot_bringup/share/parc_robot_bringup/models/tomato_34/meshes/tomato.dae
[1.151s] -- Up-to-date: /home/iot/ros2_ws/install/parc_robot_bringup/share/parc_robot_bringup/models/tomato_34/model.sdf
[1.152s] -- Up-to-date: /home/iot/ros2_ws/install/parc_robot_bringup/share/parc_robot_bringup/models/tomato_34/markers.json
[1.152s] -- Up-to-date: /home/iot/ros2_ws/install/parc_robot_bringup/share/parc_robot_bringup/models/tomato_34/model.config
[1.152s] -- Up-to-date: /home/iot/ros2_ws/install/parc_robot_bringup/share/parc_robot_bringup/models/peg
[1.152s] -- Up-to-date: /home/iot/ros2_ws/install/parc_robot_bringup/share/parc_robot_bringup/models/peg/model.sdf
[1.152s] -- Up-to-date: /home/iot/ros2_ws/install/parc_robot_bringup/share/parc_robot_bringup/models/peg/model.config
[1.152s] -- Up-to-date: /home/iot/ros2_ws/install/parc_robot_bringup/share/parc_robot_bringup/rviz
[1.152s] -- Up-to-date: /home/iot/ros2_ws/install/parc_robot_bringup/share/parc_robot_bringup/rviz/task2.rviz
[1.153s] -- Up-to-date: /home/iot/ros2_ws/install/parc_robot_bringup/share/parc_robot_bringup/rviz/task1.rviz
[1.153s] -- Up-to-date: /home/iot/ros2_ws/install/parc_robot_bringup/share/parc_robot_bringup/rviz/parc_robot_bringup.rviz
[1.153s] -- Up-to-date: /home/iot/ros2_ws/install/parc_robot_bringup/share/parc_robot_bringup/worlds
[1.153s] -- Up-to-date: /home/iot/ros2_ws/install/parc_robot_bringup/share/parc_robot_bringup/worlds/parc_task1.world
[1.153s] -- Up-to-date: /home/iot/ros2_ws/install/parc_robot_bringup/share/parc_robot_bringup/worlds/world3.world
[1.153s] -- Up-to-date: /home/iot/ros2_ws/install/parc_robot_bringup/share/parc_robot_bringup/worlds/world1.world
[1.154s] -- Up-to-date: /home/iot/ros2_ws/install/parc_robot_bringup/share/parc_robot_bringup/worlds/world2.world
[1.154s] -- Up-to-date: /home/iot/ros2_ws/install/parc_robot_bringup/share/parc_robot_bringup/environment/pythonpath.sh
[1.154s] -- Up-to-date: /home/iot/ros2_ws/install/parc_robot_bringup/share/parc_robot_bringup/environment/pythonpath.dsv
[1.154s] -- Up-to-date: /home/iot/ros2_ws/install/parc_robot_bringup/local/lib/python3.10/dist-packages/parc_robot_bringup-0.0.0-py3.10.egg-info
[1.154s] -- Installing: /home/iot/ros2_ws/install/parc_robot_bringup/local/lib/python3.10/dist-packages/parc_robot_bringup-0.0.0-py3.10.egg-info/PKG-INFO
[1.154s] -- Installing: /home/iot/ros2_ws/install/parc_robot_bringup/local/lib/python3.10/dist-packages/parc_robot_bringup-0.0.0-py3.10.egg-info/dependency_links.txt
[1.155s] -- Installing: /home/iot/ros2_ws/install/parc_robot_bringup/local/lib/python3.10/dist-packages/parc_robot_bringup-0.0.0-py3.10.egg-info/SOURCES.txt
[1.161s] -- Installing: /home/iot/ros2_ws/install/parc_robot_bringup/local/lib/python3.10/dist-packages/parc_robot_bringup-0.0.0-py3.10.egg-info/top_level.txt
[1.161s] -- Up-to-date: /home/iot/ros2_ws/install/parc_robot_bringup/local/lib/python3.10/dist-packages/parc_robot_bringup
[1.162s] -- Up-to-date: /home/iot/ros2_ws/install/parc_robot_bringup/local/lib/python3.10/dist-packages/parc_robot_bringup/__init__.py
[1.162s] -- Up-to-date: /home/iot/ros2_ws/install/parc_robot_bringup/local/lib/python3.10/dist-packages/parc_robot_bringup/gps2cartesian.py
[1.162s] Listing '/home/iot/ros2_ws/install/parc_robot_bringup/local/lib/python3.10/dist-packages/parc_robot_bringup'...
[1.162s] -- Up-to-date: /home/iot/ros2_ws/install/parc_robot_bringup/lib/parc_robot_bringup/load_task1_params.py
[1.163s] -- Up-to-date: /home/iot/ros2_ws/install/parc_robot_bringup/lib/parc_robot_bringup/parc_robot_route.py
[1.163s] -- Up-to-date: /home/iot/ros2_ws/install/parc_robot_bringup/lib/parc_robot_bringup/parc_robot_nav.py
[1.163s] -- Up-to-date: /home/iot/ros2_ws/install/parc_robot_bringup/share/ament_index/resource_index/package_run_dependencies/parc_robot_bringup
[1.163s] -- Up-to-date: /home/iot/ros2_ws/install/parc_robot_bringup/share/ament_index/resource_index/parent_prefix_path/parc_robot_bringup
[1.163s] -- Up-to-date: /home/iot/ros2_ws/install/parc_robot_bringup/share/parc_robot_bringup/environment/ament_prefix_path.sh
[1.163s] -- Up-to-date: /home/iot/ros2_ws/install/parc_robot_bringup/share/parc_robot_bringup/environment/ament_prefix_path.dsv
[1.164s] -- Up-to-date: /home/iot/ros2_ws/install/parc_robot_bringup/share/parc_robot_bringup/environment/path.sh
[1.164s] -- Up-to-date: /home/iot/ros2_ws/install/parc_robot_bringup/share/parc_robot_bringup/environment/path.dsv
[1.164s] -- Up-to-date: /home/iot/ros2_ws/install/parc_robot_bringup/share/parc_robot_bringup/local_setup.bash
[1.164s] -- Up-to-date: /home/iot/ros2_ws/install/parc_robot_bringup/share/parc_robot_bringup/local_setup.sh
[1.164s] -- Up-to-date: /home/iot/ros2_ws/install/parc_robot_bringup/share/parc_robot_bringup/local_setup.zsh
[1.164s] -- Up-to-date: /home/iot/ros2_ws/install/parc_robot_bringup/share/parc_robot_bringup/local_setup.dsv
[1.165s] -- Installing: /home/iot/ros2_ws/install/parc_robot_bringup/share/parc_robot_bringup/package.dsv
[1.165s] -- Up-to-date: /home/iot/ros2_ws/install/parc_robot_bringup/share/ament_index/resource_index/packages/parc_robot_bringup
[1.165s] -- Up-to-date: /home/iot/ros2_ws/install/parc_robot_bringup/share/parc_robot_bringup/cmake/parc_robot_bringupConfig.cmake
[1.171s] -- Up-to-date: /home/iot/ros2_ws/install/parc_robot_bringup/share/parc_robot_bringup/cmake/parc_robot_bringupConfig-version.cmake
[1.171s] -- Up-to-date: /home/iot/ros2_ws/install/parc_robot_bringup/share/parc_robot_bringup/package.xml
[1.172s] Invoked command in '/home/iot/ros2_ws/build/parc_robot_bringup' returned '0': CMAKE_PREFIX_PATH=/home/iot/ros2_ws/install/parc_robot_interfaces:/home/iot/ros2_ws/install/parc_robot_description:/home/iot/ros2_ws/install/parc_robot_bringup:/home/iot/ros2_ws/install/parc_robot:/opt/ros/humble /usr/bin/cmake --install /home/iot/ros2_ws/build/parc_robot_bringup
