[0.009s] Invoking command in '/home/iot/ros2_ws/build/parc_robot': CMAKE_PREFIX_PATH=${CMAKE_PREFIX_PATH}:/home/iot/ros2_ws/install/tomatoes_detection1:/home/iot/ros2_ws/install/farmland_navigation:/opt/ros/humble /usr/bin/cmake /home/iot/ros2_ws/src/parc_robot -DCMAKE_INSTALL_PREFIX=/home/iot/ros2_ws/install/parc_robot
[0.281s] -- The C compiler identification is GNU 11.4.0
[0.406s] -- The CXX compiler identification is GNU 11.4.0
[0.415s] -- Detecting C compiler ABI info
[0.489s] -- Detecting C compiler ABI info - done
[0.504s] -- Check for working C compiler: /usr/bin/cc - skipped
[0.504s] -- Detecting C compile features
[0.505s] -- Detecting C compile features - done
[0.509s] -- Detecting CXX compiler ABI info
[0.573s] -- Detecting CXX compiler ABI info - done
[0.581s] -- Check for working CXX compiler: /usr/bin/c++ - skipped
[0.581s] -- Detecting CXX compile features
[0.581s] -- Detecting CXX compile features - done
[0.583s] -- Found ament_cmake: 1.3.9 (/opt/ros/humble/share/ament_cmake/cmake)
[0.731s] -- Found Python3: /usr/bin/python3 (found version "3.10.12") found components: Interpreter 
[1.014s] -- Configuring done
[1.016s] -- Generating done
[1.017s] -- Build files have been written to: /home/iot/ros2_ws/build/parc_robot
[1.020s] Invoked command in '/home/iot/ros2_ws/build/parc_robot' returned '0': CMAKE_PREFIX_PATH=${CMAKE_PREFIX_PATH}:/home/iot/ros2_ws/install/tomatoes_detection1:/home/iot/ros2_ws/install/farmland_navigation:/opt/ros/humble /usr/bin/cmake /home/iot/ros2_ws/src/parc_robot -DCMAKE_INSTALL_PREFIX=/home/iot/ros2_ws/install/parc_robot
[1.022s] Invoking command in '/home/iot/ros2_ws/build/parc_robot': CMAKE_PREFIX_PATH=${CMAKE_PREFIX_PATH}:/home/iot/ros2_ws/install/tomatoes_detection1:/home/iot/ros2_ws/install/farmland_navigation:/opt/ros/humble /usr/bin/cmake --build /home/iot/ros2_ws/build/parc_robot -- -j8 -l8
[1.051s] Invoked command in '/home/iot/ros2_ws/build/parc_robot' returned '0': CMAKE_PREFIX_PATH=${CMAKE_PREFIX_PATH}:/home/iot/ros2_ws/install/tomatoes_detection1:/home/iot/ros2_ws/install/farmland_navigation:/opt/ros/humble /usr/bin/cmake --build /home/iot/ros2_ws/build/parc_robot -- -j8 -l8
[1.073s] Invoking command in '/home/iot/ros2_ws/build/parc_robot': CMAKE_PREFIX_PATH=${CMAKE_PREFIX_PATH}:/home/iot/ros2_ws/install/tomatoes_detection1:/home/iot/ros2_ws/install/farmland_navigation:/opt/ros/humble /usr/bin/cmake --install /home/iot/ros2_ws/build/parc_robot
[1.078s] -- Install configuration: ""
[1.078s] -- Installing: /home/iot/ros2_ws/install/parc_robot/share/ament_index/resource_index/package_run_dependencies/parc_robot
[1.078s] -- Installing: /home/iot/ros2_ws/install/parc_robot/share/ament_index/resource_index/parent_prefix_path/parc_robot
[1.078s] -- Installing: /home/iot/ros2_ws/install/parc_robot/share/parc_robot/environment/ament_prefix_path.sh
[1.079s] -- Installing: /home/iot/ros2_ws/install/parc_robot/share/parc_robot/environment/ament_prefix_path.dsv
[1.079s] -- Installing: /home/iot/ros2_ws/install/parc_robot/share/parc_robot/environment/path.sh
[1.079s] -- Installing: /home/iot/ros2_ws/install/parc_robot/share/parc_robot/environment/path.dsv
[1.079s] -- Installing: /home/iot/ros2_ws/install/parc_robot/share/parc_robot/local_setup.bash
[1.079s] -- Installing: /home/iot/ros2_ws/install/parc_robot/share/parc_robot/local_setup.sh
[1.079s] -- Installing: /home/iot/ros2_ws/install/parc_robot/share/parc_robot/local_setup.zsh
[1.079s] -- Installing: /home/iot/ros2_ws/install/parc_robot/share/parc_robot/local_setup.dsv
[1.079s] -- Installing: /home/iot/ros2_ws/install/parc_robot/share/parc_robot/package.dsv
[1.080s] -- Installing: /home/iot/ros2_ws/install/parc_robot/share/ament_index/resource_index/packages/parc_robot
[1.080s] -- Installing: /home/iot/ros2_ws/install/parc_robot/share/parc_robot/cmake/parc_robotConfig.cmake
[1.080s] -- Installing: /home/iot/ros2_ws/install/parc_robot/share/parc_robot/cmake/parc_robotConfig-version.cmake
[1.080s] -- Installing: /home/iot/ros2_ws/install/parc_robot/share/parc_robot/package.xml
[1.082s] Invoked command in '/home/iot/ros2_ws/build/parc_robot' returned '0': CMAKE_PREFIX_PATH=${CMAKE_PREFIX_PATH}:/home/iot/ros2_ws/install/tomatoes_detection1:/home/iot/ros2_ws/install/farmland_navigation:/opt/ros/humble /usr/bin/cmake --install /home/iot/ros2_ws/build/parc_robot
