[0.011s] Invoking command in '/home/iot/ros2_ws/build/parc_robot_bringup': AMENT_PREFIX_PATH=/home/iot/ros2_ws/install/parc_robot_interfaces:/home/iot/ros2_ws/install/parc_robot_description:${AMENT_PREFIX_PATH} CMAKE_PREFIX_PATH=/home/iot/ros2_ws/install/parc_robot_interfaces:/home/iot/ros2_ws/install/parc_robot_description:/opt/ros/humble LD_LIBRARY_PATH=/home/iot/ros2_ws/install/parc_robot_interfaces/lib:${LD_LIBRARY_PATH} PYTHONPATH=/home/iot/ros2_ws/install/parc_robot_interfaces/local/lib/python3.10/dist-packages:${PYTHONPATH} /usr/bin/cmake /home/iot/ros2_ws/src/parc_robot_bringup -DCMAKE_INSTALL_PREFIX=/home/iot/ros2_ws/install/parc_robot_bringup
[0.078s] -- The C compiler identification is GNU 11.4.0
[0.147s] -- The CXX compiler identification is GNU 11.4.0
[0.154s] -- Detecting C compiler ABI info
[0.239s] -- Detecting C compiler ABI info - done
[0.253s] -- Check for working C compiler: /usr/bin/cc - skipped
[0.254s] -- Detecting C compile features
[0.254s] -- Detecting C compile features - done
[0.258s] -- Detecting CXX compiler ABI info
[0.338s] -- Detecting CXX compiler ABI info - done
[0.346s] -- Check for working CXX compiler: /usr/bin/c++ - skipped
[0.347s] -- Detecting CXX compile features
[0.348s] -- Detecting CXX compile features - done
[0.350s] -- Found ament_cmake: 1.3.9 (/opt/ros/humble/share/ament_cmake/cmake)
[0.557s] -- Found Python3: /usr/bin/python3 (found version "3.10.12") found components: Interpreter 
[0.653s] -- Found rclpy: 3.3.13 (/opt/ros/humble/share/rclpy/cmake)
[0.654s] -- Found urdf: 2.6.0 (/opt/ros/humble/share/urdf/cmake)
[0.713s] -- Found transmission_interface: 2.41.0 (/opt/ros/humble/share/transmission_interface/cmake)
[0.755s] -- Found rosidl_generator_c: 3.1.5 (/opt/ros/humble/share/rosidl_generator_c/cmake)
[0.760s] -- Found rosidl_adapter: 3.1.5 (/opt/ros/humble/share/rosidl_adapter/cmake)
[0.770s] -- Found rosidl_generator_cpp: 3.1.5 (/opt/ros/humble/share/rosidl_generator_cpp/cmake)
[0.787s] -- Using all available rosidl_typesupport_c: rosidl_typesupport_fastrtps_c;rosidl_typesupport_introspection_c
[0.805s] -- Using all available rosidl_typesupport_cpp: rosidl_typesupport_fastrtps_cpp;rosidl_typesupport_introspection_cpp
[1.663s] -- Found rmw_implementation_cmake: 6.1.2 (/opt/ros/humble/share/rmw_implementation_cmake/cmake)
[1.669s] -- Found rmw_cyclonedds_cpp: 1.3.4 (/opt/ros/humble/share/rmw_cyclonedds_cpp/cmake)
[1.727s] -- Using RMW implementation 'rmw_cyclonedds_cpp' as default
[1.748s] -- Looking for pthread.h
[1.838s] -- Looking for pthread.h - found
[1.838s] -- Performing Test CMAKE_HAVE_LIBC_PTHREAD
[1.928s] -- Performing Test CMAKE_HAVE_LIBC_PTHREAD - Success
[1.929s] -- Found Threads: TRUE  
[2.395s] -- Configuring done
[2.400s] -- Generating done
[2.402s] -- Build files have been written to: /home/iot/ros2_ws/build/parc_robot_bringup
[2.410s] Invoked command in '/home/iot/ros2_ws/build/parc_robot_bringup' returned '0': AMENT_PREFIX_PATH=/home/iot/ros2_ws/install/parc_robot_interfaces:/home/iot/ros2_ws/install/parc_robot_description:${AMENT_PREFIX_PATH} CMAKE_PREFIX_PATH=/home/iot/ros2_ws/install/parc_robot_interfaces:/home/iot/ros2_ws/install/parc_robot_description:/opt/ros/humble LD_LIBRARY_PATH=/home/iot/ros2_ws/install/parc_robot_interfaces/lib:${LD_LIBRARY_PATH} PYTHONPATH=/home/iot/ros2_ws/install/parc_robot_interfaces/local/lib/python3.10/dist-packages:${PYTHONPATH} /usr/bin/cmake /home/iot/ros2_ws/src/parc_robot_bringup -DCMAKE_INSTALL_PREFIX=/home/iot/ros2_ws/install/parc_robot_bringup
[2.412s] Invoking command in '/home/iot/ros2_ws/build/parc_robot_bringup': AMENT_PREFIX_PATH=/home/iot/ros2_ws/install/parc_robot_interfaces:/home/iot/ros2_ws/install/parc_robot_description:${AMENT_PREFIX_PATH} CMAKE_PREFIX_PATH=/home/iot/ros2_ws/install/parc_robot_interfaces:/home/iot/ros2_ws/install/parc_robot_description:/opt/ros/humble LD_LIBRARY_PATH=/home/iot/ros2_ws/install/parc_robot_interfaces/lib:${LD_LIBRARY_PATH} PYTHONPATH=/home/iot/ros2_ws/install/parc_robot_interfaces/local/lib/python3.10/dist-packages:${PYTHONPATH} /usr/bin/cmake --build /home/iot/ros2_ws/build/parc_robot_bringup -- -j8 -l8
[2.472s] Built target ament_cmake_python_copy_parc_robot_bringup
[2.744s] running egg_info
[2.744s] creating parc_robot_bringup.egg-info
[2.745s] writing parc_robot_bringup.egg-info/PKG-INFO
[2.745s] writing dependency_links to parc_robot_bringup.egg-info/dependency_links.txt
[2.745s] writing top-level names to parc_robot_bringup.egg-info/top_level.txt
[2.746s] writing manifest file 'parc_robot_bringup.egg-info/SOURCES.txt'
[2.748s] reading manifest file 'parc_robot_bringup.egg-info/SOURCES.txt'
[2.749s] writing manifest file 'parc_robot_bringup.egg-info/SOURCES.txt'
[2.773s] Built target ament_cmake_python_build_parc_robot_bringup_egg
[2.784s] Invoked command in '/home/iot/ros2_ws/build/parc_robot_bringup' returned '0': AMENT_PREFIX_PATH=/home/iot/ros2_ws/install/parc_robot_interfaces:/home/iot/ros2_ws/install/parc_robot_description:${AMENT_PREFIX_PATH} CMAKE_PREFIX_PATH=/home/iot/ros2_ws/install/parc_robot_interfaces:/home/iot/ros2_ws/install/parc_robot_description:/opt/ros/humble LD_LIBRARY_PATH=/home/iot/ros2_ws/install/parc_robot_interfaces/lib:${LD_LIBRARY_PATH} PYTHONPATH=/home/iot/ros2_ws/install/parc_robot_interfaces/local/lib/python3.10/dist-packages:${PYTHONPATH} /usr/bin/cmake --build /home/iot/ros2_ws/build/parc_robot_bringup -- -j8 -l8
[2.810s] Invoking command in '/home/iot/ros2_ws/build/parc_robot_bringup': AMENT_PREFIX_PATH=/home/iot/ros2_ws/install/parc_robot_interfaces:/home/iot/ros2_ws/install/parc_robot_description:${AMENT_PREFIX_PATH} CMAKE_PREFIX_PATH=/home/iot/ros2_ws/install/parc_robot_interfaces:/home/iot/ros2_ws/install/parc_robot_description:/opt/ros/humble LD_LIBRARY_PATH=/home/iot/ros2_ws/install/parc_robot_interfaces/lib:${LD_LIBRARY_PATH} PYTHONPATH=/home/iot/ros2_ws/install/parc_robot_interfaces/local/lib/python3.10/dist-packages:${PYTHONPATH} /usr/bin/cmake --install /home/iot/ros2_ws/build/parc_robot_bringup
[2.819s] -- Install configuration: ""
[2.820s] -- Installing: /home/iot/ros2_ws/install/parc_robot_bringup/share/parc_robot_bringup/config
[2.820s] -- Installing: /home/iot/ros2_ws/install/parc_robot_bringup/share/parc_robot_bringup/config/controllers.yaml
[2.820s] -- Installing: /home/iot/ros2_ws/install/parc_robot_bringup/share/parc_robot_bringup/config/route1_world_coordinates.yaml
[2.820s] -- Installing: /home/iot/ros2_ws/install/parc_robot_bringup/share/parc_robot_bringup/config/route2_world_coordinates.yaml
[2.821s] -- Installing: /home/iot/ros2_ws/install/parc_robot_bringup/share/parc_robot_bringup/config/gazebo_params.yaml
[2.821s] -- Installing: /home/iot/ros2_ws/install/parc_robot_bringup/share/parc_robot_bringup/config/task1_route3_params.yaml
[2.821s] -- Installing: /home/iot/ros2_ws/install/parc_robot_bringup/share/parc_robot_bringup/config/task1_route1_params.yaml
[2.821s] -- Installing: /home/iot/ros2_ws/install/parc_robot_bringup/share/parc_robot_bringup/config/gazebo_ros2_ctl_use_sim.yaml
[2.821s] -- Installing: /home/iot/ros2_ws/install/parc_robot_bringup/share/parc_robot_bringup/config/route3_world_coordinates.yaml
[2.821s] -- Installing: /home/iot/ros2_ws/install/parc_robot_bringup/share/parc_robot_bringup/config/task1_route2_params.yaml
[2.821s] -- Installing: /home/iot/ros2_ws/install/parc_robot_bringup/share/parc_robot_bringup/launch
[2.822s] -- Installing: /home/iot/ros2_ws/install/parc_robot_bringup/share/parc_robot_bringup/launch/task1_launch.py
[2.822s] -- Installing: /home/iot/ros2_ws/install/parc_robot_bringup/share/parc_robot_bringup/launch/task2_launch.py
[2.822s] -- Installing: /home/iot/ros2_ws/install/parc_robot_bringup/share/parc_robot_bringup/models
[2.822s] -- Installing: /home/iot/ros2_ws/install/parc_robot_bringup/share/parc_robot_bringup/models/tomato_9
[2.822s] -- Installing: /home/iot/ros2_ws/install/parc_robot_bringup/share/parc_robot_bringup/models/tomato_9/materials
[2.822s] -- Installing: /home/iot/ros2_ws/install/parc_robot_bringup/share/parc_robot_bringup/models/tomato_9/materials/textures
[2.822s] -- Installing: /home/iot/ros2_ws/install/parc_robot_bringup/share/parc_robot_bringup/models/tomato_9/materials/textures/AG15brn1(copy).png
[2.822s] -- Installing: /home/iot/ros2_ws/install/parc_robot_bringup/share/parc_robot_bringup/models/tomato_9/materials/textures/AG15blo1.png
[2.823s] -- Installing: /home/iot/ros2_ws/install/parc_robot_bringup/share/parc_robot_bringup/models/tomato_9/materials/textures/AG15frt1.png
[2.823s] -- Installing: /home/iot/ros2_ws/install/parc_robot_bringup/share/parc_robot_bringup/models/tomato_9/materials/textures/AG15lef1.png
[2.824s] -- Installing: /home/iot/ros2_ws/install/parc_robot_bringup/share/parc_robot_bringup/models/tomato_9/materials/textures/AG15brn1.png
[2.824s] -- Installing: /home/iot/ros2_ws/install/parc_robot_bringup/share/parc_robot_bringup/models/tomato_9/materials/textures/AG15blo3.png
[2.825s] -- Installing: /home/iot/ros2_ws/install/parc_robot_bringup/share/parc_robot_bringup/models/tomato_9/materials/textures/AG15lef2.png
[2.825s] -- Installing: /home/iot/ros2_ws/install/parc_robot_bringup/share/parc_robot_bringup/models/tomato_9/materials/textures/AG15frt3.png
[2.826s] -- Installing: /home/iot/ros2_ws/install/parc_robot_bringup/share/parc_robot_bringup/models/tomato_9/materials/textures/AG15frt4.png
[2.826s] -- Installing: /home/iot/ros2_ws/install/parc_robot_bringup/share/parc_robot_bringup/models/tomato_9/materials/textures/AG15blo2.png
[2.827s] -- Installing: /home/iot/ros2_ws/install/parc_robot_bringup/share/parc_robot_bringup/models/tomato_9/materials/textures/AG15frt2.png
[2.827s] -- Installing: /home/iot/ros2_ws/install/parc_robot_bringup/share/parc_robot_bringup/models/tomato_9/materials/scripts
[2.828s] -- Installing: /home/iot/ros2_ws/install/parc_robot_bringup/share/parc_robot_bringup/models/tomato_9/materials/scripts/fruit4.material
[2.828s] -- Installing: /home/iot/ros2_ws/install/parc_robot_bringup/share/parc_robot_bringup/models/tomato_9/materials/scripts/branch.material
[2.828s] -- Installing: /home/iot/ros2_ws/install/parc_robot_bringup/share/parc_robot_bringup/models/tomato_9/materials/scripts/blossom1.material
[2.828s] -- Installing: /home/iot/ros2_ws/install/parc_robot_bringup/share/parc_robot_bringup/models/tomato_9/materials/scripts/leaf1.material
[2.828s] -- Installing: /home/iot/ros2_ws/install/parc_robot_bringup/share/parc_robot_bringup/models/tomato_9/materials/scripts/blossom3.material
[2.828s] -- Installing: /home/iot/ros2_ws/install/parc_robot_bringup/share/parc_robot_bringup/models/tomato_9/materials/scripts/leaf2.material
[2.828s] -- Installing: /home/iot/ros2_ws/install/parc_robot_bringup/share/parc_robot_bringup/models/tomato_9/materials/scripts/fruit1.material
[2.828s] -- Installing: /home/iot/ros2_ws/install/parc_robot_bringup/share/parc_robot_bringup/models/tomato_9/materials/scripts/blossom2.material
[2.829s] -- Installing: /home/iot/ros2_ws/install/parc_robot_bringup/share/parc_robot_bringup/models/tomato_9/materials/scripts/fruit3.material
[2.829s] -- Installing: /home/iot/ros2_ws/install/parc_robot_bringup/share/parc_robot_bringup/models/tomato_9/materials/scripts/fruit2.material
[2.829s] -- Installing: /home/iot/ros2_ws/install/parc_robot_bringup/share/parc_robot_bringup/models/tomato_9/meshes
[2.829s] -- Installing: /home/iot/ros2_ws/install/parc_robot_bringup/share/parc_robot_bringup/models/tomato_9/meshes/.gitignore
[2.829s] -- Installing: /home/iot/ros2_ws/install/parc_robot_bringup/share/parc_robot_bringup/models/tomato_9/meshes/tomato.dae
[2.834s] -- Installing: /home/iot/ros2_ws/install/parc_robot_bringup/share/parc_robot_bringup/models/tomato_9/model.sdf
[2.835s] -- Installing: /home/iot/ros2_ws/install/parc_robot_bringup/share/parc_robot_bringup/models/tomato_9/markers.json
[2.835s] -- Installing: /home/iot/ros2_ws/install/parc_robot_bringup/share/parc_robot_bringup/models/tomato_9/model.config
[2.835s] -- Installing: /home/iot/ros2_ws/install/parc_robot_bringup/share/parc_robot_bringup/models/tomato_27
[2.835s] -- Installing: /home/iot/ros2_ws/install/parc_robot_bringup/share/parc_robot_bringup/models/tomato_27/materials
[2.835s] -- Installing: /home/iot/ros2_ws/install/parc_robot_bringup/share/parc_robot_bringup/models/tomato_27/materials/textures
[2.835s] -- Installing: /home/iot/ros2_ws/install/parc_robot_bringup/share/parc_robot_bringup/models/tomato_27/materials/textures/AG15brn1(copy).png
[2.836s] -- Installing: /home/iot/ros2_ws/install/parc_robot_bringup/share/parc_robot_bringup/models/tomato_27/materials/textures/AG15blo1.png
[2.836s] -- Installing: /home/iot/ros2_ws/install/parc_robot_bringup/share/parc_robot_bringup/models/tomato_27/materials/textures/AG15frt1.png
[2.837s] -- Installing: /home/iot/ros2_ws/install/parc_robot_bringup/share/parc_robot_bringup/models/tomato_27/materials/textures/AG15lef1.png
[2.837s] -- Installing: /home/iot/ros2_ws/install/parc_robot_bringup/share/parc_robot_bringup/models/tomato_27/materials/textures/AG15brn1.png
[2.838s] -- Installing: /home/iot/ros2_ws/install/parc_robot_bringup/share/parc_robot_bringup/models/tomato_27/materials/textures/AG15blo3.png
[2.838s] -- Installing: /home/iot/ros2_ws/install/parc_robot_bringup/share/parc_robot_bringup/models/tomato_27/materials/textures/AG15lef2.png
[2.838s] -- Installing: /home/iot/ros2_ws/install/parc_robot_bringup/share/parc_robot_bringup/models/tomato_27/materials/textures/AG15frt3.png
[2.839s] -- Installing: /home/iot/ros2_ws/install/parc_robot_bringup/share/parc_robot_bringup/models/tomato_27/materials/textures/AG15frt4.png
[2.840s] -- Installing: /home/iot/ros2_ws/install/parc_robot_bringup/share/parc_robot_bringup/models/tomato_27/materials/textures/AG15blo2.png
[2.840s] -- Installing: /home/iot/ros2_ws/install/parc_robot_bringup/share/parc_robot_bringup/models/tomato_27/materials/textures/AG15frt2.png
[2.841s] -- Installing: /home/iot/ros2_ws/install/parc_robot_bringup/share/parc_robot_bringup/models/tomato_27/materials/scripts
[2.841s] -- Installing: /home/iot/ros2_ws/install/parc_robot_bringup/share/parc_robot_bringup/models/tomato_27/materials/scripts/fruit4.material
[2.841s] -- Installing: /home/iot/ros2_ws/install/parc_robot_bringup/share/parc_robot_bringup/models/tomato_27/materials/scripts/branch.material
[2.842s] -- Installing: /home/iot/ros2_ws/install/parc_robot_bringup/share/parc_robot_bringup/models/tomato_27/materials/scripts/blossom1.material
[2.842s] -- Installing: /home/iot/ros2_ws/install/parc_robot_bringup/share/parc_robot_bringup/models/tomato_27/materials/scripts/leaf1.material
[2.842s] -- Installing: /home/iot/ros2_ws/install/parc_robot_bringup/share/parc_robot_bringup/models/tomato_27/materials/scripts/blossom3.material
[2.842s] -- Installing: /home/iot/ros2_ws/install/parc_robot_bringup/share/parc_robot_bringup/models/tomato_27/materials/scripts/leaf2.material
[2.842s] -- Installing: /home/iot/ros2_ws/install/parc_robot_bringup/share/parc_robot_bringup/models/tomato_27/materials/scripts/fruit1.material
[2.842s] -- Installing: /home/iot/ros2_ws/install/parc_robot_bringup/share/parc_robot_bringup/models/tomato_27/materials/scripts/blossom2.material
[2.842s] -- Installing: /home/iot/ros2_ws/install/parc_robot_bringup/share/parc_robot_bringup/models/tomato_27/materials/scripts/fruit3.material
[2.842s] -- Installing: /home/iot/ros2_ws/install/parc_robot_bringup/share/parc_robot_bringup/models/tomato_27/materials/scripts/fruit2.material
[2.843s] -- Installing: /home/iot/ros2_ws/install/parc_robot_bringup/share/parc_robot_bringup/models/tomato_27/meshes
[2.843s] -- Installing: /home/iot/ros2_ws/install/parc_robot_bringup/share/parc_robot_bringup/models/tomato_27/meshes/.gitignore
[2.843s] -- Installing: /home/iot/ros2_ws/install/parc_robot_bringup/share/parc_robot_bringup/models/tomato_27/meshes/tomato.dae
[2.850s] -- Installing: /home/iot/ros2_ws/install/parc_robot_bringup/share/parc_robot_bringup/models/tomato_27/model.sdf
[2.850s] -- Installing: /home/iot/ros2_ws/install/parc_robot_bringup/share/parc_robot_bringup/models/tomato_27/markers.json
[2.851s] -- Installing: /home/iot/ros2_ws/install/parc_robot_bringup/share/parc_robot_bringup/models/tomato_27/model.config
[2.851s] -- Installing: /home/iot/ros2_ws/install/parc_robot_bringup/share/parc_robot_bringup/models/tomato_26
[2.851s] -- Installing: /home/iot/ros2_ws/install/parc_robot_bringup/share/parc_robot_bringup/models/tomato_26/materials
[2.851s] -- Installing: /home/iot/ros2_ws/install/parc_robot_bringup/share/parc_robot_bringup/models/tomato_26/materials/textures
[2.851s] -- Installing: /home/iot/ros2_ws/install/parc_robot_bringup/share/parc_robot_bringup/models/tomato_26/materials/textures/AG15brn1(copy).png
[2.851s] -- Installing: /home/iot/ros2_ws/install/parc_robot_bringup/share/parc_robot_bringup/models/tomato_26/materials/textures/AG15blo1.png
[2.852s] -- Installing: /home/iot/ros2_ws/install/parc_robot_bringup/share/parc_robot_bringup/models/tomato_26/materials/textures/AG15frt1.png
[2.853s] -- Installing: /home/iot/ros2_ws/install/parc_robot_bringup/share/parc_robot_bringup/models/tomato_26/materials/textures/AG15lef1.png
[2.853s] -- Installing: /home/iot/ros2_ws/install/parc_robot_bringup/share/parc_robot_bringup/models/tomato_26/materials/textures/AG15brn1.png
[2.853s] -- Installing: /home/iot/ros2_ws/install/parc_robot_bringup/share/parc_robot_bringup/models/tomato_26/materials/textures/AG15blo3.png
[2.854s] -- Installing: /home/iot/ros2_ws/install/parc_robot_bringup/share/parc_robot_bringup/models/tomato_26/materials/textures/AG15lef2.png
[2.854s] -- Installing: /home/iot/ros2_ws/install/parc_robot_bringup/share/parc_robot_bringup/models/tomato_26/materials/textures/AG15frt3.png
[2.855s] -- Installing: /home/iot/ros2_ws/install/parc_robot_bringup/share/parc_robot_bringup/models/tomato_26/materials/textures/AG15frt4.png
[2.856s] -- Installing: /home/iot/ros2_ws/install/parc_robot_bringup/share/parc_robot_bringup/models/tomato_26/materials/textures/AG15blo2.png
[2.856s] -- Installing: /home/iot/ros2_ws/install/parc_robot_bringup/share/parc_robot_bringup/models/tomato_26/materials/textures/AG15frt2.png
[2.857s] -- Installing: /home/iot/ros2_ws/install/parc_robot_bringup/share/parc_robot_bringup/models/tomato_26/materials/scripts
[2.857s] -- Installing: /home/iot/ros2_ws/install/parc_robot_bringup/share/parc_robot_bringup/models/tomato_26/materials/scripts/fruit4.material
[2.857s] -- Installing: /home/iot/ros2_ws/install/parc_robot_bringup/share/parc_robot_bringup/models/tomato_26/materials/scripts/branch.material
[2.858s] -- Installing: /home/iot/ros2_ws/install/parc_robot_bringup/share/parc_robot_bringup/models/tomato_26/materials/scripts/blossom1.material
[2.858s] -- Installing: /home/iot/ros2_ws/install/parc_robot_bringup/share/parc_robot_bringup/models/tomato_26/materials/scripts/leaf1.material
[2.858s] -- Installing: /home/iot/ros2_ws/install/parc_robot_bringup/share/parc_robot_bringup/models/tomato_26/materials/scripts/blossom3.material
[2.858s] -- Installing: /home/iot/ros2_ws/install/parc_robot_bringup/share/parc_robot_bringup/models/tomato_26/materials/scripts/leaf2.material
[2.858s] -- Installing: /home/iot/ros2_ws/install/parc_robot_bringup/share/parc_robot_bringup/models/tomato_26/materials/scripts/fruit1.material
[2.858s] -- Installing: /home/iot/ros2_ws/install/parc_robot_bringup/share/parc_robot_bringup/models/tomato_26/materials/scripts/blossom2.material
[2.859s] -- Installing: /home/iot/ros2_ws/install/parc_robot_bringup/share/parc_robot_bringup/models/tomato_26/materials/scripts/fruit3.material
[2.859s] -- Installing: /home/iot/ros2_ws/install/parc_robot_bringup/share/parc_robot_bringup/models/tomato_26/materials/scripts/fruit2.material
[2.859s] -- Installing: /home/iot/ros2_ws/install/parc_robot_bringup/share/parc_robot_bringup/models/tomato_26/meshes
[2.859s] -- Installing: /home/iot/ros2_ws/install/parc_robot_bringup/share/parc_robot_bringup/models/tomato_26/meshes/.gitignore
[2.859s] -- Installing: /home/iot/ros2_ws/install/parc_robot_bringup/share/parc_robot_bringup/models/tomato_26/meshes/tomato.dae
[2.865s] -- Installing: /home/iot/ros2_ws/install/parc_robot_bringup/share/parc_robot_bringup/models/tomato_26/model.sdf
[2.866s] -- Installing: /home/iot/ros2_ws/install/parc_robot_bringup/share/parc_robot_bringup/models/tomato_26/markers.json
[2.866s] -- Installing: /home/iot/ros2_ws/install/parc_robot_bringup/share/parc_robot_bringup/models/tomato_26/model.config
[2.866s] -- Installing: /home/iot/ros2_ws/install/parc_robot_bringup/share/parc_robot_bringup/models/tomato_44
[2.867s] -- Installing: /home/iot/ros2_ws/install/parc_robot_bringup/share/parc_robot_bringup/models/tomato_44/materials
[2.867s] -- Installing: /home/iot/ros2_ws/install/parc_robot_bringup/share/parc_robot_bringup/models/tomato_44/materials/textures
[2.867s] -- Installing: /home/iot/ros2_ws/install/parc_robot_bringup/share/parc_robot_bringup/models/tomato_44/materials/textures/AG15brn1(copy).png
[2.867s] -- Installing: /home/iot/ros2_ws/install/parc_robot_bringup/share/parc_robot_bringup/models/tomato_44/materials/textures/AG15blo1.png
[2.867s] -- Installing: /home/iot/ros2_ws/install/parc_robot_bringup/share/parc_robot_bringup/models/tomato_44/materials/textures/AG15frt1.png
[2.868s] -- Installing: /home/iot/ros2_ws/install/parc_robot_bringup/share/parc_robot_bringup/models/tomato_44/materials/textures/AG15lef1.png
[2.869s] -- Installing: /home/iot/ros2_ws/install/parc_robot_bringup/share/parc_robot_bringup/models/tomato_44/materials/textures/AG15brn1.png
[2.869s] -- Installing: /home/iot/ros2_ws/install/parc_robot_bringup/share/parc_robot_bringup/models/tomato_44/materials/textures/AG15blo3.png
[2.869s] -- Installing: /home/iot/ros2_ws/install/parc_robot_bringup/share/parc_robot_bringup/models/tomato_44/materials/textures/AG15lef2.png
[2.869s] -- Installing: /home/iot/ros2_ws/install/parc_robot_bringup/share/parc_robot_bringup/models/tomato_44/materials/textures/AG15frt3.png
[2.870s] -- Installing: /home/iot/ros2_ws/install/parc_robot_bringup/share/parc_robot_bringup/models/tomato_44/materials/textures/AG15frt4.png
[2.871s] -- Installing: /home/iot/ros2_ws/install/parc_robot_bringup/share/parc_robot_bringup/models/tomato_44/materials/textures/AG15blo2.png
[2.871s] -- Installing: /home/iot/ros2_ws/install/parc_robot_bringup/share/parc_robot_bringup/models/tomato_44/materials/textures/AG15frt2.png
[2.872s] -- Installing: /home/iot/ros2_ws/install/parc_robot_bringup/share/parc_robot_bringup/models/tomato_44/materials/scripts
[2.873s] -- Installing: /home/iot/ros2_ws/install/parc_robot_bringup/share/parc_robot_bringup/models/tomato_44/materials/scripts/fruit4.material
[2.873s] -- Installing: /home/iot/ros2_ws/install/parc_robot_bringup/share/parc_robot_bringup/models/tomato_44/materials/scripts/branch.material
[2.873s] -- Installing: /home/iot/ros2_ws/install/parc_robot_bringup/share/parc_robot_bringup/models/tomato_44/materials/scripts/blossom1.material
[2.873s] -- Installing: /home/iot/ros2_ws/install/parc_robot_bringup/share/parc_robot_bringup/models/tomato_44/materials/scripts/leaf1.material
[2.873s] -- Installing: /home/iot/ros2_ws/install/parc_robot_bringup/share/parc_robot_bringup/models/tomato_44/materials/scripts/blossom3.material
[2.873s] -- Installing: /home/iot/ros2_ws/install/parc_robot_bringup/share/parc_robot_bringup/models/tomato_44/materials/scripts/leaf2.material
[2.873s] -- Installing: /home/iot/ros2_ws/install/parc_robot_bringup/share/parc_robot_bringup/models/tomato_44/materials/scripts/fruit1.material
[2.874s] -- Installing: /home/iot/ros2_ws/install/parc_robot_bringup/share/parc_robot_bringup/models/tomato_44/materials/scripts/blossom2.material
[2.874s] -- Installing: /home/iot/ros2_ws/install/parc_robot_bringup/share/parc_robot_bringup/models/tomato_44/materials/scripts/fruit3.material
[2.874s] -- Installing: /home/iot/ros2_ws/install/parc_robot_bringup/share/parc_robot_bringup/models/tomato_44/materials/scripts/fruit2.material
[2.874s] -- Installing: /home/iot/ros2_ws/install/parc_robot_bringup/share/parc_robot_bringup/models/tomato_44/meshes
[2.874s] -- Installing: /home/iot/ros2_ws/install/parc_robot_bringup/share/parc_robot_bringup/models/tomato_44/meshes/.gitignore
[2.874s] -- Installing: /home/iot/ros2_ws/install/parc_robot_bringup/share/parc_robot_bringup/models/tomato_44/meshes/tomato.dae
[2.878s] -- Installing: /home/iot/ros2_ws/install/parc_robot_bringup/share/parc_robot_bringup/models/tomato_44/model.sdf
[2.879s] -- Installing: /home/iot/ros2_ws/install/parc_robot_bringup/share/parc_robot_bringup/models/tomato_44/markers.json
[2.879s] -- Installing: /home/iot/ros2_ws/install/parc_robot_bringup/share/parc_robot_bringup/models/tomato_44/model.config
[2.879s] -- Installing: /home/iot/ros2_ws/install/parc_robot_bringup/share/parc_robot_bringup/models/tomato_23
[2.879s] -- Installing: /home/iot/ros2_ws/install/parc_robot_bringup/share/parc_robot_bringup/models/tomato_23/materials
[2.879s] -- Installing: /home/iot/ros2_ws/install/parc_robot_bringup/share/parc_robot_bringup/models/tomato_23/materials/textures
[2.879s] -- Installing: /home/iot/ros2_ws/install/parc_robot_bringup/share/parc_robot_bringup/models/tomato_23/materials/textures/AG15brn1(copy).png
[2.879s] -- Installing: /home/iot/ros2_ws/install/parc_robot_bringup/share/parc_robot_bringup/models/tomato_23/materials/textures/AG15blo1.png
[2.880s] -- Installing: /home/iot/ros2_ws/install/parc_robot_bringup/share/parc_robot_bringup/models/tomato_23/materials/textures/AG15frt1.png
[2.881s] -- Installing: /home/iot/ros2_ws/install/parc_robot_bringup/share/parc_robot_bringup/models/tomato_23/materials/textures/AG15lef1.png
[2.881s] -- Installing: /home/iot/ros2_ws/install/parc_robot_bringup/share/parc_robot_bringup/models/tomato_23/materials/textures/AG15brn1.png
[2.882s] -- Installing: /home/iot/ros2_ws/install/parc_robot_bringup/share/parc_robot_bringup/models/tomato_23/materials/textures/AG15blo3.png
[2.882s] -- Installing: /home/iot/ros2_ws/install/parc_robot_bringup/share/parc_robot_bringup/models/tomato_23/materials/textures/AG15lef2.png
[2.882s] -- Installing: /home/iot/ros2_ws/install/parc_robot_bringup/share/parc_robot_bringup/models/tomato_23/materials/textures/AG15frt3.png
[2.883s] -- Installing: /home/iot/ros2_ws/install/parc_robot_bringup/share/parc_robot_bringup/models/tomato_23/materials/textures/AG15frt4.png
[2.884s] -- Installing: /home/iot/ros2_ws/install/parc_robot_bringup/share/parc_robot_bringup/models/tomato_23/materials/textures/AG15blo2.png
[2.884s] -- Installing: /home/iot/ros2_ws/install/parc_robot_bringup/share/parc_robot_bringup/models/tomato_23/materials/textures/AG15frt2.png
[2.885s] -- Installing: /home/iot/ros2_ws/install/parc_robot_bringup/share/parc_robot_bringup/models/tomato_23/materials/scripts
[2.885s] -- Installing: /home/iot/ros2_ws/install/parc_robot_bringup/share/parc_robot_bringup/models/tomato_23/materials/scripts/fruit4.material
[2.885s] -- Installing: /home/iot/ros2_ws/install/parc_robot_bringup/share/parc_robot_bringup/models/tomato_23/materials/scripts/branch.material
[2.885s] -- Installing: /home/iot/ros2_ws/install/parc_robot_bringup/share/parc_robot_bringup/models/tomato_23/materials/scripts/blossom1.material
[2.885s] -- Installing: /home/iot/ros2_ws/install/parc_robot_bringup/share/parc_robot_bringup/models/tomato_23/materials/scripts/leaf1.material
[2.886s] -- Installing: /home/iot/ros2_ws/install/parc_robot_bringup/share/parc_robot_bringup/models/tomato_23/materials/scripts/blossom3.material
[2.886s] -- Installing: /home/iot/ros2_ws/install/parc_robot_bringup/share/parc_robot_bringup/models/tomato_23/materials/scripts/leaf2.material
[2.886s] -- Installing: /home/iot/ros2_ws/install/parc_robot_bringup/share/parc_robot_bringup/models/tomato_23/materials/scripts/fruit1.material
[2.886s] -- Installing: /home/iot/ros2_ws/install/parc_robot_bringup/share/parc_robot_bringup/models/tomato_23/materials/scripts/blossom2.material
[2.886s] -- Installing: /home/iot/ros2_ws/install/parc_robot_bringup/share/parc_robot_bringup/models/tomato_23/materials/scripts/fruit3.material
[2.886s] -- Installing: /home/iot/ros2_ws/install/parc_robot_bringup/share/parc_robot_bringup/models/tomato_23/materials/scripts/fruit2.material
[2.886s] -- Installing: /home/iot/ros2_ws/install/parc_robot_bringup/share/parc_robot_bringup/models/tomato_23/meshes
[2.886s] -- Installing: /home/iot/ros2_ws/install/parc_robot_bringup/share/parc_robot_bringup/models/tomato_23/meshes/.gitignore
[2.886s] -- Installing: /home/iot/ros2_ws/install/parc_robot_bringup/share/parc_robot_bringup/models/tomato_23/meshes/tomato.dae
[2.893s] -- Installing: /home/iot/ros2_ws/install/parc_robot_bringup/share/parc_robot_bringup/models/tomato_23/model.sdf
[2.893s] -- Installing: /home/iot/ros2_ws/install/parc_robot_bringup/share/parc_robot_bringup/models/tomato_23/markers.json
[2.894s] -- Installing: /home/iot/ros2_ws/install/parc_robot_bringup/share/parc_robot_bringup/models/tomato_23/model.config
[2.894s] -- Installing: /home/iot/ros2_ws/install/parc_robot_bringup/share/parc_robot_bringup/models/goal_location
[2.894s] -- Installing: /home/iot/ros2_ws/install/parc_robot_bringup/share/parc_robot_bringup/models/goal_location/model.sdf
[2.894s] -- Installing: /home/iot/ros2_ws/install/parc_robot_bringup/share/parc_robot_bringup/models/goal_location/model.config
[2.894s] -- Installing: /home/iot/ros2_ws/install/parc_robot_bringup/share/parc_robot_bringup/models/tomato_32
[2.894s] -- Installing: /home/iot/ros2_ws/install/parc_robot_bringup/share/parc_robot_bringup/models/tomato_32/materials
[2.895s] -- Installing: /home/iot/ros2_ws/install/parc_robot_bringup/share/parc_robot_bringup/models/tomato_32/materials/textures
[2.895s] -- Installing: /home/iot/ros2_ws/install/parc_robot_bringup/share/parc_robot_bringup/models/tomato_32/materials/textures/AG15brn1(copy).png
[2.895s] -- Installing: /home/iot/ros2_ws/install/parc_robot_bringup/share/parc_robot_bringup/models/tomato_32/materials/textures/AG15blo1.png
[2.895s] -- Installing: /home/iot/ros2_ws/install/parc_robot_bringup/share/parc_robot_bringup/models/tomato_32/materials/textures/AG15frt1.png
[2.896s] -- Installing: /home/iot/ros2_ws/install/parc_robot_bringup/share/parc_robot_bringup/models/tomato_32/materials/textures/AG15lef1.png
[2.897s] -- Installing: /home/iot/ros2_ws/install/parc_robot_bringup/share/parc_robot_bringup/models/tomato_32/materials/textures/AG15brn1.png
[2.897s] -- Installing: /home/iot/ros2_ws/install/parc_robot_bringup/share/parc_robot_bringup/models/tomato_32/materials/textures/AG15blo3.png
[2.897s] -- Installing: /home/iot/ros2_ws/install/parc_robot_bringup/share/parc_robot_bringup/models/tomato_32/materials/textures/AG15lef2.png
[2.897s] -- Installing: /home/iot/ros2_ws/install/parc_robot_bringup/share/parc_robot_bringup/models/tomato_32/materials/textures/AG15frt3.png
[2.898s] -- Installing: /home/iot/ros2_ws/install/parc_robot_bringup/share/parc_robot_bringup/models/tomato_32/materials/textures/AG15frt4.png
[2.899s] -- Installing: /home/iot/ros2_ws/install/parc_robot_bringup/share/parc_robot_bringup/models/tomato_32/materials/textures/AG15blo2.png
[2.899s] -- Installing: /home/iot/ros2_ws/install/parc_robot_bringup/share/parc_robot_bringup/models/tomato_32/materials/textures/AG15frt2.png
[2.900s] -- Installing: /home/iot/ros2_ws/install/parc_robot_bringup/share/parc_robot_bringup/models/tomato_32/materials/scripts
[2.900s] -- Installing: /home/iot/ros2_ws/install/parc_robot_bringup/share/parc_robot_bringup/models/tomato_32/materials/scripts/fruit4.material
[2.901s] -- Installing: /home/iot/ros2_ws/install/parc_robot_bringup/share/parc_robot_bringup/models/tomato_32/materials/scripts/branch.material
[2.901s] -- Installing: /home/iot/ros2_ws/install/parc_robot_bringup/share/parc_robot_bringup/models/tomato_32/materials/scripts/blossom1.material
[2.901s] -- Installing: /home/iot/ros2_ws/install/parc_robot_bringup/share/parc_robot_bringup/models/tomato_32/materials/scripts/leaf1.material
[2.901s] -- Installing: /home/iot/ros2_ws/install/parc_robot_bringup/share/parc_robot_bringup/models/tomato_32/materials/scripts/blossom3.material
[2.901s] -- Installing: /home/iot/ros2_ws/install/parc_robot_bringup/share/parc_robot_bringup/models/tomato_32/materials/scripts/leaf2.material
[2.901s] -- Installing: /home/iot/ros2_ws/install/parc_robot_bringup/share/parc_robot_bringup/models/tomato_32/materials/scripts/fruit1.material
[2.901s] -- Installing: /home/iot/ros2_ws/install/parc_robot_bringup/share/parc_robot_bringup/models/tomato_32/materials/scripts/blossom2.material
[2.901s] -- Installing: /home/iot/ros2_ws/install/parc_robot_bringup/share/parc_robot_bringup/models/tomato_32/materials/scripts/fruit3.material
[2.902s] -- Installing: /home/iot/ros2_ws/install/parc_robot_bringup/share/parc_robot_bringup/models/tomato_32/materials/scripts/fruit2.material
[2.902s] -- Installing: /home/iot/ros2_ws/install/parc_robot_bringup/share/parc_robot_bringup/models/tomato_32/meshes
[2.902s] -- Installing: /home/iot/ros2_ws/install/parc_robot_bringup/share/parc_robot_bringup/models/tomato_32/meshes/.gitignore
[2.902s] -- Installing: /home/iot/ros2_ws/install/parc_robot_bringup/share/parc_robot_bringup/models/tomato_32/meshes/tomato.dae
[2.906s] -- Installing: /home/iot/ros2_ws/install/parc_robot_bringup/share/parc_robot_bringup/models/tomato_32/model.sdf
[2.906s] -- Installing: /home/iot/ros2_ws/install/parc_robot_bringup/share/parc_robot_bringup/models/tomato_32/markers.json
[2.907s] -- Installing: /home/iot/ros2_ws/install/parc_robot_bringup/share/parc_robot_bringup/models/tomato_32/model.config
[2.907s] -- Installing: /home/iot/ros2_ws/install/parc_robot_bringup/share/parc_robot_bringup/models/tomato_33
[2.907s] -- Installing: /home/iot/ros2_ws/install/parc_robot_bringup/share/parc_robot_bringup/models/tomato_33/materials
[2.907s] -- Installing: /home/iot/ros2_ws/install/parc_robot_bringup/share/parc_robot_bringup/models/tomato_33/materials/textures
[2.907s] -- Installing: /home/iot/ros2_ws/install/parc_robot_bringup/share/parc_robot_bringup/models/tomato_33/materials/textures/AG15brn1(copy).png
[2.908s] -- Installing: /home/iot/ros2_ws/install/parc_robot_bringup/share/parc_robot_bringup/models/tomato_33/materials/textures/AG15blo1.png
[2.908s] -- Installing: /home/iot/ros2_ws/install/parc_robot_bringup/share/parc_robot_bringup/models/tomato_33/materials/textures/AG15frt1.png
[2.909s] -- Installing: /home/iot/ros2_ws/install/parc_robot_bringup/share/parc_robot_bringup/models/tomato_33/materials/textures/AG15lef1.png
[2.909s] -- Installing: /home/iot/ros2_ws/install/parc_robot_bringup/share/parc_robot_bringup/models/tomato_33/materials/textures/AG15brn1.png
[2.910s] -- Installing: /home/iot/ros2_ws/install/parc_robot_bringup/share/parc_robot_bringup/models/tomato_33/materials/textures/AG15blo3.png
[2.910s] -- Installing: /home/iot/ros2_ws/install/parc_robot_bringup/share/parc_robot_bringup/models/tomato_33/materials/textures/AG15lef2.png
[2.910s] -- Installing: /home/iot/ros2_ws/install/parc_robot_bringup/share/parc_robot_bringup/models/tomato_33/materials/textures/AG15frt3.png
[2.911s] -- Installing: /home/iot/ros2_ws/install/parc_robot_bringup/share/parc_robot_bringup/models/tomato_33/materials/textures/AG15frt4.png
[2.912s] -- Installing: /home/iot/ros2_ws/install/parc_robot_bringup/share/parc_robot_bringup/models/tomato_33/materials/textures/AG15blo2.png
[2.912s] -- Installing: /home/iot/ros2_ws/install/parc_robot_bringup/share/parc_robot_bringup/models/tomato_33/materials/textures/AG15frt2.png
[2.913s] -- Installing: /home/iot/ros2_ws/install/parc_robot_bringup/share/parc_robot_bringup/models/tomato_33/materials/scripts
[2.913s] -- Installing: /home/iot/ros2_ws/install/parc_robot_bringup/share/parc_robot_bringup/models/tomato_33/materials/scripts/fruit4.material
[2.913s] -- Installing: /home/iot/ros2_ws/install/parc_robot_bringup/share/parc_robot_bringup/models/tomato_33/materials/scripts/branch.material
[2.913s] -- Installing: /home/iot/ros2_ws/install/parc_robot_bringup/share/parc_robot_bringup/models/tomato_33/materials/scripts/blossom1.material
[2.913s] -- Installing: /home/iot/ros2_ws/install/parc_robot_bringup/share/parc_robot_bringup/models/tomato_33/materials/scripts/leaf1.material
[2.913s] -- Installing: /home/iot/ros2_ws/install/parc_robot_bringup/share/parc_robot_bringup/models/tomato_33/materials/scripts/blossom3.material
[2.914s] -- Installing: /home/iot/ros2_ws/install/parc_robot_bringup/share/parc_robot_bringup/models/tomato_33/materials/scripts/leaf2.material
[2.914s] -- Installing: /home/iot/ros2_ws/install/parc_robot_bringup/share/parc_robot_bringup/models/tomato_33/materials/scripts/fruit1.material
[2.914s] -- Installing: /home/iot/ros2_ws/install/parc_robot_bringup/share/parc_robot_bringup/models/tomato_33/materials/scripts/blossom2.material
[2.914s] -- Installing: /home/iot/ros2_ws/install/parc_robot_bringup/share/parc_robot_bringup/models/tomato_33/materials/scripts/fruit3.material
[2.914s] -- Installing: /home/iot/ros2_ws/install/parc_robot_bringup/share/parc_robot_bringup/models/tomato_33/materials/scripts/fruit2.material
[2.914s] -- Installing: /home/iot/ros2_ws/install/parc_robot_bringup/share/parc_robot_bringup/models/tomato_33/meshes
[2.914s] -- Installing: /home/iot/ros2_ws/install/parc_robot_bringup/share/parc_robot_bringup/models/tomato_33/meshes/.gitignore
[2.914s] -- Installing: /home/iot/ros2_ws/install/parc_robot_bringup/share/parc_robot_bringup/models/tomato_33/meshes/tomato.dae
[2.919s] -- Installing: /home/iot/ros2_ws/install/parc_robot_bringup/share/parc_robot_bringup/models/tomato_33/model.sdf
[2.919s] -- Installing: /home/iot/ros2_ws/install/parc_robot_bringup/share/parc_robot_bringup/models/tomato_33/markers.json
[2.920s] -- Installing: /home/iot/ros2_ws/install/parc_robot_bringup/share/parc_robot_bringup/models/tomato_33/model.config
[2.920s] -- Installing: /home/iot/ros2_ws/install/parc_robot_bringup/share/parc_robot_bringup/models/tomato_18
[2.920s] -- Installing: /home/iot/ros2_ws/install/parc_robot_bringup/share/parc_robot_bringup/models/tomato_18/materials
[2.920s] -- Installing: /home/iot/ros2_ws/install/parc_robot_bringup/share/parc_robot_bringup/models/tomato_18/materials/textures
[2.920s] -- Installing: /home/iot/ros2_ws/install/parc_robot_bringup/share/parc_robot_bringup/models/tomato_18/materials/textures/AG15brn1(copy).png
[2.920s] -- Installing: /home/iot/ros2_ws/install/parc_robot_bringup/share/parc_robot_bringup/models/tomato_18/materials/textures/AG15blo1.png
[2.921s] -- Installing: /home/iot/ros2_ws/install/parc_robot_bringup/share/parc_robot_bringup/models/tomato_18/materials/textures/AG15frt1.png
[2.921s] -- Installing: /home/iot/ros2_ws/install/parc_robot_bringup/share/parc_robot_bringup/models/tomato_18/materials/textures/AG15lef1.png
[2.922s] -- Installing: /home/iot/ros2_ws/install/parc_robot_bringup/share/parc_robot_bringup/models/tomato_18/materials/textures/AG15brn1.png
[2.922s] -- Installing: /home/iot/ros2_ws/install/parc_robot_bringup/share/parc_robot_bringup/models/tomato_18/materials/textures/AG15blo3.png
[2.923s] -- Installing: /home/iot/ros2_ws/install/parc_robot_bringup/share/parc_robot_bringup/models/tomato_18/materials/textures/AG15lef2.png
[2.923s] -- Installing: /home/iot/ros2_ws/install/parc_robot_bringup/share/parc_robot_bringup/models/tomato_18/materials/textures/AG15frt3.png
[2.924s] -- Installing: /home/iot/ros2_ws/install/parc_robot_bringup/share/parc_robot_bringup/models/tomato_18/materials/textures/AG15frt4.png
[2.924s] -- Installing: /home/iot/ros2_ws/install/parc_robot_bringup/share/parc_robot_bringup/models/tomato_18/materials/textures/AG15blo2.png
[2.925s] -- Installing: /home/iot/ros2_ws/install/parc_robot_bringup/share/parc_robot_bringup/models/tomato_18/materials/textures/AG15frt2.png
[2.925s] -- Installing: /home/iot/ros2_ws/install/parc_robot_bringup/share/parc_robot_bringup/models/tomato_18/materials/scripts
[2.926s] -- Installing: /home/iot/ros2_ws/install/parc_robot_bringup/share/parc_robot_bringup/models/tomato_18/materials/scripts/fruit4.material
[2.926s] -- Installing: /home/iot/ros2_ws/install/parc_robot_bringup/share/parc_robot_bringup/models/tomato_18/materials/scripts/branch.material
[2.926s] -- Installing: /home/iot/ros2_ws/install/parc_robot_bringup/share/parc_robot_bringup/models/tomato_18/materials/scripts/blossom1.material
[2.926s] -- Installing: /home/iot/ros2_ws/install/parc_robot_bringup/share/parc_robot_bringup/models/tomato_18/materials/scripts/leaf1.material
[2.926s] -- Installing: /home/iot/ros2_ws/install/parc_robot_bringup/share/parc_robot_bringup/models/tomato_18/materials/scripts/blossom3.material
[2.926s] -- Installing: /home/iot/ros2_ws/install/parc_robot_bringup/share/parc_robot_bringup/models/tomato_18/materials/scripts/leaf2.material
[2.926s] -- Installing: /home/iot/ros2_ws/install/parc_robot_bringup/share/parc_robot_bringup/models/tomato_18/materials/scripts/fruit1.material
[2.927s] -- Installing: /home/iot/ros2_ws/install/parc_robot_bringup/share/parc_robot_bringup/models/tomato_18/materials/scripts/blossom2.material
[2.927s] -- Installing: /home/iot/ros2_ws/install/parc_robot_bringup/share/parc_robot_bringup/models/tomato_18/materials/scripts/fruit3.material
[2.927s] -- Installing: /home/iot/ros2_ws/install/parc_robot_bringup/share/parc_robot_bringup/models/tomato_18/materials/scripts/fruit2.material
[2.927s] -- Installing: /home/iot/ros2_ws/install/parc_robot_bringup/share/parc_robot_bringup/models/tomato_18/meshes
[2.927s] -- Installing: /home/iot/ros2_ws/install/parc_robot_bringup/share/parc_robot_bringup/models/tomato_18/meshes/.gitignore
[2.927s] -- Installing: /home/iot/ros2_ws/install/parc_robot_bringup/share/parc_robot_bringup/models/tomato_18/meshes/tomato.dae
[2.933s] -- Installing: /home/iot/ros2_ws/install/parc_robot_bringup/share/parc_robot_bringup/models/tomato_18/model.sdf
[2.934s] -- Installing: /home/iot/ros2_ws/install/parc_robot_bringup/share/parc_robot_bringup/models/tomato_18/markers.json
[2.934s] -- Installing: /home/iot/ros2_ws/install/parc_robot_bringup/share/parc_robot_bringup/models/tomato_18/model.config
[2.934s] -- Installing: /home/iot/ros2_ws/install/parc_robot_bringup/share/parc_robot_bringup/models/materials
[2.934s] -- Installing: /home/iot/ros2_ws/install/parc_robot_bringup/share/parc_robot_bringup/models/materials/textures
[2.934s] -- Installing: /home/iot/ros2_ws/install/parc_robot_bringup/share/parc_robot_bringup/models/materials/textures/flat_normal.png
[2.934s] -- Installing: /home/iot/ros2_ws/install/parc_robot_bringup/share/parc_robot_bringup/models/materials/textures/dirt_diffusespecular.png
[2.937s] -- Installing: /home/iot/ros2_ws/install/parc_robot_bringup/share/parc_robot_bringup/models/materials/textures/grass_roughness.jpg
[2.940s] -- Installing: /home/iot/ros2_ws/install/parc_robot_bringup/share/parc_robot_bringup/models/materials/textures/grass_displacement.jpg
[2.942s] -- Installing: /home/iot/ros2_ws/install/parc_robot_bringup/share/parc_robot_bringup/models/materials/textures/grass_normal.jpg
[2.949s] -- Installing: /home/iot/ros2_ws/install/parc_robot_bringup/share/parc_robot_bringup/models/materials/textures/fungus_diffusespecular.png
[2.951s] -- Installing: /home/iot/ros2_ws/install/parc_robot_bringup/share/parc_robot_bringup/models/materials/textures/grass_color.jpg
[2.956s] -- Installing: /home/iot/ros2_ws/install/parc_robot_bringup/share/parc_robot_bringup/models/materials/textures/plowed_soil.jpg
[2.958s] -- Installing: /home/iot/ros2_ws/install/parc_robot_bringup/share/parc_robot_bringup/models/tomato_16
[2.958s] -- Installing: /home/iot/ros2_ws/install/parc_robot_bringup/share/parc_robot_bringup/models/tomato_16/materials
[2.958s] -- Installing: /home/iot/ros2_ws/install/parc_robot_bringup/share/parc_robot_bringup/models/tomato_16/materials/textures
[2.958s] -- Installing: /home/iot/ros2_ws/install/parc_robot_bringup/share/parc_robot_bringup/models/tomato_16/materials/textures/AG15brn1(copy).png
[2.959s] -- Installing: /home/iot/ros2_ws/install/parc_robot_bringup/share/parc_robot_bringup/models/tomato_16/materials/textures/AG15blo1.png
[2.959s] -- Installing: /home/iot/ros2_ws/install/parc_robot_bringup/share/parc_robot_bringup/models/tomato_16/materials/textures/AG15frt1.png
[2.960s] -- Installing: /home/iot/ros2_ws/install/parc_robot_bringup/share/parc_robot_bringup/models/tomato_16/materials/textures/AG15lef1.png
[2.960s] -- Installing: /home/iot/ros2_ws/install/parc_robot_bringup/share/parc_robot_bringup/models/tomato_16/materials/textures/AG15brn1.png
[2.961s] -- Installing: /home/iot/ros2_ws/install/parc_robot_bringup/share/parc_robot_bringup/models/tomato_16/materials/textures/AG15blo3.png
[2.961s] -- Installing: /home/iot/ros2_ws/install/parc_robot_bringup/share/parc_robot_bringup/models/tomato_16/materials/textures/AG15lef2.png
[2.961s] -- Installing: /home/iot/ros2_ws/install/parc_robot_bringup/share/parc_robot_bringup/models/tomato_16/materials/textures/AG15frt3.png
[2.962s] -- Installing: /home/iot/ros2_ws/install/parc_robot_bringup/share/parc_robot_bringup/models/tomato_16/materials/textures/AG15frt4.png
[2.963s] -- Installing: /home/iot/ros2_ws/install/parc_robot_bringup/share/parc_robot_bringup/models/tomato_16/materials/textures/AG15blo2.png
[2.963s] -- Installing: /home/iot/ros2_ws/install/parc_robot_bringup/share/parc_robot_bringup/models/tomato_16/materials/textures/AG15frt2.png
[2.964s] -- Installing: /home/iot/ros2_ws/install/parc_robot_bringup/share/parc_robot_bringup/models/tomato_16/materials/scripts
[2.965s] -- Installing: /home/iot/ros2_ws/install/parc_robot_bringup/share/parc_robot_bringup/models/tomato_16/materials/scripts/fruit4.material
[2.965s] -- Installing: /home/iot/ros2_ws/install/parc_robot_bringup/share/parc_robot_bringup/models/tomato_16/materials/scripts/branch.material
[2.965s] -- Installing: /home/iot/ros2_ws/install/parc_robot_bringup/share/parc_robot_bringup/models/tomato_16/materials/scripts/blossom1.material
[2.965s] -- Installing: /home/iot/ros2_ws/install/parc_robot_bringup/share/parc_robot_bringup/models/tomato_16/materials/scripts/leaf1.material
[2.965s] -- Installing: /home/iot/ros2_ws/install/parc_robot_bringup/share/parc_robot_bringup/models/tomato_16/materials/scripts/blossom3.material
[2.965s] -- Installing: /home/iot/ros2_ws/install/parc_robot_bringup/share/parc_robot_bringup/models/tomato_16/materials/scripts/leaf2.material
[2.965s] -- Installing: /home/iot/ros2_ws/install/parc_robot_bringup/share/parc_robot_bringup/models/tomato_16/materials/scripts/fruit1.material
[2.966s] -- Installing: /home/iot/ros2_ws/install/parc_robot_bringup/share/parc_robot_bringup/models/tomato_16/materials/scripts/blossom2.material
[2.966s] -- Installing: /home/iot/ros2_ws/install/parc_robot_bringup/share/parc_robot_bringup/models/tomato_16/materials/scripts/fruit3.material
[2.966s] -- Installing: /home/iot/ros2_ws/install/parc_robot_bringup/share/parc_robot_bringup/models/tomato_16/materials/scripts/fruit2.material
[2.966s] -- Installing: /home/iot/ros2_ws/install/parc_robot_bringup/share/parc_robot_bringup/models/tomato_16/meshes
[2.966s] -- Installing: /home/iot/ros2_ws/install/parc_robot_bringup/share/parc_robot_bringup/models/tomato_16/meshes/.gitignore
[2.966s] -- Installing: /home/iot/ros2_ws/install/parc_robot_bringup/share/parc_robot_bringup/models/tomato_16/meshes/tomato.dae
[2.974s] -- Installing: /home/iot/ros2_ws/install/parc_robot_bringup/share/parc_robot_bringup/models/tomato_16/model.sdf
[2.974s] -- Installing: /home/iot/ros2_ws/install/parc_robot_bringup/share/parc_robot_bringup/models/tomato_16/markers.json
[2.975s] -- Installing: /home/iot/ros2_ws/install/parc_robot_bringup/share/parc_robot_bringup/models/tomato_16/model.config
[2.975s] -- Installing: /home/iot/ros2_ws/install/parc_robot_bringup/share/parc_robot_bringup/models/small_peg
[2.975s] -- Installing: /home/iot/ros2_ws/install/parc_robot_bringup/share/parc_robot_bringup/models/small_peg/model.sdf
[2.975s] -- Installing: /home/iot/ros2_ws/install/parc_robot_bringup/share/parc_robot_bringup/models/small_peg/model.config
[2.975s] -- Installing: /home/iot/ros2_ws/install/parc_robot_bringup/share/parc_robot_bringup/models/my_grass_plane
[2.975s] -- Installing: /home/iot/ros2_ws/install/parc_robot_bringup/share/parc_robot_bringup/models/my_grass_plane/materials
[2.976s] -- Installing: /home/iot/ros2_ws/install/parc_robot_bringup/share/parc_robot_bringup/models/my_grass_plane/materials/textures
[2.976s] -- Installing: /home/iot/ros2_ws/install/parc_robot_bringup/share/parc_robot_bringup/models/my_grass_plane/materials/textures/grass_grid.png
[2.979s] -- Installing: /home/iot/ros2_ws/install/parc_robot_bringup/share/parc_robot_bringup/models/my_grass_plane/materials/textures/grass_color.jpg
[2.984s] -- Installing: /home/iot/ros2_ws/install/parc_robot_bringup/share/parc_robot_bringup/models/my_grass_plane/materials/scripts
[2.985s] -- Installing: /home/iot/ros2_ws/install/parc_robot_bringup/share/parc_robot_bringup/models/my_grass_plane/materials/scripts/my_grass_plane.material
[2.985s] -- Installing: /home/iot/ros2_ws/install/parc_robot_bringup/share/parc_robot_bringup/models/my_grass_plane/model.sdf
[2.985s] -- Installing: /home/iot/ros2_ws/install/parc_robot_bringup/share/parc_robot_bringup/models/my_grass_plane/model.config
[2.985s] -- Installing: /home/iot/ros2_ws/install/parc_robot_bringup/share/parc_robot_bringup/models/mud_box
[2.985s] -- Installing: /home/iot/ros2_ws/install/parc_robot_bringup/share/parc_robot_bringup/models/mud_box/model-1_4.sdf
[2.985s] -- Installing: /home/iot/ros2_ws/install/parc_robot_bringup/share/parc_robot_bringup/models/mud_box/materials
[2.985s] -- Installing: /home/iot/ros2_ws/install/parc_robot_bringup/share/parc_robot_bringup/models/mud_box/materials/textures
[2.985s] -- Installing: /home/iot/ros2_ws/install/parc_robot_bringup/share/parc_robot_bringup/models/mud_box/materials/textures/mud_soft_leaves.png
[2.986s] -- Installing: /home/iot/ros2_ws/install/parc_robot_bringup/share/parc_robot_bringup/models/mud_box/materials/scripts
[2.986s] -- Installing: /home/iot/ros2_ws/install/parc_robot_bringup/share/parc_robot_bringup/models/mud_box/materials/scripts/mud.material
[2.986s] -- Installing: /home/iot/ros2_ws/install/parc_robot_bringup/share/parc_robot_bringup/models/mud_box/model.sdf
[2.986s] -- Installing: /home/iot/ros2_ws/install/parc_robot_bringup/share/parc_robot_bringup/models/mud_box/model (copy).sdf
[2.987s] -- Installing: /home/iot/ros2_ws/install/parc_robot_bringup/share/parc_robot_bringup/models/mud_box/model.config
[2.987s] -- Installing: /home/iot/ros2_ws/install/parc_robot_bringup/share/parc_robot_bringup/models/tomato_28
[2.987s] -- Installing: /home/iot/ros2_ws/install/parc_robot_bringup/share/parc_robot_bringup/models/tomato_28/materials
[2.987s] -- Installing: /home/iot/ros2_ws/install/parc_robot_bringup/share/parc_robot_bringup/models/tomato_28/materials/textures
[2.987s] -- Installing: /home/iot/ros2_ws/install/parc_robot_bringup/share/parc_robot_bringup/models/tomato_28/materials/textures/AG15brn1(copy).png
[2.987s] -- Installing: /home/iot/ros2_ws/install/parc_robot_bringup/share/parc_robot_bringup/models/tomato_28/materials/textures/AG15blo1.png
[2.987s] -- Installing: /home/iot/ros2_ws/install/parc_robot_bringup/share/parc_robot_bringup/models/tomato_28/materials/textures/AG15frt1.png
[2.988s] -- Installing: /home/iot/ros2_ws/install/parc_robot_bringup/share/parc_robot_bringup/models/tomato_28/materials/textures/AG15lef1.png
[2.989s] -- Installing: /home/iot/ros2_ws/install/parc_robot_bringup/share/parc_robot_bringup/models/tomato_28/materials/textures/AG15brn1.png
[2.989s] -- Installing: /home/iot/ros2_ws/install/parc_robot_bringup/share/parc_robot_bringup/models/tomato_28/materials/textures/AG15blo3.png
[2.990s] -- Installing: /home/iot/ros2_ws/install/parc_robot_bringup/share/parc_robot_bringup/models/tomato_28/materials/textures/AG15lef2.png
[2.990s] -- Installing: /home/iot/ros2_ws/install/parc_robot_bringup/share/parc_robot_bringup/models/tomato_28/materials/textures/AG15frt3.png
[2.991s] -- Installing: /home/iot/ros2_ws/install/parc_robot_bringup/share/parc_robot_bringup/models/tomato_28/materials/textures/AG15frt4.png
[2.992s] -- Installing: /home/iot/ros2_ws/install/parc_robot_bringup/share/parc_robot_bringup/models/tomato_28/materials/textures/AG15blo2.png
[2.992s] -- Installing: /home/iot/ros2_ws/install/parc_robot_bringup/share/parc_robot_bringup/models/tomato_28/materials/textures/AG15frt2.png
[2.993s] -- Installing: /home/iot/ros2_ws/install/parc_robot_bringup/share/parc_robot_bringup/models/tomato_28/materials/scripts
[2.993s] -- Installing: /home/iot/ros2_ws/install/parc_robot_bringup/share/parc_robot_bringup/models/tomato_28/materials/scripts/fruit4.material
[2.993s] -- Installing: /home/iot/ros2_ws/install/parc_robot_bringup/share/parc_robot_bringup/models/tomato_28/materials/scripts/branch.material
[2.994s] -- Installing: /home/iot/ros2_ws/install/parc_robot_bringup/share/parc_robot_bringup/models/tomato_28/materials/scripts/blossom1.material
[2.994s] -- Installing: /home/iot/ros2_ws/install/parc_robot_bringup/share/parc_robot_bringup/models/tomato_28/materials/scripts/leaf1.material
[2.994s] -- Installing: /home/iot/ros2_ws/install/parc_robot_bringup/share/parc_robot_bringup/models/tomato_28/materials/scripts/blossom3.material
[2.994s] -- Installing: /home/iot/ros2_ws/install/parc_robot_bringup/share/parc_robot_bringup/models/tomato_28/materials/scripts/leaf2.material
[2.994s] -- Installing: /home/iot/ros2_ws/install/parc_robot_bringup/share/parc_robot_bringup/models/tomato_28/materials/scripts/fruit1.material
[2.994s] -- Installing: /home/iot/ros2_ws/install/parc_robot_bringup/share/parc_robot_bringup/models/tomato_28/materials/scripts/blossom2.material
[2.994s] -- Installing: /home/iot/ros2_ws/install/parc_robot_bringup/share/parc_robot_bringup/models/tomato_28/materials/scripts/fruit3.material
[2.994s] -- Installing: /home/iot/ros2_ws/install/parc_robot_bringup/share/parc_robot_bringup/models/tomato_28/materials/scripts/fruit2.material
[2.995s] -- Installing: /home/iot/ros2_ws/install/parc_robot_bringup/share/parc_robot_bringup/models/tomato_28/meshes
[2.995s] -- Installing: /home/iot/ros2_ws/install/parc_robot_bringup/share/parc_robot_bringup/models/tomato_28/meshes/.gitignore
[2.995s] -- Installing: /home/iot/ros2_ws/install/parc_robot_bringup/share/parc_robot_bringup/models/tomato_28/meshes/tomato.dae
[3.000s] -- Installing: /home/iot/ros2_ws/install/parc_robot_bringup/share/parc_robot_bringup/models/tomato_28/model.sdf
[3.001s] -- Installing: /home/iot/ros2_ws/install/parc_robot_bringup/share/parc_robot_bringup/models/tomato_28/markers.json
[3.001s] -- Installing: /home/iot/ros2_ws/install/parc_robot_bringup/share/parc_robot_bringup/models/tomato_28/model.config
[3.001s] -- Installing: /home/iot/ros2_ws/install/parc_robot_bringup/share/parc_robot_bringup/models/tomato_13
[3.001s] -- Installing: /home/iot/ros2_ws/install/parc_robot_bringup/share/parc_robot_bringup/models/tomato_13/materials
[3.001s] -- Installing: /home/iot/ros2_ws/install/parc_robot_bringup/share/parc_robot_bringup/models/tomato_13/materials/textures
[3.002s] -- Installing: /home/iot/ros2_ws/install/parc_robot_bringup/share/parc_robot_bringup/models/tomato_13/materials/textures/AG15brn1(copy).png
[3.002s] -- Installing: /home/iot/ros2_ws/install/parc_robot_bringup/share/parc_robot_bringup/models/tomato_13/materials/textures/AG15blo1.png
[3.002s] -- Installing: /home/iot/ros2_ws/install/parc_robot_bringup/share/parc_robot_bringup/models/tomato_13/materials/textures/AG15frt1.png
[3.002s] -- Installing: /home/iot/ros2_ws/install/parc_robot_bringup/share/parc_robot_bringup/models/tomato_13/materials/textures/AG15lef1.png
[3.003s] -- Installing: /home/iot/ros2_ws/install/parc_robot_bringup/share/parc_robot_bringup/models/tomato_13/materials/textures/AG15brn1.png
[3.003s] -- Installing: /home/iot/ros2_ws/install/parc_robot_bringup/share/parc_robot_bringup/models/tomato_13/materials/textures/AG15blo3.png
[3.003s] -- Installing: /home/iot/ros2_ws/install/parc_robot_bringup/share/parc_robot_bringup/models/tomato_13/materials/textures/AG15lef2.png
[3.004s] -- Installing: /home/iot/ros2_ws/install/parc_robot_bringup/share/parc_robot_bringup/models/tomato_13/materials/textures/AG15frt3.png
[3.005s] -- Installing: /home/iot/ros2_ws/install/parc_robot_bringup/share/parc_robot_bringup/models/tomato_13/materials/textures/AG15frt4.png
[3.006s] -- Installing: /home/iot/ros2_ws/install/parc_robot_bringup/share/parc_robot_bringup/models/tomato_13/materials/textures/AG15blo2.png
[3.006s] -- Installing: /home/iot/ros2_ws/install/parc_robot_bringup/share/parc_robot_bringup/models/tomato_13/materials/textures/AG15frt2.png
[3.007s] -- Installing: /home/iot/ros2_ws/install/parc_robot_bringup/share/parc_robot_bringup/models/tomato_13/materials/scripts
[3.007s] -- Installing: /home/iot/ros2_ws/install/parc_robot_bringup/share/parc_robot_bringup/models/tomato_13/materials/scripts/fruit4.material
[3.007s] -- Installing: /home/iot/ros2_ws/install/parc_robot_bringup/share/parc_robot_bringup/models/tomato_13/materials/scripts/branch.material
[3.007s] -- Installing: /home/iot/ros2_ws/install/parc_robot_bringup/share/parc_robot_bringup/models/tomato_13/materials/scripts/blossom1.material
[3.007s] -- Installing: /home/iot/ros2_ws/install/parc_robot_bringup/share/parc_robot_bringup/models/tomato_13/materials/scripts/leaf1.material
[3.007s] -- Installing: /home/iot/ros2_ws/install/parc_robot_bringup/share/parc_robot_bringup/models/tomato_13/materials/scripts/blossom3.material
[3.008s] -- Installing: /home/iot/ros2_ws/install/parc_robot_bringup/share/parc_robot_bringup/models/tomato_13/materials/scripts/leaf2.material
[3.008s] -- Installing: /home/iot/ros2_ws/install/parc_robot_bringup/share/parc_robot_bringup/models/tomato_13/materials/scripts/fruit1.material
[3.008s] -- Installing: /home/iot/ros2_ws/install/parc_robot_bringup/share/parc_robot_bringup/models/tomato_13/materials/scripts/blossom2.material
[3.008s] -- Installing: /home/iot/ros2_ws/install/parc_robot_bringup/share/parc_robot_bringup/models/tomato_13/materials/scripts/fruit3.material
[3.008s] -- Installing: /home/iot/ros2_ws/install/parc_robot_bringup/share/parc_robot_bringup/models/tomato_13/materials/scripts/fruit2.material
[3.008s] -- Installing: /home/iot/ros2_ws/install/parc_robot_bringup/share/parc_robot_bringup/models/tomato_13/meshes
[3.008s] -- Installing: /home/iot/ros2_ws/install/parc_robot_bringup/share/parc_robot_bringup/models/tomato_13/meshes/.gitignore
[3.008s] -- Installing: /home/iot/ros2_ws/install/parc_robot_bringup/share/parc_robot_bringup/models/tomato_13/meshes/tomato.dae
[3.012s] -- Installing: /home/iot/ros2_ws/install/parc_robot_bringup/share/parc_robot_bringup/models/tomato_13/model.sdf
[3.012s] -- Installing: /home/iot/ros2_ws/install/parc_robot_bringup/share/parc_robot_bringup/models/tomato_13/markers.json
[3.013s] -- Installing: /home/iot/ros2_ws/install/parc_robot_bringup/share/parc_robot_bringup/models/tomato_13/model.config
[3.013s] -- Installing: /home/iot/ros2_ws/install/parc_robot_bringup/share/parc_robot_bringup/models/tomato_34
[3.013s] -- Installing: /home/iot/ros2_ws/install/parc_robot_bringup/share/parc_robot_bringup/models/tomato_34/materials
[3.013s] -- Installing: /home/iot/ros2_ws/install/parc_robot_bringup/share/parc_robot_bringup/models/tomato_34/materials/textures
[3.013s] -- Installing: /home/iot/ros2_ws/install/parc_robot_bringup/share/parc_robot_bringup/models/tomato_34/materials/textures/AG15brn1(copy).png
[3.014s] -- Installing: /home/iot/ros2_ws/install/parc_robot_bringup/share/parc_robot_bringup/models/tomato_34/materials/textures/AG15blo1.png
[3.014s] -- Installing: /home/iot/ros2_ws/install/parc_robot_bringup/share/parc_robot_bringup/models/tomato_34/materials/textures/AG15frt1.png
[3.015s] -- Installing: /home/iot/ros2_ws/install/parc_robot_bringup/share/parc_robot_bringup/models/tomato_34/materials/textures/AG15lef1.png
[3.015s] -- Installing: /home/iot/ros2_ws/install/parc_robot_bringup/share/parc_robot_bringup/models/tomato_34/materials/textures/AG15brn1.png
[3.016s] -- Installing: /home/iot/ros2_ws/install/parc_robot_bringup/share/parc_robot_bringup/models/tomato_34/materials/textures/AG15blo3.png
[3.016s] -- Installing: /home/iot/ros2_ws/install/parc_robot_bringup/share/parc_robot_bringup/models/tomato_34/materials/textures/AG15lef2.png
[3.016s] -- Installing: /home/iot/ros2_ws/install/parc_robot_bringup/share/parc_robot_bringup/models/tomato_34/materials/textures/AG15frt3.png
[3.017s] -- Installing: /home/iot/ros2_ws/install/parc_robot_bringup/share/parc_robot_bringup/models/tomato_34/materials/textures/AG15frt4.png
[3.018s] -- Installing: /home/iot/ros2_ws/install/parc_robot_bringup/share/parc_robot_bringup/models/tomato_34/materials/textures/AG15blo2.png
[3.018s] -- Installing: /home/iot/ros2_ws/install/parc_robot_bringup/share/parc_robot_bringup/models/tomato_34/materials/textures/AG15frt2.png
[3.019s] -- Installing: /home/iot/ros2_ws/install/parc_robot_bringup/share/parc_robot_bringup/models/tomato_34/materials/scripts
[3.019s] -- Installing: /home/iot/ros2_ws/install/parc_robot_bringup/share/parc_robot_bringup/models/tomato_34/materials/scripts/fruit4.material
[3.019s] -- Installing: /home/iot/ros2_ws/install/parc_robot_bringup/share/parc_robot_bringup/models/tomato_34/materials/scripts/branch.material
[3.019s] -- Installing: /home/iot/ros2_ws/install/parc_robot_bringup/share/parc_robot_bringup/models/tomato_34/materials/scripts/blossom1.material
[3.020s] -- Installing: /home/iot/ros2_ws/install/parc_robot_bringup/share/parc_robot_bringup/models/tomato_34/materials/scripts/leaf1.material
[3.020s] -- Installing: /home/iot/ros2_ws/install/parc_robot_bringup/share/parc_robot_bringup/models/tomato_34/materials/scripts/blossom3.material
[3.020s] -- Installing: /home/iot/ros2_ws/install/parc_robot_bringup/share/parc_robot_bringup/models/tomato_34/materials/scripts/leaf2.material
[3.020s] -- Installing: /home/iot/ros2_ws/install/parc_robot_bringup/share/parc_robot_bringup/models/tomato_34/materials/scripts/fruit1.material
[3.020s] -- Installing: /home/iot/ros2_ws/install/parc_robot_bringup/share/parc_robot_bringup/models/tomato_34/materials/scripts/blossom2.material
[3.020s] -- Installing: /home/iot/ros2_ws/install/parc_robot_bringup/share/parc_robot_bringup/models/tomato_34/materials/scripts/fruit3.material
[3.020s] -- Installing: /home/iot/ros2_ws/install/parc_robot_bringup/share/parc_robot_bringup/models/tomato_34/materials/scripts/fruit2.material
[3.020s] -- Installing: /home/iot/ros2_ws/install/parc_robot_bringup/share/parc_robot_bringup/models/tomato_34/meshes
[3.021s] -- Installing: /home/iot/ros2_ws/install/parc_robot_bringup/share/parc_robot_bringup/models/tomato_34/meshes/.gitignore
[3.021s] -- Installing: /home/iot/ros2_ws/install/parc_robot_bringup/share/parc_robot_bringup/models/tomato_34/meshes/tomato.dae
[3.025s] -- Installing: /home/iot/ros2_ws/install/parc_robot_bringup/share/parc_robot_bringup/models/tomato_34/model.sdf
[3.025s] -- Installing: /home/iot/ros2_ws/install/parc_robot_bringup/share/parc_robot_bringup/models/tomato_34/markers.json
[3.025s] -- Installing: /home/iot/ros2_ws/install/parc_robot_bringup/share/parc_robot_bringup/models/tomato_34/model.config
[3.025s] -- Installing: /home/iot/ros2_ws/install/parc_robot_bringup/share/parc_robot_bringup/models/peg
[3.025s] -- Installing: /home/iot/ros2_ws/install/parc_robot_bringup/share/parc_robot_bringup/models/peg/model.sdf
[3.026s] -- Installing: /home/iot/ros2_ws/install/parc_robot_bringup/share/parc_robot_bringup/models/peg/model.config
[3.026s] -- Installing: /home/iot/ros2_ws/install/parc_robot_bringup/share/parc_robot_bringup/rviz
[3.026s] -- Installing: /home/iot/ros2_ws/install/parc_robot_bringup/share/parc_robot_bringup/rviz/task2.rviz
[3.026s] -- Installing: /home/iot/ros2_ws/install/parc_robot_bringup/share/parc_robot_bringup/rviz/task1.rviz
[3.026s] -- Installing: /home/iot/ros2_ws/install/parc_robot_bringup/share/parc_robot_bringup/rviz/parc_robot_bringup.rviz
[3.026s] -- Installing: /home/iot/ros2_ws/install/parc_robot_bringup/share/parc_robot_bringup/worlds
[3.026s] -- Installing: /home/iot/ros2_ws/install/parc_robot_bringup/share/parc_robot_bringup/worlds/parc_task1.world
[3.026s] -- Installing: /home/iot/ros2_ws/install/parc_robot_bringup/share/parc_robot_bringup/worlds/world3.world
[3.027s] -- Installing: /home/iot/ros2_ws/install/parc_robot_bringup/share/parc_robot_bringup/worlds/world1.world
[3.027s] -- Installing: /home/iot/ros2_ws/install/parc_robot_bringup/share/parc_robot_bringup/worlds/world2.world
[3.027s] -- Installing: /home/iot/ros2_ws/install/parc_robot_bringup/share/parc_robot_bringup/environment/pythonpath.sh
[3.027s] -- Installing: /home/iot/ros2_ws/install/parc_robot_bringup/share/parc_robot_bringup/environment/pythonpath.dsv
[3.028s] -- Installing: /home/iot/ros2_ws/install/parc_robot_bringup/local/lib/python3.10/dist-packages/parc_robot_bringup-0.0.0-py3.10.egg-info
[3.028s] -- Installing: /home/iot/ros2_ws/install/parc_robot_bringup/local/lib/python3.10/dist-packages/parc_robot_bringup-0.0.0-py3.10.egg-info/PKG-INFO
[3.028s] -- Installing: /home/iot/ros2_ws/install/parc_robot_bringup/local/lib/python3.10/dist-packages/parc_robot_bringup-0.0.0-py3.10.egg-info/dependency_links.txt
[3.028s] -- Installing: /home/iot/ros2_ws/install/parc_robot_bringup/local/lib/python3.10/dist-packages/parc_robot_bringup-0.0.0-py3.10.egg-info/SOURCES.txt
[3.029s] -- Installing: /home/iot/ros2_ws/install/parc_robot_bringup/local/lib/python3.10/dist-packages/parc_robot_bringup-0.0.0-py3.10.egg-info/top_level.txt
[3.029s] -- Installing: /home/iot/ros2_ws/install/parc_robot_bringup/local/lib/python3.10/dist-packages/parc_robot_bringup
[3.029s] -- Installing: /home/iot/ros2_ws/install/parc_robot_bringup/local/lib/python3.10/dist-packages/parc_robot_bringup/__init__.py
[3.029s] -- Installing: /home/iot/ros2_ws/install/parc_robot_bringup/local/lib/python3.10/dist-packages/parc_robot_bringup/gps2cartesian.py
[3.070s] Listing '/home/iot/ros2_ws/install/parc_robot_bringup/local/lib/python3.10/dist-packages/parc_robot_bringup'...
[3.070s] Compiling '/home/iot/ros2_ws/install/parc_robot_bringup/local/lib/python3.10/dist-packages/parc_robot_bringup/__init__.py'...
[3.070s] Compiling '/home/iot/ros2_ws/install/parc_robot_bringup/local/lib/python3.10/dist-packages/parc_robot_bringup/gps2cartesian.py'...
[3.076s] -- Installing: /home/iot/ros2_ws/install/parc_robot_bringup/lib/parc_robot_bringup/load_task1_params.py
[3.076s] -- Installing: /home/iot/ros2_ws/install/parc_robot_bringup/lib/parc_robot_bringup/parc_robot_route.py
[3.077s] -- Installing: /home/iot/ros2_ws/install/parc_robot_bringup/lib/parc_robot_bringup/parc_robot_nav.py
[3.077s] [31mCMake Error at cmake_install.cmake:80 (file):
[3.077s]   file INSTALL cannot find
[3.077s]   "/home/iot/ros2_ws/src/parc_robot_bringup/scripts/task1_solution.py": No
[3.077s]   such file or directory.
[3.077s] 
[3.077s] [0m
[3.079s] Invoked command in '/home/iot/ros2_ws/build/parc_robot_bringup' returned '1': AMENT_PREFIX_PATH=/home/iot/ros2_ws/install/parc_robot_interfaces:/home/iot/ros2_ws/install/parc_robot_description:${AMENT_PREFIX_PATH} CMAKE_PREFIX_PATH=/home/iot/ros2_ws/install/parc_robot_interfaces:/home/iot/ros2_ws/install/parc_robot_description:/opt/ros/humble LD_LIBRARY_PATH=/home/iot/ros2_ws/install/parc_robot_interfaces/lib:${LD_LIBRARY_PATH} PYTHONPATH=/home/iot/ros2_ws/install/parc_robot_interfaces/local/lib/python3.10/dist-packages:${PYTHONPATH} /usr/bin/cmake --install /home/iot/ros2_ws/build/parc_robot_bringup
