[0.161s] DEBUG:colcon:Command line arguments: ['/home/iot/.local/bin/colcon', 'build']
[0.161s] DEBUG:colcon:Parsed command line arguments: Namespace(log_base=None, log_level=None, verb_name='build', build_base='build', install_base='install', merge_install=False, symlink_install=False, test_result_base=None, continue_on_error=False, executor='parallel', parallel_workers=8, event_handlers=None, ignore_user_meta=False, metas=['./colcon.meta'], base_paths=['.'], packages_ignore=None, packages_ignore_regex=None, paths=None, packages_up_to=None, packages_up_to_regex=None, packages_above=None, packages_above_and_dependencies=None, packages_above_depth=None, packages_select_by_dep=None, packages_skip_by_dep=None, packages_skip_up_to=None, packages_select_build_failed=False, packages_skip_build_finished=False, packages_select_test_failures=False, packages_skip_test_passed=False, packages_select=None, packages_skip=None, packages_select_regex=None, packages_skip_regex=None, packages_start=None, packages_end=None, cmake_args=None, cmake_target=None, cmake_target_skip_unavailable=False, cmake_clean_cache=False, cmake_clean_first=False, cmake_force_configure=False, ament_cmake_args=None, catkin_cmake_args=None, catkin_skip_building_tests=False, verb_parser=<colcon_defaults.argument_parser.defaults.DefaultArgumentsDecorator object at 0x7a81be2e6590>, verb_extension=<colcon_core.verb.build.BuildVerb object at 0x7a81be2668c0>, main=<bound method BuildVerb.main of <colcon_core.verb.build.BuildVerb object at 0x7a81be2668c0>>)
[0.359s] Level 1:colcon.colcon_core.package_discovery:discover_packages(colcon_meta) check parameters
[0.360s] Level 1:colcon.colcon_core.package_discovery:discover_packages(recursive) check parameters
[0.360s] Level 1:colcon.colcon_core.package_discovery:discover_packages(ignore) check parameters
[0.360s] Level 1:colcon.colcon_core.package_discovery:discover_packages(path) check parameters
[0.360s] Level 1:colcon.colcon_core.package_discovery:discover_packages(colcon_meta) discover
[0.360s] Level 1:colcon.colcon_core.package_discovery:discover_packages(recursive) discover
[0.360s] INFO:colcon.colcon_core.package_discovery:Crawling recursively for packages in '/home/iot/ros2_ws'
[0.360s] Level 1:colcon.colcon_core.package_identification:_identify(.) by extensions ['ignore', 'ignore_ament_install']
[0.360s] Level 1:colcon.colcon_core.package_identification:_identify(.) by extension 'ignore'
[0.360s] Level 1:colcon.colcon_core.package_identification:_identify(.) by extension 'ignore_ament_install'
[0.361s] Level 1:colcon.colcon_core.package_identification:_identify(.) by extensions ['colcon_pkg']
[0.361s] Level 1:colcon.colcon_core.package_identification:_identify(.) by extension 'colcon_pkg'
[0.361s] Level 1:colcon.colcon_core.package_identification:_identify(.) by extensions ['colcon_meta']
[0.361s] Level 1:colcon.colcon_core.package_identification:_identify(.) by extension 'colcon_meta'
[0.361s] Level 1:colcon.colcon_core.package_identification:_identify(.) by extensions ['ros']
[0.361s] Level 1:colcon.colcon_core.package_identification:_identify(.) by extension 'ros'
[0.374s] Level 1:colcon.colcon_core.package_identification:_identify(.) by extensions ['cmake', 'python']
[0.374s] Level 1:colcon.colcon_core.package_identification:_identify(.) by extension 'cmake'
[0.374s] Level 1:colcon.colcon_core.package_identification:_identify(.) by extension 'python'
[0.374s] Level 1:colcon.colcon_core.package_identification:_identify(.) by extensions ['python_setup_py']
[0.374s] Level 1:colcon.colcon_core.package_identification:_identify(.) by extension 'python_setup_py'
[0.374s] Level 1:colcon.colcon_core.package_identification:_identify(build) by extensions ['ignore', 'ignore_ament_install']
[0.374s] Level 1:colcon.colcon_core.package_identification:_identify(build) by extension 'ignore'
[0.374s] Level 1:colcon.colcon_core.package_identification:_identify(build) ignored
[0.375s] Level 1:colcon.colcon_core.package_identification:_identify(install) by extensions ['ignore', 'ignore_ament_install']
[0.375s] Level 1:colcon.colcon_core.package_identification:_identify(install) by extension 'ignore'
[0.375s] Level 1:colcon.colcon_core.package_identification:_identify(install) ignored
[0.375s] Level 1:colcon.colcon_core.package_identification:_identify(log) by extensions ['ignore', 'ignore_ament_install']
[0.375s] Level 1:colcon.colcon_core.package_identification:_identify(log) by extension 'ignore'
[0.375s] Level 1:colcon.colcon_core.package_identification:_identify(log) ignored
[0.376s] Level 1:colcon.colcon_core.package_identification:_identify(src) by extensions ['ignore', 'ignore_ament_install']
[0.376s] Level 1:colcon.colcon_core.package_identification:_identify(src) by extension 'ignore'
[0.376s] Level 1:colcon.colcon_core.package_identification:_identify(src) by extension 'ignore_ament_install'
[0.376s] Level 1:colcon.colcon_core.package_identification:_identify(src) by extensions ['colcon_pkg']
[0.376s] Level 1:colcon.colcon_core.package_identification:_identify(src) by extension 'colcon_pkg'
[0.376s] Level 1:colcon.colcon_core.package_identification:_identify(src) by extensions ['colcon_meta']
[0.376s] Level 1:colcon.colcon_core.package_identification:_identify(src) by extension 'colcon_meta'
[0.376s] Level 1:colcon.colcon_core.package_identification:_identify(src) by extensions ['ros']
[0.376s] Level 1:colcon.colcon_core.package_identification:_identify(src) by extension 'ros'
[0.376s] Level 1:colcon.colcon_core.package_identification:_identify(src) by extensions ['cmake', 'python']
[0.376s] Level 1:colcon.colcon_core.package_identification:_identify(src) by extension 'cmake'
[0.377s] Level 1:colcon.colcon_core.package_identification:_identify(src) by extension 'python'
[0.377s] Level 1:colcon.colcon_core.package_identification:_identify(src) by extensions ['python_setup_py']
[0.377s] Level 1:colcon.colcon_core.package_identification:_identify(src) by extension 'python_setup_py'
[0.377s] Level 1:colcon.colcon_core.package_identification:_identify(src/build) by extensions ['ignore', 'ignore_ament_install']
[0.377s] Level 1:colcon.colcon_core.package_identification:_identify(src/build) by extension 'ignore'
[0.377s] Level 1:colcon.colcon_core.package_identification:_identify(src/build) ignored
[0.377s] Level 1:colcon.colcon_core.package_identification:_identify(src/install) by extensions ['ignore', 'ignore_ament_install']
[0.378s] Level 1:colcon.colcon_core.package_identification:_identify(src/install) by extension 'ignore'
[0.378s] Level 1:colcon.colcon_core.package_identification:_identify(src/install) ignored
[0.378s] Level 1:colcon.colcon_core.package_identification:_identify(src/log) by extensions ['ignore', 'ignore_ament_install']
[0.378s] Level 1:colcon.colcon_core.package_identification:_identify(src/log) by extension 'ignore'
[0.378s] Level 1:colcon.colcon_core.package_identification:_identify(src/log) ignored
[0.378s] Level 1:colcon.colcon_core.package_identification:_identify(src/parc_robot) by extensions ['ignore', 'ignore_ament_install']
[0.378s] Level 1:colcon.colcon_core.package_identification:_identify(src/parc_robot) by extension 'ignore'
[0.378s] Level 1:colcon.colcon_core.package_identification:_identify(src/parc_robot) by extension 'ignore_ament_install'
[0.379s] Level 1:colcon.colcon_core.package_identification:_identify(src/parc_robot) by extensions ['colcon_pkg']
[0.379s] Level 1:colcon.colcon_core.package_identification:_identify(src/parc_robot) by extension 'colcon_pkg'
[0.379s] Level 1:colcon.colcon_core.package_identification:_identify(src/parc_robot) by extensions ['colcon_meta']
[0.379s] Level 1:colcon.colcon_core.package_identification:_identify(src/parc_robot) by extension 'colcon_meta'
[0.379s] Level 1:colcon.colcon_core.package_identification:_identify(src/parc_robot) by extensions ['ros']
[0.379s] Level 1:colcon.colcon_core.package_identification:_identify(src/parc_robot) by extension 'ros'
[0.382s] DEBUG:colcon.colcon_core.package_identification:Package 'src/parc_robot' with type 'ros.ament_cmake' and name 'parc_robot'
[0.382s] Level 1:colcon.colcon_core.package_identification:_identify(src/parc_robot_bringup) by extensions ['ignore', 'ignore_ament_install']
[0.382s] Level 1:colcon.colcon_core.package_identification:_identify(src/parc_robot_bringup) by extension 'ignore'
[0.382s] Level 1:colcon.colcon_core.package_identification:_identify(src/parc_robot_bringup) by extension 'ignore_ament_install'
[0.382s] Level 1:colcon.colcon_core.package_identification:_identify(src/parc_robot_bringup) by extensions ['colcon_pkg']
[0.382s] Level 1:colcon.colcon_core.package_identification:_identify(src/parc_robot_bringup) by extension 'colcon_pkg'
[0.382s] Level 1:colcon.colcon_core.package_identification:_identify(src/parc_robot_bringup) by extensions ['colcon_meta']
[0.382s] Level 1:colcon.colcon_core.package_identification:_identify(src/parc_robot_bringup) by extension 'colcon_meta'
[0.383s] Level 1:colcon.colcon_core.package_identification:_identify(src/parc_robot_bringup) by extensions ['ros']
[0.383s] Level 1:colcon.colcon_core.package_identification:_identify(src/parc_robot_bringup) by extension 'ros'
[0.384s] DEBUG:colcon.colcon_core.package_identification:Package 'src/parc_robot_bringup' with type 'ros.ament_cmake' and name 'parc_robot_bringup'
[0.384s] Level 1:colcon.colcon_core.package_identification:_identify(src/parc_robot_description) by extensions ['ignore', 'ignore_ament_install']
[0.384s] Level 1:colcon.colcon_core.package_identification:_identify(src/parc_robot_description) by extension 'ignore'
[0.384s] Level 1:colcon.colcon_core.package_identification:_identify(src/parc_robot_description) by extension 'ignore_ament_install'
[0.385s] Level 1:colcon.colcon_core.package_identification:_identify(src/parc_robot_description) by extensions ['colcon_pkg']
[0.385s] Level 1:colcon.colcon_core.package_identification:_identify(src/parc_robot_description) by extension 'colcon_pkg'
[0.385s] Level 1:colcon.colcon_core.package_identification:_identify(src/parc_robot_description) by extensions ['colcon_meta']
[0.385s] Level 1:colcon.colcon_core.package_identification:_identify(src/parc_robot_description) by extension 'colcon_meta'
[0.385s] Level 1:colcon.colcon_core.package_identification:_identify(src/parc_robot_description) by extensions ['ros']
[0.385s] Level 1:colcon.colcon_core.package_identification:_identify(src/parc_robot_description) by extension 'ros'
[0.386s] DEBUG:colcon.colcon_core.package_identification:Package 'src/parc_robot_description' with type 'ros.ament_cmake' and name 'parc_robot_description'
[0.386s] Level 1:colcon.colcon_core.package_identification:_identify(src/parc_robot_interfaces) by extensions ['ignore', 'ignore_ament_install']
[0.386s] Level 1:colcon.colcon_core.package_identification:_identify(src/parc_robot_interfaces) by extension 'ignore'
[0.386s] Level 1:colcon.colcon_core.package_identification:_identify(src/parc_robot_interfaces) by extension 'ignore_ament_install'
[0.386s] Level 1:colcon.colcon_core.package_identification:_identify(src/parc_robot_interfaces) by extensions ['colcon_pkg']
[0.386s] Level 1:colcon.colcon_core.package_identification:_identify(src/parc_robot_interfaces) by extension 'colcon_pkg'
[0.386s] Level 1:colcon.colcon_core.package_identification:_identify(src/parc_robot_interfaces) by extensions ['colcon_meta']
[0.386s] Level 1:colcon.colcon_core.package_identification:_identify(src/parc_robot_interfaces) by extension 'colcon_meta'
[0.387s] Level 1:colcon.colcon_core.package_identification:_identify(src/parc_robot_interfaces) by extensions ['ros']
[0.387s] Level 1:colcon.colcon_core.package_identification:_identify(src/parc_robot_interfaces) by extension 'ros'
[0.388s] DEBUG:colcon.colcon_core.package_identification:Package 'src/parc_robot_interfaces' with type 'ros.ament_cmake' and name 'parc_robot_interfaces'
[0.389s] Level 1:colcon.colcon_core.package_identification:_identify(src/resources) by extensions ['ignore', 'ignore_ament_install']
[0.389s] Level 1:colcon.colcon_core.package_identification:_identify(src/resources) by extension 'ignore'
[0.389s] Level 1:colcon.colcon_core.package_identification:_identify(src/resources) by extension 'ignore_ament_install'
[0.389s] Level 1:colcon.colcon_core.package_identification:_identify(src/resources) by extensions ['colcon_pkg']
[0.389s] Level 1:colcon.colcon_core.package_identification:_identify(src/resources) by extension 'colcon_pkg'
[0.389s] Level 1:colcon.colcon_core.package_identification:_identify(src/resources) by extensions ['colcon_meta']
[0.389s] Level 1:colcon.colcon_core.package_identification:_identify(src/resources) by extension 'colcon_meta'
[0.389s] Level 1:colcon.colcon_core.package_identification:_identify(src/resources) by extensions ['ros']
[0.389s] Level 1:colcon.colcon_core.package_identification:_identify(src/resources) by extension 'ros'
[0.390s] Level 1:colcon.colcon_core.package_identification:_identify(src/resources) by extensions ['cmake', 'python']
[0.390s] Level 1:colcon.colcon_core.package_identification:_identify(src/resources) by extension 'cmake'
[0.390s] Level 1:colcon.colcon_core.package_identification:_identify(src/resources) by extension 'python'
[0.390s] Level 1:colcon.colcon_core.package_identification:_identify(src/resources) by extensions ['python_setup_py']
[0.390s] Level 1:colcon.colcon_core.package_identification:_identify(src/resources) by extension 'python_setup_py'
[0.390s] Level 1:colcon.colcon_core.package_identification:_identify(src/tomatoes_detection1) by extensions ['ignore', 'ignore_ament_install']
[0.390s] Level 1:colcon.colcon_core.package_identification:_identify(src/tomatoes_detection1) by extension 'ignore'
[0.390s] Level 1:colcon.colcon_core.package_identification:_identify(src/tomatoes_detection1) by extension 'ignore_ament_install'
[0.390s] Level 1:colcon.colcon_core.package_identification:_identify(src/tomatoes_detection1) by extensions ['colcon_pkg']
[0.390s] Level 1:colcon.colcon_core.package_identification:_identify(src/tomatoes_detection1) by extension 'colcon_pkg'
[0.390s] Level 1:colcon.colcon_core.package_identification:_identify(src/tomatoes_detection1) by extensions ['colcon_meta']
[0.391s] Level 1:colcon.colcon_core.package_identification:_identify(src/tomatoes_detection1) by extension 'colcon_meta'
[0.391s] Level 1:colcon.colcon_core.package_identification:_identify(src/tomatoes_detection1) by extensions ['ros']
[0.391s] Level 1:colcon.colcon_core.package_identification:_identify(src/tomatoes_detection1) by extension 'ros'
[0.392s] DEBUG:colcon.colcon_core.package_identification:Package 'src/tomatoes_detection1' with type 'ros.ament_python' and name 'tomatoes_detection1'
[0.392s] Level 1:colcon.colcon_core.package_discovery:discover_packages(recursive) using defaults
[0.392s] Level 1:colcon.colcon_core.package_discovery:discover_packages(ignore) discover
[0.392s] Level 1:colcon.colcon_core.package_discovery:discover_packages(ignore) using defaults
[0.392s] Level 1:colcon.colcon_core.package_discovery:discover_packages(path) discover
[0.392s] Level 1:colcon.colcon_core.package_discovery:discover_packages(path) using defaults
[0.416s] Level 5:colcon.colcon_core.verb:set package 'parc_robot' build argument 'cmake_args' from command line to 'None'
[0.416s] Level 5:colcon.colcon_core.verb:set package 'parc_robot' build argument 'cmake_target' from command line to 'None'
[0.416s] Level 5:colcon.colcon_core.verb:set package 'parc_robot' build argument 'cmake_target_skip_unavailable' from command line to 'False'
[0.416s] Level 5:colcon.colcon_core.verb:set package 'parc_robot' build argument 'cmake_clean_cache' from command line to 'False'
[0.416s] Level 5:colcon.colcon_core.verb:set package 'parc_robot' build argument 'cmake_clean_first' from command line to 'False'
[0.416s] Level 5:colcon.colcon_core.verb:set package 'parc_robot' build argument 'cmake_force_configure' from command line to 'False'
[0.416s] Level 5:colcon.colcon_core.verb:set package 'parc_robot' build argument 'ament_cmake_args' from command line to 'None'
[0.417s] Level 5:colcon.colcon_core.verb:set package 'parc_robot' build argument 'catkin_cmake_args' from command line to 'None'
[0.417s] Level 5:colcon.colcon_core.verb:set package 'parc_robot' build argument 'catkin_skip_building_tests' from command line to 'False'
[0.417s] DEBUG:colcon.colcon_core.verb:Building package 'parc_robot' with the following arguments: {'ament_cmake_args': None, 'build_base': '/home/iot/ros2_ws/build/parc_robot', 'catkin_cmake_args': None, 'catkin_skip_building_tests': False, 'cmake_args': None, 'cmake_clean_cache': False, 'cmake_clean_first': False, 'cmake_force_configure': False, 'cmake_target': None, 'cmake_target_skip_unavailable': False, 'install_base': '/home/iot/ros2_ws/install/parc_robot', 'merge_install': False, 'path': '/home/iot/ros2_ws/src/parc_robot', 'symlink_install': False, 'test_result_base': None}
[0.417s] Level 5:colcon.colcon_core.verb:set package 'parc_robot_description' build argument 'cmake_args' from command line to 'None'
[0.417s] Level 5:colcon.colcon_core.verb:set package 'parc_robot_description' build argument 'cmake_target' from command line to 'None'
[0.417s] Level 5:colcon.colcon_core.verb:set package 'parc_robot_description' build argument 'cmake_target_skip_unavailable' from command line to 'False'
[0.417s] Level 5:colcon.colcon_core.verb:set package 'parc_robot_description' build argument 'cmake_clean_cache' from command line to 'False'
[0.417s] Level 5:colcon.colcon_core.verb:set package 'parc_robot_description' build argument 'cmake_clean_first' from command line to 'False'
[0.417s] Level 5:colcon.colcon_core.verb:set package 'parc_robot_description' build argument 'cmake_force_configure' from command line to 'False'
[0.417s] Level 5:colcon.colcon_core.verb:set package 'parc_robot_description' build argument 'ament_cmake_args' from command line to 'None'
[0.418s] Level 5:colcon.colcon_core.verb:set package 'parc_robot_description' build argument 'catkin_cmake_args' from command line to 'None'
[0.418s] Level 5:colcon.colcon_core.verb:set package 'parc_robot_description' build argument 'catkin_skip_building_tests' from command line to 'False'
[0.418s] DEBUG:colcon.colcon_core.verb:Building package 'parc_robot_description' with the following arguments: {'ament_cmake_args': None, 'build_base': '/home/iot/ros2_ws/build/parc_robot_description', 'catkin_cmake_args': None, 'catkin_skip_building_tests': False, 'cmake_args': None, 'cmake_clean_cache': False, 'cmake_clean_first': False, 'cmake_force_configure': False, 'cmake_target': None, 'cmake_target_skip_unavailable': False, 'install_base': '/home/iot/ros2_ws/install/parc_robot_description', 'merge_install': False, 'path': '/home/iot/ros2_ws/src/parc_robot_description', 'symlink_install': False, 'test_result_base': None}
[0.418s] Level 5:colcon.colcon_core.verb:set package 'parc_robot_interfaces' build argument 'cmake_args' from command line to 'None'
[0.418s] Level 5:colcon.colcon_core.verb:set package 'parc_robot_interfaces' build argument 'cmake_target' from command line to 'None'
[0.418s] Level 5:colcon.colcon_core.verb:set package 'parc_robot_interfaces' build argument 'cmake_target_skip_unavailable' from command line to 'False'
[0.418s] Level 5:colcon.colcon_core.verb:set package 'parc_robot_interfaces' build argument 'cmake_clean_cache' from command line to 'False'
[0.418s] Level 5:colcon.colcon_core.verb:set package 'parc_robot_interfaces' build argument 'cmake_clean_first' from command line to 'False'
[0.418s] Level 5:colcon.colcon_core.verb:set package 'parc_robot_interfaces' build argument 'cmake_force_configure' from command line to 'False'
[0.418s] Level 5:colcon.colcon_core.verb:set package 'parc_robot_interfaces' build argument 'ament_cmake_args' from command line to 'None'
[0.419s] Level 5:colcon.colcon_core.verb:set package 'parc_robot_interfaces' build argument 'catkin_cmake_args' from command line to 'None'
[0.419s] Level 5:colcon.colcon_core.verb:set package 'parc_robot_interfaces' build argument 'catkin_skip_building_tests' from command line to 'False'
[0.419s] DEBUG:colcon.colcon_core.verb:Building package 'parc_robot_interfaces' with the following arguments: {'ament_cmake_args': None, 'build_base': '/home/iot/ros2_ws/build/parc_robot_interfaces', 'catkin_cmake_args': None, 'catkin_skip_building_tests': False, 'cmake_args': None, 'cmake_clean_cache': False, 'cmake_clean_first': False, 'cmake_force_configure': False, 'cmake_target': None, 'cmake_target_skip_unavailable': False, 'install_base': '/home/iot/ros2_ws/install/parc_robot_interfaces', 'merge_install': False, 'path': '/home/iot/ros2_ws/src/parc_robot_interfaces', 'symlink_install': False, 'test_result_base': None}
[0.419s] Level 5:colcon.colcon_core.verb:set package 'parc_robot_bringup' build argument 'cmake_args' from command line to 'None'
[0.419s] Level 5:colcon.colcon_core.verb:set package 'parc_robot_bringup' build argument 'cmake_target' from command line to 'None'
[0.419s] Level 5:colcon.colcon_core.verb:set package 'parc_robot_bringup' build argument 'cmake_target_skip_unavailable' from command line to 'False'
[0.419s] Level 5:colcon.colcon_core.verb:set package 'parc_robot_bringup' build argument 'cmake_clean_cache' from command line to 'False'
[0.419s] Level 5:colcon.colcon_core.verb:set package 'parc_robot_bringup' build argument 'cmake_clean_first' from command line to 'False'
[0.419s] Level 5:colcon.colcon_core.verb:set package 'parc_robot_bringup' build argument 'cmake_force_configure' from command line to 'False'
[0.419s] Level 5:colcon.colcon_core.verb:set package 'parc_robot_bringup' build argument 'ament_cmake_args' from command line to 'None'
[0.420s] Level 5:colcon.colcon_core.verb:set package 'parc_robot_bringup' build argument 'catkin_cmake_args' from command line to 'None'
[0.420s] Level 5:colcon.colcon_core.verb:set package 'parc_robot_bringup' build argument 'catkin_skip_building_tests' from command line to 'False'
[0.420s] DEBUG:colcon.colcon_core.verb:Building package 'parc_robot_bringup' with the following arguments: {'ament_cmake_args': None, 'build_base': '/home/iot/ros2_ws/build/parc_robot_bringup', 'catkin_cmake_args': None, 'catkin_skip_building_tests': False, 'cmake_args': None, 'cmake_clean_cache': False, 'cmake_clean_first': False, 'cmake_force_configure': False, 'cmake_target': None, 'cmake_target_skip_unavailable': False, 'install_base': '/home/iot/ros2_ws/install/parc_robot_bringup', 'merge_install': False, 'path': '/home/iot/ros2_ws/src/parc_robot_bringup', 'symlink_install': False, 'test_result_base': None}
[0.420s] Level 5:colcon.colcon_core.verb:set package 'tomatoes_detection1' build argument 'cmake_args' from command line to 'None'
[0.420s] Level 5:colcon.colcon_core.verb:set package 'tomatoes_detection1' build argument 'cmake_target' from command line to 'None'
[0.420s] Level 5:colcon.colcon_core.verb:set package 'tomatoes_detection1' build argument 'cmake_target_skip_unavailable' from command line to 'False'
[0.420s] Level 5:colcon.colcon_core.verb:set package 'tomatoes_detection1' build argument 'cmake_clean_cache' from command line to 'False'
[0.420s] Level 5:colcon.colcon_core.verb:set package 'tomatoes_detection1' build argument 'cmake_clean_first' from command line to 'False'
[0.420s] Level 5:colcon.colcon_core.verb:set package 'tomatoes_detection1' build argument 'cmake_force_configure' from command line to 'False'
[0.420s] Level 5:colcon.colcon_core.verb:set package 'tomatoes_detection1' build argument 'ament_cmake_args' from command line to 'None'
[0.421s] Level 5:colcon.colcon_core.verb:set package 'tomatoes_detection1' build argument 'catkin_cmake_args' from command line to 'None'
[0.421s] Level 5:colcon.colcon_core.verb:set package 'tomatoes_detection1' build argument 'catkin_skip_building_tests' from command line to 'False'
[0.421s] DEBUG:colcon.colcon_core.verb:Building package 'tomatoes_detection1' with the following arguments: {'ament_cmake_args': None, 'build_base': '/home/iot/ros2_ws/build/tomatoes_detection1', 'catkin_cmake_args': None, 'catkin_skip_building_tests': False, 'cmake_args': None, 'cmake_clean_cache': False, 'cmake_clean_first': False, 'cmake_force_configure': False, 'cmake_target': None, 'cmake_target_skip_unavailable': False, 'install_base': '/home/iot/ros2_ws/install/tomatoes_detection1', 'merge_install': False, 'path': '/home/iot/ros2_ws/src/tomatoes_detection1', 'symlink_install': False, 'test_result_base': None}
[0.421s] INFO:colcon.colcon_core.executor:Executing jobs using 'parallel' executor
[0.422s] DEBUG:colcon.colcon_parallel_executor.executor.parallel:run_until_complete
[0.422s] INFO:colcon.colcon_ros.task.ament_cmake.build:Building ROS package in '/home/iot/ros2_ws/src/parc_robot_interfaces' with build type 'ament_cmake'
[0.422s] INFO:colcon.colcon_cmake.task.cmake.build:Building CMake package in '/home/iot/ros2_ws/src/parc_robot_interfaces'
[0.425s] INFO:colcon.colcon_core.plugin_system:Skipping extension 'colcon_core.shell.bat': Not used on non-Windows systems
[0.426s] INFO:colcon.colcon_core.shell:Skip shell extension 'powershell' for command environment: Not usable outside of PowerShell
[0.426s] DEBUG:colcon.colcon_core.shell:Skip shell extension 'dsv' for command environment
[0.432s] INFO:colcon.colcon_ros.task.ament_cmake.build:Building ROS package in '/home/iot/ros2_ws/src/parc_robot_description' with build type 'ament_cmake'
[0.432s] INFO:colcon.colcon_cmake.task.cmake.build:Building CMake package in '/home/iot/ros2_ws/src/parc_robot_description'
[0.432s] INFO:colcon.colcon_core.shell:Skip shell extension 'powershell' for command environment: Not usable outside of PowerShell
[0.432s] DEBUG:colcon.colcon_core.shell:Skip shell extension 'dsv' for command environment
[0.439s] INFO:colcon.colcon_ros.task.ament_cmake.build:Building ROS package in '/home/iot/ros2_ws/src/parc_robot' with build type 'ament_cmake'
[0.439s] INFO:colcon.colcon_cmake.task.cmake.build:Building CMake package in '/home/iot/ros2_ws/src/parc_robot'
[0.440s] INFO:colcon.colcon_core.shell:Skip shell extension 'powershell' for command environment: Not usable outside of PowerShell
[0.440s] DEBUG:colcon.colcon_core.shell:Skip shell extension 'dsv' for command environment
[0.463s] DEBUG:colcon.colcon_core.event_handler.log_command:Invoking command in '/home/iot/ros2_ws/build/parc_robot_interfaces': CMAKE_PREFIX_PATH=${CMAKE_PREFIX_PATH}:/opt/ros/humble /usr/bin/cmake --build /home/iot/ros2_ws/build/parc_robot_interfaces -- -j8 -l8
[0.472s] DEBUG:colcon.colcon_core.event_handler.log_command:Invoking command in '/home/iot/ros2_ws/build/parc_robot_description': CMAKE_PREFIX_PATH=${CMAKE_PREFIX_PATH}:/opt/ros/humble /usr/bin/cmake --build /home/iot/ros2_ws/build/parc_robot_description -- -j8 -l8
[0.485s] DEBUG:colcon.colcon_core.event_handler.log_command:Invoking command in '/home/iot/ros2_ws/build/parc_robot': CMAKE_PREFIX_PATH=${CMAKE_PREFIX_PATH}:/opt/ros/humble /usr/bin/cmake --build /home/iot/ros2_ws/build/parc_robot -- -j8 -l8
[0.567s] DEBUG:colcon.colcon_core.event_handler.log_command:Invoked command in '/home/iot/ros2_ws/build/parc_robot' returned '0': CMAKE_PREFIX_PATH=${CMAKE_PREFIX_PATH}:/opt/ros/humble /usr/bin/cmake --build /home/iot/ros2_ws/build/parc_robot -- -j8 -l8
[0.575s] DEBUG:colcon.colcon_core.event_handler.log_command:Invoked command in '/home/iot/ros2_ws/build/parc_robot_description' returned '0': CMAKE_PREFIX_PATH=${CMAKE_PREFIX_PATH}:/opt/ros/humble /usr/bin/cmake --build /home/iot/ros2_ws/build/parc_robot_description -- -j8 -l8
[0.673s] DEBUG:colcon.colcon_core.event_handler.log_command:Invoking command in '/home/iot/ros2_ws/build/parc_robot_description': CMAKE_PREFIX_PATH=${CMAKE_PREFIX_PATH}:/opt/ros/humble /usr/bin/cmake --install /home/iot/ros2_ws/build/parc_robot_description
[0.697s] DEBUG:colcon.colcon_core.event_handler.log_command:Invoking command in '/home/iot/ros2_ws/build/parc_robot': CMAKE_PREFIX_PATH=${CMAKE_PREFIX_PATH}:/opt/ros/humble /usr/bin/cmake --install /home/iot/ros2_ws/build/parc_robot
[0.722s] Level 1:colcon.colcon_core.environment:create_environment_scripts_only(parc_robot)
[0.732s] Level 1:colcon.colcon_core.environment:checking '/home/iot/ros2_ws/install/parc_robot' for CMake module files
[0.735s] Level 1:colcon.colcon_core.environment:checking '/home/iot/ros2_ws/install/parc_robot' for CMake config files
[0.736s] Level 1:colcon.colcon_core.shell:create_environment_hook('parc_robot', 'cmake_prefix_path')
[0.738s] DEBUG:colcon.colcon_core.event_handler.log_command:Invoked command in '/home/iot/ros2_ws/build/parc_robot' returned '0': CMAKE_PREFIX_PATH=${CMAKE_PREFIX_PATH}:/opt/ros/humble /usr/bin/cmake --install /home/iot/ros2_ws/build/parc_robot
[0.740s] INFO:colcon.colcon_core.shell:Creating environment hook '/home/iot/ros2_ws/install/parc_robot/share/parc_robot/hook/cmake_prefix_path.ps1'
[0.742s] INFO:colcon.colcon_core.shell:Creating environment descriptor '/home/iot/ros2_ws/install/parc_robot/share/parc_robot/hook/cmake_prefix_path.dsv'
[0.742s] INFO:colcon.colcon_core.shell:Creating environment hook '/home/iot/ros2_ws/install/parc_robot/share/parc_robot/hook/cmake_prefix_path.sh'
[0.744s] Level 1:colcon.colcon_core.environment:checking '/home/iot/ros2_ws/install/parc_robot/bin'
[0.744s] Level 1:colcon.colcon_core.environment:checking '/home/iot/ros2_ws/install/parc_robot/lib/pkgconfig/parc_robot.pc'
[0.762s] Level 1:colcon.colcon_core.environment:checking '/home/iot/ros2_ws/install/parc_robot/lib/python3.10/site-packages'
[0.763s] Level 1:colcon.colcon_core.environment:checking '/home/iot/ros2_ws/install/parc_robot/bin'
[0.764s] INFO:colcon.colcon_core.shell:Creating package script '/home/iot/ros2_ws/install/parc_robot/share/parc_robot/package.ps1'
[0.766s] INFO:colcon.colcon_core.shell:Creating package descriptor '/home/iot/ros2_ws/install/parc_robot/share/parc_robot/package.dsv'
[0.767s] INFO:colcon.colcon_core.shell:Creating package script '/home/iot/ros2_ws/install/parc_robot/share/parc_robot/package.sh'
[0.768s] INFO:colcon.colcon_core.shell:Creating package script '/home/iot/ros2_ws/install/parc_robot/share/parc_robot/package.bash'
[0.771s] INFO:colcon.colcon_core.shell:Creating package script '/home/iot/ros2_ws/install/parc_robot/share/parc_robot/package.zsh'
[0.773s] Level 1:colcon.colcon_core.environment:create_file_with_runtime_dependencies(/home/iot/ros2_ws/install/parc_robot/share/colcon-core/packages/parc_robot)
[0.803s] Level 1:colcon.colcon_core.environment:create_environment_scripts_only(parc_robot_description)
[0.804s] Level 1:colcon.colcon_core.environment:checking '/home/iot/ros2_ws/install/parc_robot_description' for CMake module files
[0.805s] Level 1:colcon.colcon_core.environment:checking '/home/iot/ros2_ws/install/parc_robot_description' for CMake config files
[0.806s] DEBUG:colcon.colcon_core.event_handler.log_command:Invoked command in '/home/iot/ros2_ws/build/parc_robot_description' returned '0': CMAKE_PREFIX_PATH=${CMAKE_PREFIX_PATH}:/opt/ros/humble /usr/bin/cmake --install /home/iot/ros2_ws/build/parc_robot_description
[0.806s] Level 1:colcon.colcon_core.shell:create_environment_hook('parc_robot_description', 'cmake_prefix_path')
[0.807s] INFO:colcon.colcon_core.shell:Creating environment hook '/home/iot/ros2_ws/install/parc_robot_description/share/parc_robot_description/hook/cmake_prefix_path.ps1'
[0.807s] INFO:colcon.colcon_core.shell:Creating environment descriptor '/home/iot/ros2_ws/install/parc_robot_description/share/parc_robot_description/hook/cmake_prefix_path.dsv'
[0.808s] INFO:colcon.colcon_core.shell:Creating environment hook '/home/iot/ros2_ws/install/parc_robot_description/share/parc_robot_description/hook/cmake_prefix_path.sh'
[0.809s] Level 1:colcon.colcon_core.environment:checking '/home/iot/ros2_ws/install/parc_robot_description/bin'
[0.809s] Level 1:colcon.colcon_core.environment:checking '/home/iot/ros2_ws/install/parc_robot_description/lib/pkgconfig/parc_robot_description.pc'
[0.810s] Level 1:colcon.colcon_core.environment:checking '/home/iot/ros2_ws/install/parc_robot_description/lib/python3.10/site-packages'
[0.810s] Level 1:colcon.colcon_core.environment:checking '/home/iot/ros2_ws/install/parc_robot_description/bin'
[0.811s] INFO:colcon.colcon_core.shell:Creating package script '/home/iot/ros2_ws/install/parc_robot_description/share/parc_robot_description/package.ps1'
[0.812s] INFO:colcon.colcon_core.shell:Creating package descriptor '/home/iot/ros2_ws/install/parc_robot_description/share/parc_robot_description/package.dsv'
[0.812s] INFO:colcon.colcon_core.shell:Creating package script '/home/iot/ros2_ws/install/parc_robot_description/share/parc_robot_description/package.sh'
[0.813s] INFO:colcon.colcon_core.shell:Creating package script '/home/iot/ros2_ws/install/parc_robot_description/share/parc_robot_description/package.bash'
[0.818s] INFO:colcon.colcon_core.shell:Creating package script '/home/iot/ros2_ws/install/parc_robot_description/share/parc_robot_description/package.zsh'
[0.818s] Level 1:colcon.colcon_core.environment:create_file_with_runtime_dependencies(/home/iot/ros2_ws/install/parc_robot_description/share/colcon-core/packages/parc_robot_description)
[0.853s] Level 1:colcon.colcon_core.environment:create_environment_scripts_only(parc_robot)
[0.854s] Level 1:colcon.colcon_core.environment:checking '/home/iot/ros2_ws/install/parc_robot' for CMake module files
[0.855s] Level 1:colcon.colcon_core.environment:checking '/home/iot/ros2_ws/install/parc_robot' for CMake config files
[0.862s] Level 1:colcon.colcon_core.shell:create_environment_hook('parc_robot', 'cmake_prefix_path')
[0.863s] INFO:colcon.colcon_core.shell:Creating environment hook '/home/iot/ros2_ws/install/parc_robot/share/parc_robot/hook/cmake_prefix_path.ps1'
[0.864s] INFO:colcon.colcon_core.shell:Creating environment descriptor '/home/iot/ros2_ws/install/parc_robot/share/parc_robot/hook/cmake_prefix_path.dsv'
[0.864s] INFO:colcon.colcon_core.shell:Creating environment hook '/home/iot/ros2_ws/install/parc_robot/share/parc_robot/hook/cmake_prefix_path.sh'
[0.865s] Level 1:colcon.colcon_core.environment:checking '/home/iot/ros2_ws/install/parc_robot/bin'
[0.866s] Level 1:colcon.colcon_core.environment:checking '/home/iot/ros2_ws/install/parc_robot/lib/pkgconfig/parc_robot.pc'
[0.866s] Level 1:colcon.colcon_core.environment:checking '/home/iot/ros2_ws/install/parc_robot/lib/python3.10/site-packages'
[0.867s] Level 1:colcon.colcon_core.environment:checking '/home/iot/ros2_ws/install/parc_robot/bin'
[0.867s] INFO:colcon.colcon_core.shell:Creating package script '/home/iot/ros2_ws/install/parc_robot/share/parc_robot/package.ps1'
[0.868s] INFO:colcon.colcon_core.shell:Creating package descriptor '/home/iot/ros2_ws/install/parc_robot/share/parc_robot/package.dsv'
[0.869s] INFO:colcon.colcon_core.shell:Creating package script '/home/iot/ros2_ws/install/parc_robot/share/parc_robot/package.sh'
[0.898s] INFO:colcon.colcon_core.shell:Creating package script '/home/iot/ros2_ws/install/parc_robot/share/parc_robot/package.bash'
[0.899s] INFO:colcon.colcon_core.shell:Creating package script '/home/iot/ros2_ws/install/parc_robot/share/parc_robot/package.zsh'
[0.900s] Level 1:colcon.colcon_core.environment:create_file_with_runtime_dependencies(/home/iot/ros2_ws/install/parc_robot/share/colcon-core/packages/parc_robot)
[0.901s] Level 1:colcon.colcon_core.environment:create_environment_scripts_only(parc_robot_description)
[0.901s] Level 1:colcon.colcon_core.environment:checking '/home/iot/ros2_ws/install/parc_robot_description' for CMake module files
[0.904s] Level 1:colcon.colcon_core.environment:checking '/home/iot/ros2_ws/install/parc_robot_description' for CMake config files
[0.905s] Level 1:colcon.colcon_core.shell:create_environment_hook('parc_robot_description', 'cmake_prefix_path')
[0.906s] INFO:colcon.colcon_core.shell:Creating environment hook '/home/iot/ros2_ws/install/parc_robot_description/share/parc_robot_description/hook/cmake_prefix_path.ps1'
[0.906s] INFO:colcon.colcon_core.shell:Creating environment descriptor '/home/iot/ros2_ws/install/parc_robot_description/share/parc_robot_description/hook/cmake_prefix_path.dsv'
[0.907s] INFO:colcon.colcon_core.shell:Creating environment hook '/home/iot/ros2_ws/install/parc_robot_description/share/parc_robot_description/hook/cmake_prefix_path.sh'
[0.908s] Level 1:colcon.colcon_core.environment:checking '/home/iot/ros2_ws/install/parc_robot_description/bin'
[0.908s] Level 1:colcon.colcon_core.environment:checking '/home/iot/ros2_ws/install/parc_robot_description/lib/pkgconfig/parc_robot_description.pc'
[0.909s] Level 1:colcon.colcon_core.environment:checking '/home/iot/ros2_ws/install/parc_robot_description/lib/python3.10/site-packages'
[0.909s] Level 1:colcon.colcon_core.environment:checking '/home/iot/ros2_ws/install/parc_robot_description/bin'
[0.910s] INFO:colcon.colcon_core.shell:Creating package script '/home/iot/ros2_ws/install/parc_robot_description/share/parc_robot_description/package.ps1'
[0.911s] INFO:colcon.colcon_core.shell:Creating package descriptor '/home/iot/ros2_ws/install/parc_robot_description/share/parc_robot_description/package.dsv'
[0.911s] INFO:colcon.colcon_core.shell:Creating package script '/home/iot/ros2_ws/install/parc_robot_description/share/parc_robot_description/package.sh'
[0.912s] INFO:colcon.colcon_core.shell:Creating package script '/home/iot/ros2_ws/install/parc_robot_description/share/parc_robot_description/package.bash'
[0.913s] INFO:colcon.colcon_core.shell:Creating package script '/home/iot/ros2_ws/install/parc_robot_description/share/parc_robot_description/package.zsh'
[0.913s] Level 1:colcon.colcon_core.environment:create_file_with_runtime_dependencies(/home/iot/ros2_ws/install/parc_robot_description/share/colcon-core/packages/parc_robot_description)
[1.286s] DEBUG:colcon.colcon_core.event_handler.log_command:Invoked command in '/home/iot/ros2_ws/build/parc_robot_interfaces' returned '0': CMAKE_PREFIX_PATH=${CMAKE_PREFIX_PATH}:/opt/ros/humble /usr/bin/cmake --build /home/iot/ros2_ws/build/parc_robot_interfaces -- -j8 -l8
[1.397s] DEBUG:colcon.colcon_core.event_handler.log_command:Invoking command in '/home/iot/ros2_ws/build/parc_robot_interfaces': CMAKE_PREFIX_PATH=${CMAKE_PREFIX_PATH}:/opt/ros/humble /usr/bin/cmake --install /home/iot/ros2_ws/build/parc_robot_interfaces
[1.513s] Level 1:colcon.colcon_core.environment:create_environment_scripts_only(parc_robot_interfaces)
[1.513s] Level 1:colcon.colcon_core.environment:checking '/home/iot/ros2_ws/install/parc_robot_interfaces' for CMake module files
[1.515s] DEBUG:colcon.colcon_core.event_handler.log_command:Invoked command in '/home/iot/ros2_ws/build/parc_robot_interfaces' returned '0': CMAKE_PREFIX_PATH=${CMAKE_PREFIX_PATH}:/opt/ros/humble /usr/bin/cmake --install /home/iot/ros2_ws/build/parc_robot_interfaces
[1.516s] Level 1:colcon.colcon_core.environment:checking '/home/iot/ros2_ws/install/parc_robot_interfaces' for CMake config files
[1.517s] Level 1:colcon.colcon_core.shell:create_environment_hook('parc_robot_interfaces', 'cmake_prefix_path')
[1.517s] INFO:colcon.colcon_core.shell:Creating environment hook '/home/iot/ros2_ws/install/parc_robot_interfaces/share/parc_robot_interfaces/hook/cmake_prefix_path.ps1'
[1.518s] INFO:colcon.colcon_core.shell:Creating environment descriptor '/home/iot/ros2_ws/install/parc_robot_interfaces/share/parc_robot_interfaces/hook/cmake_prefix_path.dsv'
[1.519s] INFO:colcon.colcon_core.shell:Creating environment hook '/home/iot/ros2_ws/install/parc_robot_interfaces/share/parc_robot_interfaces/hook/cmake_prefix_path.sh'
[1.520s] Level 1:colcon.colcon_core.environment:checking '/home/iot/ros2_ws/install/parc_robot_interfaces/lib'
[1.520s] Level 1:colcon.colcon_core.shell:create_environment_hook('parc_robot_interfaces', 'ld_library_path_lib')
[1.521s] INFO:colcon.colcon_core.shell:Creating environment hook '/home/iot/ros2_ws/install/parc_robot_interfaces/share/parc_robot_interfaces/hook/ld_library_path_lib.ps1'
[1.521s] INFO:colcon.colcon_core.shell:Creating environment descriptor '/home/iot/ros2_ws/install/parc_robot_interfaces/share/parc_robot_interfaces/hook/ld_library_path_lib.dsv'
[1.522s] INFO:colcon.colcon_core.shell:Creating environment hook '/home/iot/ros2_ws/install/parc_robot_interfaces/share/parc_robot_interfaces/hook/ld_library_path_lib.sh'
[1.526s] Level 1:colcon.colcon_core.environment:checking '/home/iot/ros2_ws/install/parc_robot_interfaces/bin'
[1.527s] Level 1:colcon.colcon_core.environment:checking '/home/iot/ros2_ws/install/parc_robot_interfaces/lib/pkgconfig/parc_robot_interfaces.pc'
[1.528s] Level 1:colcon.colcon_core.environment:checking '/home/iot/ros2_ws/install/parc_robot_interfaces/lib/python3.10/site-packages'
[1.528s] Level 1:colcon.colcon_core.environment:checking '/home/iot/ros2_ws/install/parc_robot_interfaces/bin'
[1.529s] INFO:colcon.colcon_core.shell:Creating package script '/home/iot/ros2_ws/install/parc_robot_interfaces/share/parc_robot_interfaces/package.ps1'
[1.530s] INFO:colcon.colcon_core.shell:Creating package descriptor '/home/iot/ros2_ws/install/parc_robot_interfaces/share/parc_robot_interfaces/package.dsv'
[1.531s] INFO:colcon.colcon_core.shell:Creating package script '/home/iot/ros2_ws/install/parc_robot_interfaces/share/parc_robot_interfaces/package.sh'
[1.531s] INFO:colcon.colcon_core.shell:Creating package script '/home/iot/ros2_ws/install/parc_robot_interfaces/share/parc_robot_interfaces/package.bash'
[1.532s] INFO:colcon.colcon_core.shell:Creating package script '/home/iot/ros2_ws/install/parc_robot_interfaces/share/parc_robot_interfaces/package.zsh'
[1.532s] Level 1:colcon.colcon_core.environment:create_file_with_runtime_dependencies(/home/iot/ros2_ws/install/parc_robot_interfaces/share/colcon-core/packages/parc_robot_interfaces)
[1.637s] Level 1:colcon.colcon_core.environment:create_environment_scripts_only(parc_robot_interfaces)
[1.638s] Level 1:colcon.colcon_core.environment:checking '/home/iot/ros2_ws/install/parc_robot_interfaces' for CMake module files
[1.640s] Level 1:colcon.colcon_core.environment:checking '/home/iot/ros2_ws/install/parc_robot_interfaces' for CMake config files
[1.641s] Level 1:colcon.colcon_core.shell:create_environment_hook('parc_robot_interfaces', 'cmake_prefix_path')
[1.641s] INFO:colcon.colcon_core.shell:Creating environment hook '/home/iot/ros2_ws/install/parc_robot_interfaces/share/parc_robot_interfaces/hook/cmake_prefix_path.ps1'
[1.642s] INFO:colcon.colcon_core.shell:Creating environment descriptor '/home/iot/ros2_ws/install/parc_robot_interfaces/share/parc_robot_interfaces/hook/cmake_prefix_path.dsv'
[1.643s] INFO:colcon.colcon_core.shell:Creating environment hook '/home/iot/ros2_ws/install/parc_robot_interfaces/share/parc_robot_interfaces/hook/cmake_prefix_path.sh'
[1.646s] Level 1:colcon.colcon_core.environment:checking '/home/iot/ros2_ws/install/parc_robot_interfaces/lib'
[1.646s] Level 1:colcon.colcon_core.shell:create_environment_hook('parc_robot_interfaces', 'ld_library_path_lib')
[1.646s] INFO:colcon.colcon_core.shell:Creating environment hook '/home/iot/ros2_ws/install/parc_robot_interfaces/share/parc_robot_interfaces/hook/ld_library_path_lib.ps1'
[1.647s] INFO:colcon.colcon_core.shell:Creating environment descriptor '/home/iot/ros2_ws/install/parc_robot_interfaces/share/parc_robot_interfaces/hook/ld_library_path_lib.dsv'
[1.652s] INFO:colcon.colcon_core.shell:Creating environment hook '/home/iot/ros2_ws/install/parc_robot_interfaces/share/parc_robot_interfaces/hook/ld_library_path_lib.sh'
[1.653s] Level 1:colcon.colcon_core.environment:checking '/home/iot/ros2_ws/install/parc_robot_interfaces/bin'
[1.653s] Level 1:colcon.colcon_core.environment:checking '/home/iot/ros2_ws/install/parc_robot_interfaces/lib/pkgconfig/parc_robot_interfaces.pc'
[1.653s] Level 1:colcon.colcon_core.environment:checking '/home/iot/ros2_ws/install/parc_robot_interfaces/lib/python3.10/site-packages'
[1.654s] Level 1:colcon.colcon_core.environment:checking '/home/iot/ros2_ws/install/parc_robot_interfaces/bin'
[1.655s] INFO:colcon.colcon_core.shell:Creating package script '/home/iot/ros2_ws/install/parc_robot_interfaces/share/parc_robot_interfaces/package.ps1'
[1.656s] INFO:colcon.colcon_core.shell:Creating package descriptor '/home/iot/ros2_ws/install/parc_robot_interfaces/share/parc_robot_interfaces/package.dsv'
[1.657s] INFO:colcon.colcon_core.shell:Creating package script '/home/iot/ros2_ws/install/parc_robot_interfaces/share/parc_robot_interfaces/package.sh'
[1.658s] INFO:colcon.colcon_core.shell:Creating package script '/home/iot/ros2_ws/install/parc_robot_interfaces/share/parc_robot_interfaces/package.bash'
[1.659s] INFO:colcon.colcon_core.shell:Creating package script '/home/iot/ros2_ws/install/parc_robot_interfaces/share/parc_robot_interfaces/package.zsh'
[1.660s] Level 1:colcon.colcon_core.environment:create_file_with_runtime_dependencies(/home/iot/ros2_ws/install/parc_robot_interfaces/share/colcon-core/packages/parc_robot_interfaces)
[1.661s] INFO:colcon.colcon_ros.task.ament_cmake.build:Building ROS package in '/home/iot/ros2_ws/src/parc_robot_bringup' with build type 'ament_cmake'
[1.662s] INFO:colcon.colcon_cmake.task.cmake.build:Building CMake package in '/home/iot/ros2_ws/src/parc_robot_bringup'
[1.662s] INFO:colcon.colcon_core.shell:Skip shell extension 'powershell' for command environment: Not usable outside of PowerShell
[1.663s] DEBUG:colcon.colcon_core.shell:Skip shell extension 'dsv' for command environment
[1.672s] INFO:colcon.colcon_ros.task.ament_python.build:Building ROS package in '/home/iot/ros2_ws/src/tomatoes_detection1' with build type 'ament_python'
[1.672s] Level 1:colcon.colcon_core.shell:create_environment_hook('tomatoes_detection1', 'ament_prefix_path')
[1.673s] INFO:colcon.colcon_core.shell:Creating environment hook '/home/iot/ros2_ws/install/tomatoes_detection1/share/tomatoes_detection1/hook/ament_prefix_path.ps1'
[1.674s] INFO:colcon.colcon_core.shell:Creating environment descriptor '/home/iot/ros2_ws/install/tomatoes_detection1/share/tomatoes_detection1/hook/ament_prefix_path.dsv'
[1.675s] INFO:colcon.colcon_core.shell:Creating environment hook '/home/iot/ros2_ws/install/tomatoes_detection1/share/tomatoes_detection1/hook/ament_prefix_path.sh'
[1.676s] INFO:colcon.colcon_core.shell:Skip shell extension 'powershell' for command environment: Not usable outside of PowerShell
[1.676s] DEBUG:colcon.colcon_core.shell:Skip shell extension 'dsv' for command environment
[1.703s] DEBUG:colcon.colcon_core.event_handler.log_command:Invoking command in '/home/iot/ros2_ws/build/parc_robot_bringup': CMAKE_PREFIX_PATH=/home/iot/ros2_ws/install/parc_robot_interfaces:/home/iot/ros2_ws/install/parc_robot_description:/home/iot/ros2_ws/install/parc_robot_bringup:/home/iot/ros2_ws/install/parc_robot:/opt/ros/humble /usr/bin/cmake --build /home/iot/ros2_ws/build/parc_robot_bringup -- -j8 -l8
[2.382s] INFO:colcon.colcon_core.task.python.build:Building Python package in '/home/iot/ros2_ws/src/tomatoes_detection1'
[2.382s] INFO:colcon.colcon_core.shell:Skip shell extension 'powershell' for command environment: Not usable outside of PowerShell
[2.382s] DEBUG:colcon.colcon_core.shell:Skip shell extension 'dsv' for command environment
[2.575s] DEBUG:colcon.colcon_core.event_handler.log_command:Invoked command in '/home/iot/ros2_ws/build/parc_robot_bringup' returned '0': CMAKE_PREFIX_PATH=/home/iot/ros2_ws/install/parc_robot_interfaces:/home/iot/ros2_ws/install/parc_robot_description:/home/iot/ros2_ws/install/parc_robot_bringup:/home/iot/ros2_ws/install/parc_robot:/opt/ros/humble /usr/bin/cmake --build /home/iot/ros2_ws/build/parc_robot_bringup -- -j8 -l8
[2.668s] DEBUG:colcon.colcon_core.event_handler.log_command:Invoking command in '/home/iot/ros2_ws/build/parc_robot_bringup': CMAKE_PREFIX_PATH=/home/iot/ros2_ws/install/parc_robot_interfaces:/home/iot/ros2_ws/install/parc_robot_description:/home/iot/ros2_ws/install/parc_robot_bringup:/home/iot/ros2_ws/install/parc_robot:/opt/ros/humble /usr/bin/cmake --install /home/iot/ros2_ws/build/parc_robot_bringup
[2.829s] Level 1:colcon.colcon_core.environment:create_environment_scripts_only(parc_robot_bringup)
[2.829s] Level 1:colcon.colcon_core.environment:checking '/home/iot/ros2_ws/install/parc_robot_bringup' for CMake module files
[2.831s] Level 1:colcon.colcon_core.environment:checking '/home/iot/ros2_ws/install/parc_robot_bringup' for CMake config files
[2.834s] DEBUG:colcon.colcon_core.event_handler.log_command:Invoked command in '/home/iot/ros2_ws/build/parc_robot_bringup' returned '0': CMAKE_PREFIX_PATH=/home/iot/ros2_ws/install/parc_robot_interfaces:/home/iot/ros2_ws/install/parc_robot_description:/home/iot/ros2_ws/install/parc_robot_bringup:/home/iot/ros2_ws/install/parc_robot:/opt/ros/humble /usr/bin/cmake --install /home/iot/ros2_ws/build/parc_robot_bringup
[2.840s] Level 1:colcon.colcon_core.shell:create_environment_hook('parc_robot_bringup', 'cmake_prefix_path')
[2.841s] INFO:colcon.colcon_core.shell:Creating environment hook '/home/iot/ros2_ws/install/parc_robot_bringup/share/parc_robot_bringup/hook/cmake_prefix_path.ps1'
[2.842s] INFO:colcon.colcon_core.shell:Creating environment descriptor '/home/iot/ros2_ws/install/parc_robot_bringup/share/parc_robot_bringup/hook/cmake_prefix_path.dsv'
[2.843s] INFO:colcon.colcon_core.shell:Creating environment hook '/home/iot/ros2_ws/install/parc_robot_bringup/share/parc_robot_bringup/hook/cmake_prefix_path.sh'
[2.844s] Level 1:colcon.colcon_core.environment:checking '/home/iot/ros2_ws/install/parc_robot_bringup/lib'
[2.844s] Level 1:colcon.colcon_core.environment:checking '/home/iot/ros2_ws/install/parc_robot_bringup/bin'
[2.844s] Level 1:colcon.colcon_core.environment:checking '/home/iot/ros2_ws/install/parc_robot_bringup/lib/pkgconfig/parc_robot_bringup.pc'
[2.845s] Level 1:colcon.colcon_core.environment:checking '/home/iot/ros2_ws/install/parc_robot_bringup/lib/python3.10/site-packages'
[2.845s] Level 1:colcon.colcon_core.environment:checking '/home/iot/ros2_ws/install/parc_robot_bringup/bin'
[2.846s] INFO:colcon.colcon_core.shell:Creating package script '/home/iot/ros2_ws/install/parc_robot_bringup/share/parc_robot_bringup/package.ps1'
[2.847s] INFO:colcon.colcon_core.shell:Creating package descriptor '/home/iot/ros2_ws/install/parc_robot_bringup/share/parc_robot_bringup/package.dsv'
[2.848s] INFO:colcon.colcon_core.shell:Creating package script '/home/iot/ros2_ws/install/parc_robot_bringup/share/parc_robot_bringup/package.sh'
[2.849s] INFO:colcon.colcon_core.shell:Creating package script '/home/iot/ros2_ws/install/parc_robot_bringup/share/parc_robot_bringup/package.bash'
[2.850s] INFO:colcon.colcon_core.shell:Creating package script '/home/iot/ros2_ws/install/parc_robot_bringup/share/parc_robot_bringup/package.zsh'
[2.851s] Level 1:colcon.colcon_core.environment:create_file_with_runtime_dependencies(/home/iot/ros2_ws/install/parc_robot_bringup/share/colcon-core/packages/parc_robot_bringup)
[2.974s] Level 1:colcon.colcon_core.environment:create_environment_scripts_only(parc_robot_bringup)
[2.975s] Level 1:colcon.colcon_core.environment:checking '/home/iot/ros2_ws/install/parc_robot_bringup' for CMake module files
[2.976s] Level 1:colcon.colcon_core.environment:checking '/home/iot/ros2_ws/install/parc_robot_bringup' for CMake config files
[2.980s] Level 1:colcon.colcon_core.shell:create_environment_hook('parc_robot_bringup', 'cmake_prefix_path')
[2.981s] INFO:colcon.colcon_core.shell:Creating environment hook '/home/iot/ros2_ws/install/parc_robot_bringup/share/parc_robot_bringup/hook/cmake_prefix_path.ps1'
[2.982s] INFO:colcon.colcon_core.shell:Creating environment descriptor '/home/iot/ros2_ws/install/parc_robot_bringup/share/parc_robot_bringup/hook/cmake_prefix_path.dsv'
[2.982s] INFO:colcon.colcon_core.shell:Creating environment hook '/home/iot/ros2_ws/install/parc_robot_bringup/share/parc_robot_bringup/hook/cmake_prefix_path.sh'
[2.984s] Level 1:colcon.colcon_core.environment:checking '/home/iot/ros2_ws/install/parc_robot_bringup/lib'
[2.984s] Level 1:colcon.colcon_core.environment:checking '/home/iot/ros2_ws/install/parc_robot_bringup/bin'
[2.984s] Level 1:colcon.colcon_core.environment:checking '/home/iot/ros2_ws/install/parc_robot_bringup/lib/pkgconfig/parc_robot_bringup.pc'
[2.984s] Level 1:colcon.colcon_core.environment:checking '/home/iot/ros2_ws/install/parc_robot_bringup/lib/python3.10/site-packages'
[2.985s] Level 1:colcon.colcon_core.environment:checking '/home/iot/ros2_ws/install/parc_robot_bringup/bin'
[2.986s] INFO:colcon.colcon_core.shell:Creating package script '/home/iot/ros2_ws/install/parc_robot_bringup/share/parc_robot_bringup/package.ps1'
[2.987s] INFO:colcon.colcon_core.shell:Creating package descriptor '/home/iot/ros2_ws/install/parc_robot_bringup/share/parc_robot_bringup/package.dsv'
[2.988s] INFO:colcon.colcon_core.shell:Creating package script '/home/iot/ros2_ws/install/parc_robot_bringup/share/parc_robot_bringup/package.sh'
[2.988s] INFO:colcon.colcon_core.shell:Creating package script '/home/iot/ros2_ws/install/parc_robot_bringup/share/parc_robot_bringup/package.bash'
[2.997s] INFO:colcon.colcon_core.shell:Creating package script '/home/iot/ros2_ws/install/parc_robot_bringup/share/parc_robot_bringup/package.zsh'
[2.998s] Level 1:colcon.colcon_core.environment:create_file_with_runtime_dependencies(/home/iot/ros2_ws/install/parc_robot_bringup/share/colcon-core/packages/parc_robot_bringup)
[3.555s] DEBUG:colcon.colcon_core.event_handler.log_command:Invoking command in '/home/iot/ros2_ws/src/tomatoes_detection1': CMAKE_PREFIX_PATH=/home/iot/ros2_ws/install/parc_robot_interfaces:/home/iot/ros2_ws/install/parc_robot_bringup:/home/iot/ros2_ws/install/parc_robot_description:/home/iot/ros2_ws/install/parc_robot PYTHONPATH=/home/iot/ros2_ws/build/tomatoes_detection1/prefix_override:/home/iot/ros2_ws/install/tomatoes_detection1/lib/python3.10/site-packages:${PYTHONPATH} /usr/bin/python3 -W ignore:setup.py install is deprecated setup.py egg_info --egg-base ../../build/tomatoes_detection1 build --build-base /home/iot/ros2_ws/build/tomatoes_detection1/build install --record /home/iot/ros2_ws/build/tomatoes_detection1/install.log --single-version-externally-managed install_data
[4.348s] Level 1:colcon.colcon_core.environment:checking '/home/iot/ros2_ws/install/tomatoes_detection1' for CMake module files
[4.349s] Level 1:colcon.colcon_core.environment:checking '/home/iot/ros2_ws/install/tomatoes_detection1' for CMake config files
[4.350s] Level 1:colcon.colcon_core.environment:checking '/home/iot/ros2_ws/install/tomatoes_detection1/lib'
[4.350s] Level 1:colcon.colcon_core.environment:checking '/home/iot/ros2_ws/install/tomatoes_detection1/bin'
[4.350s] Level 1:colcon.colcon_core.environment:checking '/home/iot/ros2_ws/install/tomatoes_detection1/lib/pkgconfig/tomatoes_detection1.pc'
[4.351s] Level 1:colcon.colcon_core.environment:checking '/home/iot/ros2_ws/install/tomatoes_detection1/lib/python3.10/site-packages'
[4.351s] Level 1:colcon.colcon_core.shell:create_environment_hook('tomatoes_detection1', 'pythonpath')
[4.352s] INFO:colcon.colcon_core.shell:Creating environment hook '/home/iot/ros2_ws/install/tomatoes_detection1/share/tomatoes_detection1/hook/pythonpath.ps1'
[4.352s] INFO:colcon.colcon_core.shell:Creating environment descriptor '/home/iot/ros2_ws/install/tomatoes_detection1/share/tomatoes_detection1/hook/pythonpath.dsv'
[4.353s] INFO:colcon.colcon_core.shell:Creating environment hook '/home/iot/ros2_ws/install/tomatoes_detection1/share/tomatoes_detection1/hook/pythonpath.sh'
[4.354s] Level 1:colcon.colcon_core.environment:checking '/home/iot/ros2_ws/install/tomatoes_detection1/bin'
[4.354s] Level 1:colcon.colcon_core.environment:create_environment_scripts_only(tomatoes_detection1)
[4.355s] INFO:colcon.colcon_core.shell:Creating package script '/home/iot/ros2_ws/install/tomatoes_detection1/share/tomatoes_detection1/package.ps1'
[4.356s] INFO:colcon.colcon_core.shell:Creating package descriptor '/home/iot/ros2_ws/install/tomatoes_detection1/share/tomatoes_detection1/package.dsv'
[4.357s] INFO:colcon.colcon_core.shell:Creating package script '/home/iot/ros2_ws/install/tomatoes_detection1/share/tomatoes_detection1/package.sh'
[4.358s] INFO:colcon.colcon_core.shell:Creating package script '/home/iot/ros2_ws/install/tomatoes_detection1/share/tomatoes_detection1/package.bash'
[4.358s] INFO:colcon.colcon_core.shell:Creating package script '/home/iot/ros2_ws/install/tomatoes_detection1/share/tomatoes_detection1/package.zsh'
[4.359s] Level 1:colcon.colcon_core.environment:create_file_with_runtime_dependencies(/home/iot/ros2_ws/install/tomatoes_detection1/share/colcon-core/packages/tomatoes_detection1)
[4.359s] DEBUG:colcon.colcon_parallel_executor.executor.parallel:closing loop
[4.366s] DEBUG:colcon.colcon_core.event_handler.log_command:Invoked command in '/home/iot/ros2_ws/src/tomatoes_detection1' returned '0': CMAKE_PREFIX_PATH=/home/iot/ros2_ws/install/parc_robot_interfaces:/home/iot/ros2_ws/install/parc_robot_bringup:/home/iot/ros2_ws/install/parc_robot_description:/home/iot/ros2_ws/install/parc_robot PYTHONPATH=/home/iot/ros2_ws/build/tomatoes_detection1/prefix_override:/home/iot/ros2_ws/install/tomatoes_detection1/lib/python3.10/site-packages:${PYTHONPATH} /usr/bin/python3 -W ignore:setup.py install is deprecated setup.py egg_info --egg-base ../../build/tomatoes_detection1 build --build-base /home/iot/ros2_ws/build/tomatoes_detection1/build install --record /home/iot/ros2_ws/build/tomatoes_detection1/install.log --single-version-externally-managed install_data
[4.367s] DEBUG:colcon.colcon_parallel_executor.executor.parallel:loop closed
[4.367s] DEBUG:colcon.colcon_parallel_executor.executor.parallel:run_until_complete finished with '0'
[4.367s] DEBUG:colcon.colcon_core.event_reactor:joining thread
[4.396s] INFO:colcon.colcon_core.plugin_system:Skipping extension 'colcon_notification.desktop_notification.terminal_notifier': Not used on non-Darwin systems
[4.397s] INFO:colcon.colcon_core.plugin_system:Skipping extension 'colcon_notification.desktop_notification.win32': Not used on non-Windows systems
[4.397s] INFO:colcon.colcon_notification.desktop_notification:Sending desktop notification using 'notify2'
[4.427s] DEBUG:colcon.colcon_core.event_reactor:joined thread
[4.428s] INFO:colcon.colcon_core.shell:Creating prefix script '/home/iot/ros2_ws/install/local_setup.ps1'
[4.430s] INFO:colcon.colcon_core.shell:Creating prefix util module '/home/iot/ros2_ws/install/_local_setup_util_ps1.py'
[4.434s] INFO:colcon.colcon_core.shell:Creating prefix chain script '/home/iot/ros2_ws/install/setup.ps1'
[4.437s] INFO:colcon.colcon_core.shell:Creating prefix script '/home/iot/ros2_ws/install/local_setup.sh'
[4.438s] INFO:colcon.colcon_core.shell:Creating prefix util module '/home/iot/ros2_ws/install/_local_setup_util_sh.py'
[4.439s] INFO:colcon.colcon_core.shell:Creating prefix chain script '/home/iot/ros2_ws/install/setup.sh'
[4.443s] INFO:colcon.colcon_core.shell:Creating prefix script '/home/iot/ros2_ws/install/local_setup.bash'
[4.444s] INFO:colcon.colcon_core.shell:Creating prefix chain script '/home/iot/ros2_ws/install/setup.bash'
[4.446s] INFO:colcon.colcon_core.shell:Creating prefix script '/home/iot/ros2_ws/install/local_setup.zsh'
[4.447s] INFO:colcon.colcon_core.shell:Creating prefix chain script '/home/iot/ros2_ws/install/setup.zsh'
