[0.271s] DEBUG:colcon:Command line arguments: ['/home/iot/.local/bin/colcon', 'build']
[0.271s] DEBUG:colcon:Parsed command line arguments: Namespace(log_base=None, log_level=None, verb_name='build', build_base='build', install_base='install', merge_install=False, symlink_install=False, test_result_base=None, continue_on_error=False, executor='parallel', parallel_workers=8, event_handlers=None, ignore_user_meta=False, metas=['./colcon.meta'], base_paths=['.'], packages_ignore=None, packages_ignore_regex=None, paths=None, packages_up_to=None, packages_up_to_regex=None, packages_above=None, packages_above_and_dependencies=None, packages_above_depth=None, packages_select_by_dep=None, packages_skip_by_dep=None, packages_skip_up_to=None, packages_select_build_failed=False, packages_skip_build_finished=False, packages_select_test_failures=False, packages_skip_test_passed=False, packages_select=None, packages_skip=None, packages_select_regex=None, packages_skip_regex=None, packages_start=None, packages_end=None, cmake_args=None, cmake_target=None, cmake_target_skip_unavailable=False, cmake_clean_cache=False, cmake_clean_first=False, cmake_force_configure=False, ament_cmake_args=None, catkin_cmake_args=None, catkin_skip_building_tests=False, verb_parser=<colcon_defaults.argument_parser.defaults.DefaultArgumentsDecorator object at 0x73e8c69df5b0>, verb_extension=<colcon_core.verb.build.BuildVerb object at 0x73e8c6990c10>, main=<bound method BuildVerb.main of <colcon_core.verb.build.BuildVerb object at 0x73e8c6990c10>>)
[0.473s] Level 1:colcon.colcon_core.package_discovery:discover_packages(colcon_meta) check parameters
[0.473s] Level 1:colcon.colcon_core.package_discovery:discover_packages(recursive) check parameters
[0.473s] Level 1:colcon.colcon_core.package_discovery:discover_packages(ignore) check parameters
[0.473s] Level 1:colcon.colcon_core.package_discovery:discover_packages(path) check parameters
[0.473s] Level 1:colcon.colcon_core.package_discovery:discover_packages(colcon_meta) discover
[0.473s] Level 1:colcon.colcon_core.package_discovery:discover_packages(recursive) discover
[0.473s] INFO:colcon.colcon_core.package_discovery:Crawling recursively for packages in '/home/iot/ros2_ws'
[0.473s] Level 1:colcon.colcon_core.package_identification:_identify(.) by extensions ['ignore', 'ignore_ament_install']
[0.473s] Level 1:colcon.colcon_core.package_identification:_identify(.) by extension 'ignore'
[0.473s] Level 1:colcon.colcon_core.package_identification:_identify(.) by extension 'ignore_ament_install'
[0.473s] Level 1:colcon.colcon_core.package_identification:_identify(.) by extensions ['colcon_pkg']
[0.474s] Level 1:colcon.colcon_core.package_identification:_identify(.) by extension 'colcon_pkg'
[0.474s] Level 1:colcon.colcon_core.package_identification:_identify(.) by extensions ['colcon_meta']
[0.474s] Level 1:colcon.colcon_core.package_identification:_identify(.) by extension 'colcon_meta'
[0.474s] Level 1:colcon.colcon_core.package_identification:_identify(.) by extensions ['ros']
[0.474s] Level 1:colcon.colcon_core.package_identification:_identify(.) by extension 'ros'
[0.487s] Level 1:colcon.colcon_core.package_identification:_identify(.) by extensions ['cmake', 'python']
[0.487s] Level 1:colcon.colcon_core.package_identification:_identify(.) by extension 'cmake'
[0.487s] Level 1:colcon.colcon_core.package_identification:_identify(.) by extension 'python'
[0.488s] Level 1:colcon.colcon_core.package_identification:_identify(.) by extensions ['python_setup_py']
[0.488s] Level 1:colcon.colcon_core.package_identification:_identify(.) by extension 'python_setup_py'
[0.488s] Level 1:colcon.colcon_core.package_identification:_identify(build) by extensions ['ignore', 'ignore_ament_install']
[0.488s] Level 1:colcon.colcon_core.package_identification:_identify(build) by extension 'ignore'
[0.488s] Level 1:colcon.colcon_core.package_identification:_identify(build) ignored
[0.488s] Level 1:colcon.colcon_core.package_identification:_identify(install) by extensions ['ignore', 'ignore_ament_install']
[0.488s] Level 1:colcon.colcon_core.package_identification:_identify(install) by extension 'ignore'
[0.488s] Level 1:colcon.colcon_core.package_identification:_identify(install) ignored
[0.489s] Level 1:colcon.colcon_core.package_identification:_identify(log) by extensions ['ignore', 'ignore_ament_install']
[0.489s] Level 1:colcon.colcon_core.package_identification:_identify(log) by extension 'ignore'
[0.489s] Level 1:colcon.colcon_core.package_identification:_identify(log) ignored
[0.489s] Level 1:colcon.colcon_core.package_identification:_identify(src) by extensions ['ignore', 'ignore_ament_install']
[0.489s] Level 1:colcon.colcon_core.package_identification:_identify(src) by extension 'ignore'
[0.489s] Level 1:colcon.colcon_core.package_identification:_identify(src) by extension 'ignore_ament_install'
[0.490s] Level 1:colcon.colcon_core.package_identification:_identify(src) by extensions ['colcon_pkg']
[0.490s] Level 1:colcon.colcon_core.package_identification:_identify(src) by extension 'colcon_pkg'
[0.490s] Level 1:colcon.colcon_core.package_identification:_identify(src) by extensions ['colcon_meta']
[0.490s] Level 1:colcon.colcon_core.package_identification:_identify(src) by extension 'colcon_meta'
[0.490s] Level 1:colcon.colcon_core.package_identification:_identify(src) by extensions ['ros']
[0.490s] Level 1:colcon.colcon_core.package_identification:_identify(src) by extension 'ros'
[0.490s] Level 1:colcon.colcon_core.package_identification:_identify(src) by extensions ['cmake', 'python']
[0.490s] Level 1:colcon.colcon_core.package_identification:_identify(src) by extension 'cmake'
[0.490s] Level 1:colcon.colcon_core.package_identification:_identify(src) by extension 'python'
[0.490s] Level 1:colcon.colcon_core.package_identification:_identify(src) by extensions ['python_setup_py']
[0.490s] Level 1:colcon.colcon_core.package_identification:_identify(src) by extension 'python_setup_py'
[0.490s] Level 1:colcon.colcon_core.package_identification:_identify(src/build) by extensions ['ignore', 'ignore_ament_install']
[0.490s] Level 1:colcon.colcon_core.package_identification:_identify(src/build) by extension 'ignore'
[0.490s] Level 1:colcon.colcon_core.package_identification:_identify(src/build) ignored
[0.491s] Level 1:colcon.colcon_core.package_identification:_identify(src/farmland_navigation) by extensions ['ignore', 'ignore_ament_install']
[0.491s] Level 1:colcon.colcon_core.package_identification:_identify(src/farmland_navigation) by extension 'ignore'
[0.491s] Level 1:colcon.colcon_core.package_identification:_identify(src/farmland_navigation) by extension 'ignore_ament_install'
[0.491s] Level 1:colcon.colcon_core.package_identification:_identify(src/farmland_navigation) by extensions ['colcon_pkg']
[0.491s] Level 1:colcon.colcon_core.package_identification:_identify(src/farmland_navigation) by extension 'colcon_pkg'
[0.491s] Level 1:colcon.colcon_core.package_identification:_identify(src/farmland_navigation) by extensions ['colcon_meta']
[0.491s] Level 1:colcon.colcon_core.package_identification:_identify(src/farmland_navigation) by extension 'colcon_meta'
[0.491s] Level 1:colcon.colcon_core.package_identification:_identify(src/farmland_navigation) by extensions ['ros']
[0.491s] Level 1:colcon.colcon_core.package_identification:_identify(src/farmland_navigation) by extension 'ros'
[0.495s] DEBUG:colcon.colcon_core.package_identification:Package 'src/farmland_navigation' with type 'ros.ament_python' and name 'farmland_navigation'
[0.495s] Level 1:colcon.colcon_core.package_identification:_identify(src/install) by extensions ['ignore', 'ignore_ament_install']
[0.495s] Level 1:colcon.colcon_core.package_identification:_identify(src/install) by extension 'ignore'
[0.495s] Level 1:colcon.colcon_core.package_identification:_identify(src/install) ignored
[0.496s] Level 1:colcon.colcon_core.package_identification:_identify(src/log) by extensions ['ignore', 'ignore_ament_install']
[0.496s] Level 1:colcon.colcon_core.package_identification:_identify(src/log) by extension 'ignore'
[0.496s] Level 1:colcon.colcon_core.package_identification:_identify(src/log) ignored
[0.496s] Level 1:colcon.colcon_core.package_identification:_identify(src/parc_robot) by extensions ['ignore', 'ignore_ament_install']
[0.496s] Level 1:colcon.colcon_core.package_identification:_identify(src/parc_robot) by extension 'ignore'
[0.496s] Level 1:colcon.colcon_core.package_identification:_identify(src/parc_robot) by extension 'ignore_ament_install'
[0.496s] Level 1:colcon.colcon_core.package_identification:_identify(src/parc_robot) by extensions ['colcon_pkg']
[0.496s] Level 1:colcon.colcon_core.package_identification:_identify(src/parc_robot) by extension 'colcon_pkg'
[0.496s] Level 1:colcon.colcon_core.package_identification:_identify(src/parc_robot) by extensions ['colcon_meta']
[0.496s] Level 1:colcon.colcon_core.package_identification:_identify(src/parc_robot) by extension 'colcon_meta'
[0.496s] Level 1:colcon.colcon_core.package_identification:_identify(src/parc_robot) by extensions ['ros']
[0.497s] Level 1:colcon.colcon_core.package_identification:_identify(src/parc_robot) by extension 'ros'
[0.497s] DEBUG:colcon.colcon_core.package_identification:Package 'src/parc_robot' with type 'ros.ament_cmake' and name 'parc_robot'
[0.497s] Level 1:colcon.colcon_core.package_identification:_identify(src/parc_robot_bringup) by extensions ['ignore', 'ignore_ament_install']
[0.497s] Level 1:colcon.colcon_core.package_identification:_identify(src/parc_robot_bringup) by extension 'ignore'
[0.497s] Level 1:colcon.colcon_core.package_identification:_identify(src/parc_robot_bringup) by extension 'ignore_ament_install'
[0.498s] Level 1:colcon.colcon_core.package_identification:_identify(src/parc_robot_bringup) by extensions ['colcon_pkg']
[0.498s] Level 1:colcon.colcon_core.package_identification:_identify(src/parc_robot_bringup) by extension 'colcon_pkg'
[0.498s] Level 1:colcon.colcon_core.package_identification:_identify(src/parc_robot_bringup) by extensions ['colcon_meta']
[0.498s] Level 1:colcon.colcon_core.package_identification:_identify(src/parc_robot_bringup) by extension 'colcon_meta'
[0.498s] Level 1:colcon.colcon_core.package_identification:_identify(src/parc_robot_bringup) by extensions ['ros']
[0.498s] Level 1:colcon.colcon_core.package_identification:_identify(src/parc_robot_bringup) by extension 'ros'
[0.499s] DEBUG:colcon.colcon_core.package_identification:Package 'src/parc_robot_bringup' with type 'ros.ament_cmake' and name 'parc_robot_bringup'
[0.500s] Level 1:colcon.colcon_core.package_identification:_identify(src/parc_robot_description) by extensions ['ignore', 'ignore_ament_install']
[0.500s] Level 1:colcon.colcon_core.package_identification:_identify(src/parc_robot_description) by extension 'ignore'
[0.500s] Level 1:colcon.colcon_core.package_identification:_identify(src/parc_robot_description) by extension 'ignore_ament_install'
[0.500s] Level 1:colcon.colcon_core.package_identification:_identify(src/parc_robot_description) by extensions ['colcon_pkg']
[0.500s] Level 1:colcon.colcon_core.package_identification:_identify(src/parc_robot_description) by extension 'colcon_pkg'
[0.500s] Level 1:colcon.colcon_core.package_identification:_identify(src/parc_robot_description) by extensions ['colcon_meta']
[0.500s] Level 1:colcon.colcon_core.package_identification:_identify(src/parc_robot_description) by extension 'colcon_meta'
[0.500s] Level 1:colcon.colcon_core.package_identification:_identify(src/parc_robot_description) by extensions ['ros']
[0.500s] Level 1:colcon.colcon_core.package_identification:_identify(src/parc_robot_description) by extension 'ros'
[0.501s] DEBUG:colcon.colcon_core.package_identification:Package 'src/parc_robot_description' with type 'ros.ament_cmake' and name 'parc_robot_description'
[0.501s] Level 1:colcon.colcon_core.package_identification:_identify(src/parc_robot_interfaces) by extensions ['ignore', 'ignore_ament_install']
[0.501s] Level 1:colcon.colcon_core.package_identification:_identify(src/parc_robot_interfaces) by extension 'ignore'
[0.501s] Level 1:colcon.colcon_core.package_identification:_identify(src/parc_robot_interfaces) by extension 'ignore_ament_install'
[0.501s] Level 1:colcon.colcon_core.package_identification:_identify(src/parc_robot_interfaces) by extensions ['colcon_pkg']
[0.501s] Level 1:colcon.colcon_core.package_identification:_identify(src/parc_robot_interfaces) by extension 'colcon_pkg'
[0.502s] Level 1:colcon.colcon_core.package_identification:_identify(src/parc_robot_interfaces) by extensions ['colcon_meta']
[0.502s] Level 1:colcon.colcon_core.package_identification:_identify(src/parc_robot_interfaces) by extension 'colcon_meta'
[0.502s] Level 1:colcon.colcon_core.package_identification:_identify(src/parc_robot_interfaces) by extensions ['ros']
[0.502s] Level 1:colcon.colcon_core.package_identification:_identify(src/parc_robot_interfaces) by extension 'ros'
[0.502s] DEBUG:colcon.colcon_core.package_identification:Package 'src/parc_robot_interfaces' with type 'ros.ament_cmake' and name 'parc_robot_interfaces'
[0.503s] Level 1:colcon.colcon_core.package_identification:_identify(src/resources) by extensions ['ignore', 'ignore_ament_install']
[0.503s] Level 1:colcon.colcon_core.package_identification:_identify(src/resources) by extension 'ignore'
[0.503s] Level 1:colcon.colcon_core.package_identification:_identify(src/resources) by extension 'ignore_ament_install'
[0.503s] Level 1:colcon.colcon_core.package_identification:_identify(src/resources) by extensions ['colcon_pkg']
[0.503s] Level 1:colcon.colcon_core.package_identification:_identify(src/resources) by extension 'colcon_pkg'
[0.503s] Level 1:colcon.colcon_core.package_identification:_identify(src/resources) by extensions ['colcon_meta']
[0.503s] Level 1:colcon.colcon_core.package_identification:_identify(src/resources) by extension 'colcon_meta'
[0.503s] Level 1:colcon.colcon_core.package_identification:_identify(src/resources) by extensions ['ros']
[0.503s] Level 1:colcon.colcon_core.package_identification:_identify(src/resources) by extension 'ros'
[0.503s] Level 1:colcon.colcon_core.package_identification:_identify(src/resources) by extensions ['cmake', 'python']
[0.503s] Level 1:colcon.colcon_core.package_identification:_identify(src/resources) by extension 'cmake'
[0.504s] Level 1:colcon.colcon_core.package_identification:_identify(src/resources) by extension 'python'
[0.504s] Level 1:colcon.colcon_core.package_identification:_identify(src/resources) by extensions ['python_setup_py']
[0.504s] Level 1:colcon.colcon_core.package_identification:_identify(src/resources) by extension 'python_setup_py'
[0.504s] Level 1:colcon.colcon_core.package_identification:_identify(src/tomatoes_detection1) by extensions ['ignore', 'ignore_ament_install']
[0.504s] Level 1:colcon.colcon_core.package_identification:_identify(src/tomatoes_detection1) by extension 'ignore'
[0.504s] Level 1:colcon.colcon_core.package_identification:_identify(src/tomatoes_detection1) by extension 'ignore_ament_install'
[0.504s] Level 1:colcon.colcon_core.package_identification:_identify(src/tomatoes_detection1) by extensions ['colcon_pkg']
[0.504s] Level 1:colcon.colcon_core.package_identification:_identify(src/tomatoes_detection1) by extension 'colcon_pkg'
[0.504s] Level 1:colcon.colcon_core.package_identification:_identify(src/tomatoes_detection1) by extensions ['colcon_meta']
[0.504s] Level 1:colcon.colcon_core.package_identification:_identify(src/tomatoes_detection1) by extension 'colcon_meta'
[0.504s] Level 1:colcon.colcon_core.package_identification:_identify(src/tomatoes_detection1) by extensions ['ros']
[0.504s] Level 1:colcon.colcon_core.package_identification:_identify(src/tomatoes_detection1) by extension 'ros'
[0.505s] DEBUG:colcon.colcon_core.package_identification:Package 'src/tomatoes_detection1' with type 'ros.ament_python' and name 'tomatoes_detection1'
[0.506s] Level 1:colcon.colcon_core.package_discovery:discover_packages(recursive) using defaults
[0.506s] Level 1:colcon.colcon_core.package_discovery:discover_packages(ignore) discover
[0.506s] Level 1:colcon.colcon_core.package_discovery:discover_packages(ignore) using defaults
[0.506s] Level 1:colcon.colcon_core.package_discovery:discover_packages(path) discover
[0.506s] Level 1:colcon.colcon_core.package_discovery:discover_packages(path) using defaults
[0.529s] Level 5:colcon.colcon_core.verb:set package 'parc_robot' build argument 'cmake_args' from command line to 'None'
[0.529s] Level 5:colcon.colcon_core.verb:set package 'parc_robot' build argument 'cmake_target' from command line to 'None'
[0.529s] Level 5:colcon.colcon_core.verb:set package 'parc_robot' build argument 'cmake_target_skip_unavailable' from command line to 'False'
[0.529s] Level 5:colcon.colcon_core.verb:set package 'parc_robot' build argument 'cmake_clean_cache' from command line to 'False'
[0.529s] Level 5:colcon.colcon_core.verb:set package 'parc_robot' build argument 'cmake_clean_first' from command line to 'False'
[0.529s] Level 5:colcon.colcon_core.verb:set package 'parc_robot' build argument 'cmake_force_configure' from command line to 'False'
[0.529s] Level 5:colcon.colcon_core.verb:set package 'parc_robot' build argument 'ament_cmake_args' from command line to 'None'
[0.529s] Level 5:colcon.colcon_core.verb:set package 'parc_robot' build argument 'catkin_cmake_args' from command line to 'None'
[0.529s] Level 5:colcon.colcon_core.verb:set package 'parc_robot' build argument 'catkin_skip_building_tests' from command line to 'False'
[0.529s] DEBUG:colcon.colcon_core.verb:Building package 'parc_robot' with the following arguments: {'ament_cmake_args': None, 'build_base': '/home/iot/ros2_ws/build/parc_robot', 'catkin_cmake_args': None, 'catkin_skip_building_tests': False, 'cmake_args': None, 'cmake_clean_cache': False, 'cmake_clean_first': False, 'cmake_force_configure': False, 'cmake_target': None, 'cmake_target_skip_unavailable': False, 'install_base': '/home/iot/ros2_ws/install/parc_robot', 'merge_install': False, 'path': '/home/iot/ros2_ws/src/parc_robot', 'symlink_install': False, 'test_result_base': None}
[0.530s] Level 5:colcon.colcon_core.verb:set package 'parc_robot_description' build argument 'cmake_args' from command line to 'None'
[0.530s] Level 5:colcon.colcon_core.verb:set package 'parc_robot_description' build argument 'cmake_target' from command line to 'None'
[0.530s] Level 5:colcon.colcon_core.verb:set package 'parc_robot_description' build argument 'cmake_target_skip_unavailable' from command line to 'False'
[0.530s] Level 5:colcon.colcon_core.verb:set package 'parc_robot_description' build argument 'cmake_clean_cache' from command line to 'False'
[0.530s] Level 5:colcon.colcon_core.verb:set package 'parc_robot_description' build argument 'cmake_clean_first' from command line to 'False'
[0.530s] Level 5:colcon.colcon_core.verb:set package 'parc_robot_description' build argument 'cmake_force_configure' from command line to 'False'
[0.530s] Level 5:colcon.colcon_core.verb:set package 'parc_robot_description' build argument 'ament_cmake_args' from command line to 'None'
[0.530s] Level 5:colcon.colcon_core.verb:set package 'parc_robot_description' build argument 'catkin_cmake_args' from command line to 'None'
[0.530s] Level 5:colcon.colcon_core.verb:set package 'parc_robot_description' build argument 'catkin_skip_building_tests' from command line to 'False'
[0.530s] DEBUG:colcon.colcon_core.verb:Building package 'parc_robot_description' with the following arguments: {'ament_cmake_args': None, 'build_base': '/home/iot/ros2_ws/build/parc_robot_description', 'catkin_cmake_args': None, 'catkin_skip_building_tests': False, 'cmake_args': None, 'cmake_clean_cache': False, 'cmake_clean_first': False, 'cmake_force_configure': False, 'cmake_target': None, 'cmake_target_skip_unavailable': False, 'install_base': '/home/iot/ros2_ws/install/parc_robot_description', 'merge_install': False, 'path': '/home/iot/ros2_ws/src/parc_robot_description', 'symlink_install': False, 'test_result_base': None}
[0.531s] Level 5:colcon.colcon_core.verb:set package 'parc_robot_interfaces' build argument 'cmake_args' from command line to 'None'
[0.531s] Level 5:colcon.colcon_core.verb:set package 'parc_robot_interfaces' build argument 'cmake_target' from command line to 'None'
[0.531s] Level 5:colcon.colcon_core.verb:set package 'parc_robot_interfaces' build argument 'cmake_target_skip_unavailable' from command line to 'False'
[0.531s] Level 5:colcon.colcon_core.verb:set package 'parc_robot_interfaces' build argument 'cmake_clean_cache' from command line to 'False'
[0.531s] Level 5:colcon.colcon_core.verb:set package 'parc_robot_interfaces' build argument 'cmake_clean_first' from command line to 'False'
[0.531s] Level 5:colcon.colcon_core.verb:set package 'parc_robot_interfaces' build argument 'cmake_force_configure' from command line to 'False'
[0.531s] Level 5:colcon.colcon_core.verb:set package 'parc_robot_interfaces' build argument 'ament_cmake_args' from command line to 'None'
[0.531s] Level 5:colcon.colcon_core.verb:set package 'parc_robot_interfaces' build argument 'catkin_cmake_args' from command line to 'None'
[0.531s] Level 5:colcon.colcon_core.verb:set package 'parc_robot_interfaces' build argument 'catkin_skip_building_tests' from command line to 'False'
[0.531s] DEBUG:colcon.colcon_core.verb:Building package 'parc_robot_interfaces' with the following arguments: {'ament_cmake_args': None, 'build_base': '/home/iot/ros2_ws/build/parc_robot_interfaces', 'catkin_cmake_args': None, 'catkin_skip_building_tests': False, 'cmake_args': None, 'cmake_clean_cache': False, 'cmake_clean_first': False, 'cmake_force_configure': False, 'cmake_target': None, 'cmake_target_skip_unavailable': False, 'install_base': '/home/iot/ros2_ws/install/parc_robot_interfaces', 'merge_install': False, 'path': '/home/iot/ros2_ws/src/parc_robot_interfaces', 'symlink_install': False, 'test_result_base': None}
[0.532s] Level 5:colcon.colcon_core.verb:set package 'farmland_navigation' build argument 'cmake_args' from command line to 'None'
[0.532s] Level 5:colcon.colcon_core.verb:set package 'farmland_navigation' build argument 'cmake_target' from command line to 'None'
[0.532s] Level 5:colcon.colcon_core.verb:set package 'farmland_navigation' build argument 'cmake_target_skip_unavailable' from command line to 'False'
[0.532s] Level 5:colcon.colcon_core.verb:set package 'farmland_navigation' build argument 'cmake_clean_cache' from command line to 'False'
[0.532s] Level 5:colcon.colcon_core.verb:set package 'farmland_navigation' build argument 'cmake_clean_first' from command line to 'False'
[0.532s] Level 5:colcon.colcon_core.verb:set package 'farmland_navigation' build argument 'cmake_force_configure' from command line to 'False'
[0.532s] Level 5:colcon.colcon_core.verb:set package 'farmland_navigation' build argument 'ament_cmake_args' from command line to 'None'
[0.532s] Level 5:colcon.colcon_core.verb:set package 'farmland_navigation' build argument 'catkin_cmake_args' from command line to 'None'
[0.532s] Level 5:colcon.colcon_core.verb:set package 'farmland_navigation' build argument 'catkin_skip_building_tests' from command line to 'False'
[0.532s] DEBUG:colcon.colcon_core.verb:Building package 'farmland_navigation' with the following arguments: {'ament_cmake_args': None, 'build_base': '/home/iot/ros2_ws/build/farmland_navigation', 'catkin_cmake_args': None, 'catkin_skip_building_tests': False, 'cmake_args': None, 'cmake_clean_cache': False, 'cmake_clean_first': False, 'cmake_force_configure': False, 'cmake_target': None, 'cmake_target_skip_unavailable': False, 'install_base': '/home/iot/ros2_ws/install/farmland_navigation', 'merge_install': False, 'path': '/home/iot/ros2_ws/src/farmland_navigation', 'symlink_install': False, 'test_result_base': None}
[0.533s] Level 5:colcon.colcon_core.verb:set package 'parc_robot_bringup' build argument 'cmake_args' from command line to 'None'
[0.533s] Level 5:colcon.colcon_core.verb:set package 'parc_robot_bringup' build argument 'cmake_target' from command line to 'None'
[0.533s] Level 5:colcon.colcon_core.verb:set package 'parc_robot_bringup' build argument 'cmake_target_skip_unavailable' from command line to 'False'
[0.533s] Level 5:colcon.colcon_core.verb:set package 'parc_robot_bringup' build argument 'cmake_clean_cache' from command line to 'False'
[0.533s] Level 5:colcon.colcon_core.verb:set package 'parc_robot_bringup' build argument 'cmake_clean_first' from command line to 'False'
[0.533s] Level 5:colcon.colcon_core.verb:set package 'parc_robot_bringup' build argument 'cmake_force_configure' from command line to 'False'
[0.533s] Level 5:colcon.colcon_core.verb:set package 'parc_robot_bringup' build argument 'ament_cmake_args' from command line to 'None'
[0.533s] Level 5:colcon.colcon_core.verb:set package 'parc_robot_bringup' build argument 'catkin_cmake_args' from command line to 'None'
[0.533s] Level 5:colcon.colcon_core.verb:set package 'parc_robot_bringup' build argument 'catkin_skip_building_tests' from command line to 'False'
[0.533s] DEBUG:colcon.colcon_core.verb:Building package 'parc_robot_bringup' with the following arguments: {'ament_cmake_args': None, 'build_base': '/home/iot/ros2_ws/build/parc_robot_bringup', 'catkin_cmake_args': None, 'catkin_skip_building_tests': False, 'cmake_args': None, 'cmake_clean_cache': False, 'cmake_clean_first': False, 'cmake_force_configure': False, 'cmake_target': None, 'cmake_target_skip_unavailable': False, 'install_base': '/home/iot/ros2_ws/install/parc_robot_bringup', 'merge_install': False, 'path': '/home/iot/ros2_ws/src/parc_robot_bringup', 'symlink_install': False, 'test_result_base': None}
[0.533s] Level 5:colcon.colcon_core.verb:set package 'tomatoes_detection1' build argument 'cmake_args' from command line to 'None'
[0.534s] Level 5:colcon.colcon_core.verb:set package 'tomatoes_detection1' build argument 'cmake_target' from command line to 'None'
[0.534s] Level 5:colcon.colcon_core.verb:set package 'tomatoes_detection1' build argument 'cmake_target_skip_unavailable' from command line to 'False'
[0.534s] Level 5:colcon.colcon_core.verb:set package 'tomatoes_detection1' build argument 'cmake_clean_cache' from command line to 'False'
[0.534s] Level 5:colcon.colcon_core.verb:set package 'tomatoes_detection1' build argument 'cmake_clean_first' from command line to 'False'
[0.534s] Level 5:colcon.colcon_core.verb:set package 'tomatoes_detection1' build argument 'cmake_force_configure' from command line to 'False'
[0.534s] Level 5:colcon.colcon_core.verb:set package 'tomatoes_detection1' build argument 'ament_cmake_args' from command line to 'None'
[0.534s] Level 5:colcon.colcon_core.verb:set package 'tomatoes_detection1' build argument 'catkin_cmake_args' from command line to 'None'
[0.534s] Level 5:colcon.colcon_core.verb:set package 'tomatoes_detection1' build argument 'catkin_skip_building_tests' from command line to 'False'
[0.534s] DEBUG:colcon.colcon_core.verb:Building package 'tomatoes_detection1' with the following arguments: {'ament_cmake_args': None, 'build_base': '/home/iot/ros2_ws/build/tomatoes_detection1', 'catkin_cmake_args': None, 'catkin_skip_building_tests': False, 'cmake_args': None, 'cmake_clean_cache': False, 'cmake_clean_first': False, 'cmake_force_configure': False, 'cmake_target': None, 'cmake_target_skip_unavailable': False, 'install_base': '/home/iot/ros2_ws/install/tomatoes_detection1', 'merge_install': False, 'path': '/home/iot/ros2_ws/src/tomatoes_detection1', 'symlink_install': False, 'test_result_base': None}
[0.534s] INFO:colcon.colcon_core.executor:Executing jobs using 'parallel' executor
[0.535s] DEBUG:colcon.colcon_parallel_executor.executor.parallel:run_until_complete
[0.536s] INFO:colcon.colcon_ros.task.ament_cmake.build:Building ROS package in '/home/iot/ros2_ws/src/parc_robot_interfaces' with build type 'ament_cmake'
[0.536s] INFO:colcon.colcon_cmake.task.cmake.build:Building CMake package in '/home/iot/ros2_ws/src/parc_robot_interfaces'
[0.540s] INFO:colcon.colcon_core.plugin_system:Skipping extension 'colcon_core.shell.bat': Not used on non-Windows systems
[0.540s] INFO:colcon.colcon_core.shell:Skip shell extension 'powershell' for command environment: Not usable outside of PowerShell
[0.540s] DEBUG:colcon.colcon_core.shell:Skip shell extension 'dsv' for command environment
[0.548s] INFO:colcon.colcon_ros.task.ament_cmake.build:Building ROS package in '/home/iot/ros2_ws/src/parc_robot_description' with build type 'ament_cmake'
[0.548s] INFO:colcon.colcon_cmake.task.cmake.build:Building CMake package in '/home/iot/ros2_ws/src/parc_robot_description'
[0.549s] INFO:colcon.colcon_core.shell:Skip shell extension 'powershell' for command environment: Not usable outside of PowerShell
[0.549s] DEBUG:colcon.colcon_core.shell:Skip shell extension 'dsv' for command environment
[0.561s] INFO:colcon.colcon_ros.task.ament_cmake.build:Building ROS package in '/home/iot/ros2_ws/src/parc_robot' with build type 'ament_cmake'
[0.561s] INFO:colcon.colcon_cmake.task.cmake.build:Building CMake package in '/home/iot/ros2_ws/src/parc_robot'
[0.562s] INFO:colcon.colcon_core.shell:Skip shell extension 'powershell' for command environment: Not usable outside of PowerShell
[0.562s] DEBUG:colcon.colcon_core.shell:Skip shell extension 'dsv' for command environment
[0.590s] DEBUG:colcon.colcon_core.event_handler.log_command:Invoking command in '/home/iot/ros2_ws/build/parc_robot_interfaces': CMAKE_PREFIX_PATH=${CMAKE_PREFIX_PATH}:/home/iot/ros2_ws/install/tomatoes_detection1:/home/iot/ros2_ws/install/farmland_navigation:/opt/ros/humble /usr/bin/cmake --build /home/iot/ros2_ws/build/parc_robot_interfaces -- -j8 -l8
[0.599s] DEBUG:colcon.colcon_core.event_handler.log_command:Invoking command in '/home/iot/ros2_ws/build/parc_robot_description': CMAKE_PREFIX_PATH=${CMAKE_PREFIX_PATH}:/home/iot/ros2_ws/install/tomatoes_detection1:/home/iot/ros2_ws/install/farmland_navigation:/opt/ros/humble /usr/bin/cmake --build /home/iot/ros2_ws/build/parc_robot_description -- -j8 -l8
[0.606s] DEBUG:colcon.colcon_core.event_handler.log_command:Invoking command in '/home/iot/ros2_ws/build/parc_robot': CMAKE_PREFIX_PATH=${CMAKE_PREFIX_PATH}:/home/iot/ros2_ws/install/tomatoes_detection1:/home/iot/ros2_ws/install/farmland_navigation:/opt/ros/humble /usr/bin/cmake --build /home/iot/ros2_ws/build/parc_robot -- -j8 -l8
[0.719s] DEBUG:colcon.colcon_core.event_handler.log_command:Invoked command in '/home/iot/ros2_ws/build/parc_robot_description' returned '0': CMAKE_PREFIX_PATH=${CMAKE_PREFIX_PATH}:/home/iot/ros2_ws/install/tomatoes_detection1:/home/iot/ros2_ws/install/farmland_navigation:/opt/ros/humble /usr/bin/cmake --build /home/iot/ros2_ws/build/parc_robot_description -- -j8 -l8
[0.740s] DEBUG:colcon.colcon_core.event_handler.log_command:Invoked command in '/home/iot/ros2_ws/build/parc_robot' returned '0': CMAKE_PREFIX_PATH=${CMAKE_PREFIX_PATH}:/home/iot/ros2_ws/install/tomatoes_detection1:/home/iot/ros2_ws/install/farmland_navigation:/opt/ros/humble /usr/bin/cmake --build /home/iot/ros2_ws/build/parc_robot -- -j8 -l8
[0.849s] DEBUG:colcon.colcon_core.event_handler.log_command:Invoking command in '/home/iot/ros2_ws/build/parc_robot_description': CMAKE_PREFIX_PATH=${CMAKE_PREFIX_PATH}:/home/iot/ros2_ws/install/tomatoes_detection1:/home/iot/ros2_ws/install/farmland_navigation:/opt/ros/humble /usr/bin/cmake --install /home/iot/ros2_ws/build/parc_robot_description
[0.868s] DEBUG:colcon.colcon_core.event_handler.log_command:Invoking command in '/home/iot/ros2_ws/build/parc_robot': CMAKE_PREFIX_PATH=${CMAKE_PREFIX_PATH}:/home/iot/ros2_ws/install/tomatoes_detection1:/home/iot/ros2_ws/install/farmland_navigation:/opt/ros/humble /usr/bin/cmake --install /home/iot/ros2_ws/build/parc_robot
[0.898s] Level 1:colcon.colcon_core.environment:create_environment_scripts_only(parc_robot_description)
[0.914s] DEBUG:colcon.colcon_core.event_handler.log_command:Invoked command in '/home/iot/ros2_ws/build/parc_robot_description' returned '0': CMAKE_PREFIX_PATH=${CMAKE_PREFIX_PATH}:/home/iot/ros2_ws/install/tomatoes_detection1:/home/iot/ros2_ws/install/farmland_navigation:/opt/ros/humble /usr/bin/cmake --install /home/iot/ros2_ws/build/parc_robot_description
[0.916s] Level 1:colcon.colcon_core.environment:checking '/home/iot/ros2_ws/install/parc_robot_description' for CMake module files
[0.918s] Level 1:colcon.colcon_core.environment:checking '/home/iot/ros2_ws/install/parc_robot_description' for CMake config files
[0.918s] Level 1:colcon.colcon_core.shell:create_environment_hook('parc_robot_description', 'cmake_prefix_path')
[0.919s] INFO:colcon.colcon_core.shell:Creating environment hook '/home/iot/ros2_ws/install/parc_robot_description/share/parc_robot_description/hook/cmake_prefix_path.ps1'
[0.920s] INFO:colcon.colcon_core.shell:Creating environment descriptor '/home/iot/ros2_ws/install/parc_robot_description/share/parc_robot_description/hook/cmake_prefix_path.dsv'
[0.921s] INFO:colcon.colcon_core.shell:Creating environment hook '/home/iot/ros2_ws/install/parc_robot_description/share/parc_robot_description/hook/cmake_prefix_path.sh'
[0.950s] Level 1:colcon.colcon_core.environment:checking '/home/iot/ros2_ws/install/parc_robot_description/bin'
[0.951s] Level 1:colcon.colcon_core.environment:checking '/home/iot/ros2_ws/install/parc_robot_description/lib/pkgconfig/parc_robot_description.pc'
[0.955s] Level 1:colcon.colcon_core.environment:checking '/home/iot/ros2_ws/install/parc_robot_description/lib/python3.10/site-packages'
[0.956s] Level 1:colcon.colcon_core.environment:checking '/home/iot/ros2_ws/install/parc_robot_description/bin'
[0.957s] INFO:colcon.colcon_core.shell:Creating package script '/home/iot/ros2_ws/install/parc_robot_description/share/parc_robot_description/package.ps1'
[0.959s] INFO:colcon.colcon_core.shell:Creating package descriptor '/home/iot/ros2_ws/install/parc_robot_description/share/parc_robot_description/package.dsv'
[0.961s] INFO:colcon.colcon_core.shell:Creating package script '/home/iot/ros2_ws/install/parc_robot_description/share/parc_robot_description/package.sh'
[0.963s] INFO:colcon.colcon_core.shell:Creating package script '/home/iot/ros2_ws/install/parc_robot_description/share/parc_robot_description/package.bash'
[0.965s] INFO:colcon.colcon_core.shell:Creating package script '/home/iot/ros2_ws/install/parc_robot_description/share/parc_robot_description/package.zsh'
[0.968s] Level 1:colcon.colcon_core.environment:create_file_with_runtime_dependencies(/home/iot/ros2_ws/install/parc_robot_description/share/colcon-core/packages/parc_robot_description)
[0.984s] Level 1:colcon.colcon_core.environment:create_environment_scripts_only(parc_robot)
[0.985s] Level 1:colcon.colcon_core.environment:checking '/home/iot/ros2_ws/install/parc_robot' for CMake module files
[0.986s] Level 1:colcon.colcon_core.environment:checking '/home/iot/ros2_ws/install/parc_robot' for CMake config files
[0.986s] Level 1:colcon.colcon_core.shell:create_environment_hook('parc_robot', 'cmake_prefix_path')
[0.987s] INFO:colcon.colcon_core.shell:Creating environment hook '/home/iot/ros2_ws/install/parc_robot/share/parc_robot/hook/cmake_prefix_path.ps1'
[0.988s] INFO:colcon.colcon_core.shell:Creating environment descriptor '/home/iot/ros2_ws/install/parc_robot/share/parc_robot/hook/cmake_prefix_path.dsv'
[0.989s] INFO:colcon.colcon_core.shell:Creating environment hook '/home/iot/ros2_ws/install/parc_robot/share/parc_robot/hook/cmake_prefix_path.sh'
[0.990s] DEBUG:colcon.colcon_core.event_handler.log_command:Invoked command in '/home/iot/ros2_ws/build/parc_robot' returned '0': CMAKE_PREFIX_PATH=${CMAKE_PREFIX_PATH}:/home/iot/ros2_ws/install/tomatoes_detection1:/home/iot/ros2_ws/install/farmland_navigation:/opt/ros/humble /usr/bin/cmake --install /home/iot/ros2_ws/build/parc_robot
[0.992s] Level 1:colcon.colcon_core.environment:checking '/home/iot/ros2_ws/install/parc_robot/bin'
[0.992s] Level 1:colcon.colcon_core.environment:checking '/home/iot/ros2_ws/install/parc_robot/lib/pkgconfig/parc_robot.pc'
[0.993s] Level 1:colcon.colcon_core.environment:checking '/home/iot/ros2_ws/install/parc_robot/lib/python3.10/site-packages'
[0.994s] Level 1:colcon.colcon_core.environment:checking '/home/iot/ros2_ws/install/parc_robot/bin'
[0.994s] INFO:colcon.colcon_core.shell:Creating package script '/home/iot/ros2_ws/install/parc_robot/share/parc_robot/package.ps1'
[0.995s] INFO:colcon.colcon_core.shell:Creating package descriptor '/home/iot/ros2_ws/install/parc_robot/share/parc_robot/package.dsv'
[0.996s] INFO:colcon.colcon_core.shell:Creating package script '/home/iot/ros2_ws/install/parc_robot/share/parc_robot/package.sh'
[0.997s] INFO:colcon.colcon_core.shell:Creating package script '/home/iot/ros2_ws/install/parc_robot/share/parc_robot/package.bash'
[0.998s] INFO:colcon.colcon_core.shell:Creating package script '/home/iot/ros2_ws/install/parc_robot/share/parc_robot/package.zsh'
[1.001s] Level 1:colcon.colcon_core.environment:create_file_with_runtime_dependencies(/home/iot/ros2_ws/install/parc_robot/share/colcon-core/packages/parc_robot)
[1.053s] Level 1:colcon.colcon_core.environment:create_environment_scripts_only(parc_robot_description)
[1.054s] Level 1:colcon.colcon_core.environment:checking '/home/iot/ros2_ws/install/parc_robot_description' for CMake module files
[1.056s] Level 1:colcon.colcon_core.environment:checking '/home/iot/ros2_ws/install/parc_robot_description' for CMake config files
[1.056s] Level 1:colcon.colcon_core.shell:create_environment_hook('parc_robot_description', 'cmake_prefix_path')
[1.057s] INFO:colcon.colcon_core.shell:Creating environment hook '/home/iot/ros2_ws/install/parc_robot_description/share/parc_robot_description/hook/cmake_prefix_path.ps1'
[1.058s] INFO:colcon.colcon_core.shell:Creating environment descriptor '/home/iot/ros2_ws/install/parc_robot_description/share/parc_robot_description/hook/cmake_prefix_path.dsv'
[1.059s] INFO:colcon.colcon_core.shell:Creating environment hook '/home/iot/ros2_ws/install/parc_robot_description/share/parc_robot_description/hook/cmake_prefix_path.sh'
[1.060s] Level 1:colcon.colcon_core.environment:checking '/home/iot/ros2_ws/install/parc_robot_description/bin'
[1.060s] Level 1:colcon.colcon_core.environment:checking '/home/iot/ros2_ws/install/parc_robot_description/lib/pkgconfig/parc_robot_description.pc'
[1.061s] Level 1:colcon.colcon_core.environment:checking '/home/iot/ros2_ws/install/parc_robot_description/lib/python3.10/site-packages'
[1.062s] Level 1:colcon.colcon_core.environment:checking '/home/iot/ros2_ws/install/parc_robot_description/bin'
[1.063s] INFO:colcon.colcon_core.shell:Creating package script '/home/iot/ros2_ws/install/parc_robot_description/share/parc_robot_description/package.ps1'
[1.064s] INFO:colcon.colcon_core.shell:Creating package descriptor '/home/iot/ros2_ws/install/parc_robot_description/share/parc_robot_description/package.dsv'
[1.066s] INFO:colcon.colcon_core.shell:Creating package script '/home/iot/ros2_ws/install/parc_robot_description/share/parc_robot_description/package.sh'
[1.067s] INFO:colcon.colcon_core.shell:Creating package script '/home/iot/ros2_ws/install/parc_robot_description/share/parc_robot_description/package.bash'
[1.068s] INFO:colcon.colcon_core.shell:Creating package script '/home/iot/ros2_ws/install/parc_robot_description/share/parc_robot_description/package.zsh'
[1.070s] Level 1:colcon.colcon_core.environment:create_file_with_runtime_dependencies(/home/iot/ros2_ws/install/parc_robot_description/share/colcon-core/packages/parc_robot_description)
[1.074s] Level 1:colcon.colcon_core.environment:create_environment_scripts_only(parc_robot)
[1.075s] Level 1:colcon.colcon_core.environment:checking '/home/iot/ros2_ws/install/parc_robot' for CMake module files
[1.076s] Level 1:colcon.colcon_core.environment:checking '/home/iot/ros2_ws/install/parc_robot' for CMake config files
[1.076s] Level 1:colcon.colcon_core.shell:create_environment_hook('parc_robot', 'cmake_prefix_path')
[1.077s] INFO:colcon.colcon_core.shell:Creating environment hook '/home/iot/ros2_ws/install/parc_robot/share/parc_robot/hook/cmake_prefix_path.ps1'
[1.079s] INFO:colcon.colcon_core.shell:Creating environment descriptor '/home/iot/ros2_ws/install/parc_robot/share/parc_robot/hook/cmake_prefix_path.dsv'
[1.081s] INFO:colcon.colcon_core.shell:Creating environment hook '/home/iot/ros2_ws/install/parc_robot/share/parc_robot/hook/cmake_prefix_path.sh'
[1.082s] Level 1:colcon.colcon_core.environment:checking '/home/iot/ros2_ws/install/parc_robot/bin'
[1.082s] Level 1:colcon.colcon_core.environment:checking '/home/iot/ros2_ws/install/parc_robot/lib/pkgconfig/parc_robot.pc'
[1.083s] Level 1:colcon.colcon_core.environment:checking '/home/iot/ros2_ws/install/parc_robot/lib/python3.10/site-packages'
[1.083s] Level 1:colcon.colcon_core.environment:checking '/home/iot/ros2_ws/install/parc_robot/bin'
[1.084s] INFO:colcon.colcon_core.shell:Creating package script '/home/iot/ros2_ws/install/parc_robot/share/parc_robot/package.ps1'
[1.085s] INFO:colcon.colcon_core.shell:Creating package descriptor '/home/iot/ros2_ws/install/parc_robot/share/parc_robot/package.dsv'
[1.086s] INFO:colcon.colcon_core.shell:Creating package script '/home/iot/ros2_ws/install/parc_robot/share/parc_robot/package.sh'
[1.087s] INFO:colcon.colcon_core.shell:Creating package script '/home/iot/ros2_ws/install/parc_robot/share/parc_robot/package.bash'
[1.088s] INFO:colcon.colcon_core.shell:Creating package script '/home/iot/ros2_ws/install/parc_robot/share/parc_robot/package.zsh'
[1.089s] Level 1:colcon.colcon_core.environment:create_file_with_runtime_dependencies(/home/iot/ros2_ws/install/parc_robot/share/colcon-core/packages/parc_robot)
[1.552s] DEBUG:colcon.colcon_core.event_handler.log_command:Invoked command in '/home/iot/ros2_ws/build/parc_robot_interfaces' returned '0': CMAKE_PREFIX_PATH=${CMAKE_PREFIX_PATH}:/home/iot/ros2_ws/install/tomatoes_detection1:/home/iot/ros2_ws/install/farmland_navigation:/opt/ros/humble /usr/bin/cmake --build /home/iot/ros2_ws/build/parc_robot_interfaces -- -j8 -l8
[1.665s] DEBUG:colcon.colcon_core.event_handler.log_command:Invoking command in '/home/iot/ros2_ws/build/parc_robot_interfaces': CMAKE_PREFIX_PATH=${CMAKE_PREFIX_PATH}:/home/iot/ros2_ws/install/tomatoes_detection1:/home/iot/ros2_ws/install/farmland_navigation:/opt/ros/humble /usr/bin/cmake --install /home/iot/ros2_ws/build/parc_robot_interfaces
[1.787s] Level 1:colcon.colcon_core.environment:create_environment_scripts_only(parc_robot_interfaces)
[1.788s] Level 1:colcon.colcon_core.environment:checking '/home/iot/ros2_ws/install/parc_robot_interfaces' for CMake module files
[1.790s] Level 1:colcon.colcon_core.environment:checking '/home/iot/ros2_ws/install/parc_robot_interfaces' for CMake config files
[1.791s] Level 1:colcon.colcon_core.shell:create_environment_hook('parc_robot_interfaces', 'cmake_prefix_path')
[1.791s] INFO:colcon.colcon_core.shell:Creating environment hook '/home/iot/ros2_ws/install/parc_robot_interfaces/share/parc_robot_interfaces/hook/cmake_prefix_path.ps1'
[1.792s] INFO:colcon.colcon_core.shell:Creating environment descriptor '/home/iot/ros2_ws/install/parc_robot_interfaces/share/parc_robot_interfaces/hook/cmake_prefix_path.dsv'
[1.793s] INFO:colcon.colcon_core.shell:Creating environment hook '/home/iot/ros2_ws/install/parc_robot_interfaces/share/parc_robot_interfaces/hook/cmake_prefix_path.sh'
[1.797s] DEBUG:colcon.colcon_core.event_handler.log_command:Invoked command in '/home/iot/ros2_ws/build/parc_robot_interfaces' returned '0': CMAKE_PREFIX_PATH=${CMAKE_PREFIX_PATH}:/home/iot/ros2_ws/install/tomatoes_detection1:/home/iot/ros2_ws/install/farmland_navigation:/opt/ros/humble /usr/bin/cmake --install /home/iot/ros2_ws/build/parc_robot_interfaces
[1.798s] Level 1:colcon.colcon_core.environment:checking '/home/iot/ros2_ws/install/parc_robot_interfaces/lib'
[1.798s] Level 1:colcon.colcon_core.shell:create_environment_hook('parc_robot_interfaces', 'ld_library_path_lib')
[1.799s] INFO:colcon.colcon_core.shell:Creating environment hook '/home/iot/ros2_ws/install/parc_robot_interfaces/share/parc_robot_interfaces/hook/ld_library_path_lib.ps1'
[1.799s] INFO:colcon.colcon_core.shell:Creating environment descriptor '/home/iot/ros2_ws/install/parc_robot_interfaces/share/parc_robot_interfaces/hook/ld_library_path_lib.dsv'
[1.800s] INFO:colcon.colcon_core.shell:Creating environment hook '/home/iot/ros2_ws/install/parc_robot_interfaces/share/parc_robot_interfaces/hook/ld_library_path_lib.sh'
[1.801s] Level 1:colcon.colcon_core.environment:checking '/home/iot/ros2_ws/install/parc_robot_interfaces/bin'
[1.801s] Level 1:colcon.colcon_core.environment:checking '/home/iot/ros2_ws/install/parc_robot_interfaces/lib/pkgconfig/parc_robot_interfaces.pc'
[1.801s] Level 1:colcon.colcon_core.environment:checking '/home/iot/ros2_ws/install/parc_robot_interfaces/lib/python3.10/site-packages'
[1.802s] Level 1:colcon.colcon_core.environment:checking '/home/iot/ros2_ws/install/parc_robot_interfaces/bin'
[1.802s] INFO:colcon.colcon_core.shell:Creating package script '/home/iot/ros2_ws/install/parc_robot_interfaces/share/parc_robot_interfaces/package.ps1'
[1.803s] INFO:colcon.colcon_core.shell:Creating package descriptor '/home/iot/ros2_ws/install/parc_robot_interfaces/share/parc_robot_interfaces/package.dsv'
[1.804s] INFO:colcon.colcon_core.shell:Creating package script '/home/iot/ros2_ws/install/parc_robot_interfaces/share/parc_robot_interfaces/package.sh'
[1.804s] INFO:colcon.colcon_core.shell:Creating package script '/home/iot/ros2_ws/install/parc_robot_interfaces/share/parc_robot_interfaces/package.bash'
[1.805s] INFO:colcon.colcon_core.shell:Creating package script '/home/iot/ros2_ws/install/parc_robot_interfaces/share/parc_robot_interfaces/package.zsh'
[1.805s] Level 1:colcon.colcon_core.environment:create_file_with_runtime_dependencies(/home/iot/ros2_ws/install/parc_robot_interfaces/share/colcon-core/packages/parc_robot_interfaces)
[1.908s] Level 1:colcon.colcon_core.environment:create_environment_scripts_only(parc_robot_interfaces)
[1.908s] Level 1:colcon.colcon_core.environment:checking '/home/iot/ros2_ws/install/parc_robot_interfaces' for CMake module files
[1.910s] Level 1:colcon.colcon_core.environment:checking '/home/iot/ros2_ws/install/parc_robot_interfaces' for CMake config files
[1.911s] Level 1:colcon.colcon_core.shell:create_environment_hook('parc_robot_interfaces', 'cmake_prefix_path')
[1.912s] INFO:colcon.colcon_core.shell:Creating environment hook '/home/iot/ros2_ws/install/parc_robot_interfaces/share/parc_robot_interfaces/hook/cmake_prefix_path.ps1'
[1.913s] INFO:colcon.colcon_core.shell:Creating environment descriptor '/home/iot/ros2_ws/install/parc_robot_interfaces/share/parc_robot_interfaces/hook/cmake_prefix_path.dsv'
[1.913s] INFO:colcon.colcon_core.shell:Creating environment hook '/home/iot/ros2_ws/install/parc_robot_interfaces/share/parc_robot_interfaces/hook/cmake_prefix_path.sh'
[1.914s] Level 1:colcon.colcon_core.environment:checking '/home/iot/ros2_ws/install/parc_robot_interfaces/lib'
[1.915s] Level 1:colcon.colcon_core.shell:create_environment_hook('parc_robot_interfaces', 'ld_library_path_lib')
[1.915s] INFO:colcon.colcon_core.shell:Creating environment hook '/home/iot/ros2_ws/install/parc_robot_interfaces/share/parc_robot_interfaces/hook/ld_library_path_lib.ps1'
[1.916s] INFO:colcon.colcon_core.shell:Creating environment descriptor '/home/iot/ros2_ws/install/parc_robot_interfaces/share/parc_robot_interfaces/hook/ld_library_path_lib.dsv'
[1.917s] INFO:colcon.colcon_core.shell:Creating environment hook '/home/iot/ros2_ws/install/parc_robot_interfaces/share/parc_robot_interfaces/hook/ld_library_path_lib.sh'
[1.918s] Level 1:colcon.colcon_core.environment:checking '/home/iot/ros2_ws/install/parc_robot_interfaces/bin'
[1.918s] Level 1:colcon.colcon_core.environment:checking '/home/iot/ros2_ws/install/parc_robot_interfaces/lib/pkgconfig/parc_robot_interfaces.pc'
[1.918s] Level 1:colcon.colcon_core.environment:checking '/home/iot/ros2_ws/install/parc_robot_interfaces/lib/python3.10/site-packages'
[1.923s] Level 1:colcon.colcon_core.environment:checking '/home/iot/ros2_ws/install/parc_robot_interfaces/bin'
[1.924s] INFO:colcon.colcon_core.shell:Creating package script '/home/iot/ros2_ws/install/parc_robot_interfaces/share/parc_robot_interfaces/package.ps1'
[1.925s] INFO:colcon.colcon_core.shell:Creating package descriptor '/home/iot/ros2_ws/install/parc_robot_interfaces/share/parc_robot_interfaces/package.dsv'
[1.926s] INFO:colcon.colcon_core.shell:Creating package script '/home/iot/ros2_ws/install/parc_robot_interfaces/share/parc_robot_interfaces/package.sh'
[1.927s] INFO:colcon.colcon_core.shell:Creating package script '/home/iot/ros2_ws/install/parc_robot_interfaces/share/parc_robot_interfaces/package.bash'
[1.928s] INFO:colcon.colcon_core.shell:Creating package script '/home/iot/ros2_ws/install/parc_robot_interfaces/share/parc_robot_interfaces/package.zsh'
[1.929s] Level 1:colcon.colcon_core.environment:create_file_with_runtime_dependencies(/home/iot/ros2_ws/install/parc_robot_interfaces/share/colcon-core/packages/parc_robot_interfaces)
[1.931s] INFO:colcon.colcon_ros.task.ament_python.build:Building ROS package in '/home/iot/ros2_ws/src/farmland_navigation' with build type 'ament_python'
[1.931s] Level 1:colcon.colcon_core.shell:create_environment_hook('farmland_navigation', 'ament_prefix_path')
[1.932s] INFO:colcon.colcon_core.shell:Creating environment hook '/home/iot/ros2_ws/install/farmland_navigation/share/farmland_navigation/hook/ament_prefix_path.ps1'
[1.932s] INFO:colcon.colcon_core.shell:Creating environment descriptor '/home/iot/ros2_ws/install/farmland_navigation/share/farmland_navigation/hook/ament_prefix_path.dsv'
[1.933s] INFO:colcon.colcon_core.shell:Creating environment hook '/home/iot/ros2_ws/install/farmland_navigation/share/farmland_navigation/hook/ament_prefix_path.sh'
[1.934s] INFO:colcon.colcon_core.shell:Skip shell extension 'powershell' for command environment: Not usable outside of PowerShell
[1.934s] DEBUG:colcon.colcon_core.shell:Skip shell extension 'dsv' for command environment
[1.943s] INFO:colcon.colcon_ros.task.ament_cmake.build:Building ROS package in '/home/iot/ros2_ws/src/parc_robot_bringup' with build type 'ament_cmake'
[1.944s] INFO:colcon.colcon_cmake.task.cmake.build:Building CMake package in '/home/iot/ros2_ws/src/parc_robot_bringup'
[1.944s] INFO:colcon.colcon_core.shell:Skip shell extension 'powershell' for command environment: Not usable outside of PowerShell
[1.944s] DEBUG:colcon.colcon_core.shell:Skip shell extension 'dsv' for command environment
[1.953s] INFO:colcon.colcon_ros.task.ament_python.build:Building ROS package in '/home/iot/ros2_ws/src/tomatoes_detection1' with build type 'ament_python'
[1.953s] Level 1:colcon.colcon_core.shell:create_environment_hook('tomatoes_detection1', 'ament_prefix_path')
[1.954s] INFO:colcon.colcon_core.shell:Creating environment hook '/home/iot/ros2_ws/install/tomatoes_detection1/share/tomatoes_detection1/hook/ament_prefix_path.ps1'
[1.955s] INFO:colcon.colcon_core.shell:Creating environment descriptor '/home/iot/ros2_ws/install/tomatoes_detection1/share/tomatoes_detection1/hook/ament_prefix_path.dsv'
[1.956s] INFO:colcon.colcon_core.shell:Creating environment hook '/home/iot/ros2_ws/install/tomatoes_detection1/share/tomatoes_detection1/hook/ament_prefix_path.sh'
[1.958s] INFO:colcon.colcon_core.shell:Skip shell extension 'powershell' for command environment: Not usable outside of PowerShell
[1.958s] DEBUG:colcon.colcon_core.shell:Skip shell extension 'dsv' for command environment
[2.657s] INFO:colcon.colcon_core.task.python.build:Building Python package in '/home/iot/ros2_ws/src/farmland_navigation'
[2.658s] INFO:colcon.colcon_core.shell:Skip shell extension 'powershell' for command environment: Not usable outside of PowerShell
[2.658s] DEBUG:colcon.colcon_core.shell:Skip shell extension 'dsv' for command environment
[2.677s] DEBUG:colcon.colcon_core.event_handler.log_command:Invoking command in '/home/iot/ros2_ws/build/parc_robot_bringup': CMAKE_PREFIX_PATH=/home/iot/ros2_ws/install/parc_robot_interfaces:/home/iot/ros2_ws/install/parc_robot_description:/home/iot/ros2_ws/install/parc_robot_bringup:/home/iot/ros2_ws/install/parc_robot:/home/iot/ros2_ws/install/tomatoes_detection1:/home/iot/ros2_ws/install/farmland_navigation:/opt/ros/humble /usr/bin/cmake --build /home/iot/ros2_ws/build/parc_robot_bringup -- -j8 -l8
[3.404s] INFO:colcon.colcon_core.task.python.build:Building Python package in '/home/iot/ros2_ws/src/tomatoes_detection1'
[3.404s] INFO:colcon.colcon_core.shell:Skip shell extension 'powershell' for command environment: Not usable outside of PowerShell
[3.405s] DEBUG:colcon.colcon_core.shell:Skip shell extension 'dsv' for command environment
[3.722s] DEBUG:colcon.colcon_core.event_handler.log_command:Invoked command in '/home/iot/ros2_ws/build/parc_robot_bringup' returned '0': CMAKE_PREFIX_PATH=/home/iot/ros2_ws/install/parc_robot_interfaces:/home/iot/ros2_ws/install/parc_robot_description:/home/iot/ros2_ws/install/parc_robot_bringup:/home/iot/ros2_ws/install/parc_robot:/home/iot/ros2_ws/install/tomatoes_detection1:/home/iot/ros2_ws/install/farmland_navigation:/opt/ros/humble /usr/bin/cmake --build /home/iot/ros2_ws/build/parc_robot_bringup -- -j8 -l8
[3.798s] DEBUG:colcon.colcon_core.event_handler.log_command:Invoking command in '/home/iot/ros2_ws/build/parc_robot_bringup': CMAKE_PREFIX_PATH=/home/iot/ros2_ws/install/parc_robot_interfaces:/home/iot/ros2_ws/install/parc_robot_description:/home/iot/ros2_ws/install/parc_robot_bringup:/home/iot/ros2_ws/install/parc_robot:/home/iot/ros2_ws/install/tomatoes_detection1:/home/iot/ros2_ws/install/farmland_navigation:/opt/ros/humble /usr/bin/cmake --install /home/iot/ros2_ws/build/parc_robot_bringup
[3.996s] Level 1:colcon.colcon_core.environment:create_environment_scripts_only(parc_robot_bringup)
[3.997s] Level 1:colcon.colcon_core.environment:checking '/home/iot/ros2_ws/install/parc_robot_bringup' for CMake module files
[3.998s] Level 1:colcon.colcon_core.environment:checking '/home/iot/ros2_ws/install/parc_robot_bringup' for CMake config files
[4.003s] Level 1:colcon.colcon_core.shell:create_environment_hook('parc_robot_bringup', 'cmake_prefix_path')
[4.004s] INFO:colcon.colcon_core.shell:Creating environment hook '/home/iot/ros2_ws/install/parc_robot_bringup/share/parc_robot_bringup/hook/cmake_prefix_path.ps1'
[4.005s] INFO:colcon.colcon_core.shell:Creating environment descriptor '/home/iot/ros2_ws/install/parc_robot_bringup/share/parc_robot_bringup/hook/cmake_prefix_path.dsv'
[4.006s] INFO:colcon.colcon_core.shell:Creating environment hook '/home/iot/ros2_ws/install/parc_robot_bringup/share/parc_robot_bringup/hook/cmake_prefix_path.sh'
[4.007s] Level 1:colcon.colcon_core.environment:checking '/home/iot/ros2_ws/install/parc_robot_bringup/lib'
[4.007s] Level 1:colcon.colcon_core.environment:checking '/home/iot/ros2_ws/install/parc_robot_bringup/bin'
[4.008s] Level 1:colcon.colcon_core.environment:checking '/home/iot/ros2_ws/install/parc_robot_bringup/lib/pkgconfig/parc_robot_bringup.pc'
[4.008s] Level 1:colcon.colcon_core.environment:checking '/home/iot/ros2_ws/install/parc_robot_bringup/lib/python3.10/site-packages'
[4.009s] Level 1:colcon.colcon_core.environment:checking '/home/iot/ros2_ws/install/parc_robot_bringup/bin'
[4.010s] INFO:colcon.colcon_core.shell:Creating package script '/home/iot/ros2_ws/install/parc_robot_bringup/share/parc_robot_bringup/package.ps1'
[4.011s] INFO:colcon.colcon_core.shell:Creating package descriptor '/home/iot/ros2_ws/install/parc_robot_bringup/share/parc_robot_bringup/package.dsv'
[4.012s] INFO:colcon.colcon_core.shell:Creating package script '/home/iot/ros2_ws/install/parc_robot_bringup/share/parc_robot_bringup/package.sh'
[4.013s] INFO:colcon.colcon_core.shell:Creating package script '/home/iot/ros2_ws/install/parc_robot_bringup/share/parc_robot_bringup/package.bash'
[4.013s] INFO:colcon.colcon_core.shell:Creating package script '/home/iot/ros2_ws/install/parc_robot_bringup/share/parc_robot_bringup/package.zsh'
[4.014s] Level 1:colcon.colcon_core.environment:create_file_with_runtime_dependencies(/home/iot/ros2_ws/install/parc_robot_bringup/share/colcon-core/packages/parc_robot_bringup)
[4.034s] DEBUG:colcon.colcon_core.event_handler.log_command:Invoked command in '/home/iot/ros2_ws/build/parc_robot_bringup' returned '0': CMAKE_PREFIX_PATH=/home/iot/ros2_ws/install/parc_robot_interfaces:/home/iot/ros2_ws/install/parc_robot_description:/home/iot/ros2_ws/install/parc_robot_bringup:/home/iot/ros2_ws/install/parc_robot:/home/iot/ros2_ws/install/tomatoes_detection1:/home/iot/ros2_ws/install/farmland_navigation:/opt/ros/humble /usr/bin/cmake --install /home/iot/ros2_ws/build/parc_robot_bringup
[4.118s] Level 1:colcon.colcon_core.environment:create_environment_scripts_only(parc_robot_bringup)
[4.119s] Level 1:colcon.colcon_core.environment:checking '/home/iot/ros2_ws/install/parc_robot_bringup' for CMake module files
[4.120s] Level 1:colcon.colcon_core.environment:checking '/home/iot/ros2_ws/install/parc_robot_bringup' for CMake config files
[4.125s] Level 1:colcon.colcon_core.shell:create_environment_hook('parc_robot_bringup', 'cmake_prefix_path')
[4.126s] INFO:colcon.colcon_core.shell:Creating environment hook '/home/iot/ros2_ws/install/parc_robot_bringup/share/parc_robot_bringup/hook/cmake_prefix_path.ps1'
[4.127s] INFO:colcon.colcon_core.shell:Creating environment descriptor '/home/iot/ros2_ws/install/parc_robot_bringup/share/parc_robot_bringup/hook/cmake_prefix_path.dsv'
[4.127s] INFO:colcon.colcon_core.shell:Creating environment hook '/home/iot/ros2_ws/install/parc_robot_bringup/share/parc_robot_bringup/hook/cmake_prefix_path.sh'
[4.129s] Level 1:colcon.colcon_core.environment:checking '/home/iot/ros2_ws/install/parc_robot_bringup/lib'
[4.129s] Level 1:colcon.colcon_core.environment:checking '/home/iot/ros2_ws/install/parc_robot_bringup/bin'
[4.129s] Level 1:colcon.colcon_core.environment:checking '/home/iot/ros2_ws/install/parc_robot_bringup/lib/pkgconfig/parc_robot_bringup.pc'
[4.130s] Level 1:colcon.colcon_core.environment:checking '/home/iot/ros2_ws/install/parc_robot_bringup/lib/python3.10/site-packages'
[4.131s] Level 1:colcon.colcon_core.environment:checking '/home/iot/ros2_ws/install/parc_robot_bringup/bin'
[4.132s] INFO:colcon.colcon_core.shell:Creating package script '/home/iot/ros2_ws/install/parc_robot_bringup/share/parc_robot_bringup/package.ps1'
[4.133s] INFO:colcon.colcon_core.shell:Creating package descriptor '/home/iot/ros2_ws/install/parc_robot_bringup/share/parc_robot_bringup/package.dsv'
[4.134s] INFO:colcon.colcon_core.shell:Creating package script '/home/iot/ros2_ws/install/parc_robot_bringup/share/parc_robot_bringup/package.sh'
[4.136s] INFO:colcon.colcon_core.shell:Creating package script '/home/iot/ros2_ws/install/parc_robot_bringup/share/parc_robot_bringup/package.bash'
[4.137s] INFO:colcon.colcon_core.shell:Creating package script '/home/iot/ros2_ws/install/parc_robot_bringup/share/parc_robot_bringup/package.zsh'
[4.138s] Level 1:colcon.colcon_core.environment:create_file_with_runtime_dependencies(/home/iot/ros2_ws/install/parc_robot_bringup/share/colcon-core/packages/parc_robot_bringup)
[4.451s] DEBUG:colcon.colcon_core.event_handler.log_command:Invoking command in '/home/iot/ros2_ws/src/farmland_navigation': CMAKE_PREFIX_PATH=/home/iot/ros2_ws/install/parc_robot_interfaces:/home/iot/ros2_ws/install/parc_robot_bringup:/home/iot/ros2_ws/install/parc_robot_description:/home/iot/ros2_ws/install/parc_robot PYTHONPATH=/home/iot/ros2_ws/build/farmland_navigation/prefix_override:/home/iot/ros2_ws/install/farmland_navigation/lib/python3.10/site-packages:${PYTHONPATH} /usr/bin/python3 -W ignore:setup.py install is deprecated setup.py egg_info --egg-base ../../build/farmland_navigation build --build-base /home/iot/ros2_ws/build/farmland_navigation/build install --record /home/iot/ros2_ws/build/farmland_navigation/install.log --single-version-externally-managed install_data
[4.511s] DEBUG:colcon.colcon_core.event_handler.log_command:Invoking command in '/home/iot/ros2_ws/src/tomatoes_detection1': CMAKE_PREFIX_PATH=/home/iot/ros2_ws/install/parc_robot_interfaces:/home/iot/ros2_ws/install/parc_robot_bringup:/home/iot/ros2_ws/install/parc_robot_description:/home/iot/ros2_ws/install/parc_robot PYTHONPATH=/home/iot/ros2_ws/build/tomatoes_detection1/prefix_override:/home/iot/ros2_ws/install/tomatoes_detection1/lib/python3.10/site-packages:${PYTHONPATH} /usr/bin/python3 -W ignore:setup.py install is deprecated setup.py egg_info --egg-base ../../build/tomatoes_detection1 build --build-base /home/iot/ros2_ws/build/tomatoes_detection1/build install --record /home/iot/ros2_ws/build/tomatoes_detection1/install.log --single-version-externally-managed install_data
[5.332s] Level 1:colcon.colcon_core.environment:checking '/home/iot/ros2_ws/install/farmland_navigation' for CMake module files
[5.333s] Level 1:colcon.colcon_core.environment:checking '/home/iot/ros2_ws/install/farmland_navigation' for CMake config files
[5.334s] Level 1:colcon.colcon_core.environment:checking '/home/iot/ros2_ws/install/farmland_navigation/lib'
[5.335s] Level 1:colcon.colcon_core.environment:checking '/home/iot/ros2_ws/install/farmland_navigation/bin'
[5.335s] Level 1:colcon.colcon_core.environment:checking '/home/iot/ros2_ws/install/farmland_navigation/lib/pkgconfig/farmland_navigation.pc'
[5.335s] Level 1:colcon.colcon_core.environment:checking '/home/iot/ros2_ws/install/farmland_navigation/lib/python3.10/site-packages'
[5.336s] Level 1:colcon.colcon_core.shell:create_environment_hook('farmland_navigation', 'pythonpath')
[5.336s] INFO:colcon.colcon_core.shell:Creating environment hook '/home/iot/ros2_ws/install/farmland_navigation/share/farmland_navigation/hook/pythonpath.ps1'
[5.337s] INFO:colcon.colcon_core.shell:Creating environment descriptor '/home/iot/ros2_ws/install/farmland_navigation/share/farmland_navigation/hook/pythonpath.dsv'
[5.338s] INFO:colcon.colcon_core.shell:Creating environment hook '/home/iot/ros2_ws/install/farmland_navigation/share/farmland_navigation/hook/pythonpath.sh'
[5.339s] Level 1:colcon.colcon_core.environment:checking '/home/iot/ros2_ws/install/farmland_navigation/bin'
[5.339s] Level 1:colcon.colcon_core.environment:create_environment_scripts_only(farmland_navigation)
[5.340s] INFO:colcon.colcon_core.shell:Creating package script '/home/iot/ros2_ws/install/farmland_navigation/share/farmland_navigation/package.ps1'
[5.341s] INFO:colcon.colcon_core.shell:Creating package descriptor '/home/iot/ros2_ws/install/farmland_navigation/share/farmland_navigation/package.dsv'
[5.342s] INFO:colcon.colcon_core.shell:Creating package script '/home/iot/ros2_ws/install/farmland_navigation/share/farmland_navigation/package.sh'
[5.346s] DEBUG:colcon.colcon_core.event_handler.log_command:Invoked command in '/home/iot/ros2_ws/src/farmland_navigation' returned '0': CMAKE_PREFIX_PATH=/home/iot/ros2_ws/install/parc_robot_interfaces:/home/iot/ros2_ws/install/parc_robot_bringup:/home/iot/ros2_ws/install/parc_robot_description:/home/iot/ros2_ws/install/parc_robot PYTHONPATH=/home/iot/ros2_ws/build/farmland_navigation/prefix_override:/home/iot/ros2_ws/install/farmland_navigation/lib/python3.10/site-packages:${PYTHONPATH} /usr/bin/python3 -W ignore:setup.py install is deprecated setup.py egg_info --egg-base ../../build/farmland_navigation build --build-base /home/iot/ros2_ws/build/farmland_navigation/build install --record /home/iot/ros2_ws/build/farmland_navigation/install.log --single-version-externally-managed install_data
[5.347s] INFO:colcon.colcon_core.shell:Creating package script '/home/iot/ros2_ws/install/farmland_navigation/share/farmland_navigation/package.bash'
[5.347s] INFO:colcon.colcon_core.shell:Creating package script '/home/iot/ros2_ws/install/farmland_navigation/share/farmland_navigation/package.zsh'
[5.348s] Level 1:colcon.colcon_core.environment:create_file_with_runtime_dependencies(/home/iot/ros2_ws/install/farmland_navigation/share/colcon-core/packages/farmland_navigation)
[5.433s] Level 1:colcon.colcon_core.environment:checking '/home/iot/ros2_ws/install/tomatoes_detection1' for CMake module files
[5.434s] DEBUG:colcon.colcon_core.event_handler.log_command:Invoked command in '/home/iot/ros2_ws/src/tomatoes_detection1' returned '0': CMAKE_PREFIX_PATH=/home/iot/ros2_ws/install/parc_robot_interfaces:/home/iot/ros2_ws/install/parc_robot_bringup:/home/iot/ros2_ws/install/parc_robot_description:/home/iot/ros2_ws/install/parc_robot PYTHONPATH=/home/iot/ros2_ws/build/tomatoes_detection1/prefix_override:/home/iot/ros2_ws/install/tomatoes_detection1/lib/python3.10/site-packages:${PYTHONPATH} /usr/bin/python3 -W ignore:setup.py install is deprecated setup.py egg_info --egg-base ../../build/tomatoes_detection1 build --build-base /home/iot/ros2_ws/build/tomatoes_detection1/build install --record /home/iot/ros2_ws/build/tomatoes_detection1/install.log --single-version-externally-managed install_data
[5.435s] Level 1:colcon.colcon_core.environment:checking '/home/iot/ros2_ws/install/tomatoes_detection1' for CMake config files
[5.436s] Level 1:colcon.colcon_core.environment:checking '/home/iot/ros2_ws/install/tomatoes_detection1/lib'
[5.436s] Level 1:colcon.colcon_core.environment:checking '/home/iot/ros2_ws/install/tomatoes_detection1/bin'
[5.437s] Level 1:colcon.colcon_core.environment:checking '/home/iot/ros2_ws/install/tomatoes_detection1/lib/pkgconfig/tomatoes_detection1.pc'
[5.437s] Level 1:colcon.colcon_core.environment:checking '/home/iot/ros2_ws/install/tomatoes_detection1/lib/python3.10/site-packages'
[5.437s] Level 1:colcon.colcon_core.shell:create_environment_hook('tomatoes_detection1', 'pythonpath')
[5.438s] INFO:colcon.colcon_core.shell:Creating environment hook '/home/iot/ros2_ws/install/tomatoes_detection1/share/tomatoes_detection1/hook/pythonpath.ps1'
[5.439s] INFO:colcon.colcon_core.shell:Creating environment descriptor '/home/iot/ros2_ws/install/tomatoes_detection1/share/tomatoes_detection1/hook/pythonpath.dsv'
[5.440s] INFO:colcon.colcon_core.shell:Creating environment hook '/home/iot/ros2_ws/install/tomatoes_detection1/share/tomatoes_detection1/hook/pythonpath.sh'
[5.441s] Level 1:colcon.colcon_core.environment:checking '/home/iot/ros2_ws/install/tomatoes_detection1/bin'
[5.441s] Level 1:colcon.colcon_core.environment:create_environment_scripts_only(tomatoes_detection1)
[5.442s] INFO:colcon.colcon_core.shell:Creating package script '/home/iot/ros2_ws/install/tomatoes_detection1/share/tomatoes_detection1/package.ps1'
[5.443s] INFO:colcon.colcon_core.shell:Creating package descriptor '/home/iot/ros2_ws/install/tomatoes_detection1/share/tomatoes_detection1/package.dsv'
[5.447s] INFO:colcon.colcon_core.shell:Creating package script '/home/iot/ros2_ws/install/tomatoes_detection1/share/tomatoes_detection1/package.sh'
[5.448s] INFO:colcon.colcon_core.shell:Creating package script '/home/iot/ros2_ws/install/tomatoes_detection1/share/tomatoes_detection1/package.bash'
[5.449s] INFO:colcon.colcon_core.shell:Creating package script '/home/iot/ros2_ws/install/tomatoes_detection1/share/tomatoes_detection1/package.zsh'
[5.449s] Level 1:colcon.colcon_core.environment:create_file_with_runtime_dependencies(/home/iot/ros2_ws/install/tomatoes_detection1/share/colcon-core/packages/tomatoes_detection1)
[5.451s] DEBUG:colcon.colcon_parallel_executor.executor.parallel:closing loop
[5.451s] DEBUG:colcon.colcon_parallel_executor.executor.parallel:loop closed
[5.451s] DEBUG:colcon.colcon_parallel_executor.executor.parallel:run_until_complete finished with '0'
[5.452s] DEBUG:colcon.colcon_core.event_reactor:joining thread
[5.464s] INFO:colcon.colcon_core.plugin_system:Skipping extension 'colcon_notification.desktop_notification.terminal_notifier': Not used on non-Darwin systems
[5.465s] INFO:colcon.colcon_core.plugin_system:Skipping extension 'colcon_notification.desktop_notification.win32': Not used on non-Windows systems
[5.465s] INFO:colcon.colcon_notification.desktop_notification:Sending desktop notification using 'notify2'
[5.493s] DEBUG:colcon.colcon_core.event_reactor:joined thread
[5.494s] INFO:colcon.colcon_core.shell:Creating prefix script '/home/iot/ros2_ws/install/local_setup.ps1'
[5.497s] INFO:colcon.colcon_core.shell:Creating prefix util module '/home/iot/ros2_ws/install/_local_setup_util_ps1.py'
[5.501s] INFO:colcon.colcon_core.shell:Creating prefix chain script '/home/iot/ros2_ws/install/setup.ps1'
[5.504s] INFO:colcon.colcon_core.shell:Creating prefix script '/home/iot/ros2_ws/install/local_setup.sh'
[5.506s] INFO:colcon.colcon_core.shell:Creating prefix util module '/home/iot/ros2_ws/install/_local_setup_util_sh.py'
[5.507s] INFO:colcon.colcon_core.shell:Creating prefix chain script '/home/iot/ros2_ws/install/setup.sh'
[5.510s] INFO:colcon.colcon_core.shell:Creating prefix script '/home/iot/ros2_ws/install/local_setup.bash'
[5.512s] INFO:colcon.colcon_core.shell:Creating prefix chain script '/home/iot/ros2_ws/install/setup.bash'
[5.516s] INFO:colcon.colcon_core.shell:Creating prefix script '/home/iot/ros2_ws/install/local_setup.zsh'
[5.517s] INFO:colcon.colcon_core.shell:Creating prefix chain script '/home/iot/ros2_ws/install/setup.zsh'
