[0.011s] Invoking command in '/home/iot/ros2_ws/build/parc_robot_interfaces': CMAKE_PREFIX_PATH=${CMAKE_PREFIX_PATH}:/home/iot/ros2_ws/install/tomatoes_detection1:/home/iot/ros2_ws/install/farmland_navigation:/opt/ros/humble /usr/bin/cmake /home/iot/ros2_ws/src/parc_robot_interfaces -DCMAKE_INSTALL_PREFIX=/home/iot/ros2_ws/install/parc_robot_interfaces
[0.284s] -- The C compiler identification is GNU 11.4.0
[0.408s] -- The CXX compiler identification is GNU 11.4.0
[0.419s] -- Detecting C compiler ABI info
[0.493s] -- Detecting C compiler ABI info - done
[0.507s] -- Check for working C compiler: /usr/bin/cc - skipped
[0.507s] -- Detecting C compile features
[0.508s] -- Detecting C compile features - done
[0.512s] -- Detecting CXX compiler ABI info
[0.577s] -- Detecting CXX compiler ABI info - done
[0.584s] -- Check for working CXX compiler: /usr/bin/c++ - skipped
[0.584s] -- Detecting CXX compile features
[0.585s] -- Detecting CXX compile features - done
[0.586s] -- Found ament_cmake: 1.3.9 (/opt/ros/humble/share/ament_cmake/cmake)
[0.735s] -- Found Python3: /usr/bin/python3 (found version "3.10.12") found components: Interpreter 
[0.879s] -- Found rosidl_default_generators: 1.2.0 (/opt/ros/humble/share/rosidl_default_generators/cmake)
[0.896s] -- Using all available rosidl_typesupport_c: rosidl_typesupport_fastrtps_c;rosidl_typesupport_introspection_c
[0.927s] -- Found rosidl_adapter: 3.1.5 (/opt/ros/humble/share/rosidl_adapter/cmake)
[1.019s] -- Using all available rosidl_typesupport_cpp: rosidl_typesupport_fastrtps_cpp;rosidl_typesupport_introspection_cpp
[1.078s] -- Found std_msgs: 4.2.3 (/opt/ros/humble/share/std_msgs/cmake)
[1.364s] -- Found ament_cmake_ros: 0.10.0 (/opt/ros/humble/share/ament_cmake_ros/cmake)
[1.513s] -- Using all available rosidl_typesupport_c: rosidl_typesupport_fastrtps_c;rosidl_typesupport_introspection_c
[1.694s] -- Using all available rosidl_typesupport_cpp: rosidl_typesupport_fastrtps_cpp;rosidl_typesupport_introspection_cpp
[1.729s] -- Found PythonInterp: /usr/bin/python3 (found suitable version "3.10.12", minimum required is "3.6") 
[1.732s] -- Found python_cmake_module: 0.10.0 (/opt/ros/humble/share/python_cmake_module/cmake)
[1.754s] -- Found PythonLibs: /usr/lib/x86_64-linux-gnu/libpython3.10.so (found suitable version "3.10.12", minimum required is "3.5") 
[1.754s] -- Using PYTHON_EXECUTABLE: /usr/bin/python3
[1.755s] -- Using PYTHON_INCLUDE_DIRS: /usr/include/python3.10
[1.755s] -- Using PYTHON_LIBRARIES: /usr/lib/x86_64-linux-gnu/libpython3.10.so
[1.772s] -- Found PythonExtra: .so  
[1.808s] -- Configuring done
[1.833s] -- Generating done
[1.835s] -- Build files have been written to: /home/iot/ros2_ws/build/parc_robot_interfaces
[1.840s] Invoked command in '/home/iot/ros2_ws/build/parc_robot_interfaces' returned '0': CMAKE_PREFIX_PATH=${CMAKE_PREFIX_PATH}:/home/iot/ros2_ws/install/tomatoes_detection1:/home/iot/ros2_ws/install/farmland_navigation:/opt/ros/humble /usr/bin/cmake /home/iot/ros2_ws/src/parc_robot_interfaces -DCMAKE_INSTALL_PREFIX=/home/iot/ros2_ws/install/parc_robot_interfaces
[1.841s] Invoking command in '/home/iot/ros2_ws/build/parc_robot_interfaces': CMAKE_PREFIX_PATH=${CMAKE_PREFIX_PATH}:/home/iot/ros2_ws/install/tomatoes_detection1:/home/iot/ros2_ws/install/farmland_navigation:/opt/ros/humble /usr/bin/cmake --build /home/iot/ros2_ws/build/parc_robot_interfaces -- -j8 -l8
[1.867s] [  3%] [34m[1mGenerating C code for ROS interfaces[0m
[1.875s] [  6%] [34m[1mGenerating C++ code for ROS interfaces[0m
[1.881s] [  6%] Built target ament_cmake_python_copy_parc_robot_interfaces
[2.094s] [  6%] Built target parc_robot_interfaces__cpp
[2.103s] [  9%] [34m[1mGenerating C++ introspection for ROS interfaces[0m
[2.103s] [ 12%] [32mBuilding C object CMakeFiles/parc_robot_interfaces__rosidl_generator_c.dir/rosidl_generator_c/parc_robot_interfaces/msg/detail/crop_yield__functions.c.o[0m
[2.104s] [ 16%] [34m[1mGenerating C++ type support for eProsima Fast-RTPS[0m
[2.106s] [ 19%] [34m[1mGenerating C++ type support dispatch for ROS interfaces[0m
[2.118s] running egg_info
[2.119s] creating parc_robot_interfaces.egg-info
[2.119s] writing parc_robot_interfaces.egg-info/PKG-INFO
[2.120s] writing dependency_links to parc_robot_interfaces.egg-info/dependency_links.txt
[2.120s] writing top-level names to parc_robot_interfaces.egg-info/top_level.txt
[2.120s] writing manifest file 'parc_robot_interfaces.egg-info/SOURCES.txt'
[2.123s] reading manifest file 'parc_robot_interfaces.egg-info/SOURCES.txt'
[2.124s] writing manifest file 'parc_robot_interfaces.egg-info/SOURCES.txt'
[2.151s] [ 19%] Built target ament_cmake_python_build_parc_robot_interfaces_egg
[2.165s] [ 22%] [32m[1mLinking C shared library libparc_robot_interfaces__rosidl_generator_c.so[0m
[2.196s] [ 22%] Built target parc_robot_interfaces__rosidl_generator_c
[2.205s] [ 25%] [34m[1mGenerating C type support dispatch for ROS interfaces[0m
[2.208s] [ 32%] [34m[1mGenerating C type support for eProsima Fast-RTPS[0m
[2.208s] [ 32%] [34m[1mGenerating C introspection for ROS interfaces[0m
[2.328s] [ 35%] [32mBuilding CXX object CMakeFiles/parc_robot_interfaces__rosidl_typesupport_cpp.dir/rosidl_typesupport_cpp/parc_robot_interfaces/msg/crop_yield__type_support.cpp.o[0m
[2.458s] [ 38%] [32mBuilding CXX object CMakeFiles/parc_robot_interfaces__rosidl_typesupport_introspection_cpp.dir/rosidl_typesupport_introspection_cpp/parc_robot_interfaces/msg/detail/crop_yield__type_support.cpp.o[0m
[2.465s] [ 41%] [32mBuilding CXX object CMakeFiles/parc_robot_interfaces__rosidl_typesupport_fastrtps_c.dir/rosidl_typesupport_fastrtps_c/parc_robot_interfaces/msg/detail/crop_yield__type_support_c.cpp.o[0m
[2.511s] [ 45%] [32mBuilding CXX object CMakeFiles/parc_robot_interfaces__rosidl_typesupport_fastrtps_cpp.dir/rosidl_typesupport_fastrtps_cpp/parc_robot_interfaces/msg/detail/dds_fastrtps/crop_yield__type_support.cpp.o[0m
[2.584s] [ 48%] [32mBuilding CXX object CMakeFiles/parc_robot_interfaces__rosidl_typesupport_c.dir/rosidl_typesupport_c/parc_robot_interfaces/msg/crop_yield__type_support.cpp.o[0m
[2.616s] [ 51%] [32m[1mLinking CXX shared library libparc_robot_interfaces__rosidl_typesupport_c.so[0m
[2.616s] [ 54%] [32mBuilding C object CMakeFiles/parc_robot_interfaces__rosidl_typesupport_introspection_c.dir/rosidl_typesupport_introspection_c/parc_robot_interfaces/msg/detail/crop_yield__type_support.c.o[0m
[2.649s] [ 58%] [32m[1mLinking C shared library libparc_robot_interfaces__rosidl_typesupport_introspection_c.so[0m
[2.669s] [ 58%] Built target parc_robot_interfaces__rosidl_typesupport_c
[2.681s] [ 58%] Built target parc_robot_interfaces__rosidl_typesupport_introspection_c
[2.692s] [ 61%] [32m[1mLinking CXX shared library libparc_robot_interfaces__rosidl_typesupport_cpp.so[0m
[2.727s] [ 61%] Built target parc_robot_interfaces__rosidl_typesupport_cpp
[2.803s] [ 64%] [32m[1mLinking CXX shared library libparc_robot_interfaces__rosidl_typesupport_fastrtps_c.so[0m
[2.876s] [ 64%] Built target parc_robot_interfaces__rosidl_typesupport_fastrtps_c
[2.888s] [ 67%] [32m[1mLinking CXX shared library libparc_robot_interfaces__rosidl_typesupport_introspection_cpp.so[0m
[2.919s] [ 67%] Built target parc_robot_interfaces__rosidl_typesupport_introspection_cpp
[2.939s] [ 70%] [32m[1mLinking CXX shared library libparc_robot_interfaces__rosidl_typesupport_fastrtps_cpp.so[0m
[2.993s] [ 70%] Built target parc_robot_interfaces__rosidl_typesupport_fastrtps_cpp
[3.008s] [ 70%] Built target parc_robot_interfaces
[3.022s] [ 74%] [34m[1mGenerating Python code for ROS interfaces[0m
[3.268s] [ 74%] Built target parc_robot_interfaces__py
[3.282s] [ 77%] [32mBuilding C object CMakeFiles/parc_robot_interfaces__rosidl_generator_py.dir/rosidl_generator_py/parc_robot_interfaces/msg/_crop_yield_s.c.o[0m
[3.429s] [ 80%] [32m[1mLinking C shared library rosidl_generator_py/parc_robot_interfaces/libparc_robot_interfaces__rosidl_generator_py.so[0m
[3.499s] [ 80%] Built target parc_robot_interfaces__rosidl_generator_py
[3.514s] [ 90%] [32mBuilding C object CMakeFiles/parc_robot_interfaces__rosidl_typesupport_fastrtps_c__pyext.dir/rosidl_generator_py/parc_robot_interfaces/_parc_robot_interfaces_s.ep.rosidl_typesupport_fastrtps_c.c.o[0m
[3.514s] [ 90%] [32mBuilding C object CMakeFiles/parc_robot_interfaces__rosidl_typesupport_introspection_c__pyext.dir/rosidl_generator_py/parc_robot_interfaces/_parc_robot_interfaces_s.ep.rosidl_typesupport_introspection_c.c.o[0m
[3.514s] [ 90%] [32mBuilding C object CMakeFiles/parc_robot_interfaces__rosidl_typesupport_c__pyext.dir/rosidl_generator_py/parc_robot_interfaces/_parc_robot_interfaces_s.ep.rosidl_typesupport_c.c.o[0m
[3.589s] [ 93%] [32m[1mLinking C shared library rosidl_generator_py/parc_robot_interfaces/parc_robot_interfaces_s__rosidl_typesupport_c.cpython-310-x86_64-linux-gnu.so[0m
[3.590s] [ 96%] [32m[1mLinking C shared library rosidl_generator_py/parc_robot_interfaces/parc_robot_interfaces_s__rosidl_typesupport_introspection_c.cpython-310-x86_64-linux-gnu.so[0m
[3.593s] [100%] [32m[1mLinking C shared library rosidl_generator_py/parc_robot_interfaces/parc_robot_interfaces_s__rosidl_typesupport_fastrtps_c.cpython-310-x86_64-linux-gnu.so[0m
[3.615s] [100%] Built target parc_robot_interfaces__rosidl_typesupport_c__pyext
[3.615s] [100%] Built target parc_robot_interfaces__rosidl_typesupport_introspection_c__pyext
[3.619s] [100%] Built target parc_robot_interfaces__rosidl_typesupport_fastrtps_c__pyext
[3.627s] Invoked command in '/home/iot/ros2_ws/build/parc_robot_interfaces' returned '0': CMAKE_PREFIX_PATH=${CMAKE_PREFIX_PATH}:/home/iot/ros2_ws/install/tomatoes_detection1:/home/iot/ros2_ws/install/farmland_navigation:/opt/ros/humble /usr/bin/cmake --build /home/iot/ros2_ws/build/parc_robot_interfaces -- -j8 -l8
[3.667s] Invoking command in '/home/iot/ros2_ws/build/parc_robot_interfaces': CMAKE_PREFIX_PATH=${CMAKE_PREFIX_PATH}:/home/iot/ros2_ws/install/tomatoes_detection1:/home/iot/ros2_ws/install/farmland_navigation:/opt/ros/humble /usr/bin/cmake --install /home/iot/ros2_ws/build/parc_robot_interfaces
[3.673s] -- Install configuration: ""
[3.673s] -- Installing: /home/iot/ros2_ws/install/parc_robot_interfaces/share/ament_index/resource_index/rosidl_interfaces/parc_robot_interfaces
[3.673s] -- Installing: /home/iot/ros2_ws/install/parc_robot_interfaces/include/parc_robot_interfaces/parc_robot_interfaces
[3.673s] -- Installing: /home/iot/ros2_ws/install/parc_robot_interfaces/include/parc_robot_interfaces/parc_robot_interfaces/msg
[3.673s] -- Installing: /home/iot/ros2_ws/install/parc_robot_interfaces/include/parc_robot_interfaces/parc_robot_interfaces/msg/detail
[3.674s] -- Installing: /home/iot/ros2_ws/install/parc_robot_interfaces/include/parc_robot_interfaces/parc_robot_interfaces/msg/detail/crop_yield__functions.c
[3.674s] -- Installing: /home/iot/ros2_ws/install/parc_robot_interfaces/include/parc_robot_interfaces/parc_robot_interfaces/msg/detail/crop_yield__functions.h
[3.674s] -- Installing: /home/iot/ros2_ws/install/parc_robot_interfaces/include/parc_robot_interfaces/parc_robot_interfaces/msg/detail/crop_yield__type_support.h
[3.674s] -- Installing: /home/iot/ros2_ws/install/parc_robot_interfaces/include/parc_robot_interfaces/parc_robot_interfaces/msg/detail/crop_yield__struct.h
[3.674s] -- Installing: /home/iot/ros2_ws/install/parc_robot_interfaces/include/parc_robot_interfaces/parc_robot_interfaces/msg/rosidl_generator_c__visibility_control.h
[3.674s] -- Installing: /home/iot/ros2_ws/install/parc_robot_interfaces/include/parc_robot_interfaces/parc_robot_interfaces/msg/crop_yield.h
[3.674s] -- Installing: /home/iot/ros2_ws/install/parc_robot_interfaces/share/parc_robot_interfaces/environment/library_path.sh
[3.674s] -- Installing: /home/iot/ros2_ws/install/parc_robot_interfaces/share/parc_robot_interfaces/environment/library_path.dsv
[3.674s] -- Installing: /home/iot/ros2_ws/install/parc_robot_interfaces/lib/libparc_robot_interfaces__rosidl_generator_c.so
[3.674s] -- Set runtime path of "/home/iot/ros2_ws/install/parc_robot_interfaces/lib/libparc_robot_interfaces__rosidl_generator_c.so" to ""
[3.674s] -- Up-to-date: /home/iot/ros2_ws/install/parc_robot_interfaces/include/parc_robot_interfaces/parc_robot_interfaces
[3.674s] -- Up-to-date: /home/iot/ros2_ws/install/parc_robot_interfaces/include/parc_robot_interfaces/parc_robot_interfaces/msg
[3.674s] -- Installing: /home/iot/ros2_ws/install/parc_robot_interfaces/include/parc_robot_interfaces/parc_robot_interfaces/msg/rosidl_typesupport_fastrtps_c__visibility_control.h
[3.675s] -- Up-to-date: /home/iot/ros2_ws/install/parc_robot_interfaces/include/parc_robot_interfaces/parc_robot_interfaces/msg/detail
[3.675s] -- Installing: /home/iot/ros2_ws/install/parc_robot_interfaces/include/parc_robot_interfaces/parc_robot_interfaces/msg/detail/crop_yield__rosidl_typesupport_fastrtps_c.h
[3.675s] -- Installing: /home/iot/ros2_ws/install/parc_robot_interfaces/lib/libparc_robot_interfaces__rosidl_typesupport_fastrtps_c.so
[3.675s] -- Set runtime path of "/home/iot/ros2_ws/install/parc_robot_interfaces/lib/libparc_robot_interfaces__rosidl_typesupport_fastrtps_c.so" to ""
[3.675s] -- Up-to-date: /home/iot/ros2_ws/install/parc_robot_interfaces/include/parc_robot_interfaces/parc_robot_interfaces
[3.675s] -- Up-to-date: /home/iot/ros2_ws/install/parc_robot_interfaces/include/parc_robot_interfaces/parc_robot_interfaces/msg
[3.675s] -- Up-to-date: /home/iot/ros2_ws/install/parc_robot_interfaces/include/parc_robot_interfaces/parc_robot_interfaces/msg/detail
[3.675s] -- Installing: /home/iot/ros2_ws/install/parc_robot_interfaces/include/parc_robot_interfaces/parc_robot_interfaces/msg/detail/crop_yield__type_support.c
[3.675s] -- Installing: /home/iot/ros2_ws/install/parc_robot_interfaces/include/parc_robot_interfaces/parc_robot_interfaces/msg/detail/crop_yield__rosidl_typesupport_introspection_c.h
[3.675s] -- Installing: /home/iot/ros2_ws/install/parc_robot_interfaces/include/parc_robot_interfaces/parc_robot_interfaces/msg/rosidl_typesupport_introspection_c__visibility_control.h
[3.675s] -- Installing: /home/iot/ros2_ws/install/parc_robot_interfaces/lib/libparc_robot_interfaces__rosidl_typesupport_introspection_c.so
[3.675s] -- Set runtime path of "/home/iot/ros2_ws/install/parc_robot_interfaces/lib/libparc_robot_interfaces__rosidl_typesupport_introspection_c.so" to ""
[3.676s] -- Installing: /home/iot/ros2_ws/install/parc_robot_interfaces/lib/libparc_robot_interfaces__rosidl_typesupport_c.so
[3.676s] -- Set runtime path of "/home/iot/ros2_ws/install/parc_robot_interfaces/lib/libparc_robot_interfaces__rosidl_typesupport_c.so" to ""
[3.676s] -- Up-to-date: /home/iot/ros2_ws/install/parc_robot_interfaces/include/parc_robot_interfaces/parc_robot_interfaces
[3.676s] -- Up-to-date: /home/iot/ros2_ws/install/parc_robot_interfaces/include/parc_robot_interfaces/parc_robot_interfaces/msg
[3.676s] -- Up-to-date: /home/iot/ros2_ws/install/parc_robot_interfaces/include/parc_robot_interfaces/parc_robot_interfaces/msg/detail
[3.676s] -- Installing: /home/iot/ros2_ws/install/parc_robot_interfaces/include/parc_robot_interfaces/parc_robot_interfaces/msg/detail/crop_yield__builder.hpp
[3.676s] -- Installing: /home/iot/ros2_ws/install/parc_robot_interfaces/include/parc_robot_interfaces/parc_robot_interfaces/msg/detail/crop_yield__struct.hpp
[3.676s] -- Installing: /home/iot/ros2_ws/install/parc_robot_interfaces/include/parc_robot_interfaces/parc_robot_interfaces/msg/detail/crop_yield__traits.hpp
[3.676s] -- Installing: /home/iot/ros2_ws/install/parc_robot_interfaces/include/parc_robot_interfaces/parc_robot_interfaces/msg/crop_yield.hpp
[3.676s] -- Up-to-date: /home/iot/ros2_ws/install/parc_robot_interfaces/include/parc_robot_interfaces/parc_robot_interfaces
[3.676s] -- Up-to-date: /home/iot/ros2_ws/install/parc_robot_interfaces/include/parc_robot_interfaces/parc_robot_interfaces/msg
[3.676s] -- Installing: /home/iot/ros2_ws/install/parc_robot_interfaces/include/parc_robot_interfaces/parc_robot_interfaces/msg/rosidl_typesupport_fastrtps_cpp__visibility_control.h
[3.676s] -- Up-to-date: /home/iot/ros2_ws/install/parc_robot_interfaces/include/parc_robot_interfaces/parc_robot_interfaces/msg/detail
[3.676s] -- Installing: /home/iot/ros2_ws/install/parc_robot_interfaces/include/parc_robot_interfaces/parc_robot_interfaces/msg/detail/dds_fastrtps
[3.677s] -- Installing: /home/iot/ros2_ws/install/parc_robot_interfaces/include/parc_robot_interfaces/parc_robot_interfaces/msg/detail/crop_yield__rosidl_typesupport_fastrtps_cpp.hpp
[3.677s] -- Installing: /home/iot/ros2_ws/install/parc_robot_interfaces/lib/libparc_robot_interfaces__rosidl_typesupport_fastrtps_cpp.so
[3.677s] -- Set runtime path of "/home/iot/ros2_ws/install/parc_robot_interfaces/lib/libparc_robot_interfaces__rosidl_typesupport_fastrtps_cpp.so" to ""
[3.677s] -- Up-to-date: /home/iot/ros2_ws/install/parc_robot_interfaces/include/parc_robot_interfaces/parc_robot_interfaces
[3.677s] -- Up-to-date: /home/iot/ros2_ws/install/parc_robot_interfaces/include/parc_robot_interfaces/parc_robot_interfaces/msg
[3.677s] -- Up-to-date: /home/iot/ros2_ws/install/parc_robot_interfaces/include/parc_robot_interfaces/parc_robot_interfaces/msg/detail
[3.677s] -- Installing: /home/iot/ros2_ws/install/parc_robot_interfaces/include/parc_robot_interfaces/parc_robot_interfaces/msg/detail/crop_yield__rosidl_typesupport_introspection_cpp.hpp
[3.677s] -- Installing: /home/iot/ros2_ws/install/parc_robot_interfaces/include/parc_robot_interfaces/parc_robot_interfaces/msg/detail/crop_yield__type_support.cpp
[3.677s] -- Installing: /home/iot/ros2_ws/install/parc_robot_interfaces/lib/libparc_robot_interfaces__rosidl_typesupport_introspection_cpp.so
[3.677s] -- Set runtime path of "/home/iot/ros2_ws/install/parc_robot_interfaces/lib/libparc_robot_interfaces__rosidl_typesupport_introspection_cpp.so" to ""
[3.677s] -- Installing: /home/iot/ros2_ws/install/parc_robot_interfaces/lib/libparc_robot_interfaces__rosidl_typesupport_cpp.so
[3.677s] -- Set runtime path of "/home/iot/ros2_ws/install/parc_robot_interfaces/lib/libparc_robot_interfaces__rosidl_typesupport_cpp.so" to ""
[3.678s] -- Installing: /home/iot/ros2_ws/install/parc_robot_interfaces/share/parc_robot_interfaces/environment/pythonpath.sh
[3.678s] -- Installing: /home/iot/ros2_ws/install/parc_robot_interfaces/share/parc_robot_interfaces/environment/pythonpath.dsv
[3.678s] -- Installing: /home/iot/ros2_ws/install/parc_robot_interfaces/local/lib/python3.10/dist-packages/parc_robot_interfaces-0.0.0-py3.10.egg-info
[3.678s] -- Installing: /home/iot/ros2_ws/install/parc_robot_interfaces/local/lib/python3.10/dist-packages/parc_robot_interfaces-0.0.0-py3.10.egg-info/PKG-INFO
[3.678s] -- Installing: /home/iot/ros2_ws/install/parc_robot_interfaces/local/lib/python3.10/dist-packages/parc_robot_interfaces-0.0.0-py3.10.egg-info/dependency_links.txt
[3.678s] -- Installing: /home/iot/ros2_ws/install/parc_robot_interfaces/local/lib/python3.10/dist-packages/parc_robot_interfaces-0.0.0-py3.10.egg-info/SOURCES.txt
[3.678s] -- Installing: /home/iot/ros2_ws/install/parc_robot_interfaces/local/lib/python3.10/dist-packages/parc_robot_interfaces-0.0.0-py3.10.egg-info/top_level.txt
[3.678s] -- Installing: /home/iot/ros2_ws/install/parc_robot_interfaces/local/lib/python3.10/dist-packages/parc_robot_interfaces
[3.678s] -- Installing: /home/iot/ros2_ws/install/parc_robot_interfaces/local/lib/python3.10/dist-packages/parc_robot_interfaces/parc_robot_interfaces_s__rosidl_typesupport_introspection_c.cpython-310-x86_64-linux-gnu.so
[3.678s] -- Installing: /home/iot/ros2_ws/install/parc_robot_interfaces/local/lib/python3.10/dist-packages/parc_robot_interfaces/libparc_robot_interfaces__rosidl_generator_py.so
[3.679s] -- Installing: /home/iot/ros2_ws/install/parc_robot_interfaces/local/lib/python3.10/dist-packages/parc_robot_interfaces/parc_robot_interfaces_s__rosidl_typesupport_fastrtps_c.cpython-310-x86_64-linux-gnu.so
[3.679s] -- Installing: /home/iot/ros2_ws/install/parc_robot_interfaces/local/lib/python3.10/dist-packages/parc_robot_interfaces/__init__.py
[3.679s] -- Installing: /home/iot/ros2_ws/install/parc_robot_interfaces/local/lib/python3.10/dist-packages/parc_robot_interfaces/msg
[3.679s] -- Installing: /home/iot/ros2_ws/install/parc_robot_interfaces/local/lib/python3.10/dist-packages/parc_robot_interfaces/msg/__init__.py
[3.679s] -- Installing: /home/iot/ros2_ws/install/parc_robot_interfaces/local/lib/python3.10/dist-packages/parc_robot_interfaces/msg/_crop_yield_s.c
[3.679s] -- Installing: /home/iot/ros2_ws/install/parc_robot_interfaces/local/lib/python3.10/dist-packages/parc_robot_interfaces/msg/_crop_yield.py
[3.679s] -- Installing: /home/iot/ros2_ws/install/parc_robot_interfaces/local/lib/python3.10/dist-packages/parc_robot_interfaces/_parc_robot_interfaces_s.ep.rosidl_typesupport_c.c
[3.679s] -- Installing: /home/iot/ros2_ws/install/parc_robot_interfaces/local/lib/python3.10/dist-packages/parc_robot_interfaces/_parc_robot_interfaces_s.ep.rosidl_typesupport_fastrtps_c.c
[3.679s] -- Installing: /home/iot/ros2_ws/install/parc_robot_interfaces/local/lib/python3.10/dist-packages/parc_robot_interfaces/parc_robot_interfaces_s__rosidl_typesupport_c.cpython-310-x86_64-linux-gnu.so
[3.679s] -- Installing: /home/iot/ros2_ws/install/parc_robot_interfaces/local/lib/python3.10/dist-packages/parc_robot_interfaces/_parc_robot_interfaces_s.ep.rosidl_typesupport_introspection_c.c
[3.705s] Listing '/home/iot/ros2_ws/install/parc_robot_interfaces/local/lib/python3.10/dist-packages/parc_robot_interfaces'...
[3.705s] Compiling '/home/iot/ros2_ws/install/parc_robot_interfaces/local/lib/python3.10/dist-packages/parc_robot_interfaces/__init__.py'...
[3.705s] Listing '/home/iot/ros2_ws/install/parc_robot_interfaces/local/lib/python3.10/dist-packages/parc_robot_interfaces/msg'...
[3.705s] Compiling '/home/iot/ros2_ws/install/parc_robot_interfaces/local/lib/python3.10/dist-packages/parc_robot_interfaces/msg/__init__.py'...
[3.706s] Compiling '/home/iot/ros2_ws/install/parc_robot_interfaces/local/lib/python3.10/dist-packages/parc_robot_interfaces/msg/_crop_yield.py'...
[3.709s] -- Installing: /home/iot/ros2_ws/install/parc_robot_interfaces/local/lib/python3.10/dist-packages/parc_robot_interfaces/parc_robot_interfaces_s__rosidl_typesupport_fastrtps_c.cpython-310-x86_64-linux-gnu.so
[3.709s] -- Set runtime path of "/home/iot/ros2_ws/install/parc_robot_interfaces/local/lib/python3.10/dist-packages/parc_robot_interfaces/parc_robot_interfaces_s__rosidl_typesupport_fastrtps_c.cpython-310-x86_64-linux-gnu.so" to ""
[3.709s] -- Installing: /home/iot/ros2_ws/install/parc_robot_interfaces/local/lib/python3.10/dist-packages/parc_robot_interfaces/parc_robot_interfaces_s__rosidl_typesupport_introspection_c.cpython-310-x86_64-linux-gnu.so
[3.709s] -- Set runtime path of "/home/iot/ros2_ws/install/parc_robot_interfaces/local/lib/python3.10/dist-packages/parc_robot_interfaces/parc_robot_interfaces_s__rosidl_typesupport_introspection_c.cpython-310-x86_64-linux-gnu.so" to ""
[3.709s] -- Installing: /home/iot/ros2_ws/install/parc_robot_interfaces/local/lib/python3.10/dist-packages/parc_robot_interfaces/parc_robot_interfaces_s__rosidl_typesupport_c.cpython-310-x86_64-linux-gnu.so
[3.709s] -- Set runtime path of "/home/iot/ros2_ws/install/parc_robot_interfaces/local/lib/python3.10/dist-packages/parc_robot_interfaces/parc_robot_interfaces_s__rosidl_typesupport_c.cpython-310-x86_64-linux-gnu.so" to ""
[3.710s] -- Installing: /home/iot/ros2_ws/install/parc_robot_interfaces/lib/libparc_robot_interfaces__rosidl_generator_py.so
[3.710s] -- Set runtime path of "/home/iot/ros2_ws/install/parc_robot_interfaces/lib/libparc_robot_interfaces__rosidl_generator_py.so" to ""
[3.710s] -- Installing: /home/iot/ros2_ws/install/parc_robot_interfaces/share/parc_robot_interfaces/msg/CropYield.idl
[3.710s] -- Installing: /home/iot/ros2_ws/install/parc_robot_interfaces/share/parc_robot_interfaces/msg/CropYield.msg
[3.710s] -- Installing: /home/iot/ros2_ws/install/parc_robot_interfaces/share/ament_index/resource_index/package_run_dependencies/parc_robot_interfaces
[3.710s] -- Installing: /home/iot/ros2_ws/install/parc_robot_interfaces/share/ament_index/resource_index/parent_prefix_path/parc_robot_interfaces
[3.710s] -- Installing: /home/iot/ros2_ws/install/parc_robot_interfaces/share/parc_robot_interfaces/environment/ament_prefix_path.sh
[3.710s] -- Installing: /home/iot/ros2_ws/install/parc_robot_interfaces/share/parc_robot_interfaces/environment/ament_prefix_path.dsv
[3.710s] -- Installing: /home/iot/ros2_ws/install/parc_robot_interfaces/share/parc_robot_interfaces/environment/path.sh
[3.710s] -- Installing: /home/iot/ros2_ws/install/parc_robot_interfaces/share/parc_robot_interfaces/environment/path.dsv
[3.710s] -- Installing: /home/iot/ros2_ws/install/parc_robot_interfaces/share/parc_robot_interfaces/local_setup.bash
[3.711s] -- Installing: /home/iot/ros2_ws/install/parc_robot_interfaces/share/parc_robot_interfaces/local_setup.sh
[3.711s] -- Installing: /home/iot/ros2_ws/install/parc_robot_interfaces/share/parc_robot_interfaces/local_setup.zsh
[3.711s] -- Installing: /home/iot/ros2_ws/install/parc_robot_interfaces/share/parc_robot_interfaces/local_setup.dsv
[3.711s] -- Installing: /home/iot/ros2_ws/install/parc_robot_interfaces/share/parc_robot_interfaces/package.dsv
[3.711s] -- Installing: /home/iot/ros2_ws/install/parc_robot_interfaces/share/ament_index/resource_index/packages/parc_robot_interfaces
[3.711s] -- Installing: /home/iot/ros2_ws/install/parc_robot_interfaces/share/parc_robot_interfaces/cmake/export_parc_robot_interfaces__rosidl_generator_cExport.cmake
[3.711s] -- Installing: /home/iot/ros2_ws/install/parc_robot_interfaces/share/parc_robot_interfaces/cmake/export_parc_robot_interfaces__rosidl_generator_cExport-noconfig.cmake
[3.711s] -- Installing: /home/iot/ros2_ws/install/parc_robot_interfaces/share/parc_robot_interfaces/cmake/export_parc_robot_interfaces__rosidl_typesupport_fastrtps_cExport.cmake
[3.711s] -- Installing: /home/iot/ros2_ws/install/parc_robot_interfaces/share/parc_robot_interfaces/cmake/export_parc_robot_interfaces__rosidl_typesupport_fastrtps_cExport-noconfig.cmake
[3.711s] -- Installing: /home/iot/ros2_ws/install/parc_robot_interfaces/share/parc_robot_interfaces/cmake/parc_robot_interfaces__rosidl_typesupport_introspection_cExport.cmake
[3.711s] -- Installing: /home/iot/ros2_ws/install/parc_robot_interfaces/share/parc_robot_interfaces/cmake/parc_robot_interfaces__rosidl_typesupport_introspection_cExport-noconfig.cmake
[3.711s] -- Installing: /home/iot/ros2_ws/install/parc_robot_interfaces/share/parc_robot_interfaces/cmake/parc_robot_interfaces__rosidl_typesupport_cExport.cmake
[3.712s] -- Installing: /home/iot/ros2_ws/install/parc_robot_interfaces/share/parc_robot_interfaces/cmake/parc_robot_interfaces__rosidl_typesupport_cExport-noconfig.cmake
[3.712s] -- Installing: /home/iot/ros2_ws/install/parc_robot_interfaces/share/parc_robot_interfaces/cmake/export_parc_robot_interfaces__rosidl_generator_cppExport.cmake
[3.712s] -- Installing: /home/iot/ros2_ws/install/parc_robot_interfaces/share/parc_robot_interfaces/cmake/export_parc_robot_interfaces__rosidl_typesupport_fastrtps_cppExport.cmake
[3.712s] -- Installing: /home/iot/ros2_ws/install/parc_robot_interfaces/share/parc_robot_interfaces/cmake/export_parc_robot_interfaces__rosidl_typesupport_fastrtps_cppExport-noconfig.cmake
[3.712s] -- Installing: /home/iot/ros2_ws/install/parc_robot_interfaces/share/parc_robot_interfaces/cmake/parc_robot_interfaces__rosidl_typesupport_introspection_cppExport.cmake
[3.712s] -- Installing: /home/iot/ros2_ws/install/parc_robot_interfaces/share/parc_robot_interfaces/cmake/parc_robot_interfaces__rosidl_typesupport_introspection_cppExport-noconfig.cmake
[3.712s] -- Installing: /home/iot/ros2_ws/install/parc_robot_interfaces/share/parc_robot_interfaces/cmake/parc_robot_interfaces__rosidl_typesupport_cppExport.cmake
[3.712s] -- Installing: /home/iot/ros2_ws/install/parc_robot_interfaces/share/parc_robot_interfaces/cmake/parc_robot_interfaces__rosidl_typesupport_cppExport-noconfig.cmake
[3.712s] -- Installing: /home/iot/ros2_ws/install/parc_robot_interfaces/share/parc_robot_interfaces/cmake/export_parc_robot_interfaces__rosidl_generator_pyExport.cmake
[3.712s] -- Installing: /home/iot/ros2_ws/install/parc_robot_interfaces/share/parc_robot_interfaces/cmake/export_parc_robot_interfaces__rosidl_generator_pyExport-noconfig.cmake
[3.712s] -- Installing: /home/iot/ros2_ws/install/parc_robot_interfaces/share/parc_robot_interfaces/cmake/rosidl_cmake-extras.cmake
[3.713s] -- Installing: /home/iot/ros2_ws/install/parc_robot_interfaces/share/parc_robot_interfaces/cmake/ament_cmake_export_include_directories-extras.cmake
[3.713s] -- Installing: /home/iot/ros2_ws/install/parc_robot_interfaces/share/parc_robot_interfaces/cmake/ament_cmake_export_libraries-extras.cmake
[3.713s] -- Installing: /home/iot/ros2_ws/install/parc_robot_interfaces/share/parc_robot_interfaces/cmake/ament_cmake_export_targets-extras.cmake
[3.713s] -- Installing: /home/iot/ros2_ws/install/parc_robot_interfaces/share/parc_robot_interfaces/cmake/rosidl_cmake_export_typesupport_targets-extras.cmake
[3.713s] -- Installing: /home/iot/ros2_ws/install/parc_robot_interfaces/share/parc_robot_interfaces/cmake/ament_cmake_export_dependencies-extras.cmake
[3.713s] -- Installing: /home/iot/ros2_ws/install/parc_robot_interfaces/share/parc_robot_interfaces/cmake/rosidl_cmake_export_typesupport_libraries-extras.cmake
[3.713s] -- Installing: /home/iot/ros2_ws/install/parc_robot_interfaces/share/parc_robot_interfaces/cmake/parc_robot_interfacesConfig.cmake
[3.713s] -- Installing: /home/iot/ros2_ws/install/parc_robot_interfaces/share/parc_robot_interfaces/cmake/parc_robot_interfacesConfig-version.cmake
[3.713s] -- Installing: /home/iot/ros2_ws/install/parc_robot_interfaces/share/parc_robot_interfaces/package.xml
[3.715s] Invoked command in '/home/iot/ros2_ws/build/parc_robot_interfaces' returned '0': CMAKE_PREFIX_PATH=${CMAKE_PREFIX_PATH}:/home/iot/ros2_ws/install/tomatoes_detection1:/home/iot/ros2_ws/install/farmland_navigation:/opt/ros/humble /usr/bin/cmake --install /home/iot/ros2_ws/build/parc_robot_interfaces
