[0.021s] Invoking command in '/home/iot/ros2_ws/build/parc_robot': CMAKE_PREFIX_PATH=/opt/ros/humble /usr/bin/cmake /home/iot/ros2_ws/src/parc_robot -DCMAKE_INSTALL_PREFIX=/home/iot/ros2_ws/install/parc_robot
[0.328s] -- The C compiler identification is GNU 11.4.0
[0.533s] -- The CXX compiler identification is GNU 11.4.0
[0.544s] -- Detecting C compiler ABI info
[0.650s] -- Detecting C compiler ABI info - done
[0.661s] -- Check for working C compiler: /usr/bin/cc - skipped
[0.662s] -- Detecting C compile features
[0.664s] -- Detecting C compile features - done
[0.670s] -- Detecting CXX compiler ABI info
[0.792s] -- Detecting CXX compiler ABI info - done
[0.805s] -- Check for working CXX compiler: /usr/bin/c++ - skipped
[0.805s] -- Detecting CXX compile features
[0.806s] -- Detecting CXX compile features - done
[0.814s] -- Found ament_cmake: 1.3.9 (/opt/ros/humble/share/ament_cmake/cmake)
[1.050s] -- Found Python3: /usr/bin/python3 (found version "3.10.12") found components: Interpreter 
[1.365s] -- Configuring done
[1.368s] -- Generating done
[1.369s] -- Build files have been written to: /home/iot/ros2_ws/build/parc_robot
[1.375s] Invoked command in '/home/iot/ros2_ws/build/parc_robot' returned '0': CMAKE_PREFIX_PATH=/opt/ros/humble /usr/bin/cmake /home/iot/ros2_ws/src/parc_robot -DCMAKE_INSTALL_PREFIX=/home/iot/ros2_ws/install/parc_robot
[1.378s] Invoking command in '/home/iot/ros2_ws/build/parc_robot': CMAKE_PREFIX_PATH=/opt/ros/humble /usr/bin/cmake --build /home/iot/ros2_ws/build/parc_robot -- -j8 -l8
[1.428s] Invoked command in '/home/iot/ros2_ws/build/parc_robot' returned '0': CMAKE_PREFIX_PATH=/opt/ros/humble /usr/bin/cmake --build /home/iot/ros2_ws/build/parc_robot -- -j8 -l8
[1.469s] Invoking command in '/home/iot/ros2_ws/build/parc_robot': CMAKE_PREFIX_PATH=/opt/ros/humble /usr/bin/cmake --install /home/iot/ros2_ws/build/parc_robot
[1.479s] -- Install configuration: ""
[1.479s] -- Installing: /home/iot/ros2_ws/install/parc_robot/share/ament_index/resource_index/package_run_dependencies/parc_robot
[1.480s] -- Installing: /home/iot/ros2_ws/install/parc_robot/share/ament_index/resource_index/parent_prefix_path/parc_robot
[1.480s] -- Installing: /home/iot/ros2_ws/install/parc_robot/share/parc_robot/environment/ament_prefix_path.sh
[1.480s] -- Installing: /home/iot/ros2_ws/install/parc_robot/share/parc_robot/environment/ament_prefix_path.dsv
[1.480s] -- Installing: /home/iot/ros2_ws/install/parc_robot/share/parc_robot/environment/path.sh
[1.480s] -- Installing: /home/iot/ros2_ws/install/parc_robot/share/parc_robot/environment/path.dsv
[1.481s] -- Installing: /home/iot/ros2_ws/install/parc_robot/share/parc_robot/local_setup.bash
[1.481s] -- Installing: /home/iot/ros2_ws/install/parc_robot/share/parc_robot/local_setup.sh
[1.481s] -- Installing: /home/iot/ros2_ws/install/parc_robot/share/parc_robot/local_setup.zsh
[1.481s] -- Installing: /home/iot/ros2_ws/install/parc_robot/share/parc_robot/local_setup.dsv
[1.481s] -- Installing: /home/iot/ros2_ws/install/parc_robot/share/parc_robot/package.dsv
[1.482s] -- Installing: /home/iot/ros2_ws/install/parc_robot/share/ament_index/resource_index/packages/parc_robot
[1.482s] -- Installing: /home/iot/ros2_ws/install/parc_robot/share/parc_robot/cmake/parc_robotConfig.cmake
[1.482s] -- Installing: /home/iot/ros2_ws/install/parc_robot/share/parc_robot/cmake/parc_robotConfig-version.cmake
[1.482s] -- Installing: /home/iot/ros2_ws/install/parc_robot/share/parc_robot/package.xml
[1.485s] Invoked command in '/home/iot/ros2_ws/build/parc_robot' returned '0': CMAKE_PREFIX_PATH=/opt/ros/humble /usr/bin/cmake --install /home/iot/ros2_ws/build/parc_robot
