[0.837s] Invoking command in '/home/iot/ros2_ws/build/parc_robot_bringup': CMAKE_PREFIX_PATH=/home/iot/ros2_ws/install/parc_robot_interfaces:/home/iot/ros2_ws/install/parc_robot_description:/home/iot/ros2_ws/install/parc_robot_bringup:/home/iot/ros2_ws/install/parc_robot:/home/iot/ros2_ws/install/tomatoes_detection1:/opt/ros/humble /usr/bin/cmake --build /home/iot/ros2_ws/build/parc_robot_bringup -- -j8 -l8
[1.044s] Built target ament_cmake_python_copy_parc_robot_bringup
[1.783s] running egg_info
[1.788s] writing parc_robot_bringup.egg-info/PKG-INFO
[1.788s] writing dependency_links to parc_robot_bringup.egg-info/dependency_links.txt
[1.788s] writing top-level names to parc_robot_bringup.egg-info/top_level.txt
[1.799s] reading manifest file 'parc_robot_bringup.egg-info/SOURCES.txt'
[1.800s] writing manifest file 'parc_robot_bringup.egg-info/SOURCES.txt'
[1.858s] Built target ament_cmake_python_build_parc_robot_bringup_egg
[1.889s] Invoked command in '/home/iot/ros2_ws/build/parc_robot_bringup' returned '0': CMAKE_PREFIX_PATH=/home/iot/ros2_ws/install/parc_robot_interfaces:/home/iot/ros2_ws/install/parc_robot_description:/home/iot/ros2_ws/install/parc_robot_bringup:/home/iot/ros2_ws/install/parc_robot:/home/iot/ros2_ws/install/tomatoes_detection1:/opt/ros/humble /usr/bin/cmake --build /home/iot/ros2_ws/build/parc_robot_bringup -- -j8 -l8
[1.958s] Invoking command in '/home/iot/ros2_ws/build/parc_robot_bringup': CMAKE_PREFIX_PATH=/home/iot/ros2_ws/install/parc_robot_interfaces:/home/iot/ros2_ws/install/parc_robot_description:/home/iot/ros2_ws/install/parc_robot_bringup:/home/iot/ros2_ws/install/parc_robot:/home/iot/ros2_ws/install/tomatoes_detection1:/opt/ros/humble /usr/bin/cmake --install /home/iot/ros2_ws/build/parc_robot_bringup
[1.992s] -- Install configuration: ""
[1.992s] -- Up-to-date: /home/iot/ros2_ws/install/parc_robot_bringup/share/parc_robot_bringup/config
[1.992s] -- Up-to-date: /home/iot/ros2_ws/install/parc_robot_bringup/share/parc_robot_bringup/config/controllers.yaml
[1.992s] -- Up-to-date: /home/iot/ros2_ws/install/parc_robot_bringup/share/parc_robot_bringup/config/route1_world_coordinates.yaml
[1.993s] -- Up-to-date: /home/iot/ros2_ws/install/parc_robot_bringup/share/parc_robot_bringup/config/route2_world_coordinates.yaml
[1.993s] -- Up-to-date: /home/iot/ros2_ws/install/parc_robot_bringup/share/parc_robot_bringup/config/gazebo_params.yaml
[1.993s] -- Up-to-date: /home/iot/ros2_ws/install/parc_robot_bringup/share/parc_robot_bringup/config/task1_route3_params.yaml
[1.993s] -- Up-to-date: /home/iot/ros2_ws/install/parc_robot_bringup/share/parc_robot_bringup/config/task1_route1_params.yaml
[1.993s] -- Up-to-date: /home/iot/ros2_ws/install/parc_robot_bringup/share/parc_robot_bringup/config/gazebo_ros2_ctl_use_sim.yaml
[1.993s] -- Up-to-date: /home/iot/ros2_ws/install/parc_robot_bringup/share/parc_robot_bringup/config/route3_world_coordinates.yaml
[1.993s] -- Up-to-date: /home/iot/ros2_ws/install/parc_robot_bringup/share/parc_robot_bringup/config/task1_route2_params.yaml
[1.994s] -- Up-to-date: /home/iot/ros2_ws/install/parc_robot_bringup/share/parc_robot_bringup/launch
[1.994s] -- Up-to-date: /home/iot/ros2_ws/install/parc_robot_bringup/share/parc_robot_bringup/launch/task1_launch.py
[1.994s] -- Up-to-date: /home/iot/ros2_ws/install/parc_robot_bringup/share/parc_robot_bringup/launch/task2_launch.py
[1.995s] -- Up-to-date: /home/iot/ros2_ws/install/parc_robot_bringup/share/parc_robot_bringup/models
[1.995s] -- Up-to-date: /home/iot/ros2_ws/install/parc_robot_bringup/share/parc_robot_bringup/models/tomato_9
[1.995s] -- Up-to-date: /home/iot/ros2_ws/install/parc_robot_bringup/share/parc_robot_bringup/models/tomato_9/materials
[1.995s] -- Up-to-date: /home/iot/ros2_ws/install/parc_robot_bringup/share/parc_robot_bringup/models/tomato_9/materials/textures
[1.995s] -- Up-to-date: /home/iot/ros2_ws/install/parc_robot_bringup/share/parc_robot_bringup/models/tomato_9/materials/textures/AG15brn1(copy).png
[1.995s] -- Up-to-date: /home/iot/ros2_ws/install/parc_robot_bringup/share/parc_robot_bringup/models/tomato_9/materials/textures/AG15blo1.png
[1.996s] -- Up-to-date: /home/iot/ros2_ws/install/parc_robot_bringup/share/parc_robot_bringup/models/tomato_9/materials/textures/AG15frt1.png
[1.996s] -- Up-to-date: /home/iot/ros2_ws/install/parc_robot_bringup/share/parc_robot_bringup/models/tomato_9/materials/textures/AG15lef1.png
[1.996s] -- Up-to-date: /home/iot/ros2_ws/install/parc_robot_bringup/share/parc_robot_bringup/models/tomato_9/materials/textures/AG15brn1.png
[1.996s] -- Up-to-date: /home/iot/ros2_ws/install/parc_robot_bringup/share/parc_robot_bringup/models/tomato_9/materials/textures/AG15blo3.png
[1.996s] -- Up-to-date: /home/iot/ros2_ws/install/parc_robot_bringup/share/parc_robot_bringup/models/tomato_9/materials/textures/AG15lef2.png
[1.996s] -- Up-to-date: /home/iot/ros2_ws/install/parc_robot_bringup/share/parc_robot_bringup/models/tomato_9/materials/textures/AG15frt3.png
[1.997s] -- Up-to-date: /home/iot/ros2_ws/install/parc_robot_bringup/share/parc_robot_bringup/models/tomato_9/materials/textures/AG15frt4.png
[1.997s] -- Up-to-date: /home/iot/ros2_ws/install/parc_robot_bringup/share/parc_robot_bringup/models/tomato_9/materials/textures/AG15blo2.png
[1.997s] -- Up-to-date: /home/iot/ros2_ws/install/parc_robot_bringup/share/parc_robot_bringup/models/tomato_9/materials/textures/AG15frt2.png
[1.997s] -- Up-to-date: /home/iot/ros2_ws/install/parc_robot_bringup/share/parc_robot_bringup/models/tomato_9/materials/scripts
[1.997s] -- Up-to-date: /home/iot/ros2_ws/install/parc_robot_bringup/share/parc_robot_bringup/models/tomato_9/materials/scripts/fruit4.material
[1.997s] -- Up-to-date: /home/iot/ros2_ws/install/parc_robot_bringup/share/parc_robot_bringup/models/tomato_9/materials/scripts/branch.material
[1.998s] -- Up-to-date: /home/iot/ros2_ws/install/parc_robot_bringup/share/parc_robot_bringup/models/tomato_9/materials/scripts/blossom1.material
[1.998s] -- Up-to-date: /home/iot/ros2_ws/install/parc_robot_bringup/share/parc_robot_bringup/models/tomato_9/materials/scripts/leaf1.material
[1.998s] -- Up-to-date: /home/iot/ros2_ws/install/parc_robot_bringup/share/parc_robot_bringup/models/tomato_9/materials/scripts/blossom3.material
[1.998s] -- Up-to-date: /home/iot/ros2_ws/install/parc_robot_bringup/share/parc_robot_bringup/models/tomato_9/materials/scripts/leaf2.material
[1.998s] -- Up-to-date: /home/iot/ros2_ws/install/parc_robot_bringup/share/parc_robot_bringup/models/tomato_9/materials/scripts/fruit1.material
[1.999s] -- Up-to-date: /home/iot/ros2_ws/install/parc_robot_bringup/share/parc_robot_bringup/models/tomato_9/materials/scripts/blossom2.material
[1.999s] -- Up-to-date: /home/iot/ros2_ws/install/parc_robot_bringup/share/parc_robot_bringup/models/tomato_9/materials/scripts/fruit3.material
[1.999s] -- Up-to-date: /home/iot/ros2_ws/install/parc_robot_bringup/share/parc_robot_bringup/models/tomato_9/materials/scripts/fruit2.material
[2.004s] -- Up-to-date: /home/iot/ros2_ws/install/parc_robot_bringup/share/parc_robot_bringup/models/tomato_9/meshes
[2.004s] -- Up-to-date: /home/iot/ros2_ws/install/parc_robot_bringup/share/parc_robot_bringup/models/tomato_9/meshes/.gitignore
[2.004s] -- Up-to-date: /home/iot/ros2_ws/install/parc_robot_bringup/share/parc_robot_bringup/models/tomato_9/meshes/tomato.dae
[2.004s] -- Up-to-date: /home/iot/ros2_ws/install/parc_robot_bringup/share/parc_robot_bringup/models/tomato_9/model.sdf
[2.005s] -- Up-to-date: /home/iot/ros2_ws/install/parc_robot_bringup/share/parc_robot_bringup/models/tomato_9/markers.json
[2.005s] -- Up-to-date: /home/iot/ros2_ws/install/parc_robot_bringup/share/parc_robot_bringup/models/tomato_9/model.config
[2.005s] -- Up-to-date: /home/iot/ros2_ws/install/parc_robot_bringup/share/parc_robot_bringup/models/tomato_27
[2.005s] -- Up-to-date: /home/iot/ros2_ws/install/parc_robot_bringup/share/parc_robot_bringup/models/tomato_27/materials
[2.005s] -- Up-to-date: /home/iot/ros2_ws/install/parc_robot_bringup/share/parc_robot_bringup/models/tomato_27/materials/textures
[2.006s] -- Up-to-date: /home/iot/ros2_ws/install/parc_robot_bringup/share/parc_robot_bringup/models/tomato_27/materials/textures/AG15brn1(copy).png
[2.006s] -- Up-to-date: /home/iot/ros2_ws/install/parc_robot_bringup/share/parc_robot_bringup/models/tomato_27/materials/textures/AG15blo1.png
[2.006s] -- Up-to-date: /home/iot/ros2_ws/install/parc_robot_bringup/share/parc_robot_bringup/models/tomato_27/materials/textures/AG15frt1.png
[2.006s] -- Up-to-date: /home/iot/ros2_ws/install/parc_robot_bringup/share/parc_robot_bringup/models/tomato_27/materials/textures/AG15lef1.png
[2.006s] -- Up-to-date: /home/iot/ros2_ws/install/parc_robot_bringup/share/parc_robot_bringup/models/tomato_27/materials/textures/AG15brn1.png
[2.007s] -- Up-to-date: /home/iot/ros2_ws/install/parc_robot_bringup/share/parc_robot_bringup/models/tomato_27/materials/textures/AG15blo3.png
[2.007s] -- Up-to-date: /home/iot/ros2_ws/install/parc_robot_bringup/share/parc_robot_bringup/models/tomato_27/materials/textures/AG15lef2.png
[2.007s] -- Up-to-date: /home/iot/ros2_ws/install/parc_robot_bringup/share/parc_robot_bringup/models/tomato_27/materials/textures/AG15frt3.png
[2.008s] -- Up-to-date: /home/iot/ros2_ws/install/parc_robot_bringup/share/parc_robot_bringup/models/tomato_27/materials/textures/AG15frt4.png
[2.013s] -- Up-to-date: /home/iot/ros2_ws/install/parc_robot_bringup/share/parc_robot_bringup/models/tomato_27/materials/textures/AG15blo2.png
[2.014s] -- Up-to-date: /home/iot/ros2_ws/install/parc_robot_bringup/share/parc_robot_bringup/models/tomato_27/materials/textures/AG15frt2.png
[2.014s] -- Up-to-date: /home/iot/ros2_ws/install/parc_robot_bringup/share/parc_robot_bringup/models/tomato_27/materials/scripts
[2.014s] -- Up-to-date: /home/iot/ros2_ws/install/parc_robot_bringup/share/parc_robot_bringup/models/tomato_27/materials/scripts/fruit4.material
[2.014s] -- Up-to-date: /home/iot/ros2_ws/install/parc_robot_bringup/share/parc_robot_bringup/models/tomato_27/materials/scripts/branch.material
[2.014s] -- Up-to-date: /home/iot/ros2_ws/install/parc_robot_bringup/share/parc_robot_bringup/models/tomato_27/materials/scripts/blossom1.material
[2.015s] -- Up-to-date: /home/iot/ros2_ws/install/parc_robot_bringup/share/parc_robot_bringup/models/tomato_27/materials/scripts/leaf1.material
[2.015s] -- Up-to-date: /home/iot/ros2_ws/install/parc_robot_bringup/share/parc_robot_bringup/models/tomato_27/materials/scripts/blossom3.material
[2.015s] -- Up-to-date: /home/iot/ros2_ws/install/parc_robot_bringup/share/parc_robot_bringup/models/tomato_27/materials/scripts/leaf2.material
[2.015s] -- Up-to-date: /home/iot/ros2_ws/install/parc_robot_bringup/share/parc_robot_bringup/models/tomato_27/materials/scripts/fruit1.material
[2.015s] -- Up-to-date: /home/iot/ros2_ws/install/parc_robot_bringup/share/parc_robot_bringup/models/tomato_27/materials/scripts/blossom2.material
[2.015s] -- Up-to-date: /home/iot/ros2_ws/install/parc_robot_bringup/share/parc_robot_bringup/models/tomato_27/materials/scripts/fruit3.material
[2.016s] -- Up-to-date: /home/iot/ros2_ws/install/parc_robot_bringup/share/parc_robot_bringup/models/tomato_27/materials/scripts/fruit2.material
[2.016s] -- Up-to-date: /home/iot/ros2_ws/install/parc_robot_bringup/share/parc_robot_bringup/models/tomato_27/meshes
[2.016s] -- Up-to-date: /home/iot/ros2_ws/install/parc_robot_bringup/share/parc_robot_bringup/models/tomato_27/meshes/.gitignore
[2.016s] -- Up-to-date: /home/iot/ros2_ws/install/parc_robot_bringup/share/parc_robot_bringup/models/tomato_27/meshes/tomato.dae
[2.017s] -- Up-to-date: /home/iot/ros2_ws/install/parc_robot_bringup/share/parc_robot_bringup/models/tomato_27/model.sdf
[2.017s] -- Up-to-date: /home/iot/ros2_ws/install/parc_robot_bringup/share/parc_robot_bringup/models/tomato_27/markers.json
[2.017s] -- Up-to-date: /home/iot/ros2_ws/install/parc_robot_bringup/share/parc_robot_bringup/models/tomato_27/model.config
[2.018s] -- Up-to-date: /home/iot/ros2_ws/install/parc_robot_bringup/share/parc_robot_bringup/models/tomato_26
[2.018s] -- Up-to-date: /home/iot/ros2_ws/install/parc_robot_bringup/share/parc_robot_bringup/models/tomato_26/materials
[2.018s] -- Up-to-date: /home/iot/ros2_ws/install/parc_robot_bringup/share/parc_robot_bringup/models/tomato_26/materials/textures
[2.019s] -- Up-to-date: /home/iot/ros2_ws/install/parc_robot_bringup/share/parc_robot_bringup/models/tomato_26/materials/textures/AG15brn1(copy).png
[2.019s] -- Up-to-date: /home/iot/ros2_ws/install/parc_robot_bringup/share/parc_robot_bringup/models/tomato_26/materials/textures/AG15blo1.png
[2.019s] -- Up-to-date: /home/iot/ros2_ws/install/parc_robot_bringup/share/parc_robot_bringup/models/tomato_26/materials/textures/AG15frt1.png
[2.020s] -- Up-to-date: /home/iot/ros2_ws/install/parc_robot_bringup/share/parc_robot_bringup/models/tomato_26/materials/textures/AG15lef1.png
[2.020s] -- Up-to-date: /home/iot/ros2_ws/install/parc_robot_bringup/share/parc_robot_bringup/models/tomato_26/materials/textures/AG15brn1.png
[2.020s] -- Up-to-date: /home/iot/ros2_ws/install/parc_robot_bringup/share/parc_robot_bringup/models/tomato_26/materials/textures/AG15blo3.png
[2.021s] -- Up-to-date: /home/iot/ros2_ws/install/parc_robot_bringup/share/parc_robot_bringup/models/tomato_26/materials/textures/AG15lef2.png
[2.021s] -- Up-to-date: /home/iot/ros2_ws/install/parc_robot_bringup/share/parc_robot_bringup/models/tomato_26/materials/textures/AG15frt3.png
[2.021s] -- Up-to-date: /home/iot/ros2_ws/install/parc_robot_bringup/share/parc_robot_bringup/models/tomato_26/materials/textures/AG15frt4.png
[2.022s] -- Up-to-date: /home/iot/ros2_ws/install/parc_robot_bringup/share/parc_robot_bringup/models/tomato_26/materials/textures/AG15blo2.png
[2.022s] -- Up-to-date: /home/iot/ros2_ws/install/parc_robot_bringup/share/parc_robot_bringup/models/tomato_26/materials/textures/AG15frt2.png
[2.022s] -- Up-to-date: /home/iot/ros2_ws/install/parc_robot_bringup/share/parc_robot_bringup/models/tomato_26/materials/scripts
[2.022s] -- Up-to-date: /home/iot/ros2_ws/install/parc_robot_bringup/share/parc_robot_bringup/models/tomato_26/materials/scripts/fruit4.material
[2.022s] -- Up-to-date: /home/iot/ros2_ws/install/parc_robot_bringup/share/parc_robot_bringup/models/tomato_26/materials/scripts/branch.material
[2.022s] -- Up-to-date: /home/iot/ros2_ws/install/parc_robot_bringup/share/parc_robot_bringup/models/tomato_26/materials/scripts/blossom1.material
[2.023s] -- Up-to-date: /home/iot/ros2_ws/install/parc_robot_bringup/share/parc_robot_bringup/models/tomato_26/materials/scripts/leaf1.material
[2.023s] -- Up-to-date: /home/iot/ros2_ws/install/parc_robot_bringup/share/parc_robot_bringup/models/tomato_26/materials/scripts/blossom3.material
[2.023s] -- Up-to-date: /home/iot/ros2_ws/install/parc_robot_bringup/share/parc_robot_bringup/models/tomato_26/materials/scripts/leaf2.material
[2.023s] -- Up-to-date: /home/iot/ros2_ws/install/parc_robot_bringup/share/parc_robot_bringup/models/tomato_26/materials/scripts/fruit1.material
[2.028s] -- Up-to-date: /home/iot/ros2_ws/install/parc_robot_bringup/share/parc_robot_bringup/models/tomato_26/materials/scripts/blossom2.material
[2.028s] -- Up-to-date: /home/iot/ros2_ws/install/parc_robot_bringup/share/parc_robot_bringup/models/tomato_26/materials/scripts/fruit3.material
[2.029s] -- Up-to-date: /home/iot/ros2_ws/install/parc_robot_bringup/share/parc_robot_bringup/models/tomato_26/materials/scripts/fruit2.material
[2.029s] -- Up-to-date: /home/iot/ros2_ws/install/parc_robot_bringup/share/parc_robot_bringup/models/tomato_26/meshes
[2.030s] -- Up-to-date: /home/iot/ros2_ws/install/parc_robot_bringup/share/parc_robot_bringup/models/tomato_26/meshes/.gitignore
[2.030s] -- Up-to-date: /home/iot/ros2_ws/install/parc_robot_bringup/share/parc_robot_bringup/models/tomato_26/meshes/tomato.dae
[2.031s] -- Up-to-date: /home/iot/ros2_ws/install/parc_robot_bringup/share/parc_robot_bringup/models/tomato_26/model.sdf
[2.031s] -- Up-to-date: /home/iot/ros2_ws/install/parc_robot_bringup/share/parc_robot_bringup/models/tomato_26/markers.json
[2.032s] -- Up-to-date: /home/iot/ros2_ws/install/parc_robot_bringup/share/parc_robot_bringup/models/tomato_26/model.config
[2.032s] -- Up-to-date: /home/iot/ros2_ws/install/parc_robot_bringup/share/parc_robot_bringup/models/tomato_44
[2.033s] -- Up-to-date: /home/iot/ros2_ws/install/parc_robot_bringup/share/parc_robot_bringup/models/tomato_44/materials
[2.033s] -- Up-to-date: /home/iot/ros2_ws/install/parc_robot_bringup/share/parc_robot_bringup/models/tomato_44/materials/textures
[2.034s] -- Up-to-date: /home/iot/ros2_ws/install/parc_robot_bringup/share/parc_robot_bringup/models/tomato_44/materials/textures/AG15brn1(copy).png
[2.034s] -- Up-to-date: /home/iot/ros2_ws/install/parc_robot_bringup/share/parc_robot_bringup/models/tomato_44/materials/textures/AG15blo1.png
[2.035s] -- Up-to-date: /home/iot/ros2_ws/install/parc_robot_bringup/share/parc_robot_bringup/models/tomato_44/materials/textures/AG15frt1.png
[2.035s] -- Up-to-date: /home/iot/ros2_ws/install/parc_robot_bringup/share/parc_robot_bringup/models/tomato_44/materials/textures/AG15lef1.png
[2.036s] -- Up-to-date: /home/iot/ros2_ws/install/parc_robot_bringup/share/parc_robot_bringup/models/tomato_44/materials/textures/AG15brn1.png
[2.036s] -- Up-to-date: /home/iot/ros2_ws/install/parc_robot_bringup/share/parc_robot_bringup/models/tomato_44/materials/textures/AG15blo3.png
[2.036s] -- Up-to-date: /home/iot/ros2_ws/install/parc_robot_bringup/share/parc_robot_bringup/models/tomato_44/materials/textures/AG15lef2.png
[2.037s] -- Up-to-date: /home/iot/ros2_ws/install/parc_robot_bringup/share/parc_robot_bringup/models/tomato_44/materials/textures/AG15frt3.png
[2.037s] -- Up-to-date: /home/iot/ros2_ws/install/parc_robot_bringup/share/parc_robot_bringup/models/tomato_44/materials/textures/AG15frt4.png
[2.038s] -- Up-to-date: /home/iot/ros2_ws/install/parc_robot_bringup/share/parc_robot_bringup/models/tomato_44/materials/textures/AG15blo2.png
[2.038s] -- Up-to-date: /home/iot/ros2_ws/install/parc_robot_bringup/share/parc_robot_bringup/models/tomato_44/materials/textures/AG15frt2.png
[2.039s] -- Up-to-date: /home/iot/ros2_ws/install/parc_robot_bringup/share/parc_robot_bringup/models/tomato_44/materials/scripts
[2.039s] -- Up-to-date: /home/iot/ros2_ws/install/parc_robot_bringup/share/parc_robot_bringup/models/tomato_44/materials/scripts/fruit4.material
[2.045s] -- Up-to-date: /home/iot/ros2_ws/install/parc_robot_bringup/share/parc_robot_bringup/models/tomato_44/materials/scripts/branch.material
[2.045s] -- Up-to-date: /home/iot/ros2_ws/install/parc_robot_bringup/share/parc_robot_bringup/models/tomato_44/materials/scripts/blossom1.material
[2.045s] -- Up-to-date: /home/iot/ros2_ws/install/parc_robot_bringup/share/parc_robot_bringup/models/tomato_44/materials/scripts/leaf1.material
[2.046s] -- Up-to-date: /home/iot/ros2_ws/install/parc_robot_bringup/share/parc_robot_bringup/models/tomato_44/materials/scripts/blossom3.material
[2.046s] -- Up-to-date: /home/iot/ros2_ws/install/parc_robot_bringup/share/parc_robot_bringup/models/tomato_44/materials/scripts/leaf2.material
[2.046s] -- Up-to-date: /home/iot/ros2_ws/install/parc_robot_bringup/share/parc_robot_bringup/models/tomato_44/materials/scripts/fruit1.material
[2.046s] -- Up-to-date: /home/iot/ros2_ws/install/parc_robot_bringup/share/parc_robot_bringup/models/tomato_44/materials/scripts/blossom2.material
[2.046s] -- Up-to-date: /home/iot/ros2_ws/install/parc_robot_bringup/share/parc_robot_bringup/models/tomato_44/materials/scripts/fruit3.material
[2.047s] -- Up-to-date: /home/iot/ros2_ws/install/parc_robot_bringup/share/parc_robot_bringup/models/tomato_44/materials/scripts/fruit2.material
[2.047s] -- Up-to-date: /home/iot/ros2_ws/install/parc_robot_bringup/share/parc_robot_bringup/models/tomato_44/meshes
[2.047s] -- Up-to-date: /home/iot/ros2_ws/install/parc_robot_bringup/share/parc_robot_bringup/models/tomato_44/meshes/.gitignore
[2.047s] -- Up-to-date: /home/iot/ros2_ws/install/parc_robot_bringup/share/parc_robot_bringup/models/tomato_44/meshes/tomato.dae
[2.047s] -- Up-to-date: /home/iot/ros2_ws/install/parc_robot_bringup/share/parc_robot_bringup/models/tomato_44/model.sdf
[2.047s] -- Up-to-date: /home/iot/ros2_ws/install/parc_robot_bringup/share/parc_robot_bringup/models/tomato_44/markers.json
[2.048s] -- Up-to-date: /home/iot/ros2_ws/install/parc_robot_bringup/share/parc_robot_bringup/models/tomato_44/model.config
[2.048s] -- Up-to-date: /home/iot/ros2_ws/install/parc_robot_bringup/share/parc_robot_bringup/models/tomato_23
[2.048s] -- Up-to-date: /home/iot/ros2_ws/install/parc_robot_bringup/share/parc_robot_bringup/models/tomato_23/materials
[2.048s] -- Up-to-date: /home/iot/ros2_ws/install/parc_robot_bringup/share/parc_robot_bringup/models/tomato_23/materials/textures
[2.048s] -- Up-to-date: /home/iot/ros2_ws/install/parc_robot_bringup/share/parc_robot_bringup/models/tomato_23/materials/textures/AG15brn1(copy).png
[2.049s] -- Up-to-date: /home/iot/ros2_ws/install/parc_robot_bringup/share/parc_robot_bringup/models/tomato_23/materials/textures/AG15blo1.png
[2.049s] -- Up-to-date: /home/iot/ros2_ws/install/parc_robot_bringup/share/parc_robot_bringup/models/tomato_23/materials/textures/AG15frt1.png
[2.049s] -- Up-to-date: /home/iot/ros2_ws/install/parc_robot_bringup/share/parc_robot_bringup/models/tomato_23/materials/textures/AG15lef1.png
[2.049s] -- Up-to-date: /home/iot/ros2_ws/install/parc_robot_bringup/share/parc_robot_bringup/models/tomato_23/materials/textures/AG15brn1.png
[2.049s] -- Up-to-date: /home/iot/ros2_ws/install/parc_robot_bringup/share/parc_robot_bringup/models/tomato_23/materials/textures/AG15blo3.png
[2.049s] -- Up-to-date: /home/iot/ros2_ws/install/parc_robot_bringup/share/parc_robot_bringup/models/tomato_23/materials/textures/AG15lef2.png
[2.050s] -- Up-to-date: /home/iot/ros2_ws/install/parc_robot_bringup/share/parc_robot_bringup/models/tomato_23/materials/textures/AG15frt3.png
[2.050s] -- Up-to-date: /home/iot/ros2_ws/install/parc_robot_bringup/share/parc_robot_bringup/models/tomato_23/materials/textures/AG15frt4.png
[2.050s] -- Up-to-date: /home/iot/ros2_ws/install/parc_robot_bringup/share/parc_robot_bringup/models/tomato_23/materials/textures/AG15blo2.png
[2.050s] -- Up-to-date: /home/iot/ros2_ws/install/parc_robot_bringup/share/parc_robot_bringup/models/tomato_23/materials/textures/AG15frt2.png
[2.051s] -- Up-to-date: /home/iot/ros2_ws/install/parc_robot_bringup/share/parc_robot_bringup/models/tomato_23/materials/scripts
[2.051s] -- Up-to-date: /home/iot/ros2_ws/install/parc_robot_bringup/share/parc_robot_bringup/models/tomato_23/materials/scripts/fruit4.material
[2.051s] -- Up-to-date: /home/iot/ros2_ws/install/parc_robot_bringup/share/parc_robot_bringup/models/tomato_23/materials/scripts/branch.material
[2.051s] -- Up-to-date: /home/iot/ros2_ws/install/parc_robot_bringup/share/parc_robot_bringup/models/tomato_23/materials/scripts/blossom1.material
[2.052s] -- Up-to-date: /home/iot/ros2_ws/install/parc_robot_bringup/share/parc_robot_bringup/models/tomato_23/materials/scripts/leaf1.material
[2.052s] -- Up-to-date: /home/iot/ros2_ws/install/parc_robot_bringup/share/parc_robot_bringup/models/tomato_23/materials/scripts/blossom3.material
[2.052s] -- Up-to-date: /home/iot/ros2_ws/install/parc_robot_bringup/share/parc_robot_bringup/models/tomato_23/materials/scripts/leaf2.material
[2.052s] -- Up-to-date: /home/iot/ros2_ws/install/parc_robot_bringup/share/parc_robot_bringup/models/tomato_23/materials/scripts/fruit1.material
[2.052s] -- Up-to-date: /home/iot/ros2_ws/install/parc_robot_bringup/share/parc_robot_bringup/models/tomato_23/materials/scripts/blossom2.material
[2.052s] -- Up-to-date: /home/iot/ros2_ws/install/parc_robot_bringup/share/parc_robot_bringup/models/tomato_23/materials/scripts/fruit3.material
[2.053s] -- Up-to-date: /home/iot/ros2_ws/install/parc_robot_bringup/share/parc_robot_bringup/models/tomato_23/materials/scripts/fruit2.material
[2.053s] -- Up-to-date: /home/iot/ros2_ws/install/parc_robot_bringup/share/parc_robot_bringup/models/tomato_23/meshes
[2.053s] -- Up-to-date: /home/iot/ros2_ws/install/parc_robot_bringup/share/parc_robot_bringup/models/tomato_23/meshes/.gitignore
[2.053s] -- Up-to-date: /home/iot/ros2_ws/install/parc_robot_bringup/share/parc_robot_bringup/models/tomato_23/meshes/tomato.dae
[2.053s] -- Up-to-date: /home/iot/ros2_ws/install/parc_robot_bringup/share/parc_robot_bringup/models/tomato_23/model.sdf
[2.053s] -- Up-to-date: /home/iot/ros2_ws/install/parc_robot_bringup/share/parc_robot_bringup/models/tomato_23/markers.json
[2.054s] -- Up-to-date: /home/iot/ros2_ws/install/parc_robot_bringup/share/parc_robot_bringup/models/tomato_23/model.config
[2.054s] -- Up-to-date: /home/iot/ros2_ws/install/parc_robot_bringup/share/parc_robot_bringup/models/goal_location
[2.054s] -- Up-to-date: /home/iot/ros2_ws/install/parc_robot_bringup/share/parc_robot_bringup/models/goal_location/model.sdf
[2.054s] -- Up-to-date: /home/iot/ros2_ws/install/parc_robot_bringup/share/parc_robot_bringup/models/goal_location/model.config
[2.054s] -- Up-to-date: /home/iot/ros2_ws/install/parc_robot_bringup/share/parc_robot_bringup/models/tomato_32
[2.054s] -- Up-to-date: /home/iot/ros2_ws/install/parc_robot_bringup/share/parc_robot_bringup/models/tomato_32/materials
[2.055s] -- Up-to-date: /home/iot/ros2_ws/install/parc_robot_bringup/share/parc_robot_bringup/models/tomato_32/materials/textures
[2.055s] -- Up-to-date: /home/iot/ros2_ws/install/parc_robot_bringup/share/parc_robot_bringup/models/tomato_32/materials/textures/AG15brn1(copy).png
[2.055s] -- Up-to-date: /home/iot/ros2_ws/install/parc_robot_bringup/share/parc_robot_bringup/models/tomato_32/materials/textures/AG15blo1.png
[2.055s] -- Up-to-date: /home/iot/ros2_ws/install/parc_robot_bringup/share/parc_robot_bringup/models/tomato_32/materials/textures/AG15frt1.png
[2.055s] -- Up-to-date: /home/iot/ros2_ws/install/parc_robot_bringup/share/parc_robot_bringup/models/tomato_32/materials/textures/AG15lef1.png
[2.055s] -- Up-to-date: /home/iot/ros2_ws/install/parc_robot_bringup/share/parc_robot_bringup/models/tomato_32/materials/textures/AG15brn1.png
[2.056s] -- Up-to-date: /home/iot/ros2_ws/install/parc_robot_bringup/share/parc_robot_bringup/models/tomato_32/materials/textures/AG15blo3.png
[2.056s] -- Up-to-date: /home/iot/ros2_ws/install/parc_robot_bringup/share/parc_robot_bringup/models/tomato_32/materials/textures/AG15lef2.png
[2.056s] -- Up-to-date: /home/iot/ros2_ws/install/parc_robot_bringup/share/parc_robot_bringup/models/tomato_32/materials/textures/AG15frt3.png
[2.056s] -- Up-to-date: /home/iot/ros2_ws/install/parc_robot_bringup/share/parc_robot_bringup/models/tomato_32/materials/textures/AG15frt4.png
[2.056s] -- Up-to-date: /home/iot/ros2_ws/install/parc_robot_bringup/share/parc_robot_bringup/models/tomato_32/materials/textures/AG15blo2.png
[2.056s] -- Up-to-date: /home/iot/ros2_ws/install/parc_robot_bringup/share/parc_robot_bringup/models/tomato_32/materials/textures/AG15frt2.png
[2.057s] -- Up-to-date: /home/iot/ros2_ws/install/parc_robot_bringup/share/parc_robot_bringup/models/tomato_32/materials/scripts
[2.057s] -- Up-to-date: /home/iot/ros2_ws/install/parc_robot_bringup/share/parc_robot_bringup/models/tomato_32/materials/scripts/fruit4.material
[2.057s] -- Up-to-date: /home/iot/ros2_ws/install/parc_robot_bringup/share/parc_robot_bringup/models/tomato_32/materials/scripts/branch.material
[2.057s] -- Up-to-date: /home/iot/ros2_ws/install/parc_robot_bringup/share/parc_robot_bringup/models/tomato_32/materials/scripts/blossom1.material
[2.057s] -- Up-to-date: /home/iot/ros2_ws/install/parc_robot_bringup/share/parc_robot_bringup/models/tomato_32/materials/scripts/leaf1.material
[2.057s] -- Up-to-date: /home/iot/ros2_ws/install/parc_robot_bringup/share/parc_robot_bringup/models/tomato_32/materials/scripts/blossom3.material
[2.058s] -- Up-to-date: /home/iot/ros2_ws/install/parc_robot_bringup/share/parc_robot_bringup/models/tomato_32/materials/scripts/leaf2.material
[2.058s] -- Up-to-date: /home/iot/ros2_ws/install/parc_robot_bringup/share/parc_robot_bringup/models/tomato_32/materials/scripts/fruit1.material
[2.058s] -- Up-to-date: /home/iot/ros2_ws/install/parc_robot_bringup/share/parc_robot_bringup/models/tomato_32/materials/scripts/blossom2.material
[2.058s] -- Up-to-date: /home/iot/ros2_ws/install/parc_robot_bringup/share/parc_robot_bringup/models/tomato_32/materials/scripts/fruit3.material
[2.058s] -- Up-to-date: /home/iot/ros2_ws/install/parc_robot_bringup/share/parc_robot_bringup/models/tomato_32/materials/scripts/fruit2.material
[2.058s] -- Up-to-date: /home/iot/ros2_ws/install/parc_robot_bringup/share/parc_robot_bringup/models/tomato_32/meshes
[2.059s] -- Up-to-date: /home/iot/ros2_ws/install/parc_robot_bringup/share/parc_robot_bringup/models/tomato_32/meshes/.gitignore
[2.059s] -- Up-to-date: /home/iot/ros2_ws/install/parc_robot_bringup/share/parc_robot_bringup/models/tomato_32/meshes/tomato.dae
[2.059s] -- Up-to-date: /home/iot/ros2_ws/install/parc_robot_bringup/share/parc_robot_bringup/models/tomato_32/model.sdf
[2.059s] -- Up-to-date: /home/iot/ros2_ws/install/parc_robot_bringup/share/parc_robot_bringup/models/tomato_32/markers.json
[2.059s] -- Up-to-date: /home/iot/ros2_ws/install/parc_robot_bringup/share/parc_robot_bringup/models/tomato_32/model.config
[2.060s] -- Up-to-date: /home/iot/ros2_ws/install/parc_robot_bringup/share/parc_robot_bringup/models/tomato_33
[2.060s] -- Up-to-date: /home/iot/ros2_ws/install/parc_robot_bringup/share/parc_robot_bringup/models/tomato_33/materials
[2.060s] -- Up-to-date: /home/iot/ros2_ws/install/parc_robot_bringup/share/parc_robot_bringup/models/tomato_33/materials/textures
[2.060s] -- Up-to-date: /home/iot/ros2_ws/install/parc_robot_bringup/share/parc_robot_bringup/models/tomato_33/materials/textures/AG15brn1(copy).png
[2.060s] -- Up-to-date: /home/iot/ros2_ws/install/parc_robot_bringup/share/parc_robot_bringup/models/tomato_33/materials/textures/AG15blo1.png
[2.060s] -- Up-to-date: /home/iot/ros2_ws/install/parc_robot_bringup/share/parc_robot_bringup/models/tomato_33/materials/textures/AG15frt1.png
[2.061s] -- Up-to-date: /home/iot/ros2_ws/install/parc_robot_bringup/share/parc_robot_bringup/models/tomato_33/materials/textures/AG15lef1.png
[2.061s] -- Up-to-date: /home/iot/ros2_ws/install/parc_robot_bringup/share/parc_robot_bringup/models/tomato_33/materials/textures/AG15brn1.png
[2.061s] -- Up-to-date: /home/iot/ros2_ws/install/parc_robot_bringup/share/parc_robot_bringup/models/tomato_33/materials/textures/AG15blo3.png
[2.061s] -- Up-to-date: /home/iot/ros2_ws/install/parc_robot_bringup/share/parc_robot_bringup/models/tomato_33/materials/textures/AG15lef2.png
[2.061s] -- Up-to-date: /home/iot/ros2_ws/install/parc_robot_bringup/share/parc_robot_bringup/models/tomato_33/materials/textures/AG15frt3.png
[2.061s] -- Up-to-date: /home/iot/ros2_ws/install/parc_robot_bringup/share/parc_robot_bringup/models/tomato_33/materials/textures/AG15frt4.png
[2.062s] -- Up-to-date: /home/iot/ros2_ws/install/parc_robot_bringup/share/parc_robot_bringup/models/tomato_33/materials/textures/AG15blo2.png
[2.062s] -- Up-to-date: /home/iot/ros2_ws/install/parc_robot_bringup/share/parc_robot_bringup/models/tomato_33/materials/textures/AG15frt2.png
[2.062s] -- Up-to-date: /home/iot/ros2_ws/install/parc_robot_bringup/share/parc_robot_bringup/models/tomato_33/materials/scripts
[2.062s] -- Up-to-date: /home/iot/ros2_ws/install/parc_robot_bringup/share/parc_robot_bringup/models/tomato_33/materials/scripts/fruit4.material
[2.062s] -- Up-to-date: /home/iot/ros2_ws/install/parc_robot_bringup/share/parc_robot_bringup/models/tomato_33/materials/scripts/branch.material
[2.062s] -- Up-to-date: /home/iot/ros2_ws/install/parc_robot_bringup/share/parc_robot_bringup/models/tomato_33/materials/scripts/blossom1.material
[2.063s] -- Up-to-date: /home/iot/ros2_ws/install/parc_robot_bringup/share/parc_robot_bringup/models/tomato_33/materials/scripts/leaf1.material
[2.063s] -- Up-to-date: /home/iot/ros2_ws/install/parc_robot_bringup/share/parc_robot_bringup/models/tomato_33/materials/scripts/blossom3.material
[2.063s] -- Up-to-date: /home/iot/ros2_ws/install/parc_robot_bringup/share/parc_robot_bringup/models/tomato_33/materials/scripts/leaf2.material
[2.063s] -- Up-to-date: /home/iot/ros2_ws/install/parc_robot_bringup/share/parc_robot_bringup/models/tomato_33/materials/scripts/fruit1.material
[2.063s] -- Up-to-date: /home/iot/ros2_ws/install/parc_robot_bringup/share/parc_robot_bringup/models/tomato_33/materials/scripts/blossom2.material
[2.063s] -- Up-to-date: /home/iot/ros2_ws/install/parc_robot_bringup/share/parc_robot_bringup/models/tomato_33/materials/scripts/fruit3.material
[2.064s] -- Up-to-date: /home/iot/ros2_ws/install/parc_robot_bringup/share/parc_robot_bringup/models/tomato_33/materials/scripts/fruit2.material
[2.064s] -- Up-to-date: /home/iot/ros2_ws/install/parc_robot_bringup/share/parc_robot_bringup/models/tomato_33/meshes
[2.064s] -- Up-to-date: /home/iot/ros2_ws/install/parc_robot_bringup/share/parc_robot_bringup/models/tomato_33/meshes/.gitignore
[2.064s] -- Up-to-date: /home/iot/ros2_ws/install/parc_robot_bringup/share/parc_robot_bringup/models/tomato_33/meshes/tomato.dae
[2.064s] -- Up-to-date: /home/iot/ros2_ws/install/parc_robot_bringup/share/parc_robot_bringup/models/tomato_33/model.sdf
[2.065s] -- Up-to-date: /home/iot/ros2_ws/install/parc_robot_bringup/share/parc_robot_bringup/models/tomato_33/markers.json
[2.065s] -- Up-to-date: /home/iot/ros2_ws/install/parc_robot_bringup/share/parc_robot_bringup/models/tomato_33/model.config
[2.065s] -- Up-to-date: /home/iot/ros2_ws/install/parc_robot_bringup/share/parc_robot_bringup/models/tomato_18
[2.065s] -- Up-to-date: /home/iot/ros2_ws/install/parc_robot_bringup/share/parc_robot_bringup/models/tomato_18/materials
[2.065s] -- Up-to-date: /home/iot/ros2_ws/install/parc_robot_bringup/share/parc_robot_bringup/models/tomato_18/materials/textures
[2.065s] -- Up-to-date: /home/iot/ros2_ws/install/parc_robot_bringup/share/parc_robot_bringup/models/tomato_18/materials/textures/AG15brn1(copy).png
[2.066s] -- Up-to-date: /home/iot/ros2_ws/install/parc_robot_bringup/share/parc_robot_bringup/models/tomato_18/materials/textures/AG15blo1.png
[2.066s] -- Up-to-date: /home/iot/ros2_ws/install/parc_robot_bringup/share/parc_robot_bringup/models/tomato_18/materials/textures/AG15frt1.png
[2.066s] -- Up-to-date: /home/iot/ros2_ws/install/parc_robot_bringup/share/parc_robot_bringup/models/tomato_18/materials/textures/AG15lef1.png
[2.066s] -- Up-to-date: /home/iot/ros2_ws/install/parc_robot_bringup/share/parc_robot_bringup/models/tomato_18/materials/textures/AG15brn1.png
[2.067s] -- Up-to-date: /home/iot/ros2_ws/install/parc_robot_bringup/share/parc_robot_bringup/models/tomato_18/materials/textures/AG15blo3.png
[2.067s] -- Up-to-date: /home/iot/ros2_ws/install/parc_robot_bringup/share/parc_robot_bringup/models/tomato_18/materials/textures/AG15lef2.png
[2.067s] -- Up-to-date: /home/iot/ros2_ws/install/parc_robot_bringup/share/parc_robot_bringup/models/tomato_18/materials/textures/AG15frt3.png
[2.067s] -- Up-to-date: /home/iot/ros2_ws/install/parc_robot_bringup/share/parc_robot_bringup/models/tomato_18/materials/textures/AG15frt4.png
[2.067s] -- Up-to-date: /home/iot/ros2_ws/install/parc_robot_bringup/share/parc_robot_bringup/models/tomato_18/materials/textures/AG15blo2.png
[2.068s] -- Up-to-date: /home/iot/ros2_ws/install/parc_robot_bringup/share/parc_robot_bringup/models/tomato_18/materials/textures/AG15frt2.png
[2.068s] -- Up-to-date: /home/iot/ros2_ws/install/parc_robot_bringup/share/parc_robot_bringup/models/tomato_18/materials/scripts
[2.068s] -- Up-to-date: /home/iot/ros2_ws/install/parc_robot_bringup/share/parc_robot_bringup/models/tomato_18/materials/scripts/fruit4.material
[2.068s] -- Up-to-date: /home/iot/ros2_ws/install/parc_robot_bringup/share/parc_robot_bringup/models/tomato_18/materials/scripts/branch.material
[2.068s] -- Up-to-date: /home/iot/ros2_ws/install/parc_robot_bringup/share/parc_robot_bringup/models/tomato_18/materials/scripts/blossom1.material
[2.069s] -- Up-to-date: /home/iot/ros2_ws/install/parc_robot_bringup/share/parc_robot_bringup/models/tomato_18/materials/scripts/leaf1.material
[2.069s] -- Up-to-date: /home/iot/ros2_ws/install/parc_robot_bringup/share/parc_robot_bringup/models/tomato_18/materials/scripts/blossom3.material
[2.069s] -- Up-to-date: /home/iot/ros2_ws/install/parc_robot_bringup/share/parc_robot_bringup/models/tomato_18/materials/scripts/leaf2.material
[2.069s] -- Up-to-date: /home/iot/ros2_ws/install/parc_robot_bringup/share/parc_robot_bringup/models/tomato_18/materials/scripts/fruit1.material
[2.069s] -- Up-to-date: /home/iot/ros2_ws/install/parc_robot_bringup/share/parc_robot_bringup/models/tomato_18/materials/scripts/blossom2.material
[2.070s] -- Up-to-date: /home/iot/ros2_ws/install/parc_robot_bringup/share/parc_robot_bringup/models/tomato_18/materials/scripts/fruit3.material
[2.070s] -- Up-to-date: /home/iot/ros2_ws/install/parc_robot_bringup/share/parc_robot_bringup/models/tomato_18/materials/scripts/fruit2.material
[2.070s] -- Up-to-date: /home/iot/ros2_ws/install/parc_robot_bringup/share/parc_robot_bringup/models/tomato_18/meshes
[2.070s] -- Up-to-date: /home/iot/ros2_ws/install/parc_robot_bringup/share/parc_robot_bringup/models/tomato_18/meshes/.gitignore
[2.070s] -- Up-to-date: /home/iot/ros2_ws/install/parc_robot_bringup/share/parc_robot_bringup/models/tomato_18/meshes/tomato.dae
[2.071s] -- Up-to-date: /home/iot/ros2_ws/install/parc_robot_bringup/share/parc_robot_bringup/models/tomato_18/model.sdf
[2.071s] -- Up-to-date: /home/iot/ros2_ws/install/parc_robot_bringup/share/parc_robot_bringup/models/tomato_18/markers.json
[2.071s] -- Up-to-date: /home/iot/ros2_ws/install/parc_robot_bringup/share/parc_robot_bringup/models/tomato_18/model.config
[2.071s] -- Up-to-date: /home/iot/ros2_ws/install/parc_robot_bringup/share/parc_robot_bringup/models/materials
[2.072s] -- Up-to-date: /home/iot/ros2_ws/install/parc_robot_bringup/share/parc_robot_bringup/models/materials/textures
[2.072s] -- Up-to-date: /home/iot/ros2_ws/install/parc_robot_bringup/share/parc_robot_bringup/models/materials/textures/flat_normal.png
[2.072s] -- Up-to-date: /home/iot/ros2_ws/install/parc_robot_bringup/share/parc_robot_bringup/models/materials/textures/dirt_diffusespecular.png
[2.072s] -- Up-to-date: /home/iot/ros2_ws/install/parc_robot_bringup/share/parc_robot_bringup/models/materials/textures/grass_roughness.jpg
[2.072s] -- Up-to-date: /home/iot/ros2_ws/install/parc_robot_bringup/share/parc_robot_bringup/models/materials/textures/grass_displacement.jpg
[2.073s] -- Up-to-date: /home/iot/ros2_ws/install/parc_robot_bringup/share/parc_robot_bringup/models/materials/textures/grass_normal.jpg
[2.073s] -- Up-to-date: /home/iot/ros2_ws/install/parc_robot_bringup/share/parc_robot_bringup/models/materials/textures/fungus_diffusespecular.png
[2.073s] -- Up-to-date: /home/iot/ros2_ws/install/parc_robot_bringup/share/parc_robot_bringup/models/materials/textures/grass_color.jpg
[2.073s] -- Up-to-date: /home/iot/ros2_ws/install/parc_robot_bringup/share/parc_robot_bringup/models/materials/textures/plowed_soil.jpg
[2.073s] -- Up-to-date: /home/iot/ros2_ws/install/parc_robot_bringup/share/parc_robot_bringup/models/tomato_16
[2.074s] -- Up-to-date: /home/iot/ros2_ws/install/parc_robot_bringup/share/parc_robot_bringup/models/tomato_16/materials
[2.074s] -- Up-to-date: /home/iot/ros2_ws/install/parc_robot_bringup/share/parc_robot_bringup/models/tomato_16/materials/textures
[2.074s] -- Up-to-date: /home/iot/ros2_ws/install/parc_robot_bringup/share/parc_robot_bringup/models/tomato_16/materials/textures/AG15brn1(copy).png
[2.074s] -- Up-to-date: /home/iot/ros2_ws/install/parc_robot_bringup/share/parc_robot_bringup/models/tomato_16/materials/textures/AG15blo1.png
[2.074s] -- Up-to-date: /home/iot/ros2_ws/install/parc_robot_bringup/share/parc_robot_bringup/models/tomato_16/materials/textures/AG15frt1.png
[2.075s] -- Up-to-date: /home/iot/ros2_ws/install/parc_robot_bringup/share/parc_robot_bringup/models/tomato_16/materials/textures/AG15lef1.png
[2.075s] -- Up-to-date: /home/iot/ros2_ws/install/parc_robot_bringup/share/parc_robot_bringup/models/tomato_16/materials/textures/AG15brn1.png
[2.075s] -- Up-to-date: /home/iot/ros2_ws/install/parc_robot_bringup/share/parc_robot_bringup/models/tomato_16/materials/textures/AG15blo3.png
[2.076s] -- Up-to-date: /home/iot/ros2_ws/install/parc_robot_bringup/share/parc_robot_bringup/models/tomato_16/materials/textures/AG15lef2.png
[2.076s] -- Up-to-date: /home/iot/ros2_ws/install/parc_robot_bringup/share/parc_robot_bringup/models/tomato_16/materials/textures/AG15frt3.png
[2.076s] -- Up-to-date: /home/iot/ros2_ws/install/parc_robot_bringup/share/parc_robot_bringup/models/tomato_16/materials/textures/AG15frt4.png
[2.076s] -- Up-to-date: /home/iot/ros2_ws/install/parc_robot_bringup/share/parc_robot_bringup/models/tomato_16/materials/textures/AG15blo2.png
[2.076s] -- Up-to-date: /home/iot/ros2_ws/install/parc_robot_bringup/share/parc_robot_bringup/models/tomato_16/materials/textures/AG15frt2.png
[2.077s] -- Up-to-date: /home/iot/ros2_ws/install/parc_robot_bringup/share/parc_robot_bringup/models/tomato_16/materials/scripts
[2.077s] -- Up-to-date: /home/iot/ros2_ws/install/parc_robot_bringup/share/parc_robot_bringup/models/tomato_16/materials/scripts/fruit4.material
[2.077s] -- Up-to-date: /home/iot/ros2_ws/install/parc_robot_bringup/share/parc_robot_bringup/models/tomato_16/materials/scripts/branch.material
[2.077s] -- Up-to-date: /home/iot/ros2_ws/install/parc_robot_bringup/share/parc_robot_bringup/models/tomato_16/materials/scripts/blossom1.material
[2.078s] -- Up-to-date: /home/iot/ros2_ws/install/parc_robot_bringup/share/parc_robot_bringup/models/tomato_16/materials/scripts/leaf1.material
[2.078s] -- Up-to-date: /home/iot/ros2_ws/install/parc_robot_bringup/share/parc_robot_bringup/models/tomato_16/materials/scripts/blossom3.material
[2.078s] -- Up-to-date: /home/iot/ros2_ws/install/parc_robot_bringup/share/parc_robot_bringup/models/tomato_16/materials/scripts/leaf2.material
[2.078s] -- Up-to-date: /home/iot/ros2_ws/install/parc_robot_bringup/share/parc_robot_bringup/models/tomato_16/materials/scripts/fruit1.material
[2.078s] -- Up-to-date: /home/iot/ros2_ws/install/parc_robot_bringup/share/parc_robot_bringup/models/tomato_16/materials/scripts/blossom2.material
[2.079s] -- Up-to-date: /home/iot/ros2_ws/install/parc_robot_bringup/share/parc_robot_bringup/models/tomato_16/materials/scripts/fruit3.material
[2.079s] -- Up-to-date: /home/iot/ros2_ws/install/parc_robot_bringup/share/parc_robot_bringup/models/tomato_16/materials/scripts/fruit2.material
[2.079s] -- Up-to-date: /home/iot/ros2_ws/install/parc_robot_bringup/share/parc_robot_bringup/models/tomato_16/meshes
[2.079s] -- Up-to-date: /home/iot/ros2_ws/install/parc_robot_bringup/share/parc_robot_bringup/models/tomato_16/meshes/.gitignore
[2.079s] -- Up-to-date: /home/iot/ros2_ws/install/parc_robot_bringup/share/parc_robot_bringup/models/tomato_16/meshes/tomato.dae
[2.080s] -- Up-to-date: /home/iot/ros2_ws/install/parc_robot_bringup/share/parc_robot_bringup/models/tomato_16/model.sdf
[2.080s] -- Up-to-date: /home/iot/ros2_ws/install/parc_robot_bringup/share/parc_robot_bringup/models/tomato_16/markers.json
[2.080s] -- Up-to-date: /home/iot/ros2_ws/install/parc_robot_bringup/share/parc_robot_bringup/models/tomato_16/model.config
[2.080s] -- Up-to-date: /home/iot/ros2_ws/install/parc_robot_bringup/share/parc_robot_bringup/models/small_peg
[2.080s] -- Up-to-date: /home/iot/ros2_ws/install/parc_robot_bringup/share/parc_robot_bringup/models/small_peg/model.sdf
[2.081s] -- Up-to-date: /home/iot/ros2_ws/install/parc_robot_bringup/share/parc_robot_bringup/models/small_peg/model.config
[2.081s] -- Up-to-date: /home/iot/ros2_ws/install/parc_robot_bringup/share/parc_robot_bringup/models/my_grass_plane
[2.081s] -- Up-to-date: /home/iot/ros2_ws/install/parc_robot_bringup/share/parc_robot_bringup/models/my_grass_plane/materials
[2.081s] -- Up-to-date: /home/iot/ros2_ws/install/parc_robot_bringup/share/parc_robot_bringup/models/my_grass_plane/materials/textures
[2.081s] -- Up-to-date: /home/iot/ros2_ws/install/parc_robot_bringup/share/parc_robot_bringup/models/my_grass_plane/materials/textures/grass_grid.png
[2.082s] -- Up-to-date: /home/iot/ros2_ws/install/parc_robot_bringup/share/parc_robot_bringup/models/my_grass_plane/materials/textures/grass_color.jpg
[2.082s] -- Up-to-date: /home/iot/ros2_ws/install/parc_robot_bringup/share/parc_robot_bringup/models/my_grass_plane/materials/scripts
[2.082s] -- Up-to-date: /home/iot/ros2_ws/install/parc_robot_bringup/share/parc_robot_bringup/models/my_grass_plane/materials/scripts/my_grass_plane.material
[2.082s] -- Up-to-date: /home/iot/ros2_ws/install/parc_robot_bringup/share/parc_robot_bringup/models/my_grass_plane/model.sdf
[2.082s] -- Up-to-date: /home/iot/ros2_ws/install/parc_robot_bringup/share/parc_robot_bringup/models/my_grass_plane/model.config
[2.083s] -- Up-to-date: /home/iot/ros2_ws/install/parc_robot_bringup/share/parc_robot_bringup/models/mud_box
[2.083s] -- Up-to-date: /home/iot/ros2_ws/install/parc_robot_bringup/share/parc_robot_bringup/models/mud_box/model-1_4.sdf
[2.083s] -- Up-to-date: /home/iot/ros2_ws/install/parc_robot_bringup/share/parc_robot_bringup/models/mud_box/materials
[2.083s] -- Up-to-date: /home/iot/ros2_ws/install/parc_robot_bringup/share/parc_robot_bringup/models/mud_box/materials/textures
[2.083s] -- Up-to-date: /home/iot/ros2_ws/install/parc_robot_bringup/share/parc_robot_bringup/models/mud_box/materials/textures/mud_soft_leaves.png
[2.084s] -- Up-to-date: /home/iot/ros2_ws/install/parc_robot_bringup/share/parc_robot_bringup/models/mud_box/materials/scripts
[2.084s] -- Up-to-date: /home/iot/ros2_ws/install/parc_robot_bringup/share/parc_robot_bringup/models/mud_box/materials/scripts/mud.material
[2.084s] -- Up-to-date: /home/iot/ros2_ws/install/parc_robot_bringup/share/parc_robot_bringup/models/mud_box/model.sdf
[2.084s] -- Up-to-date: /home/iot/ros2_ws/install/parc_robot_bringup/share/parc_robot_bringup/models/mud_box/model (copy).sdf
[2.084s] -- Up-to-date: /home/iot/ros2_ws/install/parc_robot_bringup/share/parc_robot_bringup/models/mud_box/model.config
[2.085s] -- Up-to-date: /home/iot/ros2_ws/install/parc_robot_bringup/share/parc_robot_bringup/models/tomato_28
[2.085s] -- Up-to-date: /home/iot/ros2_ws/install/parc_robot_bringup/share/parc_robot_bringup/models/tomato_28/materials
[2.085s] -- Up-to-date: /home/iot/ros2_ws/install/parc_robot_bringup/share/parc_robot_bringup/models/tomato_28/materials/textures
[2.085s] -- Up-to-date: /home/iot/ros2_ws/install/parc_robot_bringup/share/parc_robot_bringup/models/tomato_28/materials/textures/AG15brn1(copy).png
[2.085s] -- Up-to-date: /home/iot/ros2_ws/install/parc_robot_bringup/share/parc_robot_bringup/models/tomato_28/materials/textures/AG15blo1.png
[2.085s] -- Up-to-date: /home/iot/ros2_ws/install/parc_robot_bringup/share/parc_robot_bringup/models/tomato_28/materials/textures/AG15frt1.png
[2.086s] -- Up-to-date: /home/iot/ros2_ws/install/parc_robot_bringup/share/parc_robot_bringup/models/tomato_28/materials/textures/AG15lef1.png
[2.086s] -- Up-to-date: /home/iot/ros2_ws/install/parc_robot_bringup/share/parc_robot_bringup/models/tomato_28/materials/textures/AG15brn1.png
[2.086s] -- Up-to-date: /home/iot/ros2_ws/install/parc_robot_bringup/share/parc_robot_bringup/models/tomato_28/materials/textures/AG15blo3.png
[2.086s] -- Up-to-date: /home/iot/ros2_ws/install/parc_robot_bringup/share/parc_robot_bringup/models/tomato_28/materials/textures/AG15lef2.png
[2.086s] -- Up-to-date: /home/iot/ros2_ws/install/parc_robot_bringup/share/parc_robot_bringup/models/tomato_28/materials/textures/AG15frt3.png
[2.087s] -- Up-to-date: /home/iot/ros2_ws/install/parc_robot_bringup/share/parc_robot_bringup/models/tomato_28/materials/textures/AG15frt4.png
[2.087s] -- Up-to-date: /home/iot/ros2_ws/install/parc_robot_bringup/share/parc_robot_bringup/models/tomato_28/materials/textures/AG15blo2.png
[2.087s] -- Up-to-date: /home/iot/ros2_ws/install/parc_robot_bringup/share/parc_robot_bringup/models/tomato_28/materials/textures/AG15frt2.png
[2.087s] -- Up-to-date: /home/iot/ros2_ws/install/parc_robot_bringup/share/parc_robot_bringup/models/tomato_28/materials/scripts
[2.088s] -- Up-to-date: /home/iot/ros2_ws/install/parc_robot_bringup/share/parc_robot_bringup/models/tomato_28/materials/scripts/fruit4.material
[2.088s] -- Up-to-date: /home/iot/ros2_ws/install/parc_robot_bringup/share/parc_robot_bringup/models/tomato_28/materials/scripts/branch.material
[2.089s] -- Up-to-date: /home/iot/ros2_ws/install/parc_robot_bringup/share/parc_robot_bringup/models/tomato_28/materials/scripts/blossom1.material
[2.089s] -- Up-to-date: /home/iot/ros2_ws/install/parc_robot_bringup/share/parc_robot_bringup/models/tomato_28/materials/scripts/leaf1.material
[2.089s] -- Up-to-date: /home/iot/ros2_ws/install/parc_robot_bringup/share/parc_robot_bringup/models/tomato_28/materials/scripts/blossom3.material
[2.089s] -- Up-to-date: /home/iot/ros2_ws/install/parc_robot_bringup/share/parc_robot_bringup/models/tomato_28/materials/scripts/leaf2.material
[2.089s] -- Up-to-date: /home/iot/ros2_ws/install/parc_robot_bringup/share/parc_robot_bringup/models/tomato_28/materials/scripts/fruit1.material
[2.090s] -- Up-to-date: /home/iot/ros2_ws/install/parc_robot_bringup/share/parc_robot_bringup/models/tomato_28/materials/scripts/blossom2.material
[2.090s] -- Up-to-date: /home/iot/ros2_ws/install/parc_robot_bringup/share/parc_robot_bringup/models/tomato_28/materials/scripts/fruit3.material
[2.090s] -- Up-to-date: /home/iot/ros2_ws/install/parc_robot_bringup/share/parc_robot_bringup/models/tomato_28/materials/scripts/fruit2.material
[2.090s] -- Up-to-date: /home/iot/ros2_ws/install/parc_robot_bringup/share/parc_robot_bringup/models/tomato_28/meshes
[2.090s] -- Up-to-date: /home/iot/ros2_ws/install/parc_robot_bringup/share/parc_robot_bringup/models/tomato_28/meshes/.gitignore
[2.090s] -- Up-to-date: /home/iot/ros2_ws/install/parc_robot_bringup/share/parc_robot_bringup/models/tomato_28/meshes/tomato.dae
[2.091s] -- Up-to-date: /home/iot/ros2_ws/install/parc_robot_bringup/share/parc_robot_bringup/models/tomato_28/model.sdf
[2.091s] -- Up-to-date: /home/iot/ros2_ws/install/parc_robot_bringup/share/parc_robot_bringup/models/tomato_28/markers.json
[2.091s] -- Up-to-date: /home/iot/ros2_ws/install/parc_robot_bringup/share/parc_robot_bringup/models/tomato_28/model.config
[2.091s] -- Up-to-date: /home/iot/ros2_ws/install/parc_robot_bringup/share/parc_robot_bringup/models/tomato_13
[2.091s] -- Up-to-date: /home/iot/ros2_ws/install/parc_robot_bringup/share/parc_robot_bringup/models/tomato_13/materials
[2.092s] -- Up-to-date: /home/iot/ros2_ws/install/parc_robot_bringup/share/parc_robot_bringup/models/tomato_13/materials/textures
[2.092s] -- Up-to-date: /home/iot/ros2_ws/install/parc_robot_bringup/share/parc_robot_bringup/models/tomato_13/materials/textures/AG15brn1(copy).png
[2.092s] -- Up-to-date: /home/iot/ros2_ws/install/parc_robot_bringup/share/parc_robot_bringup/models/tomato_13/materials/textures/AG15blo1.png
[2.092s] -- Up-to-date: /home/iot/ros2_ws/install/parc_robot_bringup/share/parc_robot_bringup/models/tomato_13/materials/textures/AG15frt1.png
[2.092s] -- Up-to-date: /home/iot/ros2_ws/install/parc_robot_bringup/share/parc_robot_bringup/models/tomato_13/materials/textures/AG15lef1.png
[2.092s] -- Up-to-date: /home/iot/ros2_ws/install/parc_robot_bringup/share/parc_robot_bringup/models/tomato_13/materials/textures/AG15brn1.png
[2.093s] -- Up-to-date: /home/iot/ros2_ws/install/parc_robot_bringup/share/parc_robot_bringup/models/tomato_13/materials/textures/AG15blo3.png
[2.093s] -- Up-to-date: /home/iot/ros2_ws/install/parc_robot_bringup/share/parc_robot_bringup/models/tomato_13/materials/textures/AG15lef2.png
[2.099s] -- Up-to-date: /home/iot/ros2_ws/install/parc_robot_bringup/share/parc_robot_bringup/models/tomato_13/materials/textures/AG15frt3.png
[2.100s] -- Up-to-date: /home/iot/ros2_ws/install/parc_robot_bringup/share/parc_robot_bringup/models/tomato_13/materials/textures/AG15frt4.png
[2.100s] -- Up-to-date: /home/iot/ros2_ws/install/parc_robot_bringup/share/parc_robot_bringup/models/tomato_13/materials/textures/AG15blo2.png
[2.100s] -- Up-to-date: /home/iot/ros2_ws/install/parc_robot_bringup/share/parc_robot_bringup/models/tomato_13/materials/textures/AG15frt2.png
[2.100s] -- Up-to-date: /home/iot/ros2_ws/install/parc_robot_bringup/share/parc_robot_bringup/models/tomato_13/materials/scripts
[2.100s] -- Up-to-date: /home/iot/ros2_ws/install/parc_robot_bringup/share/parc_robot_bringup/models/tomato_13/materials/scripts/fruit4.material
[2.100s] -- Up-to-date: /home/iot/ros2_ws/install/parc_robot_bringup/share/parc_robot_bringup/models/tomato_13/materials/scripts/branch.material
[2.101s] -- Up-to-date: /home/iot/ros2_ws/install/parc_robot_bringup/share/parc_robot_bringup/models/tomato_13/materials/scripts/blossom1.material
[2.101s] -- Up-to-date: /home/iot/ros2_ws/install/parc_robot_bringup/share/parc_robot_bringup/models/tomato_13/materials/scripts/leaf1.material
[2.101s] -- Up-to-date: /home/iot/ros2_ws/install/parc_robot_bringup/share/parc_robot_bringup/models/tomato_13/materials/scripts/blossom3.material
[2.101s] -- Up-to-date: /home/iot/ros2_ws/install/parc_robot_bringup/share/parc_robot_bringup/models/tomato_13/materials/scripts/leaf2.material
[2.101s] -- Up-to-date: /home/iot/ros2_ws/install/parc_robot_bringup/share/parc_robot_bringup/models/tomato_13/materials/scripts/fruit1.material
[2.101s] -- Up-to-date: /home/iot/ros2_ws/install/parc_robot_bringup/share/parc_robot_bringup/models/tomato_13/materials/scripts/blossom2.material
[2.102s] -- Up-to-date: /home/iot/ros2_ws/install/parc_robot_bringup/share/parc_robot_bringup/models/tomato_13/materials/scripts/fruit3.material
[2.102s] -- Up-to-date: /home/iot/ros2_ws/install/parc_robot_bringup/share/parc_robot_bringup/models/tomato_13/materials/scripts/fruit2.material
[2.102s] -- Up-to-date: /home/iot/ros2_ws/install/parc_robot_bringup/share/parc_robot_bringup/models/tomato_13/meshes
[2.102s] -- Up-to-date: /home/iot/ros2_ws/install/parc_robot_bringup/share/parc_robot_bringup/models/tomato_13/meshes/.gitignore
[2.102s] -- Up-to-date: /home/iot/ros2_ws/install/parc_robot_bringup/share/parc_robot_bringup/models/tomato_13/meshes/tomato.dae
[2.102s] -- Up-to-date: /home/iot/ros2_ws/install/parc_robot_bringup/share/parc_robot_bringup/models/tomato_13/model.sdf
[2.103s] -- Up-to-date: /home/iot/ros2_ws/install/parc_robot_bringup/share/parc_robot_bringup/models/tomato_13/markers.json
[2.103s] -- Up-to-date: /home/iot/ros2_ws/install/parc_robot_bringup/share/parc_robot_bringup/models/tomato_13/model.config
[2.103s] -- Up-to-date: /home/iot/ros2_ws/install/parc_robot_bringup/share/parc_robot_bringup/models/tomato_34
[2.103s] -- Up-to-date: /home/iot/ros2_ws/install/parc_robot_bringup/share/parc_robot_bringup/models/tomato_34/materials
[2.103s] -- Up-to-date: /home/iot/ros2_ws/install/parc_robot_bringup/share/parc_robot_bringup/models/tomato_34/materials/textures
[2.103s] -- Up-to-date: /home/iot/ros2_ws/install/parc_robot_bringup/share/parc_robot_bringup/models/tomato_34/materials/textures/AG15brn1(copy).png
[2.104s] -- Up-to-date: /home/iot/ros2_ws/install/parc_robot_bringup/share/parc_robot_bringup/models/tomato_34/materials/textures/AG15blo1.png
[2.104s] -- Up-to-date: /home/iot/ros2_ws/install/parc_robot_bringup/share/parc_robot_bringup/models/tomato_34/materials/textures/AG15frt1.png
[2.104s] -- Up-to-date: /home/iot/ros2_ws/install/parc_robot_bringup/share/parc_robot_bringup/models/tomato_34/materials/textures/AG15lef1.png
[2.104s] -- Up-to-date: /home/iot/ros2_ws/install/parc_robot_bringup/share/parc_robot_bringup/models/tomato_34/materials/textures/AG15brn1.png
[2.104s] -- Up-to-date: /home/iot/ros2_ws/install/parc_robot_bringup/share/parc_robot_bringup/models/tomato_34/materials/textures/AG15blo3.png
[2.104s] -- Up-to-date: /home/iot/ros2_ws/install/parc_robot_bringup/share/parc_robot_bringup/models/tomato_34/materials/textures/AG15lef2.png
[2.105s] -- Up-to-date: /home/iot/ros2_ws/install/parc_robot_bringup/share/parc_robot_bringup/models/tomato_34/materials/textures/AG15frt3.png
[2.105s] -- Up-to-date: /home/iot/ros2_ws/install/parc_robot_bringup/share/parc_robot_bringup/models/tomato_34/materials/textures/AG15frt4.png
[2.105s] -- Up-to-date: /home/iot/ros2_ws/install/parc_robot_bringup/share/parc_robot_bringup/models/tomato_34/materials/textures/AG15blo2.png
[2.105s] -- Up-to-date: /home/iot/ros2_ws/install/parc_robot_bringup/share/parc_robot_bringup/models/tomato_34/materials/textures/AG15frt2.png
[2.105s] -- Up-to-date: /home/iot/ros2_ws/install/parc_robot_bringup/share/parc_robot_bringup/models/tomato_34/materials/scripts
[2.105s] -- Up-to-date: /home/iot/ros2_ws/install/parc_robot_bringup/share/parc_robot_bringup/models/tomato_34/materials/scripts/fruit4.material
[2.106s] -- Up-to-date: /home/iot/ros2_ws/install/parc_robot_bringup/share/parc_robot_bringup/models/tomato_34/materials/scripts/branch.material
[2.106s] -- Up-to-date: /home/iot/ros2_ws/install/parc_robot_bringup/share/parc_robot_bringup/models/tomato_34/materials/scripts/blossom1.material
[2.106s] -- Up-to-date: /home/iot/ros2_ws/install/parc_robot_bringup/share/parc_robot_bringup/models/tomato_34/materials/scripts/leaf1.material
[2.106s] -- Up-to-date: /home/iot/ros2_ws/install/parc_robot_bringup/share/parc_robot_bringup/models/tomato_34/materials/scripts/blossom3.material
[2.106s] -- Up-to-date: /home/iot/ros2_ws/install/parc_robot_bringup/share/parc_robot_bringup/models/tomato_34/materials/scripts/leaf2.material
[2.106s] -- Up-to-date: /home/iot/ros2_ws/install/parc_robot_bringup/share/parc_robot_bringup/models/tomato_34/materials/scripts/fruit1.material
[2.107s] -- Up-to-date: /home/iot/ros2_ws/install/parc_robot_bringup/share/parc_robot_bringup/models/tomato_34/materials/scripts/blossom2.material
[2.107s] -- Up-to-date: /home/iot/ros2_ws/install/parc_robot_bringup/share/parc_robot_bringup/models/tomato_34/materials/scripts/fruit3.material
[2.107s] -- Up-to-date: /home/iot/ros2_ws/install/parc_robot_bringup/share/parc_robot_bringup/models/tomato_34/materials/scripts/fruit2.material
[2.107s] -- Up-to-date: /home/iot/ros2_ws/install/parc_robot_bringup/share/parc_robot_bringup/models/tomato_34/meshes
[2.114s] -- Up-to-date: /home/iot/ros2_ws/install/parc_robot_bringup/share/parc_robot_bringup/models/tomato_34/meshes/.gitignore
[2.114s] -- Up-to-date: /home/iot/ros2_ws/install/parc_robot_bringup/share/parc_robot_bringup/models/tomato_34/meshes/tomato.dae
[2.114s] -- Up-to-date: /home/iot/ros2_ws/install/parc_robot_bringup/share/parc_robot_bringup/models/tomato_34/model.sdf
[2.114s] -- Up-to-date: /home/iot/ros2_ws/install/parc_robot_bringup/share/parc_robot_bringup/models/tomato_34/markers.json
[2.114s] -- Up-to-date: /home/iot/ros2_ws/install/parc_robot_bringup/share/parc_robot_bringup/models/tomato_34/model.config
[2.115s] -- Up-to-date: /home/iot/ros2_ws/install/parc_robot_bringup/share/parc_robot_bringup/models/peg
[2.115s] -- Up-to-date: /home/iot/ros2_ws/install/parc_robot_bringup/share/parc_robot_bringup/models/peg/model.sdf
[2.115s] -- Up-to-date: /home/iot/ros2_ws/install/parc_robot_bringup/share/parc_robot_bringup/models/peg/model.config
[2.115s] -- Up-to-date: /home/iot/ros2_ws/install/parc_robot_bringup/share/parc_robot_bringup/rviz
[2.115s] -- Up-to-date: /home/iot/ros2_ws/install/parc_robot_bringup/share/parc_robot_bringup/rviz/task2.rviz
[2.115s] -- Up-to-date: /home/iot/ros2_ws/install/parc_robot_bringup/share/parc_robot_bringup/rviz/task1.rviz
[2.116s] -- Up-to-date: /home/iot/ros2_ws/install/parc_robot_bringup/share/parc_robot_bringup/rviz/parc_robot_bringup.rviz
[2.116s] -- Up-to-date: /home/iot/ros2_ws/install/parc_robot_bringup/share/parc_robot_bringup/worlds
[2.116s] -- Up-to-date: /home/iot/ros2_ws/install/parc_robot_bringup/share/parc_robot_bringup/worlds/parc_task1.world
[2.116s] -- Up-to-date: /home/iot/ros2_ws/install/parc_robot_bringup/share/parc_robot_bringup/worlds/world3.world
[2.116s] -- Up-to-date: /home/iot/ros2_ws/install/parc_robot_bringup/share/parc_robot_bringup/worlds/world1.world
[2.116s] -- Up-to-date: /home/iot/ros2_ws/install/parc_robot_bringup/share/parc_robot_bringup/worlds/world2.world
[2.117s] -- Up-to-date: /home/iot/ros2_ws/install/parc_robot_bringup/share/parc_robot_bringup/environment/pythonpath.sh
[2.117s] -- Up-to-date: /home/iot/ros2_ws/install/parc_robot_bringup/share/parc_robot_bringup/environment/pythonpath.dsv
[2.117s] -- Up-to-date: /home/iot/ros2_ws/install/parc_robot_bringup/local/lib/python3.10/dist-packages/parc_robot_bringup-0.0.0-py3.10.egg-info
[2.117s] -- Installing: /home/iot/ros2_ws/install/parc_robot_bringup/local/lib/python3.10/dist-packages/parc_robot_bringup-0.0.0-py3.10.egg-info/PKG-INFO
[2.117s] -- Installing: /home/iot/ros2_ws/install/parc_robot_bringup/local/lib/python3.10/dist-packages/parc_robot_bringup-0.0.0-py3.10.egg-info/dependency_links.txt
[2.117s] -- Installing: /home/iot/ros2_ws/install/parc_robot_bringup/local/lib/python3.10/dist-packages/parc_robot_bringup-0.0.0-py3.10.egg-info/SOURCES.txt
[2.117s] -- Installing: /home/iot/ros2_ws/install/parc_robot_bringup/local/lib/python3.10/dist-packages/parc_robot_bringup-0.0.0-py3.10.egg-info/top_level.txt
[2.118s] -- Up-to-date: /home/iot/ros2_ws/install/parc_robot_bringup/local/lib/python3.10/dist-packages/parc_robot_bringup
[2.118s] -- Up-to-date: /home/iot/ros2_ws/install/parc_robot_bringup/local/lib/python3.10/dist-packages/parc_robot_bringup/__init__.py
[2.118s] -- Up-to-date: /home/iot/ros2_ws/install/parc_robot_bringup/local/lib/python3.10/dist-packages/parc_robot_bringup/gps2cartesian.py
[2.172s] Listing '/home/iot/ros2_ws/install/parc_robot_bringup/local/lib/python3.10/dist-packages/parc_robot_bringup'...
[2.182s] -- Up-to-date: /home/iot/ros2_ws/install/parc_robot_bringup/lib/parc_robot_bringup/load_task1_params.py
[2.183s] -- Up-to-date: /home/iot/ros2_ws/install/parc_robot_bringup/lib/parc_robot_bringup/parc_robot_route.py
[2.183s] -- Up-to-date: /home/iot/ros2_ws/install/parc_robot_bringup/lib/parc_robot_bringup/parc_robot_nav.py
[2.183s] -- Up-to-date: /home/iot/ros2_ws/install/parc_robot_bringup/share/ament_index/resource_index/package_run_dependencies/parc_robot_bringup
[2.183s] -- Up-to-date: /home/iot/ros2_ws/install/parc_robot_bringup/share/ament_index/resource_index/parent_prefix_path/parc_robot_bringup
[2.184s] -- Up-to-date: /home/iot/ros2_ws/install/parc_robot_bringup/share/parc_robot_bringup/environment/ament_prefix_path.sh
[2.184s] -- Up-to-date: /home/iot/ros2_ws/install/parc_robot_bringup/share/parc_robot_bringup/environment/ament_prefix_path.dsv
[2.184s] -- Up-to-date: /home/iot/ros2_ws/install/parc_robot_bringup/share/parc_robot_bringup/environment/path.sh
[2.184s] -- Up-to-date: /home/iot/ros2_ws/install/parc_robot_bringup/share/parc_robot_bringup/environment/path.dsv
[2.185s] -- Up-to-date: /home/iot/ros2_ws/install/parc_robot_bringup/share/parc_robot_bringup/local_setup.bash
[2.185s] -- Up-to-date: /home/iot/ros2_ws/install/parc_robot_bringup/share/parc_robot_bringup/local_setup.sh
[2.185s] -- Up-to-date: /home/iot/ros2_ws/install/parc_robot_bringup/share/parc_robot_bringup/local_setup.zsh
[2.185s] -- Up-to-date: /home/iot/ros2_ws/install/parc_robot_bringup/share/parc_robot_bringup/local_setup.dsv
[2.186s] -- Installing: /home/iot/ros2_ws/install/parc_robot_bringup/share/parc_robot_bringup/package.dsv
[2.186s] -- Up-to-date: /home/iot/ros2_ws/install/parc_robot_bringup/share/ament_index/resource_index/packages/parc_robot_bringup
[2.186s] -- Up-to-date: /home/iot/ros2_ws/install/parc_robot_bringup/share/parc_robot_bringup/cmake/parc_robot_bringupConfig.cmake
[2.186s] -- Up-to-date: /home/iot/ros2_ws/install/parc_robot_bringup/share/parc_robot_bringup/cmake/parc_robot_bringupConfig-version.cmake
[2.186s] -- Up-to-date: /home/iot/ros2_ws/install/parc_robot_bringup/share/parc_robot_bringup/package.xml
[2.191s] Invoked command in '/home/iot/ros2_ws/build/parc_robot_bringup' returned '0': CMAKE_PREFIX_PATH=/home/iot/ros2_ws/install/parc_robot_interfaces:/home/iot/ros2_ws/install/parc_robot_description:/home/iot/ros2_ws/install/parc_robot_bringup:/home/iot/ros2_ws/install/parc_robot:/home/iot/ros2_ws/install/tomatoes_detection1:/opt/ros/humble /usr/bin/cmake --install /home/iot/ros2_ws/build/parc_robot_bringup
