[0.051s] Invoking command in '/home/iot/ros2_ws/build/parc_robot_interfaces': CMAKE_PREFIX_PATH=/opt/ros/humble /usr/bin/cmake --build /home/iot/ros2_ws/build/parc_robot_interfaces -- -j8 -l8
[0.186s] [35m[1mConsolidate compiler generated dependencies of target parc_robot_interfaces__rosidl_generator_c[0m
[0.211s] [  3%] Built target parc_robot_interfaces__cpp
[0.236s] [ 12%] Built target parc_robot_interfaces__rosidl_generator_c
[0.250s] [ 12%] Built target ament_cmake_python_copy_parc_robot_interfaces
[0.256s] [35m[1mConsolidate compiler generated dependencies of target parc_robot_interfaces__rosidl_typesupport_fastrtps_cpp[0m
[0.257s] [35m[1mConsolidate compiler generated dependencies of target parc_robot_interfaces__rosidl_typesupport_introspection_cpp[0m
[0.258s] [35m[1mConsolidate compiler generated dependencies of target parc_robot_interfaces__rosidl_typesupport_cpp[0m
[0.286s] [35m[1mConsolidate compiler generated dependencies of target parc_robot_interfaces__rosidl_typesupport_c[0m
[0.288s] [35m[1mConsolidate compiler generated dependencies of target parc_robot_interfaces__rosidl_typesupport_fastrtps_c[0m
[0.289s] [35m[1mConsolidate compiler generated dependencies of target parc_robot_interfaces__rosidl_typesupport_introspection_c[0m
[0.356s] [ 22%] Built target parc_robot_interfaces__rosidl_typesupport_introspection_cpp
[0.362s] [ 32%] Built target parc_robot_interfaces__rosidl_typesupport_fastrtps_cpp
[0.373s] [ 41%] Built target parc_robot_interfaces__rosidl_typesupport_cpp
[0.373s] [ 51%] Built target parc_robot_interfaces__rosidl_typesupport_c
[0.374s] [ 61%] Built target parc_robot_interfaces__rosidl_typesupport_fastrtps_c
[0.374s] [ 70%] Built target parc_robot_interfaces__rosidl_typesupport_introspection_c
[0.415s] [ 70%] Built target parc_robot_interfaces
[0.478s] [ 74%] Built target parc_robot_interfaces__py
[0.512s] [35m[1mConsolidate compiler generated dependencies of target parc_robot_interfaces__rosidl_generator_py[0m
[0.553s] [ 80%] Built target parc_robot_interfaces__rosidl_generator_py
[0.589s] [35m[1mConsolidate compiler generated dependencies of target parc_robot_interfaces__rosidl_typesupport_fastrtps_c__pyext[0m
[0.590s] [35m[1mConsolidate compiler generated dependencies of target parc_robot_interfaces__rosidl_typesupport_introspection_c__pyext[0m
[0.590s] [35m[1mConsolidate compiler generated dependencies of target parc_robot_interfaces__rosidl_typesupport_c__pyext[0m
[0.630s] [ 87%] Built target parc_robot_interfaces__rosidl_typesupport_fastrtps_c__pyext
[0.630s] [ 93%] Built target parc_robot_interfaces__rosidl_typesupport_introspection_c__pyext
[0.635s] [100%] Built target parc_robot_interfaces__rosidl_typesupport_c__pyext
[1.283s] running egg_info
[1.286s] writing parc_robot_interfaces.egg-info/PKG-INFO
[1.287s] writing dependency_links to parc_robot_interfaces.egg-info/dependency_links.txt
[1.288s] writing top-level names to parc_robot_interfaces.egg-info/top_level.txt
[1.296s] reading manifest file 'parc_robot_interfaces.egg-info/SOURCES.txt'
[1.299s] writing manifest file 'parc_robot_interfaces.egg-info/SOURCES.txt'
[1.402s] [100%] Built target ament_cmake_python_build_parc_robot_interfaces_egg
[1.441s] Invoked command in '/home/iot/ros2_ws/build/parc_robot_interfaces' returned '0': CMAKE_PREFIX_PATH=/opt/ros/humble /usr/bin/cmake --build /home/iot/ros2_ws/build/parc_robot_interfaces -- -j8 -l8
[1.619s] Invoking command in '/home/iot/ros2_ws/build/parc_robot_interfaces': CMAKE_PREFIX_PATH=/opt/ros/humble /usr/bin/cmake --install /home/iot/ros2_ws/build/parc_robot_interfaces
[1.647s] -- Install configuration: ""
[1.648s] -- Up-to-date: /home/iot/ros2_ws/install/parc_robot_interfaces/share/ament_index/resource_index/rosidl_interfaces/parc_robot_interfaces
[1.649s] -- Up-to-date: /home/iot/ros2_ws/install/parc_robot_interfaces/include/parc_robot_interfaces/parc_robot_interfaces
[1.650s] -- Up-to-date: /home/iot/ros2_ws/install/parc_robot_interfaces/include/parc_robot_interfaces/parc_robot_interfaces/msg
[1.650s] -- Up-to-date: /home/iot/ros2_ws/install/parc_robot_interfaces/include/parc_robot_interfaces/parc_robot_interfaces/msg/detail
[1.651s] -- Up-to-date: /home/iot/ros2_ws/install/parc_robot_interfaces/include/parc_robot_interfaces/parc_robot_interfaces/msg/detail/crop_yield__functions.c
[1.651s] -- Up-to-date: /home/iot/ros2_ws/install/parc_robot_interfaces/include/parc_robot_interfaces/parc_robot_interfaces/msg/detail/crop_yield__functions.h
[1.652s] -- Up-to-date: /home/iot/ros2_ws/install/parc_robot_interfaces/include/parc_robot_interfaces/parc_robot_interfaces/msg/detail/crop_yield__type_support.h
[1.652s] -- Up-to-date: /home/iot/ros2_ws/install/parc_robot_interfaces/include/parc_robot_interfaces/parc_robot_interfaces/msg/detail/crop_yield__struct.h
[1.652s] -- Up-to-date: /home/iot/ros2_ws/install/parc_robot_interfaces/include/parc_robot_interfaces/parc_robot_interfaces/msg/rosidl_generator_c__visibility_control.h
[1.653s] -- Up-to-date: /home/iot/ros2_ws/install/parc_robot_interfaces/include/parc_robot_interfaces/parc_robot_interfaces/msg/crop_yield.h
[1.653s] -- Up-to-date: /home/iot/ros2_ws/install/parc_robot_interfaces/share/parc_robot_interfaces/environment/library_path.sh
[1.653s] -- Up-to-date: /home/iot/ros2_ws/install/parc_robot_interfaces/share/parc_robot_interfaces/environment/library_path.dsv
[1.654s] -- Up-to-date: /home/iot/ros2_ws/install/parc_robot_interfaces/lib/libparc_robot_interfaces__rosidl_generator_c.so
[1.654s] -- Up-to-date: /home/iot/ros2_ws/install/parc_robot_interfaces/include/parc_robot_interfaces/parc_robot_interfaces
[1.655s] -- Up-to-date: /home/iot/ros2_ws/install/parc_robot_interfaces/include/parc_robot_interfaces/parc_robot_interfaces/msg
[1.655s] -- Up-to-date: /home/iot/ros2_ws/install/parc_robot_interfaces/include/parc_robot_interfaces/parc_robot_interfaces/msg/rosidl_typesupport_fastrtps_c__visibility_control.h
[1.655s] -- Up-to-date: /home/iot/ros2_ws/install/parc_robot_interfaces/include/parc_robot_interfaces/parc_robot_interfaces/msg/detail
[1.655s] -- Up-to-date: /home/iot/ros2_ws/install/parc_robot_interfaces/include/parc_robot_interfaces/parc_robot_interfaces/msg/detail/crop_yield__rosidl_typesupport_fastrtps_c.h
[1.656s] -- Up-to-date: /home/iot/ros2_ws/install/parc_robot_interfaces/lib/libparc_robot_interfaces__rosidl_typesupport_fastrtps_c.so
[1.656s] -- Up-to-date: /home/iot/ros2_ws/install/parc_robot_interfaces/include/parc_robot_interfaces/parc_robot_interfaces
[1.657s] -- Up-to-date: /home/iot/ros2_ws/install/parc_robot_interfaces/include/parc_robot_interfaces/parc_robot_interfaces/msg
[1.657s] -- Up-to-date: /home/iot/ros2_ws/install/parc_robot_interfaces/include/parc_robot_interfaces/parc_robot_interfaces/msg/detail
[1.658s] -- Up-to-date: /home/iot/ros2_ws/install/parc_robot_interfaces/include/parc_robot_interfaces/parc_robot_interfaces/msg/detail/crop_yield__type_support.c
[1.658s] -- Up-to-date: /home/iot/ros2_ws/install/parc_robot_interfaces/include/parc_robot_interfaces/parc_robot_interfaces/msg/detail/crop_yield__rosidl_typesupport_introspection_c.h
[1.659s] -- Up-to-date: /home/iot/ros2_ws/install/parc_robot_interfaces/include/parc_robot_interfaces/parc_robot_interfaces/msg/rosidl_typesupport_introspection_c__visibility_control.h
[1.659s] -- Up-to-date: /home/iot/ros2_ws/install/parc_robot_interfaces/lib/libparc_robot_interfaces__rosidl_typesupport_introspection_c.so
[1.659s] -- Up-to-date: /home/iot/ros2_ws/install/parc_robot_interfaces/lib/libparc_robot_interfaces__rosidl_typesupport_c.so
[1.660s] -- Up-to-date: /home/iot/ros2_ws/install/parc_robot_interfaces/include/parc_robot_interfaces/parc_robot_interfaces
[1.660s] -- Up-to-date: /home/iot/ros2_ws/install/parc_robot_interfaces/include/parc_robot_interfaces/parc_robot_interfaces/msg
[1.660s] -- Up-to-date: /home/iot/ros2_ws/install/parc_robot_interfaces/include/parc_robot_interfaces/parc_robot_interfaces/msg/detail
[1.661s] -- Up-to-date: /home/iot/ros2_ws/install/parc_robot_interfaces/include/parc_robot_interfaces/parc_robot_interfaces/msg/detail/crop_yield__builder.hpp
[1.661s] -- Up-to-date: /home/iot/ros2_ws/install/parc_robot_interfaces/include/parc_robot_interfaces/parc_robot_interfaces/msg/detail/crop_yield__struct.hpp
[1.661s] -- Up-to-date: /home/iot/ros2_ws/install/parc_robot_interfaces/include/parc_robot_interfaces/parc_robot_interfaces/msg/detail/crop_yield__traits.hpp
[1.662s] -- Up-to-date: /home/iot/ros2_ws/install/parc_robot_interfaces/include/parc_robot_interfaces/parc_robot_interfaces/msg/crop_yield.hpp
[1.662s] -- Up-to-date: /home/iot/ros2_ws/install/parc_robot_interfaces/include/parc_robot_interfaces/parc_robot_interfaces
[1.662s] -- Up-to-date: /home/iot/ros2_ws/install/parc_robot_interfaces/include/parc_robot_interfaces/parc_robot_interfaces/msg
[1.663s] -- Up-to-date: /home/iot/ros2_ws/install/parc_robot_interfaces/include/parc_robot_interfaces/parc_robot_interfaces/msg/rosidl_typesupport_fastrtps_cpp__visibility_control.h
[1.663s] -- Up-to-date: /home/iot/ros2_ws/install/parc_robot_interfaces/include/parc_robot_interfaces/parc_robot_interfaces/msg/detail
[1.663s] -- Up-to-date: /home/iot/ros2_ws/install/parc_robot_interfaces/include/parc_robot_interfaces/parc_robot_interfaces/msg/detail/dds_fastrtps
[1.664s] -- Up-to-date: /home/iot/ros2_ws/install/parc_robot_interfaces/include/parc_robot_interfaces/parc_robot_interfaces/msg/detail/crop_yield__rosidl_typesupport_fastrtps_cpp.hpp
[1.664s] -- Up-to-date: /home/iot/ros2_ws/install/parc_robot_interfaces/lib/libparc_robot_interfaces__rosidl_typesupport_fastrtps_cpp.so
[1.664s] -- Up-to-date: /home/iot/ros2_ws/install/parc_robot_interfaces/include/parc_robot_interfaces/parc_robot_interfaces
[1.665s] -- Up-to-date: /home/iot/ros2_ws/install/parc_robot_interfaces/include/parc_robot_interfaces/parc_robot_interfaces/msg
[1.665s] -- Up-to-date: /home/iot/ros2_ws/install/parc_robot_interfaces/include/parc_robot_interfaces/parc_robot_interfaces/msg/detail
[1.666s] -- Up-to-date: /home/iot/ros2_ws/install/parc_robot_interfaces/include/parc_robot_interfaces/parc_robot_interfaces/msg/detail/crop_yield__rosidl_typesupport_introspection_cpp.hpp
[1.666s] -- Up-to-date: /home/iot/ros2_ws/install/parc_robot_interfaces/include/parc_robot_interfaces/parc_robot_interfaces/msg/detail/crop_yield__type_support.cpp
[1.666s] -- Up-to-date: /home/iot/ros2_ws/install/parc_robot_interfaces/lib/libparc_robot_interfaces__rosidl_typesupport_introspection_cpp.so
[1.667s] -- Up-to-date: /home/iot/ros2_ws/install/parc_robot_interfaces/lib/libparc_robot_interfaces__rosidl_typesupport_cpp.so
[1.667s] -- Up-to-date: /home/iot/ros2_ws/install/parc_robot_interfaces/share/parc_robot_interfaces/environment/pythonpath.sh
[1.667s] -- Up-to-date: /home/iot/ros2_ws/install/parc_robot_interfaces/share/parc_robot_interfaces/environment/pythonpath.dsv
[1.667s] -- Up-to-date: /home/iot/ros2_ws/install/parc_robot_interfaces/local/lib/python3.10/dist-packages/parc_robot_interfaces-0.0.0-py3.10.egg-info
[1.667s] -- Installing: /home/iot/ros2_ws/install/parc_robot_interfaces/local/lib/python3.10/dist-packages/parc_robot_interfaces-0.0.0-py3.10.egg-info/PKG-INFO
[1.668s] -- Installing: /home/iot/ros2_ws/install/parc_robot_interfaces/local/lib/python3.10/dist-packages/parc_robot_interfaces-0.0.0-py3.10.egg-info/dependency_links.txt
[1.668s] -- Installing: /home/iot/ros2_ws/install/parc_robot_interfaces/local/lib/python3.10/dist-packages/parc_robot_interfaces-0.0.0-py3.10.egg-info/SOURCES.txt
[1.668s] -- Installing: /home/iot/ros2_ws/install/parc_robot_interfaces/local/lib/python3.10/dist-packages/parc_robot_interfaces-0.0.0-py3.10.egg-info/top_level.txt
[1.668s] -- Up-to-date: /home/iot/ros2_ws/install/parc_robot_interfaces/local/lib/python3.10/dist-packages/parc_robot_interfaces
[1.669s] -- Up-to-date: /home/iot/ros2_ws/install/parc_robot_interfaces/local/lib/python3.10/dist-packages/parc_robot_interfaces/parc_robot_interfaces_s__rosidl_typesupport_introspection_c.cpython-310-x86_64-linux-gnu.so
[1.669s] -- Up-to-date: /home/iot/ros2_ws/install/parc_robot_interfaces/local/lib/python3.10/dist-packages/parc_robot_interfaces/libparc_robot_interfaces__rosidl_generator_py.so
[1.669s] -- Up-to-date: /home/iot/ros2_ws/install/parc_robot_interfaces/local/lib/python3.10/dist-packages/parc_robot_interfaces/parc_robot_interfaces_s__rosidl_typesupport_fastrtps_c.cpython-310-x86_64-linux-gnu.so
[1.670s] -- Up-to-date: /home/iot/ros2_ws/install/parc_robot_interfaces/local/lib/python3.10/dist-packages/parc_robot_interfaces/__init__.py
[1.670s] -- Up-to-date: /home/iot/ros2_ws/install/parc_robot_interfaces/local/lib/python3.10/dist-packages/parc_robot_interfaces/msg
[1.670s] -- Up-to-date: /home/iot/ros2_ws/install/parc_robot_interfaces/local/lib/python3.10/dist-packages/parc_robot_interfaces/msg/__init__.py
[1.670s] -- Up-to-date: /home/iot/ros2_ws/install/parc_robot_interfaces/local/lib/python3.10/dist-packages/parc_robot_interfaces/msg/_crop_yield_s.c
[1.671s] -- Up-to-date: /home/iot/ros2_ws/install/parc_robot_interfaces/local/lib/python3.10/dist-packages/parc_robot_interfaces/msg/_crop_yield.py
[1.671s] -- Up-to-date: /home/iot/ros2_ws/install/parc_robot_interfaces/local/lib/python3.10/dist-packages/parc_robot_interfaces/_parc_robot_interfaces_s.ep.rosidl_typesupport_c.c
[1.671s] -- Up-to-date: /home/iot/ros2_ws/install/parc_robot_interfaces/local/lib/python3.10/dist-packages/parc_robot_interfaces/_parc_robot_interfaces_s.ep.rosidl_typesupport_fastrtps_c.c
[1.672s] -- Up-to-date: /home/iot/ros2_ws/install/parc_robot_interfaces/local/lib/python3.10/dist-packages/parc_robot_interfaces/parc_robot_interfaces_s__rosidl_typesupport_c.cpython-310-x86_64-linux-gnu.so
[1.672s] -- Up-to-date: /home/iot/ros2_ws/install/parc_robot_interfaces/local/lib/python3.10/dist-packages/parc_robot_interfaces/_parc_robot_interfaces_s.ep.rosidl_typesupport_introspection_c.c
[1.779s] Listing '/home/iot/ros2_ws/install/parc_robot_interfaces/local/lib/python3.10/dist-packages/parc_robot_interfaces'...
[1.780s] Listing '/home/iot/ros2_ws/install/parc_robot_interfaces/local/lib/python3.10/dist-packages/parc_robot_interfaces/msg'...
[1.796s] -- Up-to-date: /home/iot/ros2_ws/install/parc_robot_interfaces/local/lib/python3.10/dist-packages/parc_robot_interfaces/parc_robot_interfaces_s__rosidl_typesupport_fastrtps_c.cpython-310-x86_64-linux-gnu.so
[1.797s] -- Up-to-date: /home/iot/ros2_ws/install/parc_robot_interfaces/local/lib/python3.10/dist-packages/parc_robot_interfaces/parc_robot_interfaces_s__rosidl_typesupport_introspection_c.cpython-310-x86_64-linux-gnu.so
[1.798s] -- Up-to-date: /home/iot/ros2_ws/install/parc_robot_interfaces/local/lib/python3.10/dist-packages/parc_robot_interfaces/parc_robot_interfaces_s__rosidl_typesupport_c.cpython-310-x86_64-linux-gnu.so
[1.800s] -- Up-to-date: /home/iot/ros2_ws/install/parc_robot_interfaces/lib/libparc_robot_interfaces__rosidl_generator_py.so
[1.800s] -- Up-to-date: /home/iot/ros2_ws/install/parc_robot_interfaces/share/parc_robot_interfaces/msg/CropYield.idl
[1.801s] -- Up-to-date: /home/iot/ros2_ws/install/parc_robot_interfaces/share/parc_robot_interfaces/msg/CropYield.msg
[1.802s] -- Up-to-date: /home/iot/ros2_ws/install/parc_robot_interfaces/share/ament_index/resource_index/package_run_dependencies/parc_robot_interfaces
[1.803s] -- Up-to-date: /home/iot/ros2_ws/install/parc_robot_interfaces/share/ament_index/resource_index/parent_prefix_path/parc_robot_interfaces
[1.803s] -- Up-to-date: /home/iot/ros2_ws/install/parc_robot_interfaces/share/parc_robot_interfaces/environment/ament_prefix_path.sh
[1.803s] -- Up-to-date: /home/iot/ros2_ws/install/parc_robot_interfaces/share/parc_robot_interfaces/environment/ament_prefix_path.dsv
[1.804s] -- Up-to-date: /home/iot/ros2_ws/install/parc_robot_interfaces/share/parc_robot_interfaces/environment/path.sh
[1.804s] -- Up-to-date: /home/iot/ros2_ws/install/parc_robot_interfaces/share/parc_robot_interfaces/environment/path.dsv
[1.805s] -- Up-to-date: /home/iot/ros2_ws/install/parc_robot_interfaces/share/parc_robot_interfaces/local_setup.bash
[1.805s] -- Up-to-date: /home/iot/ros2_ws/install/parc_robot_interfaces/share/parc_robot_interfaces/local_setup.sh
[1.806s] -- Up-to-date: /home/iot/ros2_ws/install/parc_robot_interfaces/share/parc_robot_interfaces/local_setup.zsh
[1.806s] -- Up-to-date: /home/iot/ros2_ws/install/parc_robot_interfaces/share/parc_robot_interfaces/local_setup.dsv
[1.806s] -- Installing: /home/iot/ros2_ws/install/parc_robot_interfaces/share/parc_robot_interfaces/package.dsv
[1.807s] -- Up-to-date: /home/iot/ros2_ws/install/parc_robot_interfaces/share/ament_index/resource_index/packages/parc_robot_interfaces
[1.807s] -- Up-to-date: /home/iot/ros2_ws/install/parc_robot_interfaces/share/parc_robot_interfaces/cmake/export_parc_robot_interfaces__rosidl_generator_cExport.cmake
[1.808s] -- Up-to-date: /home/iot/ros2_ws/install/parc_robot_interfaces/share/parc_robot_interfaces/cmake/export_parc_robot_interfaces__rosidl_generator_cExport-noconfig.cmake
[1.808s] -- Up-to-date: /home/iot/ros2_ws/install/parc_robot_interfaces/share/parc_robot_interfaces/cmake/export_parc_robot_interfaces__rosidl_typesupport_fastrtps_cExport.cmake
[1.808s] -- Up-to-date: /home/iot/ros2_ws/install/parc_robot_interfaces/share/parc_robot_interfaces/cmake/export_parc_robot_interfaces__rosidl_typesupport_fastrtps_cExport-noconfig.cmake
[1.809s] -- Up-to-date: /home/iot/ros2_ws/install/parc_robot_interfaces/share/parc_robot_interfaces/cmake/parc_robot_interfaces__rosidl_typesupport_introspection_cExport.cmake
[1.809s] -- Up-to-date: /home/iot/ros2_ws/install/parc_robot_interfaces/share/parc_robot_interfaces/cmake/parc_robot_interfaces__rosidl_typesupport_introspection_cExport-noconfig.cmake
[1.810s] -- Up-to-date: /home/iot/ros2_ws/install/parc_robot_interfaces/share/parc_robot_interfaces/cmake/parc_robot_interfaces__rosidl_typesupport_cExport.cmake
[1.810s] -- Up-to-date: /home/iot/ros2_ws/install/parc_robot_interfaces/share/parc_robot_interfaces/cmake/parc_robot_interfaces__rosidl_typesupport_cExport-noconfig.cmake
[1.810s] -- Up-to-date: /home/iot/ros2_ws/install/parc_robot_interfaces/share/parc_robot_interfaces/cmake/export_parc_robot_interfaces__rosidl_generator_cppExport.cmake
[1.811s] -- Up-to-date: /home/iot/ros2_ws/install/parc_robot_interfaces/share/parc_robot_interfaces/cmake/export_parc_robot_interfaces__rosidl_typesupport_fastrtps_cppExport.cmake
[1.811s] -- Up-to-date: /home/iot/ros2_ws/install/parc_robot_interfaces/share/parc_robot_interfaces/cmake/export_parc_robot_interfaces__rosidl_typesupport_fastrtps_cppExport-noconfig.cmake
[1.811s] -- Up-to-date: /home/iot/ros2_ws/install/parc_robot_interfaces/share/parc_robot_interfaces/cmake/parc_robot_interfaces__rosidl_typesupport_introspection_cppExport.cmake
[1.812s] -- Up-to-date: /home/iot/ros2_ws/install/parc_robot_interfaces/share/parc_robot_interfaces/cmake/parc_robot_interfaces__rosidl_typesupport_introspection_cppExport-noconfig.cmake
[1.812s] -- Up-to-date: /home/iot/ros2_ws/install/parc_robot_interfaces/share/parc_robot_interfaces/cmake/parc_robot_interfaces__rosidl_typesupport_cppExport.cmake
[1.812s] -- Up-to-date: /home/iot/ros2_ws/install/parc_robot_interfaces/share/parc_robot_interfaces/cmake/parc_robot_interfaces__rosidl_typesupport_cppExport-noconfig.cmake
[1.813s] -- Up-to-date: /home/iot/ros2_ws/install/parc_robot_interfaces/share/parc_robot_interfaces/cmake/export_parc_robot_interfaces__rosidl_generator_pyExport.cmake
[1.814s] -- Up-to-date: /home/iot/ros2_ws/install/parc_robot_interfaces/share/parc_robot_interfaces/cmake/export_parc_robot_interfaces__rosidl_generator_pyExport-noconfig.cmake
[1.814s] -- Up-to-date: /home/iot/ros2_ws/install/parc_robot_interfaces/share/parc_robot_interfaces/cmake/rosidl_cmake-extras.cmake
[1.814s] -- Up-to-date: /home/iot/ros2_ws/install/parc_robot_interfaces/share/parc_robot_interfaces/cmake/ament_cmake_export_include_directories-extras.cmake
[1.815s] -- Up-to-date: /home/iot/ros2_ws/install/parc_robot_interfaces/share/parc_robot_interfaces/cmake/ament_cmake_export_libraries-extras.cmake
[1.816s] -- Up-to-date: /home/iot/ros2_ws/install/parc_robot_interfaces/share/parc_robot_interfaces/cmake/ament_cmake_export_targets-extras.cmake
[1.818s] -- Up-to-date: /home/iot/ros2_ws/install/parc_robot_interfaces/share/parc_robot_interfaces/cmake/rosidl_cmake_export_typesupport_targets-extras.cmake
[1.821s] -- Up-to-date: /home/iot/ros2_ws/install/parc_robot_interfaces/share/parc_robot_interfaces/cmake/ament_cmake_export_dependencies-extras.cmake
[1.821s] -- Up-to-date: /home/iot/ros2_ws/install/parc_robot_interfaces/share/parc_robot_interfaces/cmake/rosidl_cmake_export_typesupport_libraries-extras.cmake
[1.822s] -- Up-to-date: /home/iot/ros2_ws/install/parc_robot_interfaces/share/parc_robot_interfaces/cmake/parc_robot_interfacesConfig.cmake
[1.822s] -- Up-to-date: /home/iot/ros2_ws/install/parc_robot_interfaces/share/parc_robot_interfaces/cmake/parc_robot_interfacesConfig-version.cmake
[1.823s] -- Up-to-date: /home/iot/ros2_ws/install/parc_robot_interfaces/share/parc_robot_interfaces/package.xml
[1.824s] Invoked command in '/home/iot/ros2_ws/build/parc_robot_interfaces' returned '0': CMAKE_PREFIX_PATH=/opt/ros/humble /usr/bin/cmake --install /home/iot/ros2_ws/build/parc_robot_interfaces
