[0.021s] Invoking command in '/home/iot/ros2_ws/build/parc_robot_interfaces': CMAKE_PREFIX_PATH=/opt/ros/humble /usr/bin/cmake /home/iot/ros2_ws/src/parc_robot_interfaces -DCMAKE_INSTALL_PREFIX=/home/iot/ros2_ws/install/parc_robot_interfaces
[0.332s] -- The C compiler identification is GNU 11.4.0
[0.524s] -- The CXX compiler identification is GNU 11.4.0
[0.547s] -- Detecting C compiler ABI info
[0.653s] -- Detecting C compiler ABI info - done
[0.677s] -- Check for working C compiler: /usr/bin/cc - skipped
[0.678s] -- Detecting C compile features
[0.679s] -- Detecting C compile features - done
[0.684s] -- Detecting CXX compiler ABI info
[0.800s] -- Detecting CXX compiler ABI info - done
[0.813s] -- Check for working CXX compiler: /usr/bin/c++ - skipped
[0.814s] -- Detecting CXX compile features
[0.815s] -- Detecting CXX compile features - done
[0.819s] -- Found ament_cmake: 1.3.9 (/opt/ros/humble/share/ament_cmake/cmake)
[1.054s] -- Found Python3: /usr/bin/python3 (found version "3.10.12") found components: Interpreter 
[1.227s] -- Found rosidl_default_generators: 1.2.0 (/opt/ros/humble/share/rosidl_default_generators/cmake)
[1.241s] -- Using all available rosidl_typesupport_c: rosidl_typesupport_fastrtps_c;rosidl_typesupport_introspection_c
[1.276s] -- Found rosidl_adapter: 3.1.5 (/opt/ros/humble/share/rosidl_adapter/cmake)
[1.377s] -- Using all available rosidl_typesupport_cpp: rosidl_typesupport_fastrtps_cpp;rosidl_typesupport_introspection_cpp
[1.456s] -- Found std_msgs: 4.2.3 (/opt/ros/humble/share/std_msgs/cmake)
[1.939s] -- Found ament_cmake_ros: 0.10.0 (/opt/ros/humble/share/ament_cmake_ros/cmake)
[2.170s] -- Using all available rosidl_typesupport_c: rosidl_typesupport_fastrtps_c;rosidl_typesupport_introspection_c
[2.444s] -- Using all available rosidl_typesupport_cpp: rosidl_typesupport_fastrtps_cpp;rosidl_typesupport_introspection_cpp
[2.483s] -- Found PythonInterp: /usr/bin/python3 (found suitable version "3.10.12", minimum required is "3.6") 
[2.486s] -- Found python_cmake_module: 0.10.0 (/opt/ros/humble/share/python_cmake_module/cmake)
[2.535s] -- Found PythonLibs: /usr/lib/x86_64-linux-gnu/libpython3.10.so (found suitable version "3.10.12", minimum required is "3.5") 
[2.536s] -- Using PYTHON_EXECUTABLE: /usr/bin/python3
[2.536s] -- Using PYTHON_INCLUDE_DIRS: /usr/include/python3.10
[2.536s] -- Using PYTHON_LIBRARIES: /usr/lib/x86_64-linux-gnu/libpython3.10.so
[2.570s] -- Found PythonExtra: .so  
[2.642s] -- Configuring done
[2.684s] -- Generating done
[2.687s] -- Build files have been written to: /home/iot/ros2_ws/build/parc_robot_interfaces
[2.694s] Invoked command in '/home/iot/ros2_ws/build/parc_robot_interfaces' returned '0': CMAKE_PREFIX_PATH=/opt/ros/humble /usr/bin/cmake /home/iot/ros2_ws/src/parc_robot_interfaces -DCMAKE_INSTALL_PREFIX=/home/iot/ros2_ws/install/parc_robot_interfaces
[2.696s] Invoking command in '/home/iot/ros2_ws/build/parc_robot_interfaces': CMAKE_PREFIX_PATH=/opt/ros/humble /usr/bin/cmake --build /home/iot/ros2_ws/build/parc_robot_interfaces -- -j8 -l8
[2.746s] [  3%] [34m[1mGenerating C code for ROS interfaces[0m
[2.759s] [  6%] [34m[1mGenerating C++ code for ROS interfaces[0m
[2.773s] [  6%] Built target ament_cmake_python_copy_parc_robot_interfaces
[3.200s] [  9%] [32mBuilding C object CMakeFiles/parc_robot_interfaces__rosidl_generator_c.dir/rosidl_generator_c/parc_robot_interfaces/msg/detail/crop_yield__functions.c.o[0m
[3.209s] [  9%] Built target parc_robot_interfaces__cpp
[3.230s] [ 12%] [34m[1mGenerating C++ type support dispatch for ROS interfaces[0m
[3.230s] [ 16%] [34m[1mGenerating C++ introspection for ROS interfaces[0m
[3.230s] [ 19%] [34m[1mGenerating C++ type support for eProsima Fast-RTPS[0m
[3.252s] running egg_info
[3.253s] creating parc_robot_interfaces.egg-info
[3.254s] writing parc_robot_interfaces.egg-info/PKG-INFO
[3.254s] writing dependency_links to parc_robot_interfaces.egg-info/dependency_links.txt
[3.255s] writing top-level names to parc_robot_interfaces.egg-info/top_level.txt
[3.255s] writing manifest file 'parc_robot_interfaces.egg-info/SOURCES.txt'
[3.262s] reading manifest file 'parc_robot_interfaces.egg-info/SOURCES.txt'
[3.263s] writing manifest file 'parc_robot_interfaces.egg-info/SOURCES.txt'
[3.309s] [ 19%] Built target ament_cmake_python_build_parc_robot_interfaces_egg
[3.359s] [ 22%] [32m[1mLinking C shared library libparc_robot_interfaces__rosidl_generator_c.so[0m
[3.434s] [ 22%] Built target parc_robot_interfaces__rosidl_generator_c
[3.453s] [ 25%] [34m[1mGenerating C introspection for ROS interfaces[0m
[3.456s] [ 32%] [34m[1mGenerating C type support dispatch for ROS interfaces[0m
[3.456s] [ 32%] [34m[1mGenerating C type support for eProsima Fast-RTPS[0m
[3.771s] [ 35%] [32mBuilding CXX object CMakeFiles/parc_robot_interfaces__rosidl_typesupport_introspection_cpp.dir/rosidl_typesupport_introspection_cpp/parc_robot_interfaces/msg/detail/crop_yield__type_support.cpp.o[0m
[3.793s] [ 38%] [32mBuilding CXX object CMakeFiles/parc_robot_interfaces__rosidl_typesupport_cpp.dir/rosidl_typesupport_cpp/parc_robot_interfaces/msg/crop_yield__type_support.cpp.o[0m
[3.851s] [ 41%] [32mBuilding CXX object CMakeFiles/parc_robot_interfaces__rosidl_typesupport_fastrtps_cpp.dir/rosidl_typesupport_fastrtps_cpp/parc_robot_interfaces/msg/detail/dds_fastrtps/crop_yield__type_support.cpp.o[0m
[4.028s] [ 45%] [32mBuilding CXX object CMakeFiles/parc_robot_interfaces__rosidl_typesupport_c.dir/rosidl_typesupport_c/parc_robot_interfaces/msg/crop_yield__type_support.cpp.o[0m
[4.106s] [ 48%] [32m[1mLinking CXX shared library libparc_robot_interfaces__rosidl_typesupport_c.so[0m
[4.134s] [ 51%] [32mBuilding CXX object CMakeFiles/parc_robot_interfaces__rosidl_typesupport_fastrtps_c.dir/rosidl_typesupport_fastrtps_c/parc_robot_interfaces/msg/detail/crop_yield__type_support_c.cpp.o[0m
[4.160s] [ 54%] [32mBuilding C object CMakeFiles/parc_robot_interfaces__rosidl_typesupport_introspection_c.dir/rosidl_typesupport_introspection_c/parc_robot_interfaces/msg/detail/crop_yield__type_support.c.o[0m
[4.205s] [ 54%] Built target parc_robot_interfaces__rosidl_typesupport_c
[4.237s] [ 58%] [32m[1mLinking C shared library libparc_robot_interfaces__rosidl_typesupport_introspection_c.so[0m
[4.306s] [ 58%] Built target parc_robot_interfaces__rosidl_typesupport_introspection_c
[4.456s] [ 61%] [32m[1mLinking CXX shared library libparc_robot_interfaces__rosidl_typesupport_cpp.so[0m
[4.516s] [ 61%] Built target parc_robot_interfaces__rosidl_typesupport_cpp
[4.699s] [ 64%] [32m[1mLinking CXX shared library libparc_robot_interfaces__rosidl_typesupport_fastrtps_cpp.so[0m
[4.719s] [ 67%] [32m[1mLinking CXX shared library libparc_robot_interfaces__rosidl_typesupport_introspection_cpp.so[0m
[4.729s] [ 70%] [32m[1mLinking CXX shared library libparc_robot_interfaces__rosidl_typesupport_fastrtps_c.so[0m
[4.777s] [ 70%] Built target parc_robot_interfaces__rosidl_typesupport_introspection_cpp
[4.805s] [ 70%] Built target parc_robot_interfaces__rosidl_typesupport_fastrtps_cpp
[4.828s] [ 70%] Built target parc_robot_interfaces__rosidl_typesupport_fastrtps_c
[4.855s] [ 70%] Built target parc_robot_interfaces
[4.888s] [ 74%] [34m[1mGenerating Python code for ROS interfaces[0m
[5.225s] [ 74%] Built target parc_robot_interfaces__py
[5.246s] [ 77%] [32mBuilding C object CMakeFiles/parc_robot_interfaces__rosidl_generator_py.dir/rosidl_generator_py/parc_robot_interfaces/msg/_crop_yield_s.c.o[0m
[5.440s] [ 80%] [32m[1mLinking C shared library rosidl_generator_py/parc_robot_interfaces/libparc_robot_interfaces__rosidl_generator_py.so[0m
[5.509s] [ 80%] Built target parc_robot_interfaces__rosidl_generator_py
[5.535s] [ 87%] [32mBuilding C object CMakeFiles/parc_robot_interfaces__rosidl_typesupport_c__pyext.dir/rosidl_generator_py/parc_robot_interfaces/_parc_robot_interfaces_s.ep.rosidl_typesupport_c.c.o[0m
[5.535s] [ 87%] [32mBuilding C object CMakeFiles/parc_robot_interfaces__rosidl_typesupport_fastrtps_c__pyext.dir/rosidl_generator_py/parc_robot_interfaces/_parc_robot_interfaces_s.ep.rosidl_typesupport_fastrtps_c.c.o[0m
[5.535s] [ 90%] [32mBuilding C object CMakeFiles/parc_robot_interfaces__rosidl_typesupport_introspection_c__pyext.dir/rosidl_generator_py/parc_robot_interfaces/_parc_robot_interfaces_s.ep.rosidl_typesupport_introspection_c.c.o[0m
[5.668s] [ 93%] [32m[1mLinking C shared library rosidl_generator_py/parc_robot_interfaces/parc_robot_interfaces_s__rosidl_typesupport_introspection_c.cpython-310-x86_64-linux-gnu.so[0m
[5.670s] [100%] [32m[1mLinking C shared library rosidl_generator_py/parc_robot_interfaces/parc_robot_interfaces_s__rosidl_typesupport_c.cpython-310-x86_64-linux-gnu.so[0m
[5.671s] [100%] [32m[1mLinking C shared library rosidl_generator_py/parc_robot_interfaces/parc_robot_interfaces_s__rosidl_typesupport_fastrtps_c.cpython-310-x86_64-linux-gnu.so[0m
[5.713s] [100%] Built target parc_robot_interfaces__rosidl_typesupport_c__pyext
[5.713s] [100%] Built target parc_robot_interfaces__rosidl_typesupport_introspection_c__pyext
[5.714s] [100%] Built target parc_robot_interfaces__rosidl_typesupport_fastrtps_c__pyext
[5.725s] Invoked command in '/home/iot/ros2_ws/build/parc_robot_interfaces' returned '0': CMAKE_PREFIX_PATH=/opt/ros/humble /usr/bin/cmake --build /home/iot/ros2_ws/build/parc_robot_interfaces -- -j8 -l8
[5.794s] Invoking command in '/home/iot/ros2_ws/build/parc_robot_interfaces': CMAKE_PREFIX_PATH=/opt/ros/humble /usr/bin/cmake --install /home/iot/ros2_ws/build/parc_robot_interfaces
[5.804s] -- Install configuration: ""
[5.804s] -- Installing: /home/iot/ros2_ws/install/parc_robot_interfaces/share/ament_index/resource_index/rosidl_interfaces/parc_robot_interfaces
[5.804s] -- Installing: /home/iot/ros2_ws/install/parc_robot_interfaces/include/parc_robot_interfaces/parc_robot_interfaces
[5.805s] -- Installing: /home/iot/ros2_ws/install/parc_robot_interfaces/include/parc_robot_interfaces/parc_robot_interfaces/msg
[5.805s] -- Installing: /home/iot/ros2_ws/install/parc_robot_interfaces/include/parc_robot_interfaces/parc_robot_interfaces/msg/detail
[5.805s] -- Installing: /home/iot/ros2_ws/install/parc_robot_interfaces/include/parc_robot_interfaces/parc_robot_interfaces/msg/detail/crop_yield__functions.c
[5.805s] -- Installing: /home/iot/ros2_ws/install/parc_robot_interfaces/include/parc_robot_interfaces/parc_robot_interfaces/msg/detail/crop_yield__functions.h
[5.805s] -- Installing: /home/iot/ros2_ws/install/parc_robot_interfaces/include/parc_robot_interfaces/parc_robot_interfaces/msg/detail/crop_yield__type_support.h
[5.806s] -- Installing: /home/iot/ros2_ws/install/parc_robot_interfaces/include/parc_robot_interfaces/parc_robot_interfaces/msg/detail/crop_yield__struct.h
[5.806s] -- Installing: /home/iot/ros2_ws/install/parc_robot_interfaces/include/parc_robot_interfaces/parc_robot_interfaces/msg/rosidl_generator_c__visibility_control.h
[5.806s] -- Installing: /home/iot/ros2_ws/install/parc_robot_interfaces/include/parc_robot_interfaces/parc_robot_interfaces/msg/crop_yield.h
[5.806s] -- Installing: /home/iot/ros2_ws/install/parc_robot_interfaces/share/parc_robot_interfaces/environment/library_path.sh
[5.806s] -- Installing: /home/iot/ros2_ws/install/parc_robot_interfaces/share/parc_robot_interfaces/environment/library_path.dsv
[5.806s] -- Installing: /home/iot/ros2_ws/install/parc_robot_interfaces/lib/libparc_robot_interfaces__rosidl_generator_c.so
[5.806s] -- Set runtime path of "/home/iot/ros2_ws/install/parc_robot_interfaces/lib/libparc_robot_interfaces__rosidl_generator_c.so" to ""
[5.806s] -- Up-to-date: /home/iot/ros2_ws/install/parc_robot_interfaces/include/parc_robot_interfaces/parc_robot_interfaces
[5.807s] -- Up-to-date: /home/iot/ros2_ws/install/parc_robot_interfaces/include/parc_robot_interfaces/parc_robot_interfaces/msg
[5.807s] -- Installing: /home/iot/ros2_ws/install/parc_robot_interfaces/include/parc_robot_interfaces/parc_robot_interfaces/msg/rosidl_typesupport_fastrtps_c__visibility_control.h
[5.807s] -- Up-to-date: /home/iot/ros2_ws/install/parc_robot_interfaces/include/parc_robot_interfaces/parc_robot_interfaces/msg/detail
[5.807s] -- Installing: /home/iot/ros2_ws/install/parc_robot_interfaces/include/parc_robot_interfaces/parc_robot_interfaces/msg/detail/crop_yield__rosidl_typesupport_fastrtps_c.h
[5.807s] -- Installing: /home/iot/ros2_ws/install/parc_robot_interfaces/lib/libparc_robot_interfaces__rosidl_typesupport_fastrtps_c.so
[5.807s] -- Set runtime path of "/home/iot/ros2_ws/install/parc_robot_interfaces/lib/libparc_robot_interfaces__rosidl_typesupport_fastrtps_c.so" to ""
[5.807s] -- Up-to-date: /home/iot/ros2_ws/install/parc_robot_interfaces/include/parc_robot_interfaces/parc_robot_interfaces
[5.807s] -- Up-to-date: /home/iot/ros2_ws/install/parc_robot_interfaces/include/parc_robot_interfaces/parc_robot_interfaces/msg
[5.808s] -- Up-to-date: /home/iot/ros2_ws/install/parc_robot_interfaces/include/parc_robot_interfaces/parc_robot_interfaces/msg/detail
[5.808s] -- Installing: /home/iot/ros2_ws/install/parc_robot_interfaces/include/parc_robot_interfaces/parc_robot_interfaces/msg/detail/crop_yield__type_support.c
[5.808s] -- Installing: /home/iot/ros2_ws/install/parc_robot_interfaces/include/parc_robot_interfaces/parc_robot_interfaces/msg/detail/crop_yield__rosidl_typesupport_introspection_c.h
[5.808s] -- Installing: /home/iot/ros2_ws/install/parc_robot_interfaces/include/parc_robot_interfaces/parc_robot_interfaces/msg/rosidl_typesupport_introspection_c__visibility_control.h
[5.808s] -- Installing: /home/iot/ros2_ws/install/parc_robot_interfaces/lib/libparc_robot_interfaces__rosidl_typesupport_introspection_c.so
[5.808s] -- Set runtime path of "/home/iot/ros2_ws/install/parc_robot_interfaces/lib/libparc_robot_interfaces__rosidl_typesupport_introspection_c.so" to ""
[5.809s] -- Installing: /home/iot/ros2_ws/install/parc_robot_interfaces/lib/libparc_robot_interfaces__rosidl_typesupport_c.so
[5.809s] -- Set runtime path of "/home/iot/ros2_ws/install/parc_robot_interfaces/lib/libparc_robot_interfaces__rosidl_typesupport_c.so" to ""
[5.809s] -- Up-to-date: /home/iot/ros2_ws/install/parc_robot_interfaces/include/parc_robot_interfaces/parc_robot_interfaces
[5.809s] -- Up-to-date: /home/iot/ros2_ws/install/parc_robot_interfaces/include/parc_robot_interfaces/parc_robot_interfaces/msg
[5.809s] -- Up-to-date: /home/iot/ros2_ws/install/parc_robot_interfaces/include/parc_robot_interfaces/parc_robot_interfaces/msg/detail
[5.809s] -- Installing: /home/iot/ros2_ws/install/parc_robot_interfaces/include/parc_robot_interfaces/parc_robot_interfaces/msg/detail/crop_yield__builder.hpp
[5.809s] -- Installing: /home/iot/ros2_ws/install/parc_robot_interfaces/include/parc_robot_interfaces/parc_robot_interfaces/msg/detail/crop_yield__struct.hpp
[5.810s] -- Installing: /home/iot/ros2_ws/install/parc_robot_interfaces/include/parc_robot_interfaces/parc_robot_interfaces/msg/detail/crop_yield__traits.hpp
[5.810s] -- Installing: /home/iot/ros2_ws/install/parc_robot_interfaces/include/parc_robot_interfaces/parc_robot_interfaces/msg/crop_yield.hpp
[5.810s] -- Up-to-date: /home/iot/ros2_ws/install/parc_robot_interfaces/include/parc_robot_interfaces/parc_robot_interfaces
[5.810s] -- Up-to-date: /home/iot/ros2_ws/install/parc_robot_interfaces/include/parc_robot_interfaces/parc_robot_interfaces/msg
[5.810s] -- Installing: /home/iot/ros2_ws/install/parc_robot_interfaces/include/parc_robot_interfaces/parc_robot_interfaces/msg/rosidl_typesupport_fastrtps_cpp__visibility_control.h
[5.810s] -- Up-to-date: /home/iot/ros2_ws/install/parc_robot_interfaces/include/parc_robot_interfaces/parc_robot_interfaces/msg/detail
[5.810s] -- Installing: /home/iot/ros2_ws/install/parc_robot_interfaces/include/parc_robot_interfaces/parc_robot_interfaces/msg/detail/dds_fastrtps
[5.810s] -- Installing: /home/iot/ros2_ws/install/parc_robot_interfaces/include/parc_robot_interfaces/parc_robot_interfaces/msg/detail/crop_yield__rosidl_typesupport_fastrtps_cpp.hpp
[5.810s] -- Installing: /home/iot/ros2_ws/install/parc_robot_interfaces/lib/libparc_robot_interfaces__rosidl_typesupport_fastrtps_cpp.so
[5.810s] -- Set runtime path of "/home/iot/ros2_ws/install/parc_robot_interfaces/lib/libparc_robot_interfaces__rosidl_typesupport_fastrtps_cpp.so" to ""
[5.811s] -- Up-to-date: /home/iot/ros2_ws/install/parc_robot_interfaces/include/parc_robot_interfaces/parc_robot_interfaces
[5.811s] -- Up-to-date: /home/iot/ros2_ws/install/parc_robot_interfaces/include/parc_robot_interfaces/parc_robot_interfaces/msg
[5.811s] -- Up-to-date: /home/iot/ros2_ws/install/parc_robot_interfaces/include/parc_robot_interfaces/parc_robot_interfaces/msg/detail
[5.811s] -- Installing: /home/iot/ros2_ws/install/parc_robot_interfaces/include/parc_robot_interfaces/parc_robot_interfaces/msg/detail/crop_yield__rosidl_typesupport_introspection_cpp.hpp
[5.811s] -- Installing: /home/iot/ros2_ws/install/parc_robot_interfaces/include/parc_robot_interfaces/parc_robot_interfaces/msg/detail/crop_yield__type_support.cpp
[5.811s] -- Installing: /home/iot/ros2_ws/install/parc_robot_interfaces/lib/libparc_robot_interfaces__rosidl_typesupport_introspection_cpp.so
[5.811s] -- Set runtime path of "/home/iot/ros2_ws/install/parc_robot_interfaces/lib/libparc_robot_interfaces__rosidl_typesupport_introspection_cpp.so" to ""
[5.811s] -- Installing: /home/iot/ros2_ws/install/parc_robot_interfaces/lib/libparc_robot_interfaces__rosidl_typesupport_cpp.so
[5.812s] -- Set runtime path of "/home/iot/ros2_ws/install/parc_robot_interfaces/lib/libparc_robot_interfaces__rosidl_typesupport_cpp.so" to ""
[5.812s] -- Installing: /home/iot/ros2_ws/install/parc_robot_interfaces/share/parc_robot_interfaces/environment/pythonpath.sh
[5.812s] -- Installing: /home/iot/ros2_ws/install/parc_robot_interfaces/share/parc_robot_interfaces/environment/pythonpath.dsv
[5.812s] -- Installing: /home/iot/ros2_ws/install/parc_robot_interfaces/local/lib/python3.10/dist-packages/parc_robot_interfaces-0.0.0-py3.10.egg-info
[5.812s] -- Installing: /home/iot/ros2_ws/install/parc_robot_interfaces/local/lib/python3.10/dist-packages/parc_robot_interfaces-0.0.0-py3.10.egg-info/PKG-INFO
[5.813s] -- Installing: /home/iot/ros2_ws/install/parc_robot_interfaces/local/lib/python3.10/dist-packages/parc_robot_interfaces-0.0.0-py3.10.egg-info/dependency_links.txt
[5.813s] -- Installing: /home/iot/ros2_ws/install/parc_robot_interfaces/local/lib/python3.10/dist-packages/parc_robot_interfaces-0.0.0-py3.10.egg-info/SOURCES.txt
[5.813s] -- Installing: /home/iot/ros2_ws/install/parc_robot_interfaces/local/lib/python3.10/dist-packages/parc_robot_interfaces-0.0.0-py3.10.egg-info/top_level.txt
[5.813s] -- Installing: /home/iot/ros2_ws/install/parc_robot_interfaces/local/lib/python3.10/dist-packages/parc_robot_interfaces
[5.813s] -- Installing: /home/iot/ros2_ws/install/parc_robot_interfaces/local/lib/python3.10/dist-packages/parc_robot_interfaces/parc_robot_interfaces_s__rosidl_typesupport_introspection_c.cpython-310-x86_64-linux-gnu.so
[5.813s] -- Installing: /home/iot/ros2_ws/install/parc_robot_interfaces/local/lib/python3.10/dist-packages/parc_robot_interfaces/libparc_robot_interfaces__rosidl_generator_py.so
[5.813s] -- Installing: /home/iot/ros2_ws/install/parc_robot_interfaces/local/lib/python3.10/dist-packages/parc_robot_interfaces/parc_robot_interfaces_s__rosidl_typesupport_fastrtps_c.cpython-310-x86_64-linux-gnu.so
[5.814s] -- Installing: /home/iot/ros2_ws/install/parc_robot_interfaces/local/lib/python3.10/dist-packages/parc_robot_interfaces/__init__.py
[5.814s] -- Installing: /home/iot/ros2_ws/install/parc_robot_interfaces/local/lib/python3.10/dist-packages/parc_robot_interfaces/msg
[5.814s] -- Installing: /home/iot/ros2_ws/install/parc_robot_interfaces/local/lib/python3.10/dist-packages/parc_robot_interfaces/msg/__init__.py
[5.814s] -- Installing: /home/iot/ros2_ws/install/parc_robot_interfaces/local/lib/python3.10/dist-packages/parc_robot_interfaces/msg/_crop_yield_s.c
[5.814s] -- Installing: /home/iot/ros2_ws/install/parc_robot_interfaces/local/lib/python3.10/dist-packages/parc_robot_interfaces/msg/_crop_yield.py
[5.814s] -- Installing: /home/iot/ros2_ws/install/parc_robot_interfaces/local/lib/python3.10/dist-packages/parc_robot_interfaces/_parc_robot_interfaces_s.ep.rosidl_typesupport_c.c
[5.814s] -- Installing: /home/iot/ros2_ws/install/parc_robot_interfaces/local/lib/python3.10/dist-packages/parc_robot_interfaces/_parc_robot_interfaces_s.ep.rosidl_typesupport_fastrtps_c.c
[5.814s] -- Installing: /home/iot/ros2_ws/install/parc_robot_interfaces/local/lib/python3.10/dist-packages/parc_robot_interfaces/parc_robot_interfaces_s__rosidl_typesupport_c.cpython-310-x86_64-linux-gnu.so
[5.815s] -- Installing: /home/iot/ros2_ws/install/parc_robot_interfaces/local/lib/python3.10/dist-packages/parc_robot_interfaces/_parc_robot_interfaces_s.ep.rosidl_typesupport_introspection_c.c
[5.857s] Listing '/home/iot/ros2_ws/install/parc_robot_interfaces/local/lib/python3.10/dist-packages/parc_robot_interfaces'...
[5.858s] Compiling '/home/iot/ros2_ws/install/parc_robot_interfaces/local/lib/python3.10/dist-packages/parc_robot_interfaces/__init__.py'...
[5.858s] Listing '/home/iot/ros2_ws/install/parc_robot_interfaces/local/lib/python3.10/dist-packages/parc_robot_interfaces/msg'...
[5.858s] Compiling '/home/iot/ros2_ws/install/parc_robot_interfaces/local/lib/python3.10/dist-packages/parc_robot_interfaces/msg/__init__.py'...
[5.858s] Compiling '/home/iot/ros2_ws/install/parc_robot_interfaces/local/lib/python3.10/dist-packages/parc_robot_interfaces/msg/_crop_yield.py'...
[5.862s] -- Installing: /home/iot/ros2_ws/install/parc_robot_interfaces/local/lib/python3.10/dist-packages/parc_robot_interfaces/parc_robot_interfaces_s__rosidl_typesupport_fastrtps_c.cpython-310-x86_64-linux-gnu.so
[5.863s] -- Set runtime path of "/home/iot/ros2_ws/install/parc_robot_interfaces/local/lib/python3.10/dist-packages/parc_robot_interfaces/parc_robot_interfaces_s__rosidl_typesupport_fastrtps_c.cpython-310-x86_64-linux-gnu.so" to ""
[5.863s] -- Installing: /home/iot/ros2_ws/install/parc_robot_interfaces/local/lib/python3.10/dist-packages/parc_robot_interfaces/parc_robot_interfaces_s__rosidl_typesupport_introspection_c.cpython-310-x86_64-linux-gnu.so
[5.863s] -- Set runtime path of "/home/iot/ros2_ws/install/parc_robot_interfaces/local/lib/python3.10/dist-packages/parc_robot_interfaces/parc_robot_interfaces_s__rosidl_typesupport_introspection_c.cpython-310-x86_64-linux-gnu.so" to ""
[5.864s] -- Installing: /home/iot/ros2_ws/install/parc_robot_interfaces/local/lib/python3.10/dist-packages/parc_robot_interfaces/parc_robot_interfaces_s__rosidl_typesupport_c.cpython-310-x86_64-linux-gnu.so
[5.864s] -- Set runtime path of "/home/iot/ros2_ws/install/parc_robot_interfaces/local/lib/python3.10/dist-packages/parc_robot_interfaces/parc_robot_interfaces_s__rosidl_typesupport_c.cpython-310-x86_64-linux-gnu.so" to ""
[5.865s] -- Installing: /home/iot/ros2_ws/install/parc_robot_interfaces/lib/libparc_robot_interfaces__rosidl_generator_py.so
[5.865s] -- Set runtime path of "/home/iot/ros2_ws/install/parc_robot_interfaces/lib/libparc_robot_interfaces__rosidl_generator_py.so" to ""
[5.865s] -- Installing: /home/iot/ros2_ws/install/parc_robot_interfaces/share/parc_robot_interfaces/msg/CropYield.idl
[5.865s] -- Installing: /home/iot/ros2_ws/install/parc_robot_interfaces/share/parc_robot_interfaces/msg/CropYield.msg
[5.866s] -- Installing: /home/iot/ros2_ws/install/parc_robot_interfaces/share/ament_index/resource_index/package_run_dependencies/parc_robot_interfaces
[5.866s] -- Installing: /home/iot/ros2_ws/install/parc_robot_interfaces/share/ament_index/resource_index/parent_prefix_path/parc_robot_interfaces
[5.866s] -- Installing: /home/iot/ros2_ws/install/parc_robot_interfaces/share/parc_robot_interfaces/environment/ament_prefix_path.sh
[5.866s] -- Installing: /home/iot/ros2_ws/install/parc_robot_interfaces/share/parc_robot_interfaces/environment/ament_prefix_path.dsv
[5.867s] -- Installing: /home/iot/ros2_ws/install/parc_robot_interfaces/share/parc_robot_interfaces/environment/path.sh
[5.867s] -- Installing: /home/iot/ros2_ws/install/parc_robot_interfaces/share/parc_robot_interfaces/environment/path.dsv
[5.867s] -- Installing: /home/iot/ros2_ws/install/parc_robot_interfaces/share/parc_robot_interfaces/local_setup.bash
[5.867s] -- Installing: /home/iot/ros2_ws/install/parc_robot_interfaces/share/parc_robot_interfaces/local_setup.sh
[5.867s] -- Installing: /home/iot/ros2_ws/install/parc_robot_interfaces/share/parc_robot_interfaces/local_setup.zsh
[5.867s] -- Installing: /home/iot/ros2_ws/install/parc_robot_interfaces/share/parc_robot_interfaces/local_setup.dsv
[5.867s] -- Installing: /home/iot/ros2_ws/install/parc_robot_interfaces/share/parc_robot_interfaces/package.dsv
[5.867s] -- Installing: /home/iot/ros2_ws/install/parc_robot_interfaces/share/ament_index/resource_index/packages/parc_robot_interfaces
[5.868s] -- Installing: /home/iot/ros2_ws/install/parc_robot_interfaces/share/parc_robot_interfaces/cmake/export_parc_robot_interfaces__rosidl_generator_cExport.cmake
[5.868s] -- Installing: /home/iot/ros2_ws/install/parc_robot_interfaces/share/parc_robot_interfaces/cmake/export_parc_robot_interfaces__rosidl_generator_cExport-noconfig.cmake
[5.868s] -- Installing: /home/iot/ros2_ws/install/parc_robot_interfaces/share/parc_robot_interfaces/cmake/export_parc_robot_interfaces__rosidl_typesupport_fastrtps_cExport.cmake
[5.868s] -- Installing: /home/iot/ros2_ws/install/parc_robot_interfaces/share/parc_robot_interfaces/cmake/export_parc_robot_interfaces__rosidl_typesupport_fastrtps_cExport-noconfig.cmake
[5.869s] -- Installing: /home/iot/ros2_ws/install/parc_robot_interfaces/share/parc_robot_interfaces/cmake/parc_robot_interfaces__rosidl_typesupport_introspection_cExport.cmake
[5.869s] -- Installing: /home/iot/ros2_ws/install/parc_robot_interfaces/share/parc_robot_interfaces/cmake/parc_robot_interfaces__rosidl_typesupport_introspection_cExport-noconfig.cmake
[5.869s] -- Installing: /home/iot/ros2_ws/install/parc_robot_interfaces/share/parc_robot_interfaces/cmake/parc_robot_interfaces__rosidl_typesupport_cExport.cmake
[5.869s] -- Installing: /home/iot/ros2_ws/install/parc_robot_interfaces/share/parc_robot_interfaces/cmake/parc_robot_interfaces__rosidl_typesupport_cExport-noconfig.cmake
[5.869s] -- Installing: /home/iot/ros2_ws/install/parc_robot_interfaces/share/parc_robot_interfaces/cmake/export_parc_robot_interfaces__rosidl_generator_cppExport.cmake
[5.869s] -- Installing: /home/iot/ros2_ws/install/parc_robot_interfaces/share/parc_robot_interfaces/cmake/export_parc_robot_interfaces__rosidl_typesupport_fastrtps_cppExport.cmake
[5.869s] -- Installing: /home/iot/ros2_ws/install/parc_robot_interfaces/share/parc_robot_interfaces/cmake/export_parc_robot_interfaces__rosidl_typesupport_fastrtps_cppExport-noconfig.cmake
[5.870s] -- Installing: /home/iot/ros2_ws/install/parc_robot_interfaces/share/parc_robot_interfaces/cmake/parc_robot_interfaces__rosidl_typesupport_introspection_cppExport.cmake
[5.870s] -- Installing: /home/iot/ros2_ws/install/parc_robot_interfaces/share/parc_robot_interfaces/cmake/parc_robot_interfaces__rosidl_typesupport_introspection_cppExport-noconfig.cmake
[5.870s] -- Installing: /home/iot/ros2_ws/install/parc_robot_interfaces/share/parc_robot_interfaces/cmake/parc_robot_interfaces__rosidl_typesupport_cppExport.cmake
[5.870s] -- Installing: /home/iot/ros2_ws/install/parc_robot_interfaces/share/parc_robot_interfaces/cmake/parc_robot_interfaces__rosidl_typesupport_cppExport-noconfig.cmake
[5.870s] -- Installing: /home/iot/ros2_ws/install/parc_robot_interfaces/share/parc_robot_interfaces/cmake/export_parc_robot_interfaces__rosidl_generator_pyExport.cmake
[5.871s] -- Installing: /home/iot/ros2_ws/install/parc_robot_interfaces/share/parc_robot_interfaces/cmake/export_parc_robot_interfaces__rosidl_generator_pyExport-noconfig.cmake
[5.871s] -- Installing: /home/iot/ros2_ws/install/parc_robot_interfaces/share/parc_robot_interfaces/cmake/rosidl_cmake-extras.cmake
[5.871s] -- Installing: /home/iot/ros2_ws/install/parc_robot_interfaces/share/parc_robot_interfaces/cmake/ament_cmake_export_include_directories-extras.cmake
[5.871s] -- Installing: /home/iot/ros2_ws/install/parc_robot_interfaces/share/parc_robot_interfaces/cmake/ament_cmake_export_libraries-extras.cmake
[5.871s] -- Installing: /home/iot/ros2_ws/install/parc_robot_interfaces/share/parc_robot_interfaces/cmake/ament_cmake_export_targets-extras.cmake
[5.871s] -- Installing: /home/iot/ros2_ws/install/parc_robot_interfaces/share/parc_robot_interfaces/cmake/rosidl_cmake_export_typesupport_targets-extras.cmake
[5.872s] -- Installing: /home/iot/ros2_ws/install/parc_robot_interfaces/share/parc_robot_interfaces/cmake/ament_cmake_export_dependencies-extras.cmake
[5.872s] -- Installing: /home/iot/ros2_ws/install/parc_robot_interfaces/share/parc_robot_interfaces/cmake/rosidl_cmake_export_typesupport_libraries-extras.cmake
[5.872s] -- Installing: /home/iot/ros2_ws/install/parc_robot_interfaces/share/parc_robot_interfaces/cmake/parc_robot_interfacesConfig.cmake
[5.872s] -- Installing: /home/iot/ros2_ws/install/parc_robot_interfaces/share/parc_robot_interfaces/cmake/parc_robot_interfacesConfig-version.cmake
[5.872s] -- Installing: /home/iot/ros2_ws/install/parc_robot_interfaces/share/parc_robot_interfaces/package.xml
[5.875s] Invoked command in '/home/iot/ros2_ws/build/parc_robot_interfaces' returned '0': CMAKE_PREFIX_PATH=/opt/ros/humble /usr/bin/cmake --install /home/iot/ros2_ws/build/parc_robot_interfaces
