[0.044s] Invoking command in '/home/iot/ros2_ws/build/parc_robot': CMAKE_PREFIX_PATH=${CMAKE_PREFIX_PATH}:/home/iot/ros2_ws/install/tomatoes_detection1:/home/iot/ros2_ws/install/farmland_navigation:/opt/ros/humble /usr/bin/cmake --build /home/iot/ros2_ws/build/parc_robot -- -j8 -l8
[0.178s] Invoked command in '/home/iot/ros2_ws/build/parc_robot' returned '0': CMAKE_PREFIX_PATH=${CMAKE_PREFIX_PATH}:/home/iot/ros2_ws/install/tomatoes_detection1:/home/iot/ros2_ws/install/farmland_navigation:/opt/ros/humble /usr/bin/cmake --build /home/iot/ros2_ws/build/parc_robot -- -j8 -l8
[0.306s] Invoking command in '/home/iot/ros2_ws/build/parc_robot': CMAKE_PREFIX_PATH=${CMAKE_PREFIX_PATH}:/home/iot/ros2_ws/install/tomatoes_detection1:/home/iot/ros2_ws/install/farmland_navigation:/opt/ros/humble /usr/bin/cmake --install /home/iot/ros2_ws/build/parc_robot
[0.344s] -- Install configuration: ""
[0.345s] -- Up-to-date: /home/iot/ros2_ws/install/parc_robot/share/ament_index/resource_index/package_run_dependencies/parc_robot
[0.345s] -- Up-to-date: /home/iot/ros2_ws/install/parc_robot/share/ament_index/resource_index/parent_prefix_path/parc_robot
[0.349s] -- Up-to-date: /home/iot/ros2_ws/install/parc_robot/share/parc_robot/environment/ament_prefix_path.sh
[0.349s] -- Up-to-date: /home/iot/ros2_ws/install/parc_robot/share/parc_robot/environment/ament_prefix_path.dsv
[0.349s] -- Up-to-date: /home/iot/ros2_ws/install/parc_robot/share/parc_robot/environment/path.sh
[0.350s] -- Up-to-date: /home/iot/ros2_ws/install/parc_robot/share/parc_robot/environment/path.dsv
[0.350s] -- Up-to-date: /home/iot/ros2_ws/install/parc_robot/share/parc_robot/local_setup.bash
[0.350s] -- Up-to-date: /home/iot/ros2_ws/install/parc_robot/share/parc_robot/local_setup.sh
[0.350s] -- Up-to-date: /home/iot/ros2_ws/install/parc_robot/share/parc_robot/local_setup.zsh
[0.350s] -- Up-to-date: /home/iot/ros2_ws/install/parc_robot/share/parc_robot/local_setup.dsv
[0.351s] -- Installing: /home/iot/ros2_ws/install/parc_robot/share/parc_robot/package.dsv
[0.351s] -- Up-to-date: /home/iot/ros2_ws/install/parc_robot/share/ament_index/resource_index/packages/parc_robot
[0.351s] -- Up-to-date: /home/iot/ros2_ws/install/parc_robot/share/parc_robot/cmake/parc_robotConfig.cmake
[0.351s] -- Up-to-date: /home/iot/ros2_ws/install/parc_robot/share/parc_robot/cmake/parc_robotConfig-version.cmake
[0.351s] -- Up-to-date: /home/iot/ros2_ws/install/parc_robot/share/parc_robot/package.xml
[0.429s] Invoked command in '/home/iot/ros2_ws/build/parc_robot' returned '0': CMAKE_PREFIX_PATH=${CMAKE_PREFIX_PATH}:/home/iot/ros2_ws/install/tomatoes_detection1:/home/iot/ros2_ws/install/farmland_navigation:/opt/ros/humble /usr/bin/cmake --install /home/iot/ros2_ws/build/parc_robot
