[0.023s] Invoking command in '/home/iot/ros2_ws/build/parc_robot': CMAKE_PREFIX_PATH=${CMAKE_PREFIX_PATH}:/opt/ros/humble /usr/bin/cmake --build /home/iot/ros2_ws/build/parc_robot -- -j8 -l8
[0.329s] Invoked command in '/home/iot/ros2_ws/build/parc_robot' returned '0': CMAKE_PREFIX_PATH=${CMAKE_PREFIX_PATH}:/opt/ros/humble /usr/bin/cmake --build /home/iot/ros2_ws/build/parc_robot -- -j8 -l8
[0.351s] Invoking command in '/home/iot/ros2_ws/build/parc_robot': CMAKE_PREFIX_PATH=${CMAKE_PREFIX_PATH}:/opt/ros/humble /usr/bin/cmake --install /home/iot/ros2_ws/build/parc_robot
[0.409s] -- Install configuration: ""
[0.413s] -- Up-to-date: /home/iot/ros2_ws/install/parc_robot/share/ament_index/resource_index/package_run_dependencies/parc_robot
[0.414s] -- Up-to-date: /home/iot/ros2_ws/install/parc_robot/share/ament_index/resource_index/parent_prefix_path/parc_robot
[0.415s] -- Up-to-date: /home/iot/ros2_ws/install/parc_robot/share/parc_robot/environment/ament_prefix_path.sh
[0.416s] -- Up-to-date: /home/iot/ros2_ws/install/parc_robot/share/parc_robot/environment/ament_prefix_path.dsv
[0.417s] -- Up-to-date: /home/iot/ros2_ws/install/parc_robot/share/parc_robot/environment/path.sh
[0.417s] -- Up-to-date: /home/iot/ros2_ws/install/parc_robot/share/parc_robot/environment/path.dsv
[0.418s] -- Up-to-date: /home/iot/ros2_ws/install/parc_robot/share/parc_robot/local_setup.bash
[0.418s] -- Up-to-date: /home/iot/ros2_ws/install/parc_robot/share/parc_robot/local_setup.sh
[0.419s] -- Up-to-date: /home/iot/ros2_ws/install/parc_robot/share/parc_robot/local_setup.zsh
[0.419s] -- Up-to-date: /home/iot/ros2_ws/install/parc_robot/share/parc_robot/local_setup.dsv
[0.419s] -- Installing: /home/iot/ros2_ws/install/parc_robot/share/parc_robot/package.dsv
[0.420s] -- Up-to-date: /home/iot/ros2_ws/install/parc_robot/share/ament_index/resource_index/packages/parc_robot
[0.420s] -- Up-to-date: /home/iot/ros2_ws/install/parc_robot/share/parc_robot/cmake/parc_robotConfig.cmake
[0.420s] -- Up-to-date: /home/iot/ros2_ws/install/parc_robot/share/parc_robot/cmake/parc_robotConfig-version.cmake
[0.421s] -- Up-to-date: /home/iot/ros2_ws/install/parc_robot/share/parc_robot/package.xml
[0.433s] Invoked command in '/home/iot/ros2_ws/build/parc_robot' returned '0': CMAKE_PREFIX_PATH=${CMAKE_PREFIX_PATH}:/opt/ros/humble /usr/bin/cmake --install /home/iot/ros2_ws/build/parc_robot
