[0.234s] DEBUG:colcon:Command line arguments: ['/home/iot/.local/bin/colcon', 'list', '-p', '--base-paths', '/home/iot/ros2_ws']
[0.234s] DEBUG:colcon:Parsed command line arguments: Namespace(log_base=None, log_level=None, verb_name='list', build_base='build', ignore_user_meta=False, metas=['./colcon.meta'], base_paths=['/home/iot/ros2_ws'], packages_ignore=None, packages_ignore_regex=None, paths=None, packages_up_to=None, packages_up_to_regex=None, packages_above=None, packages_above_and_dependencies=None, packages_above_depth=None, packages_select_by_dep=None, packages_skip_by_dep=None, packages_skip_up_to=None, packages_select_build_failed=False, packages_skip_build_finished=False, packages_select_test_failures=False, packages_skip_test_passed=False, packages_select=None, packages_skip=None, packages_select_regex=None, packages_skip_regex=None, packages_start=None, packages_end=None, topological_order=False, names_only=False, paths_only=True, topological_graph=False, topological_graph_dot=False, topological_graph_density=False, topological_graph_legend=False, topological_graph_dot_cluster=False, topological_graph_dot_include_skipped=False, verb_parser=<colcon_defaults.argument_parser.defaults.DefaultArgumentsDecorator object at 0x7715893db2e0>, verb_extension=<colcon_package_information.verb.list.ListVerb object at 0x771589967460>, main=<bound method ListVerb.main of <colcon_package_information.verb.list.ListVerb object at 0x771589967460>>)
[0.527s] Level 1:colcon.colcon_core.package_discovery:discover_packages(colcon_meta) check parameters
[0.527s] Level 1:colcon.colcon_core.package_discovery:discover_packages(recursive) check parameters
[0.527s] Level 1:colcon.colcon_core.package_discovery:discover_packages(ignore) check parameters
[0.527s] Level 1:colcon.colcon_core.package_discovery:discover_packages(path) check parameters
[0.527s] Level 1:colcon.colcon_core.package_discovery:discover_packages(recursive) discover
[0.527s] INFO:colcon.colcon_core.package_discovery:Crawling recursively for packages in '/home/iot/ros2_ws'
[0.527s] Level 1:colcon.colcon_core.package_identification:_identify(/home/iot/ros2_ws) by extensions ['ignore', 'ignore_ament_install']
[0.528s] Level 1:colcon.colcon_core.package_identification:_identify(/home/iot/ros2_ws) by extension 'ignore'
[0.528s] Level 1:colcon.colcon_core.package_identification:_identify(/home/iot/ros2_ws) by extension 'ignore_ament_install'
[0.528s] Level 1:colcon.colcon_core.package_identification:_identify(/home/iot/ros2_ws) by extensions ['colcon_pkg']
[0.528s] Level 1:colcon.colcon_core.package_identification:_identify(/home/iot/ros2_ws) by extension 'colcon_pkg'
[0.528s] Level 1:colcon.colcon_core.package_identification:_identify(/home/iot/ros2_ws) by extensions ['colcon_meta']
[0.528s] Level 1:colcon.colcon_core.package_identification:_identify(/home/iot/ros2_ws) by extension 'colcon_meta'
[0.528s] Level 1:colcon.colcon_core.package_identification:_identify(/home/iot/ros2_ws) by extensions ['ros']
[0.528s] Level 1:colcon.colcon_core.package_identification:_identify(/home/iot/ros2_ws) by extension 'ros'
[0.547s] Level 1:colcon.colcon_core.package_identification:_identify(/home/iot/ros2_ws) by extensions ['cmake', 'python']
[0.548s] Level 1:colcon.colcon_core.package_identification:_identify(/home/iot/ros2_ws) by extension 'cmake'
[0.548s] Level 1:colcon.colcon_core.package_identification:_identify(/home/iot/ros2_ws) by extension 'python'
[0.548s] Level 1:colcon.colcon_core.package_identification:_identify(/home/iot/ros2_ws) by extensions ['python_setup_py']
[0.548s] Level 1:colcon.colcon_core.package_identification:_identify(/home/iot/ros2_ws) by extension 'python_setup_py'
[0.548s] Level 1:colcon.colcon_core.package_identification:_identify(/home/iot/ros2_ws/build) by extensions ['ignore', 'ignore_ament_install']
[0.548s] Level 1:colcon.colcon_core.package_identification:_identify(/home/iot/ros2_ws/build) by extension 'ignore'
[0.548s] Level 1:colcon.colcon_core.package_identification:_identify(/home/iot/ros2_ws/build) ignored
[0.549s] Level 1:colcon.colcon_core.package_identification:_identify(/home/iot/ros2_ws/install) by extensions ['ignore', 'ignore_ament_install']
[0.549s] Level 1:colcon.colcon_core.package_identification:_identify(/home/iot/ros2_ws/install) by extension 'ignore'
[0.549s] Level 1:colcon.colcon_core.package_identification:_identify(/home/iot/ros2_ws/install) ignored
[0.549s] Level 1:colcon.colcon_core.package_identification:_identify(/home/iot/ros2_ws/log) by extensions ['ignore', 'ignore_ament_install']
[0.549s] Level 1:colcon.colcon_core.package_identification:_identify(/home/iot/ros2_ws/log) by extension 'ignore'
[0.549s] Level 1:colcon.colcon_core.package_identification:_identify(/home/iot/ros2_ws/log) ignored
[0.549s] Level 1:colcon.colcon_core.package_identification:_identify(/home/iot/ros2_ws/src) by extensions ['ignore', 'ignore_ament_install']
[0.550s] Level 1:colcon.colcon_core.package_identification:_identify(/home/iot/ros2_ws/src) by extension 'ignore'
[0.550s] Level 1:colcon.colcon_core.package_identification:_identify(/home/iot/ros2_ws/src) by extension 'ignore_ament_install'
[0.550s] Level 1:colcon.colcon_core.package_identification:_identify(/home/iot/ros2_ws/src) by extensions ['colcon_pkg']
[0.550s] Level 1:colcon.colcon_core.package_identification:_identify(/home/iot/ros2_ws/src) by extension 'colcon_pkg'
[0.550s] Level 1:colcon.colcon_core.package_identification:_identify(/home/iot/ros2_ws/src) by extensions ['colcon_meta']
[0.550s] Level 1:colcon.colcon_core.package_identification:_identify(/home/iot/ros2_ws/src) by extension 'colcon_meta'
[0.550s] Level 1:colcon.colcon_core.package_identification:_identify(/home/iot/ros2_ws/src) by extensions ['ros']
[0.550s] Level 1:colcon.colcon_core.package_identification:_identify(/home/iot/ros2_ws/src) by extension 'ros'
[0.550s] Level 1:colcon.colcon_core.package_identification:_identify(/home/iot/ros2_ws/src) by extensions ['cmake', 'python']
[0.550s] Level 1:colcon.colcon_core.package_identification:_identify(/home/iot/ros2_ws/src) by extension 'cmake'
[0.550s] Level 1:colcon.colcon_core.package_identification:_identify(/home/iot/ros2_ws/src) by extension 'python'
[0.551s] Level 1:colcon.colcon_core.package_identification:_identify(/home/iot/ros2_ws/src) by extensions ['python_setup_py']
[0.551s] Level 1:colcon.colcon_core.package_identification:_identify(/home/iot/ros2_ws/src) by extension 'python_setup_py'
[0.551s] Level 1:colcon.colcon_core.package_identification:_identify(/home/iot/ros2_ws/src/build) by extensions ['ignore', 'ignore_ament_install']
[0.551s] Level 1:colcon.colcon_core.package_identification:_identify(/home/iot/ros2_ws/src/build) by extension 'ignore'
[0.551s] Level 1:colcon.colcon_core.package_identification:_identify(/home/iot/ros2_ws/src/build) ignored
[0.551s] Level 1:colcon.colcon_core.package_identification:_identify(/home/iot/ros2_ws/src/install) by extensions ['ignore', 'ignore_ament_install']
[0.551s] Level 1:colcon.colcon_core.package_identification:_identify(/home/iot/ros2_ws/src/install) by extension 'ignore'
[0.551s] Level 1:colcon.colcon_core.package_identification:_identify(/home/iot/ros2_ws/src/install) ignored
[0.552s] Level 1:colcon.colcon_core.package_identification:_identify(/home/iot/ros2_ws/src/log) by extensions ['ignore', 'ignore_ament_install']
[0.552s] Level 1:colcon.colcon_core.package_identification:_identify(/home/iot/ros2_ws/src/log) by extension 'ignore'
[0.552s] Level 1:colcon.colcon_core.package_identification:_identify(/home/iot/ros2_ws/src/log) ignored
[0.552s] Level 1:colcon.colcon_core.package_identification:_identify(/home/iot/ros2_ws/src/parc_robot) by extensions ['ignore', 'ignore_ament_install']
[0.552s] Level 1:colcon.colcon_core.package_identification:_identify(/home/iot/ros2_ws/src/parc_robot) by extension 'ignore'
[0.552s] Level 1:colcon.colcon_core.package_identification:_identify(/home/iot/ros2_ws/src/parc_robot) by extension 'ignore_ament_install'
[0.552s] Level 1:colcon.colcon_core.package_identification:_identify(/home/iot/ros2_ws/src/parc_robot) by extensions ['colcon_pkg']
[0.552s] Level 1:colcon.colcon_core.package_identification:_identify(/home/iot/ros2_ws/src/parc_robot) by extension 'colcon_pkg'
[0.552s] Level 1:colcon.colcon_core.package_identification:_identify(/home/iot/ros2_ws/src/parc_robot) by extensions ['colcon_meta']
[0.553s] Level 1:colcon.colcon_core.package_identification:_identify(/home/iot/ros2_ws/src/parc_robot) by extension 'colcon_meta'
[0.553s] Level 1:colcon.colcon_core.package_identification:_identify(/home/iot/ros2_ws/src/parc_robot) by extensions ['ros']
[0.553s] Level 1:colcon.colcon_core.package_identification:_identify(/home/iot/ros2_ws/src/parc_robot) by extension 'ros'
[0.557s] DEBUG:colcon.colcon_core.package_identification:Package '/home/iot/ros2_ws/src/parc_robot' with type 'ros.ament_cmake' and name 'parc_robot'
[0.557s] Level 1:colcon.colcon_core.package_identification:_identify(/home/iot/ros2_ws/src/parc_robot_bringup) by extensions ['ignore', 'ignore_ament_install']
[0.557s] Level 1:colcon.colcon_core.package_identification:_identify(/home/iot/ros2_ws/src/parc_robot_bringup) by extension 'ignore'
[0.557s] Level 1:colcon.colcon_core.package_identification:_identify(/home/iot/ros2_ws/src/parc_robot_bringup) by extension 'ignore_ament_install'
[0.557s] Level 1:colcon.colcon_core.package_identification:_identify(/home/iot/ros2_ws/src/parc_robot_bringup) by extensions ['colcon_pkg']
[0.557s] Level 1:colcon.colcon_core.package_identification:_identify(/home/iot/ros2_ws/src/parc_robot_bringup) by extension 'colcon_pkg'
[0.557s] Level 1:colcon.colcon_core.package_identification:_identify(/home/iot/ros2_ws/src/parc_robot_bringup) by extensions ['colcon_meta']
[0.557s] Level 1:colcon.colcon_core.package_identification:_identify(/home/iot/ros2_ws/src/parc_robot_bringup) by extension 'colcon_meta'
[0.558s] Level 1:colcon.colcon_core.package_identification:_identify(/home/iot/ros2_ws/src/parc_robot_bringup) by extensions ['ros']
[0.558s] Level 1:colcon.colcon_core.package_identification:_identify(/home/iot/ros2_ws/src/parc_robot_bringup) by extension 'ros'
[0.560s] DEBUG:colcon.colcon_core.package_identification:Package '/home/iot/ros2_ws/src/parc_robot_bringup' with type 'ros.ament_cmake' and name 'parc_robot_bringup'
[0.560s] Level 1:colcon.colcon_core.package_identification:_identify(/home/iot/ros2_ws/src/parc_robot_description) by extensions ['ignore', 'ignore_ament_install']
[0.560s] Level 1:colcon.colcon_core.package_identification:_identify(/home/iot/ros2_ws/src/parc_robot_description) by extension 'ignore'
[0.560s] Level 1:colcon.colcon_core.package_identification:_identify(/home/iot/ros2_ws/src/parc_robot_description) by extension 'ignore_ament_install'
[0.560s] Level 1:colcon.colcon_core.package_identification:_identify(/home/iot/ros2_ws/src/parc_robot_description) by extensions ['colcon_pkg']
[0.560s] Level 1:colcon.colcon_core.package_identification:_identify(/home/iot/ros2_ws/src/parc_robot_description) by extension 'colcon_pkg'
[0.560s] Level 1:colcon.colcon_core.package_identification:_identify(/home/iot/ros2_ws/src/parc_robot_description) by extensions ['colcon_meta']
[0.561s] Level 1:colcon.colcon_core.package_identification:_identify(/home/iot/ros2_ws/src/parc_robot_description) by extension 'colcon_meta'
[0.561s] Level 1:colcon.colcon_core.package_identification:_identify(/home/iot/ros2_ws/src/parc_robot_description) by extensions ['ros']
[0.561s] Level 1:colcon.colcon_core.package_identification:_identify(/home/iot/ros2_ws/src/parc_robot_description) by extension 'ros'
[0.562s] DEBUG:colcon.colcon_core.package_identification:Package '/home/iot/ros2_ws/src/parc_robot_description' with type 'ros.ament_cmake' and name 'parc_robot_description'
[0.562s] Level 1:colcon.colcon_core.package_identification:_identify(/home/iot/ros2_ws/src/parc_robot_interfaces) by extensions ['ignore', 'ignore_ament_install']
[0.562s] Level 1:colcon.colcon_core.package_identification:_identify(/home/iot/ros2_ws/src/parc_robot_interfaces) by extension 'ignore'
[0.562s] Level 1:colcon.colcon_core.package_identification:_identify(/home/iot/ros2_ws/src/parc_robot_interfaces) by extension 'ignore_ament_install'
[0.562s] Level 1:colcon.colcon_core.package_identification:_identify(/home/iot/ros2_ws/src/parc_robot_interfaces) by extensions ['colcon_pkg']
[0.563s] Level 1:colcon.colcon_core.package_identification:_identify(/home/iot/ros2_ws/src/parc_robot_interfaces) by extension 'colcon_pkg'
[0.563s] Level 1:colcon.colcon_core.package_identification:_identify(/home/iot/ros2_ws/src/parc_robot_interfaces) by extensions ['colcon_meta']
[0.563s] Level 1:colcon.colcon_core.package_identification:_identify(/home/iot/ros2_ws/src/parc_robot_interfaces) by extension 'colcon_meta'
[0.563s] Level 1:colcon.colcon_core.package_identification:_identify(/home/iot/ros2_ws/src/parc_robot_interfaces) by extensions ['ros']
[0.563s] Level 1:colcon.colcon_core.package_identification:_identify(/home/iot/ros2_ws/src/parc_robot_interfaces) by extension 'ros'
[0.564s] DEBUG:colcon.colcon_core.package_identification:Package '/home/iot/ros2_ws/src/parc_robot_interfaces' with type 'ros.ament_cmake' and name 'parc_robot_interfaces'
[0.564s] Level 1:colcon.colcon_core.package_identification:_identify(/home/iot/ros2_ws/src/resources) by extensions ['ignore', 'ignore_ament_install']
[0.564s] Level 1:colcon.colcon_core.package_identification:_identify(/home/iot/ros2_ws/src/resources) by extension 'ignore'
[0.564s] Level 1:colcon.colcon_core.package_identification:_identify(/home/iot/ros2_ws/src/resources) by extension 'ignore_ament_install'
[0.565s] Level 1:colcon.colcon_core.package_identification:_identify(/home/iot/ros2_ws/src/resources) by extensions ['colcon_pkg']
[0.565s] Level 1:colcon.colcon_core.package_identification:_identify(/home/iot/ros2_ws/src/resources) by extension 'colcon_pkg'
[0.565s] Level 1:colcon.colcon_core.package_identification:_identify(/home/iot/ros2_ws/src/resources) by extensions ['colcon_meta']
[0.565s] Level 1:colcon.colcon_core.package_identification:_identify(/home/iot/ros2_ws/src/resources) by extension 'colcon_meta'
[0.565s] Level 1:colcon.colcon_core.package_identification:_identify(/home/iot/ros2_ws/src/resources) by extensions ['ros']
[0.565s] Level 1:colcon.colcon_core.package_identification:_identify(/home/iot/ros2_ws/src/resources) by extension 'ros'
[0.565s] Level 1:colcon.colcon_core.package_identification:_identify(/home/iot/ros2_ws/src/resources) by extensions ['cmake', 'python']
[0.565s] Level 1:colcon.colcon_core.package_identification:_identify(/home/iot/ros2_ws/src/resources) by extension 'cmake'
[0.565s] Level 1:colcon.colcon_core.package_identification:_identify(/home/iot/ros2_ws/src/resources) by extension 'python'
[0.565s] Level 1:colcon.colcon_core.package_identification:_identify(/home/iot/ros2_ws/src/resources) by extensions ['python_setup_py']
[0.565s] Level 1:colcon.colcon_core.package_identification:_identify(/home/iot/ros2_ws/src/resources) by extension 'python_setup_py'
[0.566s] Level 1:colcon.colcon_core.package_identification:_identify(/home/iot/ros2_ws/src/tomatoes_detection1) by extensions ['ignore', 'ignore_ament_install']
[0.566s] Level 1:colcon.colcon_core.package_identification:_identify(/home/iot/ros2_ws/src/tomatoes_detection1) by extension 'ignore'
[0.566s] Level 1:colcon.colcon_core.package_identification:_identify(/home/iot/ros2_ws/src/tomatoes_detection1) by extension 'ignore_ament_install'
[0.566s] Level 1:colcon.colcon_core.package_identification:_identify(/home/iot/ros2_ws/src/tomatoes_detection1) by extensions ['colcon_pkg']
[0.566s] Level 1:colcon.colcon_core.package_identification:_identify(/home/iot/ros2_ws/src/tomatoes_detection1) by extension 'colcon_pkg'
[0.566s] Level 1:colcon.colcon_core.package_identification:_identify(/home/iot/ros2_ws/src/tomatoes_detection1) by extensions ['colcon_meta']
[0.566s] Level 1:colcon.colcon_core.package_identification:_identify(/home/iot/ros2_ws/src/tomatoes_detection1) by extension 'colcon_meta'
[0.566s] Level 1:colcon.colcon_core.package_identification:_identify(/home/iot/ros2_ws/src/tomatoes_detection1) by extensions ['ros']
[0.566s] Level 1:colcon.colcon_core.package_identification:_identify(/home/iot/ros2_ws/src/tomatoes_detection1) by extension 'ros'
[0.566s] Level 1:colcon.colcon_core.package_identification:_identify(/home/iot/ros2_ws/src/tomatoes_detection1) by extensions ['cmake', 'python']
[0.567s] Level 1:colcon.colcon_core.package_identification:_identify(/home/iot/ros2_ws/src/tomatoes_detection1) by extension 'cmake'
[0.567s] Level 1:colcon.colcon_core.package_identification:_identify(/home/iot/ros2_ws/src/tomatoes_detection1) by extension 'python'
[0.567s] Level 1:colcon.colcon_core.package_identification:_identify(/home/iot/ros2_ws/src/tomatoes_detection1) by extensions ['python_setup_py']
[0.567s] Level 1:colcon.colcon_core.package_identification:_identify(/home/iot/ros2_ws/src/tomatoes_detection1) by extension 'python_setup_py'
[0.567s] Level 1:colcon.colcon_core.package_discovery:discover_packages(recursive) using defaults
